<?xml version="1.0" encoding="UTF-8"?>
<testsuites name="Feature Edit Product" time="70.075" tests="2" failures="0" errors="0">
   <testsuite name="Feature Edit Product" tests="2" failures="0" errors="0" time="70.075" skipped="0" timestamp="2023-07-24 12:32:50" hostname="user - LAPTOP-905USH3S" id="Test Suites/secondhand-web/Feature Edit Product">
      <properties>
         <property name="deviceName" value=""/>
         <property name="devicePlatform" value=""/>
         <property name="logFolder" value="D:\\Binar Academy\\Platinum Challenge\\SQA-Wave9-Kelompok2\\Reports\\20230724_123246\\secondhand-web\\Feature Edit Product\\20230724_123246"/>
         <property name="logFiles" value="D:\\Binar Academy\\Platinum Challenge\\SQA-Wave9-Kelompok2\\Reports\\20230724_123246\\secondhand-web\\Feature Edit Product\\20230724_123246\\execution0.log"/>
         <property name="attachments" value="D:\\Binar Academy\\Platinum Challenge\\SQA-Wave9-Kelompok2\\Reports\\20230724_123246\\secondhand-web\\Feature Edit Product\\20230724_123246\\1690176780647.png, D:\\Binar Academy\\Platinum Challenge\\SQA-Wave9-Kelompok2\\Reports\\20230724_123246\\secondhand-web\\Feature Edit Product\\20230724_123246\\1690176783126.png, D:\\Binar Academy\\Platinum Challenge\\SQA-Wave9-Kelompok2\\Reports\\20230724_123246\\secondhand-web\\Feature Edit Product\\20230724_123246\\1690176791457.png, D:\\Binar Academy\\Platinum Challenge\\SQA-Wave9-Kelompok2\\Reports\\20230724_123246\\secondhand-web\\Feature Edit Product\\20230724_123246\\1690176793903.png, D:\\Binar Academy\\Platinum Challenge\\SQA-Wave9-Kelompok2\\Reports\\20230724_123246\\secondhand-web\\Feature Edit Product\\20230724_123246\\1690176796150.png, D:\\Binar Academy\\Platinum Challenge\\SQA-Wave9-Kelompok2\\Reports\\20230724_123246\\secondhand-web\\Feature Edit Product\\20230724_123246\\1690176798156.png, D:\\Binar Academy\\Platinum Challenge\\SQA-Wave9-Kelompok2\\Reports\\20230724_123246\\secondhand-web\\Feature Edit Product\\20230724_123246\\1690176802967.png, D:\\Binar Academy\\Platinum Challenge\\SQA-Wave9-Kelompok2\\Reports\\20230724_123246\\secondhand-web\\Feature Edit Product\\20230724_123246\\1690176814255.png, D:\\Binar Academy\\Platinum Challenge\\SQA-Wave9-Kelompok2\\Reports\\20230724_123246\\secondhand-web\\Feature Edit Product\\20230724_123246\\1690176816751.png, D:\\Binar Academy\\Platinum Challenge\\SQA-Wave9-Kelompok2\\Reports\\20230724_123246\\secondhand-web\\Feature Edit Product\\20230724_123246\\1690176824158.png, D:\\Binar Academy\\Platinum Challenge\\SQA-Wave9-Kelompok2\\Reports\\20230724_123246\\secondhand-web\\Feature Edit Product\\20230724_123246\\1690176825783.png, D:\\Binar Academy\\Platinum Challenge\\SQA-Wave9-Kelompok2\\Reports\\20230724_123246\\secondhand-web\\Feature Edit Product\\20230724_123246\\1690176827290.png, D:\\Binar Academy\\Platinum Challenge\\SQA-Wave9-Kelompok2\\Reports\\20230724_123246\\secondhand-web\\Feature Edit Product\\20230724_123246\\1690176828971.png, D:\\Binar Academy\\Platinum Challenge\\SQA-Wave9-Kelompok2\\Reports\\20230724_123246\\secondhand-web\\Feature Edit Product\\20230724_123246\\1690176833625.png"/>
         <property name="hostName" value="user - LAPTOP-905USH3S"/>
         <property name="os" value="Windows 11 64bit"/>
         <property name="katalonVersion" value="8.6.5.208"/>
         <property name="browser" value="Chrome 114.0.0.0"/>
         <property name="hostAddress" value="192.168.200.129"/>
         <property name="sessionId" value="7cff487d3ded8ae185f15b21fd1a99ab"/>
         <property name="seleniumVersion" value="3.141.59"/>
         <property name="proxyInformation" value="ProxyInformation { proxyOption=NO_PROXY, proxyServerType=HTTP, username=, password=********, proxyServerAddress=, proxyServerPort=0, executionList=&quot;&quot;, isApplyToDesiredCapabilities=true }"/>
         <property name="platform" value="Windows 11"/>
      </properties>
      <testcase name="Test Cases/secondhand-web/Step Definition/Feature Edit Product/EditCat001 - user should be able to edit product catalog with valid input" time="38.022" classname="Test Cases/secondhand-web/Step Definition/Feature Edit Product/EditCat001 - user should be able to edit product catalog with valid input" status="PASSED">
         <system-out><![CDATA[2023-07-24 12:32:50 - [TEST_CASE][PASSED] - Test Cases/secondhand-web/Step Definition/Feature Edit Product/EditCat001 - user should be able to edit product catalog with valid input: Test Cases/secondhand-web/Step Definition/Feature Edit Product/EditCat001 - user should be able to edit product catalog with valid input

2023-07-24 12:32:51 - [TEST_STEP][PASSED] - callTestCase(findTestCase("secondhand-web/Common/Launch Web"), [:], STOP_ON_FAILURE): Call Test Case 'Test Cases/secondhand-web/Common/Launch Web' successfully

2023-07-24 12:32:51 - [MESSAGE][INFO] - Checking called Test Case

2023-07-24 12:32:51 - [MESSAGE][INFO] - Starting to call Test Case 'Test Cases/secondhand-web/Common/Launch Web'

2023-07-24 12:32:51 - [TEST_CASE][PASSED] - Test Cases/secondhand-web/Common/Launch Web: Test Cases/secondhand-web/Common/Launch Web

2023-07-24 12:32:51 - [TEST_STEP][PASSED] - openBrowser(""): Browser is opened with url: ''

2023-07-24 12:32:52 - [MESSAGE][INFO] - Opening browser

2023-07-24 12:32:52 - [MESSAGE][INFO] - Starting 'Chrome' driver

2023-07-24 12:32:52 - [MESSAGE][INFO] - Action delay is set to 0 milliseconds

2023-07-24 12:32:55 - [MESSAGE][PASSED] - Browser is opened with url: ''

2023-07-24 12:32:55 - [TEST_STEP][PASSED] - maximizeWindow(): Current window maximized

2023-07-24 12:32:55 - [MESSAGE][INFO] - Maximizing current window

2023-07-24 12:32:55 - [MESSAGE][PASSED] - Current window maximized

2023-07-24 12:32:55 - [MESSAGE][PASSED] - Call Test Case 'Test Cases/secondhand-web/Common/Launch Web' successfully

2023-07-24 12:32:55 - [TEST_STEP][PASSED] - callTestCase(findTestCase("secondhand-web/Common/Navigate To Web"), [:], STOP_ON_FAILURE): Call Test Case 'Test Cases/secondhand-web/Common/Navigate To Web' successfully

2023-07-24 12:32:55 - [MESSAGE][INFO] - Checking called Test Case

2023-07-24 12:32:55 - [MESSAGE][INFO] - Starting to call Test Case 'Test Cases/secondhand-web/Common/Navigate To Web'

2023-07-24 12:32:55 - [TEST_CASE][PASSED] - Test Cases/secondhand-web/Common/Navigate To Web: Test Cases/secondhand-web/Common/Navigate To Web

2023-07-24 12:32:55 - [TEST_STEP][PASSED] - navigateToUrl(baseUrl): Navigate to 'https://secondhand.binaracademy.org/' successfully

2023-07-24 12:32:56 - [MESSAGE][INFO] - Checking url

2023-07-24 12:32:56 - [MESSAGE][INFO] - Navigating to 'https://secondhand.binaracademy.org/'

2023-07-24 12:32:57 - [MESSAGE][PASSED] - Navigate to 'https://secondhand.binaracademy.org/' successfully

2023-07-24 12:32:57 - [MESSAGE][PASSED] - Call Test Case 'Test Cases/secondhand-web/Common/Navigate To Web' successfully

2023-07-24 12:32:57 - [TEST_STEP][PASSED] - callTestCase(findTestCase("secondhand-web/Pages/User Login/Click Button Masuk"), [:], STOP_ON_FAILURE): Call Test Case 'Test Cases/secondhand-web/Pages/User Login/Click Button Masuk' successfully

2023-07-24 12:32:57 - [MESSAGE][INFO] - Checking called Test Case

2023-07-24 12:32:57 - [MESSAGE][INFO] - Starting to call Test Case 'Test Cases/secondhand-web/Pages/User Login/Click Button Masuk'

2023-07-24 12:32:57 - [TEST_CASE][PASSED] - Test Cases/secondhand-web/Pages/User Login/Click Button Masuk: Test Cases/secondhand-web/Pages/User Login/Click Button Masuk

2023-07-24 12:32:57 - [TEST_STEP][PASSED] - verifyElementVisible(findTestObject("secondhand-web/Login/Click Button Masuk"), STOP_ON_FAILURE): Object 'Object Repository/secondhand-web/Login/Click Button Masuk' is visible

2023-07-24 12:32:57 - [MESSAGE][INFO] - Finding Test Object 'Object Repository/secondhand-web/Login/Click Button Masuk'

2023-07-24 12:32:57 - [MESSAGE][INFO] - Checking object

2023-07-24 12:32:57 - [MESSAGE][INFO] - Finding web element from Test Object's properties

2023-07-24 12:32:57 - [MESSAGE][INFO] - Checking timeout

2023-07-24 12:32:57 - [MESSAGE][INFO] - Finding web element with id: 'Object Repository/secondhand-web/Login/Click Button Masuk' located by 'By.xpath: //div[@id='navbarSupportedContent']/div/a' in '30' second(s)

2023-07-24 12:32:57 - [MESSAGE][INFO] - Smart Wait Function is triggered

2023-07-24 12:32:58 - [MESSAGE][INFO] - Found 1 web elements with id: 'Object Repository/secondhand-web/Login/Click Button Masuk' located by 'By.xpath: //div[@id='navbarSupportedContent']/div/a' in '30' second(s)

2023-07-24 12:32:58 - [MESSAGE][PASSED] - Object 'Object Repository/secondhand-web/Login/Click Button Masuk' is visible

2023-07-24 12:32:58 - [TEST_STEP][PASSED] - click(findTestObject("secondhand-web/Login/Click Button Masuk")): Object: 'Object Repository/secondhand-web/Login/Click Button Masuk' is clicked on

2023-07-24 12:32:58 - [MESSAGE][INFO] - Finding Test Object 'Object Repository/secondhand-web/Login/Click Button Masuk'

2023-07-24 12:32:58 - [MESSAGE][INFO] - Checking object

2023-07-24 12:32:58 - [MESSAGE][INFO] - Checking timeout

2023-07-24 12:32:58 - [MESSAGE][INFO] - Finding web element from Test Object's properties

2023-07-24 12:32:58 - [MESSAGE][INFO] - Checking timeout

2023-07-24 12:32:58 - [MESSAGE][INFO] - Finding web element with id: 'Object Repository/secondhand-web/Login/Click Button Masuk' located by 'By.xpath: //div[@id='navbarSupportedContent']/div/a' in '30' second(s)

2023-07-24 12:32:58 - [MESSAGE][INFO] - Smart Wait Function is triggered

2023-07-24 12:32:58 - [MESSAGE][INFO] - Found 1 web elements with id: 'Object Repository/secondhand-web/Login/Click Button Masuk' located by 'By.xpath: //div[@id='navbarSupportedContent']/div/a' in '30' second(s)

2023-07-24 12:32:58 - [MESSAGE][INFO] - Clicking on object: 'Object Repository/secondhand-web/Login/Click Button Masuk'

2023-07-24 12:32:58 - [MESSAGE][PASSED] - Object: 'Object Repository/secondhand-web/Login/Click Button Masuk' is clicked on

2023-07-24 12:32:58 - [MESSAGE][PASSED] - Call Test Case 'Test Cases/secondhand-web/Pages/User Login/Click Button Masuk' successfully

2023-07-24 12:32:58 - [TEST_STEP][PASSED] - callTestCase(findTestCase("secondhand-web/Pages/User Login/Input Email"), ["email":emailOktaSeller], STOP_ON_FAILURE): Call Test Case 'Test Cases/secondhand-web/Pages/User Login/Input Email' successfully

2023-07-24 12:32:58 - [MESSAGE][INFO] - Checking called Test Case

2023-07-24 12:32:58 - [MESSAGE][INFO] - Starting to call Test Case 'Test Cases/secondhand-web/Pages/User Login/Input Email'

2023-07-24 12:32:58 - [TEST_CASE][PASSED] - Test Cases/secondhand-web/Pages/User Login/Input Email: Test Cases/secondhand-web/Pages/User Login/Input Email

2023-07-24 12:32:58 - [TEST_STEP][PASSED] - waitForElementVisible(findTestObject("secondhand-web/Login/Input_email"), 3): Object 'Object Repository/secondhand-web/Login/Input_email' is visible

2023-07-24 12:32:58 - [MESSAGE][INFO] - Finding Test Object 'Object Repository/secondhand-web/Login/Input_email'

2023-07-24 12:32:59 - [MESSAGE][INFO] - Checking object

2023-07-24 12:32:59 - [MESSAGE][INFO] - Checking timeout

2023-07-24 12:32:59 - [MESSAGE][INFO] - Finding web element from Test Object's properties

2023-07-24 12:32:59 - [MESSAGE][INFO] - Checking timeout

2023-07-24 12:32:59 - [MESSAGE][INFO] - Finding web element with id: 'Object Repository/secondhand-web/Login/Input_email' located by 'By.xpath: //input[@id='user_email']' in '3' second(s)

2023-07-24 12:32:59 - [MESSAGE][INFO] - Smart Wait Function is triggered

2023-07-24 12:32:59 - [MESSAGE][INFO] - Found 1 web elements with id: 'Object Repository/secondhand-web/Login/Input_email' located by 'By.xpath: //input[@id='user_email']' in '3' second(s)

2023-07-24 12:32:59 - [MESSAGE][PASSED] - Object 'Object Repository/secondhand-web/Login/Input_email' is visible

2023-07-24 12:32:59 - [TEST_STEP][PASSED] - setText(findTestObject("secondhand-web/Login/Input_email"), email): Text 'oktaviadpp_seller@gmail.com' is set on object 'Object Repository/secondhand-web/Login/Input_email'

2023-07-24 12:32:59 - [MESSAGE][INFO] - Finding Test Object 'Object Repository/secondhand-web/Login/Input_email'

2023-07-24 12:32:59 - [MESSAGE][INFO] - Checking object

2023-07-24 12:32:59 - [MESSAGE][INFO] - Checking text

2023-07-24 12:32:59 - [MESSAGE][INFO] - Finding web element from Test Object's properties

2023-07-24 12:32:59 - [MESSAGE][INFO] - Checking timeout

2023-07-24 12:32:59 - [MESSAGE][INFO] - Finding web element with id: 'Object Repository/secondhand-web/Login/Input_email' located by 'By.xpath: //input[@id='user_email']' in '30' second(s)

2023-07-24 12:32:59 - [MESSAGE][INFO] - Smart Wait Function is triggered

2023-07-24 12:32:59 - [MESSAGE][INFO] - Found 1 web elements with id: 'Object Repository/secondhand-web/Login/Input_email' located by 'By.xpath: //input[@id='user_email']' in '30' second(s)

2023-07-24 12:32:59 - [MESSAGE][INFO] - Clearing text of object 'Object Repository/secondhand-web/Login/Input_email'

2023-07-24 12:32:59 - [MESSAGE][INFO] - Finding web element from Test Object's properties

2023-07-24 12:32:59 - [MESSAGE][INFO] - Checking timeout

2023-07-24 12:32:59 - [MESSAGE][INFO] - Finding web element with id: 'Object Repository/secondhand-web/Login/Input_email' located by 'By.xpath: //input[@id='user_email']' in '30' second(s)

2023-07-24 12:32:59 - [MESSAGE][INFO] - Smart Wait Function is triggered

2023-07-24 12:33:00 - [MESSAGE][INFO] - Found 1 web elements with id: 'Object Repository/secondhand-web/Login/Input_email' located by 'By.xpath: //input[@id='user_email']' in '30' second(s)

2023-07-24 12:33:00 - [MESSAGE][INFO] - Setting text of object 'Object Repository/secondhand-web/Login/Input_email' to value 'oktaviadpp_seller@gmail.com'

2023-07-24 12:33:00 - [MESSAGE][PASSED] - Text 'oktaviadpp_seller@gmail.com' is set on object 'Object Repository/secondhand-web/Login/Input_email'

2023-07-24 12:33:00 - [TEST_STEP][PASSED] - takeScreenshot(): Taking screenshot successfully

2023-07-24 12:33:00 - [MESSAGE][INFO] - Smart Wait Function is triggered

2023-07-24 12:33:01 - [MESSAGE][PASSED] - Taking screenshot successfully
[[ATTACHMENT|D:\\Binar Academy\\Platinum Challenge\\SQA-Wave9-Kelompok2\\Reports\\20230724_123246\\secondhand-web\\Feature Edit Product\\20230724_123246\\1690176780647.png]]

2023-07-24 12:33:01 - [MESSAGE][PASSED] - Call Test Case 'Test Cases/secondhand-web/Pages/User Login/Input Email' successfully

2023-07-24 12:33:01 - [TEST_STEP][PASSED] - callTestCase(findTestCase("secondhand-web/Pages/User Login/Input Password"), ["password":pwdOktaSeller], STOP_ON_FAILURE): Call Test Case 'Test Cases/secondhand-web/Pages/User Login/Input Password' successfully

2023-07-24 12:33:01 - [MESSAGE][INFO] - Checking called Test Case

2023-07-24 12:33:01 - [MESSAGE][INFO] - Starting to call Test Case 'Test Cases/secondhand-web/Pages/User Login/Input Password'

2023-07-24 12:33:01 - [TEST_CASE][PASSED] - Test Cases/secondhand-web/Pages/User Login/Input Password: Test Cases/secondhand-web/Pages/User Login/Input Password

2023-07-24 12:33:01 - [TEST_STEP][PASSED] - waitForElementVisible(findTestObject("secondhand-web/Login/Input_password"), 3): Object 'Object Repository/secondhand-web/Login/Input_password' is visible

2023-07-24 12:33:01 - [MESSAGE][INFO] - Finding Test Object 'Object Repository/secondhand-web/Login/Input_password'

2023-07-24 12:33:01 - [MESSAGE][INFO] - Checking object

2023-07-24 12:33:01 - [MESSAGE][INFO] - Checking timeout

2023-07-24 12:33:01 - [MESSAGE][INFO] - Finding web element from Test Object's properties

2023-07-24 12:33:01 - [MESSAGE][INFO] - Checking timeout

2023-07-24 12:33:01 - [MESSAGE][INFO] - Finding web element with id: 'Object Repository/secondhand-web/Login/Input_password' located by 'By.xpath: //input[@id='user_password']' in '3' second(s)

2023-07-24 12:33:01 - [MESSAGE][INFO] - Smart Wait Function is triggered

2023-07-24 12:33:02 - [MESSAGE][INFO] - Found 1 web elements with id: 'Object Repository/secondhand-web/Login/Input_password' located by 'By.xpath: //input[@id='user_password']' in '3' second(s)

2023-07-24 12:33:02 - [MESSAGE][PASSED] - Object 'Object Repository/secondhand-web/Login/Input_password' is visible

2023-07-24 12:33:02 - [TEST_STEP][PASSED] - setText(findTestObject("secondhand-web/Login/Input_password"), password): Text '123456' is set on object 'Object Repository/secondhand-web/Login/Input_password'

2023-07-24 12:33:02 - [MESSAGE][INFO] - Finding Test Object 'Object Repository/secondhand-web/Login/Input_password'

2023-07-24 12:33:02 - [MESSAGE][INFO] - Checking object

2023-07-24 12:33:02 - [MESSAGE][INFO] - Checking text

2023-07-24 12:33:02 - [MESSAGE][INFO] - Finding web element from Test Object's properties

2023-07-24 12:33:02 - [MESSAGE][INFO] - Checking timeout

2023-07-24 12:33:02 - [MESSAGE][INFO] - Finding web element with id: 'Object Repository/secondhand-web/Login/Input_password' located by 'By.xpath: //input[@id='user_password']' in '30' second(s)

2023-07-24 12:33:02 - [MESSAGE][INFO] - Smart Wait Function is triggered

2023-07-24 12:33:02 - [MESSAGE][INFO] - Found 1 web elements with id: 'Object Repository/secondhand-web/Login/Input_password' located by 'By.xpath: //input[@id='user_password']' in '30' second(s)

2023-07-24 12:33:02 - [MESSAGE][INFO] - Clearing text of object 'Object Repository/secondhand-web/Login/Input_password'

2023-07-24 12:33:02 - [MESSAGE][INFO] - Finding web element from Test Object's properties

2023-07-24 12:33:02 - [MESSAGE][INFO] - Checking timeout

2023-07-24 12:33:02 - [MESSAGE][INFO] - Finding web element with id: 'Object Repository/secondhand-web/Login/Input_password' located by 'By.xpath: //input[@id='user_password']' in '30' second(s)

2023-07-24 12:33:02 - [MESSAGE][INFO] - Smart Wait Function is triggered

2023-07-24 12:33:02 - [MESSAGE][INFO] - Found 1 web elements with id: 'Object Repository/secondhand-web/Login/Input_password' located by 'By.xpath: //input[@id='user_password']' in '30' second(s)

2023-07-24 12:33:02 - [MESSAGE][INFO] - Setting text of object 'Object Repository/secondhand-web/Login/Input_password' to value '123456'

2023-07-24 12:33:02 - [MESSAGE][PASSED] - Text '123456' is set on object 'Object Repository/secondhand-web/Login/Input_password'

2023-07-24 12:33:02 - [TEST_STEP][PASSED] - takeScreenshot(): Taking screenshot successfully

2023-07-24 12:33:02 - [MESSAGE][INFO] - Smart Wait Function is triggered

2023-07-24 12:33:03 - [MESSAGE][PASSED] - Taking screenshot successfully
[[ATTACHMENT|D:\\Binar Academy\\Platinum Challenge\\SQA-Wave9-Kelompok2\\Reports\\20230724_123246\\secondhand-web\\Feature Edit Product\\20230724_123246\\1690176783126.png]]

2023-07-24 12:33:03 - [MESSAGE][PASSED] - Call Test Case 'Test Cases/secondhand-web/Pages/User Login/Input Password' successfully

2023-07-24 12:33:03 - [TEST_STEP][PASSED] - callTestCase(findTestCase("secondhand-web/Pages/User Login/Button Masuk"), [:], STOP_ON_FAILURE): Call Test Case 'Test Cases/secondhand-web/Pages/User Login/Button Masuk' successfully

2023-07-24 12:33:03 - [MESSAGE][INFO] - Checking called Test Case

2023-07-24 12:33:03 - [MESSAGE][INFO] - Starting to call Test Case 'Test Cases/secondhand-web/Pages/User Login/Button Masuk'

2023-07-24 12:33:03 - [TEST_CASE][PASSED] - Test Cases/secondhand-web/Pages/User Login/Button Masuk: Test Cases/secondhand-web/Pages/User Login/Button Masuk

2023-07-24 12:33:04 - [TEST_STEP][PASSED] - verifyElementVisible(findTestObject("secondhand-web/Login/Button Masuk"), STOP_ON_FAILURE): Object 'Object Repository/secondhand-web/Login/Button Masuk' is visible

2023-07-24 12:33:04 - [MESSAGE][INFO] - Finding Test Object 'Object Repository/secondhand-web/Login/Button Masuk'

2023-07-24 12:33:04 - [MESSAGE][INFO] - Checking object

2023-07-24 12:33:04 - [MESSAGE][INFO] - Finding web element from Test Object's properties

2023-07-24 12:33:04 - [MESSAGE][INFO] - Checking timeout

2023-07-24 12:33:04 - [MESSAGE][INFO] - Finding web element with id: 'Object Repository/secondhand-web/Login/Button Masuk' located by 'By.xpath: //input[@name='commit']' in '30' second(s)

2023-07-24 12:33:04 - [MESSAGE][INFO] - Smart Wait Function is triggered

2023-07-24 12:33:04 - [MESSAGE][INFO] - Found 1 web elements with id: 'Object Repository/secondhand-web/Login/Button Masuk' located by 'By.xpath: //input[@name='commit']' in '30' second(s)

2023-07-24 12:33:04 - [MESSAGE][PASSED] - Object 'Object Repository/secondhand-web/Login/Button Masuk' is visible

2023-07-24 12:33:04 - [TEST_STEP][PASSED] - click(findTestObject("secondhand-web/Login/Button Masuk")): Object: 'Object Repository/secondhand-web/Login/Button Masuk' is clicked on

2023-07-24 12:33:04 - [MESSAGE][INFO] - Finding Test Object 'Object Repository/secondhand-web/Login/Button Masuk'

2023-07-24 12:33:04 - [MESSAGE][INFO] - Checking object

2023-07-24 12:33:04 - [MESSAGE][INFO] - Checking timeout

2023-07-24 12:33:04 - [MESSAGE][INFO] - Finding web element from Test Object's properties

2023-07-24 12:33:04 - [MESSAGE][INFO] - Checking timeout

2023-07-24 12:33:04 - [MESSAGE][INFO] - Finding web element with id: 'Object Repository/secondhand-web/Login/Button Masuk' located by 'By.xpath: //input[@name='commit']' in '30' second(s)

2023-07-24 12:33:04 - [MESSAGE][INFO] - Smart Wait Function is triggered

2023-07-24 12:33:04 - [MESSAGE][INFO] - Found 1 web elements with id: 'Object Repository/secondhand-web/Login/Button Masuk' located by 'By.xpath: //input[@name='commit']' in '30' second(s)

2023-07-24 12:33:04 - [MESSAGE][INFO] - Clicking on object: 'Object Repository/secondhand-web/Login/Button Masuk'

2023-07-24 12:33:04 - [MESSAGE][PASSED] - Object: 'Object Repository/secondhand-web/Login/Button Masuk' is clicked on

2023-07-24 12:33:04 - [MESSAGE][PASSED] - Call Test Case 'Test Cases/secondhand-web/Pages/User Login/Button Masuk' successfully

2023-07-24 12:33:04 - [TEST_STEP][PASSED] - callTestCase(findTestCase("secondhand-web/Pages/Homepage/Icon_Product"), [:], STOP_ON_FAILURE): Call Test Case 'Test Cases/secondhand-web/Pages/Homepage/Icon_Product' successfully

2023-07-24 12:33:04 - [MESSAGE][INFO] - Checking called Test Case

2023-07-24 12:33:04 - [MESSAGE][INFO] - Starting to call Test Case 'Test Cases/secondhand-web/Pages/Homepage/Icon_Product'

2023-07-24 12:33:05 - [TEST_CASE][PASSED] - Test Cases/secondhand-web/Pages/Homepage/Icon_Product: Test Cases/secondhand-web/Pages/Homepage/Icon_Product

2023-07-24 12:33:05 - [TEST_STEP][PASSED] - verifyElementVisible(findTestObject("secondhand-web/Homepage/Icon_Product")): Object 'Object Repository/secondhand-web/Homepage/Icon_Product' is visible

2023-07-24 12:33:05 - [MESSAGE][INFO] - Finding Test Object 'Object Repository/secondhand-web/Homepage/Icon_Product'

2023-07-24 12:33:05 - [MESSAGE][INFO] - Checking object

2023-07-24 12:33:05 - [MESSAGE][INFO] - Finding web element from Test Object's properties

2023-07-24 12:33:05 - [MESSAGE][INFO] - Checking timeout

2023-07-24 12:33:05 - [MESSAGE][INFO] - Finding web element with id: 'Object Repository/secondhand-web/Homepage/Icon_Product' located by 'By.xpath: //a[@href="/products"]' in '30' second(s)

2023-07-24 12:33:05 - [MESSAGE][INFO] - Smart Wait Function is triggered

2023-07-24 12:33:06 - [MESSAGE][INFO] - Found 1 web elements with id: 'Object Repository/secondhand-web/Homepage/Icon_Product' located by 'By.xpath: //a[@href="/products"]' in '30' second(s)

2023-07-24 12:33:06 - [MESSAGE][PASSED] - Object 'Object Repository/secondhand-web/Homepage/Icon_Product' is visible

2023-07-24 12:33:06 - [TEST_STEP][PASSED] - click(findTestObject("secondhand-web/Homepage/Icon_Product")): Object: 'Object Repository/secondhand-web/Homepage/Icon_Product' is clicked on

2023-07-24 12:33:06 - [MESSAGE][INFO] - Finding Test Object 'Object Repository/secondhand-web/Homepage/Icon_Product'

2023-07-24 12:33:06 - [MESSAGE][INFO] - Checking object

2023-07-24 12:33:06 - [MESSAGE][INFO] - Checking timeout

2023-07-24 12:33:06 - [MESSAGE][INFO] - Finding web element from Test Object's properties

2023-07-24 12:33:06 - [MESSAGE][INFO] - Checking timeout

2023-07-24 12:33:06 - [MESSAGE][INFO] - Finding web element with id: 'Object Repository/secondhand-web/Homepage/Icon_Product' located by 'By.xpath: //a[@href="/products"]' in '30' second(s)

2023-07-24 12:33:06 - [MESSAGE][INFO] - Smart Wait Function is triggered

2023-07-24 12:33:06 - [MESSAGE][INFO] - Found 1 web elements with id: 'Object Repository/secondhand-web/Homepage/Icon_Product' located by 'By.xpath: //a[@href="/products"]' in '30' second(s)

2023-07-24 12:33:06 - [MESSAGE][INFO] - Clicking on object: 'Object Repository/secondhand-web/Homepage/Icon_Product'

2023-07-24 12:33:06 - [MESSAGE][PASSED] - Object: 'Object Repository/secondhand-web/Homepage/Icon_Product' is clicked on

2023-07-24 12:33:06 - [MESSAGE][PASSED] - Call Test Case 'Test Cases/secondhand-web/Pages/Homepage/Icon_Product' successfully

2023-07-24 12:33:06 - [TEST_STEP][PASSED] - callTestCase(findTestCase("secondhand-web/Pages/Edit Product/Click Detail Product"), [:], STOP_ON_FAILURE): Call Test Case 'Test Cases/secondhand-web/Pages/Edit Product/Click Detail Product' successfully

2023-07-24 12:33:06 - [MESSAGE][INFO] - Checking called Test Case

2023-07-24 12:33:06 - [MESSAGE][INFO] - Starting to call Test Case 'Test Cases/secondhand-web/Pages/Edit Product/Click Detail Product'

2023-07-24 12:33:06 - [TEST_CASE][PASSED] - Test Cases/secondhand-web/Pages/Edit Product/Click Detail Product: Test Cases/secondhand-web/Pages/Edit Product/Click Detail Product

2023-07-24 12:33:07 - [TEST_STEP][PASSED] - verifyElementVisible(findTestObject("secondhand-web/Edit Product/card product")): Object 'Object Repository/secondhand-web/Edit Product/card product' is visible

2023-07-24 12:33:07 - [MESSAGE][INFO] - Finding Test Object 'Object Repository/secondhand-web/Edit Product/card product'

2023-07-24 12:33:07 - [MESSAGE][INFO] - Checking object

2023-07-24 12:33:07 - [MESSAGE][INFO] - Finding web element from Test Object's properties

2023-07-24 12:33:07 - [MESSAGE][INFO] - Checking timeout

2023-07-24 12:33:07 - [MESSAGE][INFO] - Finding web element with id: 'Object Repository/secondhand-web/Edit Product/card product' located by 'By.xpath: //div[@class="row g-4"]/div[2]' in '30' second(s)

2023-07-24 12:33:07 - [MESSAGE][INFO] - Smart Wait Function is triggered

2023-07-24 12:33:07 - [MESSAGE][INFO] - Found 1 web elements with id: 'Object Repository/secondhand-web/Edit Product/card product' located by 'By.xpath: //div[@class="row g-4"]/div[2]' in '30' second(s)

2023-07-24 12:33:07 - [MESSAGE][PASSED] - Object 'Object Repository/secondhand-web/Edit Product/card product' is visible

2023-07-24 12:33:07 - [TEST_STEP][PASSED] - click(findTestObject("secondhand-web/Edit Product/card product")): Object: 'Object Repository/secondhand-web/Edit Product/card product' is clicked on

2023-07-24 12:33:07 - [MESSAGE][INFO] - Finding Test Object 'Object Repository/secondhand-web/Edit Product/card product'

2023-07-24 12:33:07 - [MESSAGE][INFO] - Checking object

2023-07-24 12:33:07 - [MESSAGE][INFO] - Checking timeout

2023-07-24 12:33:07 - [MESSAGE][INFO] - Finding web element from Test Object's properties

2023-07-24 12:33:07 - [MESSAGE][INFO] - Checking timeout

2023-07-24 12:33:07 - [MESSAGE][INFO] - Finding web element with id: 'Object Repository/secondhand-web/Edit Product/card product' located by 'By.xpath: //div[@class="row g-4"]/div[2]' in '30' second(s)

2023-07-24 12:33:07 - [MESSAGE][INFO] - Smart Wait Function is triggered

2023-07-24 12:33:07 - [MESSAGE][INFO] - Found 1 web elements with id: 'Object Repository/secondhand-web/Edit Product/card product' located by 'By.xpath: //div[@class="row g-4"]/div[2]' in '30' second(s)

2023-07-24 12:33:07 - [MESSAGE][INFO] - Clicking on object: 'Object Repository/secondhand-web/Edit Product/card product'

2023-07-24 12:33:08 - [MESSAGE][PASSED] - Object: 'Object Repository/secondhand-web/Edit Product/card product' is clicked on

2023-07-24 12:33:08 - [MESSAGE][PASSED] - Call Test Case 'Test Cases/secondhand-web/Pages/Edit Product/Click Detail Product' successfully

2023-07-24 12:33:08 - [TEST_STEP][PASSED] - callTestCase(findTestCase("secondhand-web/Pages/Edit Product/Click button edit in detail product"), [:], STOP_ON_FAILURE): Call Test Case 'Test Cases/secondhand-web/Pages/Edit Product/Click button edit in detail product' successfully

2023-07-24 12:33:08 - [MESSAGE][INFO] - Checking called Test Case

2023-07-24 12:33:08 - [MESSAGE][INFO] - Starting to call Test Case 'Test Cases/secondhand-web/Pages/Edit Product/Click button edit in detail product'

2023-07-24 12:33:08 - [TEST_CASE][PASSED] - Test Cases/secondhand-web/Pages/Edit Product/Click button edit in detail product: Test Cases/secondhand-web/Pages/Edit Product/Click button edit in detail product

2023-07-24 12:33:08 - [TEST_STEP][PASSED] - verifyElementVisible(findTestObject("secondhand-web/Edit Product/button edit")): Object 'Object Repository/secondhand-web/Edit Product/button edit' is visible

2023-07-24 12:33:08 - [MESSAGE][INFO] - Finding Test Object 'Object Repository/secondhand-web/Edit Product/button edit'

2023-07-24 12:33:08 - [MESSAGE][INFO] - Checking object

2023-07-24 12:33:08 - [MESSAGE][INFO] - Finding web element from Test Object's properties

2023-07-24 12:33:08 - [MESSAGE][INFO] - Checking timeout

2023-07-24 12:33:08 - [MESSAGE][INFO] - Finding web element with id: 'Object Repository/secondhand-web/Edit Product/button edit' located by 'By.xpath: //a[contains(text(),'Edit')]' in '30' second(s)

2023-07-24 12:33:08 - [MESSAGE][INFO] - Smart Wait Function is triggered

2023-07-24 12:33:08 - [MESSAGE][INFO] - Found 1 web elements with id: 'Object Repository/secondhand-web/Edit Product/button edit' located by 'By.xpath: //a[contains(text(),'Edit')]' in '30' second(s)

2023-07-24 12:33:08 - [MESSAGE][PASSED] - Object 'Object Repository/secondhand-web/Edit Product/button edit' is visible

2023-07-24 12:33:08 - [TEST_STEP][PASSED] - click(findTestObject("secondhand-web/Edit Product/button edit")): Object: 'Object Repository/secondhand-web/Edit Product/button edit' is clicked on

2023-07-24 12:33:08 - [MESSAGE][INFO] - Finding Test Object 'Object Repository/secondhand-web/Edit Product/button edit'

2023-07-24 12:33:08 - [MESSAGE][INFO] - Checking object

2023-07-24 12:33:08 - [MESSAGE][INFO] - Checking timeout

2023-07-24 12:33:08 - [MESSAGE][INFO] - Finding web element from Test Object's properties

2023-07-24 12:33:08 - [MESSAGE][INFO] - Checking timeout

2023-07-24 12:33:08 - [MESSAGE][INFO] - Finding web element with id: 'Object Repository/secondhand-web/Edit Product/button edit' located by 'By.xpath: //a[contains(text(),'Edit')]' in '30' second(s)

2023-07-24 12:33:08 - [MESSAGE][INFO] - Smart Wait Function is triggered

2023-07-24 12:33:09 - [MESSAGE][INFO] - Found 1 web elements with id: 'Object Repository/secondhand-web/Edit Product/button edit' located by 'By.xpath: //a[contains(text(),'Edit')]' in '30' second(s)

2023-07-24 12:33:09 - [MESSAGE][INFO] - Clicking on object: 'Object Repository/secondhand-web/Edit Product/button edit'

2023-07-24 12:33:09 - [MESSAGE][PASSED] - Object: 'Object Repository/secondhand-web/Edit Product/button edit' is clicked on

2023-07-24 12:33:09 - [MESSAGE][PASSED] - Call Test Case 'Test Cases/secondhand-web/Pages/Edit Product/Click button edit in detail product' successfully

2023-07-24 12:33:09 - [TEST_STEP][PASSED] - callTestCase(findTestCase("secondhand-web/Pages/Edit Product/Edit Product Name"), ["product_name":"Norton"], STOP_ON_FAILURE): Call Test Case 'Test Cases/secondhand-web/Pages/Edit Product/Edit Product Name' successfully

2023-07-24 12:33:09 - [MESSAGE][INFO] - Checking called Test Case

2023-07-24 12:33:09 - [MESSAGE][INFO] - Starting to call Test Case 'Test Cases/secondhand-web/Pages/Edit Product/Edit Product Name'

2023-07-24 12:33:09 - [TEST_CASE][PASSED] - Test Cases/secondhand-web/Pages/Edit Product/Edit Product Name: Test Cases/secondhand-web/Pages/Edit Product/Edit Product Name

2023-07-24 12:33:09 - [TEST_STEP][PASSED] - waitForElementVisible(findTestObject("secondhand-web/Add Product/input product name"), 0): Object 'Object Repository/secondhand-web/Add Product/input product name' is visible

2023-07-24 12:33:09 - [MESSAGE][INFO] - Finding Test Object 'Object Repository/secondhand-web/Add Product/input product name'

2023-07-24 12:33:09 - [MESSAGE][INFO] - Checking object

2023-07-24 12:33:09 - [MESSAGE][INFO] - Checking timeout

2023-07-24 12:33:09 - [MESSAGE][WARNING] - Timeout '0' is invalid. Using default page load timeout: '30'

2023-07-24 12:33:09 - [MESSAGE][INFO] - Finding web element from Test Object's properties

2023-07-24 12:33:09 - [MESSAGE][INFO] - Checking timeout

2023-07-24 12:33:09 - [MESSAGE][INFO] - Finding web element with id: 'Object Repository/secondhand-web/Add Product/input product name' located by 'By.xpath: //input[@id='product_name']' in '30' second(s)

2023-07-24 12:33:09 - [MESSAGE][INFO] - Smart Wait Function is triggered

2023-07-24 12:33:10 - [MESSAGE][INFO] - Found 1 web elements with id: 'Object Repository/secondhand-web/Add Product/input product name' located by 'By.xpath: //input[@id='product_name']' in '30' second(s)

2023-07-24 12:33:10 - [MESSAGE][PASSED] - Object 'Object Repository/secondhand-web/Add Product/input product name' is visible

2023-07-24 12:33:10 - [TEST_STEP][PASSED] - setText(findTestObject("secondhand-web/Add Product/input product name"), product_name): Text 'Norton' is set on object 'Object Repository/secondhand-web/Add Product/input product name'

2023-07-24 12:33:10 - [MESSAGE][INFO] - Finding Test Object 'Object Repository/secondhand-web/Add Product/input product name'

2023-07-24 12:33:10 - [MESSAGE][INFO] - Checking object

2023-07-24 12:33:10 - [MESSAGE][INFO] - Checking text

2023-07-24 12:33:10 - [MESSAGE][INFO] - Finding web element from Test Object's properties

2023-07-24 12:33:10 - [MESSAGE][INFO] - Checking timeout

2023-07-24 12:33:10 - [MESSAGE][INFO] - Finding web element with id: 'Object Repository/secondhand-web/Add Product/input product name' located by 'By.xpath: //input[@id='product_name']' in '30' second(s)

2023-07-24 12:33:10 - [MESSAGE][INFO] - Smart Wait Function is triggered

2023-07-24 12:33:10 - [MESSAGE][INFO] - Found 1 web elements with id: 'Object Repository/secondhand-web/Add Product/input product name' located by 'By.xpath: //input[@id='product_name']' in '30' second(s)

2023-07-24 12:33:10 - [MESSAGE][INFO] - Clearing text of object 'Object Repository/secondhand-web/Add Product/input product name'

2023-07-24 12:33:10 - [MESSAGE][INFO] - Finding web element from Test Object's properties

2023-07-24 12:33:10 - [MESSAGE][INFO] - Checking timeout

2023-07-24 12:33:10 - [MESSAGE][INFO] - Finding web element with id: 'Object Repository/secondhand-web/Add Product/input product name' located by 'By.xpath: //input[@id='product_name']' in '30' second(s)

2023-07-24 12:33:10 - [MESSAGE][INFO] - Smart Wait Function is triggered

2023-07-24 12:33:11 - [MESSAGE][INFO] - Found 1 web elements with id: 'Object Repository/secondhand-web/Add Product/input product name' located by 'By.xpath: //input[@id='product_name']' in '30' second(s)

2023-07-24 12:33:11 - [MESSAGE][INFO] - Setting text of object 'Object Repository/secondhand-web/Add Product/input product name' to value 'Norton'

2023-07-24 12:33:11 - [MESSAGE][PASSED] - Text 'Norton' is set on object 'Object Repository/secondhand-web/Add Product/input product name'

2023-07-24 12:33:11 - [TEST_STEP][PASSED] - takeScreenshot(): Taking screenshot successfully

2023-07-24 12:33:11 - [MESSAGE][INFO] - Smart Wait Function is triggered

2023-07-24 12:33:11 - [MESSAGE][PASSED] - Taking screenshot successfully
[[ATTACHMENT|D:\\Binar Academy\\Platinum Challenge\\SQA-Wave9-Kelompok2\\Reports\\20230724_123246\\secondhand-web\\Feature Edit Product\\20230724_123246\\1690176791457.png]]

2023-07-24 12:33:11 - [MESSAGE][PASSED] - Call Test Case 'Test Cases/secondhand-web/Pages/Edit Product/Edit Product Name' successfully

2023-07-24 12:33:11 - [TEST_STEP][PASSED] - callTestCase(findTestCase("secondhand-web/Pages/Edit Product/Edit Product Price"), ["product_price":"1234567"], STOP_ON_FAILURE): Call Test Case 'Test Cases/secondhand-web/Pages/Edit Product/Edit Product Price' successfully

2023-07-24 12:33:11 - [MESSAGE][INFO] - Checking called Test Case

2023-07-24 12:33:11 - [MESSAGE][INFO] - Starting to call Test Case 'Test Cases/secondhand-web/Pages/Edit Product/Edit Product Price'

2023-07-24 12:33:11 - [TEST_CASE][PASSED] - Test Cases/secondhand-web/Pages/Edit Product/Edit Product Price: Test Cases/secondhand-web/Pages/Edit Product/Edit Product Price

2023-07-24 12:33:12 - [TEST_STEP][PASSED] - waitForElementPresent(findTestObject("secondhand-web/Add Product/input product price"), 3): Object 'Object Repository/secondhand-web/Add Product/input product price' is present

2023-07-24 12:33:12 - [MESSAGE][INFO] - Finding Test Object 'Object Repository/secondhand-web/Add Product/input product price'

2023-07-24 12:33:12 - [MESSAGE][INFO] - Checking object

2023-07-24 12:33:12 - [MESSAGE][INFO] - Finding web element from Test Object's properties

2023-07-24 12:33:12 - [MESSAGE][INFO] - Checking timeout

2023-07-24 12:33:12 - [MESSAGE][INFO] - Finding web element with id: 'Object Repository/secondhand-web/Add Product/input product price' located by 'By.xpath: //input[@id='product_price']' in '3' second(s)

2023-07-24 12:33:12 - [MESSAGE][INFO] - Smart Wait Function is triggered

2023-07-24 12:33:12 - [MESSAGE][INFO] - Found 1 web elements with id: 'Object Repository/secondhand-web/Add Product/input product price' located by 'By.xpath: //input[@id='product_price']' in '3' second(s)

2023-07-24 12:33:12 - [MESSAGE][PASSED] - Object 'Object Repository/secondhand-web/Add Product/input product price' is present

2023-07-24 12:33:12 - [TEST_STEP][PASSED] - setText(findTestObject("secondhand-web/Add Product/input product price"), product_price): Text '1234567' is set on object 'Object Repository/secondhand-web/Add Product/input product price'

2023-07-24 12:33:12 - [MESSAGE][INFO] - Finding Test Object 'Object Repository/secondhand-web/Add Product/input product price'

2023-07-24 12:33:12 - [MESSAGE][INFO] - Checking object

2023-07-24 12:33:12 - [MESSAGE][INFO] - Checking text

2023-07-24 12:33:12 - [MESSAGE][INFO] - Finding web element from Test Object's properties

2023-07-24 12:33:12 - [MESSAGE][INFO] - Checking timeout

2023-07-24 12:33:12 - [MESSAGE][INFO] - Finding web element with id: 'Object Repository/secondhand-web/Add Product/input product price' located by 'By.xpath: //input[@id='product_price']' in '30' second(s)

2023-07-24 12:33:12 - [MESSAGE][INFO] - Smart Wait Function is triggered

2023-07-24 12:33:13 - [MESSAGE][INFO] - Found 1 web elements with id: 'Object Repository/secondhand-web/Add Product/input product price' located by 'By.xpath: //input[@id='product_price']' in '30' second(s)

2023-07-24 12:33:13 - [MESSAGE][INFO] - Clearing text of object 'Object Repository/secondhand-web/Add Product/input product price'

2023-07-24 12:33:13 - [MESSAGE][INFO] - Finding web element from Test Object's properties

2023-07-24 12:33:13 - [MESSAGE][INFO] - Checking timeout

2023-07-24 12:33:13 - [MESSAGE][INFO] - Finding web element with id: 'Object Repository/secondhand-web/Add Product/input product price' located by 'By.xpath: //input[@id='product_price']' in '30' second(s)

2023-07-24 12:33:13 - [MESSAGE][INFO] - Smart Wait Function is triggered

2023-07-24 12:33:13 - [MESSAGE][INFO] - Found 1 web elements with id: 'Object Repository/secondhand-web/Add Product/input product price' located by 'By.xpath: //input[@id='product_price']' in '30' second(s)

2023-07-24 12:33:13 - [MESSAGE][INFO] - Setting text of object 'Object Repository/secondhand-web/Add Product/input product price' to value '1234567'

2023-07-24 12:33:13 - [MESSAGE][PASSED] - Text '1234567' is set on object 'Object Repository/secondhand-web/Add Product/input product price'

2023-07-24 12:33:13 - [TEST_STEP][PASSED] - takeScreenshot(): Taking screenshot successfully

2023-07-24 12:33:13 - [MESSAGE][INFO] - Smart Wait Function is triggered

2023-07-24 12:33:14 - [MESSAGE][PASSED] - Taking screenshot successfully
[[ATTACHMENT|D:\\Binar Academy\\Platinum Challenge\\SQA-Wave9-Kelompok2\\Reports\\20230724_123246\\secondhand-web\\Feature Edit Product\\20230724_123246\\1690176793903.png]]

2023-07-24 12:33:14 - [MESSAGE][PASSED] - Call Test Case 'Test Cases/secondhand-web/Pages/Edit Product/Edit Product Price' successfully

2023-07-24 12:33:14 - [TEST_STEP][PASSED] - callTestCase(findTestCase("secondhand-web/Pages/Edit Product/Edit Product Category"), ["category_value":"2"], STOP_ON_FAILURE): Call Test Case 'Test Cases/secondhand-web/Pages/Edit Product/Edit Product Category' successfully

2023-07-24 12:33:14 - [MESSAGE][INFO] - Checking called Test Case

2023-07-24 12:33:14 - [MESSAGE][INFO] - Starting to call Test Case 'Test Cases/secondhand-web/Pages/Edit Product/Edit Product Category'

2023-07-24 12:33:14 - [TEST_CASE][PASSED] - Test Cases/secondhand-web/Pages/Edit Product/Edit Product Category: Test Cases/secondhand-web/Pages/Edit Product/Edit Product Category

2023-07-24 12:33:14 - [TEST_STEP][PASSED] - waitForElementVisible(findTestObject("secondhand-web/Add Product/dropdown category"), 0): Object 'Object Repository/secondhand-web/Add Product/dropdown category' is visible

2023-07-24 12:33:14 - [MESSAGE][INFO] - Finding Test Object 'Object Repository/secondhand-web/Add Product/dropdown category'

2023-07-24 12:33:14 - [MESSAGE][INFO] - Checking object

2023-07-24 12:33:14 - [MESSAGE][INFO] - Checking timeout

2023-07-24 12:33:14 - [MESSAGE][WARNING] - Timeout '0' is invalid. Using default page load timeout: '30'

2023-07-24 12:33:14 - [MESSAGE][INFO] - Finding web element from Test Object's properties

2023-07-24 12:33:14 - [MESSAGE][INFO] - Checking timeout

2023-07-24 12:33:14 - [MESSAGE][INFO] - Finding web element with id: 'Object Repository/secondhand-web/Add Product/dropdown category' located by 'By.xpath: //select[@id="product_category_id"]' in '30' second(s)

2023-07-24 12:33:14 - [MESSAGE][INFO] - Smart Wait Function is triggered

2023-07-24 12:33:15 - [MESSAGE][INFO] - Found 1 web elements with id: 'Object Repository/secondhand-web/Add Product/dropdown category' located by 'By.xpath: //select[@id="product_category_id"]' in '30' second(s)

2023-07-24 12:33:15 - [MESSAGE][PASSED] - Object 'Object Repository/secondhand-web/Add Product/dropdown category' is visible

2023-07-24 12:33:15 - [TEST_STEP][PASSED] - selectOptionByValue(findTestObject("secondhand-web/Add Product/dropdown category"), category_value, false): All options with value '2' are selected in object 'Object Repository/secondhand-web/Add Product/dropdown category' 

2023-07-24 12:33:15 - [MESSAGE][INFO] - Finding Test Object 'Object Repository/secondhand-web/Add Product/dropdown category'

2023-07-24 12:33:15 - [MESSAGE][INFO] - Checking object

2023-07-24 12:33:15 - [MESSAGE][INFO] - Checking value parameter

2023-07-24 12:33:15 - [MESSAGE][INFO] - Finding web element from Test Object's properties

2023-07-24 12:33:15 - [MESSAGE][INFO] - Checking timeout

2023-07-24 12:33:15 - [MESSAGE][INFO] - Finding web element with id: 'Object Repository/secondhand-web/Add Product/dropdown category' located by 'By.xpath: //select[@id="product_category_id"]' in '30' second(s)

2023-07-24 12:33:15 - [MESSAGE][INFO] - Smart Wait Function is triggered

2023-07-24 12:33:15 - [MESSAGE][INFO] - Found 1 web elements with id: 'Object Repository/secondhand-web/Add Product/dropdown category' located by 'By.xpath: //select[@id="product_category_id"]' in '30' second(s)

2023-07-24 12:33:15 - [MESSAGE][INFO] - Selecting options on object 'Object Repository/secondhand-web/Add Product/dropdown category' with value '2'

2023-07-24 12:33:15 - [MESSAGE][INFO] - Smart Wait Function is triggered

2023-07-24 12:33:15 - [MESSAGE][PASSED] - All options with value '2' are selected in object 'Object Repository/secondhand-web/Add Product/dropdown category' 

2023-07-24 12:33:15 - [TEST_STEP][PASSED] - takeScreenshot(): Taking screenshot successfully

2023-07-24 12:33:15 - [MESSAGE][INFO] - Smart Wait Function is triggered

2023-07-24 12:33:16 - [MESSAGE][PASSED] - Taking screenshot successfully
[[ATTACHMENT|D:\\Binar Academy\\Platinum Challenge\\SQA-Wave9-Kelompok2\\Reports\\20230724_123246\\secondhand-web\\Feature Edit Product\\20230724_123246\\1690176796150.png]]

2023-07-24 12:33:16 - [MESSAGE][PASSED] - Call Test Case 'Test Cases/secondhand-web/Pages/Edit Product/Edit Product Category' successfully

2023-07-24 12:33:16 - [TEST_STEP][PASSED] - callTestCase(findTestCase("secondhand-web/Pages/Edit Product/Edit Product Description"), ["product_desc":"ini adalah motor canggih"], STOP_ON_FAILURE): Call Test Case 'Test Cases/secondhand-web/Pages/Edit Product/Edit Product Description' successfully

2023-07-24 12:33:16 - [MESSAGE][INFO] - Checking called Test Case

2023-07-24 12:33:16 - [MESSAGE][INFO] - Starting to call Test Case 'Test Cases/secondhand-web/Pages/Edit Product/Edit Product Description'

2023-07-24 12:33:16 - [TEST_CASE][PASSED] - Test Cases/secondhand-web/Pages/Edit Product/Edit Product Description: Test Cases/secondhand-web/Pages/Edit Product/Edit Product Description

2023-07-24 12:33:16 - [TEST_STEP][PASSED] - waitForElementVisible(findTestObject("secondhand-web/Add Product/input product description"), 0): Object 'Object Repository/secondhand-web/Add Product/input product description' is visible

2023-07-24 12:33:16 - [MESSAGE][INFO] - Finding Test Object 'Object Repository/secondhand-web/Add Product/input product description'

2023-07-24 12:33:16 - [MESSAGE][INFO] - Checking object

2023-07-24 12:33:16 - [MESSAGE][INFO] - Checking timeout

2023-07-24 12:33:16 - [MESSAGE][WARNING] - Timeout '0' is invalid. Using default page load timeout: '30'

2023-07-24 12:33:16 - [MESSAGE][INFO] - Finding web element from Test Object's properties

2023-07-24 12:33:16 - [MESSAGE][INFO] - Checking timeout

2023-07-24 12:33:16 - [MESSAGE][INFO] - Finding web element with id: 'Object Repository/secondhand-web/Add Product/input product description' located by 'By.xpath: //textarea[@id='product_description']' in '30' second(s)

2023-07-24 12:33:16 - [MESSAGE][INFO] - Smart Wait Function is triggered

2023-07-24 12:33:17 - [MESSAGE][INFO] - Found 1 web elements with id: 'Object Repository/secondhand-web/Add Product/input product description' located by 'By.xpath: //textarea[@id='product_description']' in '30' second(s)

2023-07-24 12:33:17 - [MESSAGE][PASSED] - Object 'Object Repository/secondhand-web/Add Product/input product description' is visible

2023-07-24 12:33:17 - [TEST_STEP][PASSED] - setText(findTestObject("secondhand-web/Add Product/input product description"), product_desc): Text 'ini adalah motor canggih' is set on object 'Object Repository/secondhand-web/Add Product/input product description'

2023-07-24 12:33:17 - [MESSAGE][INFO] - Finding Test Object 'Object Repository/secondhand-web/Add Product/input product description'

2023-07-24 12:33:17 - [MESSAGE][INFO] - Checking object

2023-07-24 12:33:17 - [MESSAGE][INFO] - Checking text

2023-07-24 12:33:17 - [MESSAGE][INFO] - Finding web element from Test Object's properties

2023-07-24 12:33:17 - [MESSAGE][INFO] - Checking timeout

2023-07-24 12:33:17 - [MESSAGE][INFO] - Finding web element with id: 'Object Repository/secondhand-web/Add Product/input product description' located by 'By.xpath: //textarea[@id='product_description']' in '30' second(s)

2023-07-24 12:33:17 - [MESSAGE][INFO] - Smart Wait Function is triggered

2023-07-24 12:33:17 - [MESSAGE][INFO] - Found 1 web elements with id: 'Object Repository/secondhand-web/Add Product/input product description' located by 'By.xpath: //textarea[@id='product_description']' in '30' second(s)

2023-07-24 12:33:17 - [MESSAGE][INFO] - Clearing text of object 'Object Repository/secondhand-web/Add Product/input product description'

2023-07-24 12:33:17 - [MESSAGE][INFO] - Finding web element from Test Object's properties

2023-07-24 12:33:17 - [MESSAGE][INFO] - Checking timeout

2023-07-24 12:33:17 - [MESSAGE][INFO] - Finding web element with id: 'Object Repository/secondhand-web/Add Product/input product description' located by 'By.xpath: //textarea[@id='product_description']' in '30' second(s)

2023-07-24 12:33:17 - [MESSAGE][INFO] - Smart Wait Function is triggered

2023-07-24 12:33:17 - [MESSAGE][INFO] - Found 1 web elements with id: 'Object Repository/secondhand-web/Add Product/input product description' located by 'By.xpath: //textarea[@id='product_description']' in '30' second(s)

2023-07-24 12:33:17 - [MESSAGE][INFO] - Setting text of object 'Object Repository/secondhand-web/Add Product/input product description' to value 'ini adalah motor canggih'

2023-07-24 12:33:17 - [MESSAGE][PASSED] - Text 'ini adalah motor canggih' is set on object 'Object Repository/secondhand-web/Add Product/input product description'

2023-07-24 12:33:17 - [TEST_STEP][PASSED] - takeScreenshot(): Taking screenshot successfully

2023-07-24 12:33:17 - [MESSAGE][INFO] - Smart Wait Function is triggered

2023-07-24 12:33:18 - [MESSAGE][PASSED] - Taking screenshot successfully
[[ATTACHMENT|D:\\Binar Academy\\Platinum Challenge\\SQA-Wave9-Kelompok2\\Reports\\20230724_123246\\secondhand-web\\Feature Edit Product\\20230724_123246\\1690176798156.png]]

2023-07-24 12:33:18 - [MESSAGE][PASSED] - Call Test Case 'Test Cases/secondhand-web/Pages/Edit Product/Edit Product Description' successfully

2023-07-24 12:33:18 - [TEST_STEP][PASSED] - callTestCase(findTestCase("secondhand-web/Pages/Edit Product/Upload Product Images"), ["product_image":findTestData("image").getValue(2, 2)], STOP_ON_FAILURE): Call Test Case 'Test Cases/secondhand-web/Pages/Edit Product/Upload Product Images' successfully

2023-07-24 12:33:18 - [MESSAGE][INFO] - Checking test data id

2023-07-24 12:33:18 - [MESSAGE][INFO] - Finding test data with id 'Data Files/image'

2023-07-24 12:33:18 - [MESSAGE][INFO] - Test data is internal data, reading internal data

2023-07-24 12:33:18 - [MESSAGE][INFO] - Checking called Test Case

2023-07-24 12:33:18 - [MESSAGE][INFO] - Starting to call Test Case 'Test Cases/secondhand-web/Pages/Edit Product/Upload Product Images'

2023-07-24 12:33:18 - [TEST_CASE][PASSED] - Test Cases/secondhand-web/Pages/Edit Product/Upload Product Images: Test Cases/secondhand-web/Pages/Edit Product/Upload Product Images

2023-07-24 12:33:18 - [TEST_STEP][PASSED] - waitForElementVisible(findTestObject("secondhand-web/Add Product/upload image"), 3): Object 'Object Repository/secondhand-web/Add Product/upload image' is not visible after 3 second(s)

2023-07-24 12:33:18 - [MESSAGE][INFO] - Finding Test Object 'Object Repository/secondhand-web/Add Product/upload image'

2023-07-24 12:33:18 - [MESSAGE][INFO] - Checking object

2023-07-24 12:33:18 - [MESSAGE][INFO] - Checking timeout

2023-07-24 12:33:18 - [MESSAGE][INFO] - Finding web element from Test Object's properties

2023-07-24 12:33:18 - [MESSAGE][INFO] - Checking timeout

2023-07-24 12:33:18 - [MESSAGE][INFO] - Finding web element with id: 'Object Repository/secondhand-web/Add Product/upload image' located by 'By.xpath: //input[@type="file"]' in '3' second(s)

2023-07-24 12:33:18 - [MESSAGE][INFO] - Smart Wait Function is triggered

2023-07-24 12:33:19 - [MESSAGE][INFO] - Found 1 web elements with id: 'Object Repository/secondhand-web/Add Product/upload image' located by 'By.xpath: //input[@type="file"]' in '3' second(s)

2023-07-24 12:33:22 - [MESSAGE][WARNING] - Object 'Object Repository/secondhand-web/Add Product/upload image' is not visible after 3 second(s)

2023-07-24 12:33:22 - [TEST_STEP][PASSED] - uploadFile(findTestObject("secondhand-web/Add Product/upload image"), product_image): File 'D:\\Binar Academy\\Platinum Challenge\\SQA-Wave9-Kelompok2\\Data Files\\Testing Files\\motor.jpg' sent to object: 'Object Repository/secondhand-web/Add Product/upload image'

2023-07-24 12:33:22 - [MESSAGE][INFO] - Finding Test Object 'Object Repository/secondhand-web/Add Product/upload image'

2023-07-24 12:33:22 - [MESSAGE][INFO] - Checking object

2023-07-24 12:33:22 - [MESSAGE][INFO] - Uploading file 'D:\\Binar Academy\\Platinum Challenge\\SQA-Wave9-Kelompok2\\Data Files\\Testing Files\\motor.jpg' to object: 'Object Repository/secondhand-web/Add Product/upload image'

2023-07-24 12:33:22 - [MESSAGE][INFO] - Finding web element from Test Object's properties

2023-07-24 12:33:22 - [MESSAGE][INFO] - Checking timeout

2023-07-24 12:33:22 - [MESSAGE][INFO] - Finding web element with id: 'Object Repository/secondhand-web/Add Product/upload image' located by 'By.xpath: //input[@type="file"]' in '30' second(s)

2023-07-24 12:33:22 - [MESSAGE][INFO] - Smart Wait Function is triggered

2023-07-24 12:33:22 - [MESSAGE][INFO] - Found 1 web elements with id: 'Object Repository/secondhand-web/Add Product/upload image' located by 'By.xpath: //input[@type="file"]' in '30' second(s)

2023-07-24 12:33:22 - [MESSAGE][PASSED] - File 'D:\\Binar Academy\\Platinum Challenge\\SQA-Wave9-Kelompok2\\Data Files\\Testing Files\\motor.jpg' sent to object: 'Object Repository/secondhand-web/Add Product/upload image'

2023-07-24 12:33:22 - [TEST_STEP][PASSED] - takeScreenshot(): Taking screenshot successfully

2023-07-24 12:33:22 - [MESSAGE][INFO] - Smart Wait Function is triggered

2023-07-24 12:33:23 - [MESSAGE][PASSED] - Taking screenshot successfully
[[ATTACHMENT|D:\\Binar Academy\\Platinum Challenge\\SQA-Wave9-Kelompok2\\Reports\\20230724_123246\\secondhand-web\\Feature Edit Product\\20230724_123246\\1690176802967.png]]

2023-07-24 12:33:23 - [MESSAGE][PASSED] - Call Test Case 'Test Cases/secondhand-web/Pages/Edit Product/Upload Product Images' successfully

2023-07-24 12:33:23 - [TEST_STEP][PASSED] - callTestCase(findTestCase("secondhand-web/Pages/Create Product/Click button add or terbitkan"), [:], STOP_ON_FAILURE): Call Test Case 'Test Cases/secondhand-web/Pages/Create Product/Click button add or terbitkan' successfully

2023-07-24 12:33:23 - [MESSAGE][INFO] - Checking called Test Case

2023-07-24 12:33:23 - [MESSAGE][INFO] - Starting to call Test Case 'Test Cases/secondhand-web/Pages/Create Product/Click button add or terbitkan'

2023-07-24 12:33:23 - [TEST_CASE][PASSED] - Test Cases/secondhand-web/Pages/Create Product/Click button add or terbitkan: Test Cases/secondhand-web/Pages/Create Product/Click button add or terbitkan

2023-07-24 12:33:23 - [TEST_STEP][PASSED] - verifyElementVisible(findTestObject("secondhand-web/Add Product/button add or terbitkan")): Object 'Object Repository/secondhand-web/Add Product/button add or terbitkan' is visible

2023-07-24 12:33:23 - [MESSAGE][INFO] - Finding Test Object 'Object Repository/secondhand-web/Add Product/button add or terbitkan'

2023-07-24 12:33:23 - [MESSAGE][INFO] - Checking object

2023-07-24 12:33:23 - [MESSAGE][INFO] - Finding web element from Test Object's properties

2023-07-24 12:33:23 - [MESSAGE][INFO] - Checking timeout

2023-07-24 12:33:23 - [MESSAGE][INFO] - Finding web element with id: 'Object Repository/secondhand-web/Add Product/button add or terbitkan' located by 'By.xpath: //label[@for="product_status_published"]' in '30' second(s)

2023-07-24 12:33:23 - [MESSAGE][INFO] - Smart Wait Function is triggered

2023-07-24 12:33:23 - [MESSAGE][INFO] - Found 1 web elements with id: 'Object Repository/secondhand-web/Add Product/button add or terbitkan' located by 'By.xpath: //label[@for="product_status_published"]' in '30' second(s)

2023-07-24 12:33:23 - [MESSAGE][PASSED] - Object 'Object Repository/secondhand-web/Add Product/button add or terbitkan' is visible

2023-07-24 12:33:23 - [TEST_STEP][PASSED] - click(findTestObject("secondhand-web/Add Product/button add or terbitkan")): Object: 'Object Repository/secondhand-web/Add Product/button add or terbitkan' is clicked on

2023-07-24 12:33:23 - [MESSAGE][INFO] - Finding Test Object 'Object Repository/secondhand-web/Add Product/button add or terbitkan'

2023-07-24 12:33:23 - [MESSAGE][INFO] - Checking object

2023-07-24 12:33:23 - [MESSAGE][INFO] - Checking timeout

2023-07-24 12:33:23 - [MESSAGE][INFO] - Finding web element from Test Object's properties

2023-07-24 12:33:23 - [MESSAGE][INFO] - Checking timeout

2023-07-24 12:33:23 - [MESSAGE][INFO] - Finding web element with id: 'Object Repository/secondhand-web/Add Product/button add or terbitkan' located by 'By.xpath: //label[@for="product_status_published"]' in '30' second(s)

2023-07-24 12:33:23 - [MESSAGE][INFO] - Smart Wait Function is triggered

2023-07-24 12:33:24 - [MESSAGE][INFO] - Found 1 web elements with id: 'Object Repository/secondhand-web/Add Product/button add or terbitkan' located by 'By.xpath: //label[@for="product_status_published"]' in '30' second(s)

2023-07-24 12:33:24 - [MESSAGE][INFO] - Clicking on object: 'Object Repository/secondhand-web/Add Product/button add or terbitkan'

2023-07-24 12:33:25 - [MESSAGE][INFO] - Unable to click the Test Object, 30 second(s) remain to retry.

2023-07-24 12:33:27 - [MESSAGE][PASSED] - Object: 'Object Repository/secondhand-web/Add Product/button add or terbitkan' is clicked on

2023-07-24 12:33:27 - [MESSAGE][PASSED] - Call Test Case 'Test Cases/secondhand-web/Pages/Create Product/Click button add or terbitkan' successfully

2023-07-24 12:33:27 - [TEST_STEP][PASSED] - callTestCase(findTestCase("secondhand-web/Common/Close Web"), [:], STOP_ON_FAILURE): Call Test Case 'Test Cases/secondhand-web/Common/Close Web' successfully

2023-07-24 12:33:27 - [MESSAGE][INFO] - Checking called Test Case

2023-07-24 12:33:27 - [MESSAGE][INFO] - Starting to call Test Case 'Test Cases/secondhand-web/Common/Close Web'

2023-07-24 12:33:27 - [TEST_CASE][PASSED] - Test Cases/secondhand-web/Common/Close Web: Test Cases/secondhand-web/Common/Close Web

2023-07-24 12:33:27 - [TEST_STEP][PASSED] - closeBrowser(): Browser is closed

2023-07-24 12:33:27 - [MESSAGE][INFO] - Closing browser

2023-07-24 12:33:28 - [MESSAGE][PASSED] - Browser is closed

2023-07-24 12:33:28 - [MESSAGE][PASSED] - Call Test Case 'Test Cases/secondhand-web/Common/Close Web' successfully]]></system-out>
         <system-err><![CDATA[]]></system-err>
      </testcase>
      <testcase name="Test Cases/secondhand-web/Step Definition/Feature Edit Product/EditCat002 - user should not be able to edit product catalog with empty input" time="31.677" classname="Test Cases/secondhand-web/Step Definition/Feature Edit Product/EditCat002 - user should not be able to edit product catalog with empty input" status="PASSED">
         <system-out><![CDATA[2023-07-24 12:33:28 - [TEST_CASE][PASSED] - Test Cases/secondhand-web/Step Definition/Feature Edit Product/EditCat002 - user should not be able to edit product catalog with empty input: Test Cases/secondhand-web/Step Definition/Feature Edit Product/EditCat002 - user should not be able to edit product catalog with empty input

2023-07-24 12:33:28 - [TEST_STEP][PASSED] - callTestCase(findTestCase("secondhand-web/Common/Launch Web"), [:], STOP_ON_FAILURE): Call Test Case 'Test Cases/secondhand-web/Common/Launch Web' successfully

2023-07-24 12:33:28 - [MESSAGE][INFO] - Checking called Test Case

2023-07-24 12:33:28 - [MESSAGE][INFO] - Starting to call Test Case 'Test Cases/secondhand-web/Common/Launch Web'

2023-07-24 12:33:29 - [TEST_CASE][PASSED] - Test Cases/secondhand-web/Common/Launch Web: Test Cases/secondhand-web/Common/Launch Web

2023-07-24 12:33:29 - [TEST_STEP][PASSED] - openBrowser(""): Browser is opened with url: ''

2023-07-24 12:33:29 - [MESSAGE][INFO] - Opening browser

2023-07-24 12:33:29 - [MESSAGE][INFO] - Starting 'Chrome' driver

2023-07-24 12:33:29 - [MESSAGE][INFO] - Action delay is set to 0 milliseconds

2023-07-24 12:33:30 - [MESSAGE][PASSED] - Browser is opened with url: ''

2023-07-24 12:33:30 - [TEST_STEP][PASSED] - maximizeWindow(): Current window maximized

2023-07-24 12:33:30 - [MESSAGE][INFO] - Maximizing current window

2023-07-24 12:33:30 - [MESSAGE][PASSED] - Current window maximized

2023-07-24 12:33:30 - [MESSAGE][PASSED] - Call Test Case 'Test Cases/secondhand-web/Common/Launch Web' successfully

2023-07-24 12:33:30 - [TEST_STEP][PASSED] - callTestCase(findTestCase("secondhand-web/Common/Navigate To Web"), [:], STOP_ON_FAILURE): Call Test Case 'Test Cases/secondhand-web/Common/Navigate To Web' successfully

2023-07-24 12:33:30 - [MESSAGE][INFO] - Checking called Test Case

2023-07-24 12:33:30 - [MESSAGE][INFO] - Starting to call Test Case 'Test Cases/secondhand-web/Common/Navigate To Web'

2023-07-24 12:33:30 - [TEST_CASE][PASSED] - Test Cases/secondhand-web/Common/Navigate To Web: Test Cases/secondhand-web/Common/Navigate To Web

2023-07-24 12:33:30 - [TEST_STEP][PASSED] - navigateToUrl(baseUrl): Navigate to 'https://secondhand.binaracademy.org/' successfully

2023-07-24 12:33:30 - [MESSAGE][INFO] - Checking url

2023-07-24 12:33:30 - [MESSAGE][INFO] - Navigating to 'https://secondhand.binaracademy.org/'

2023-07-24 12:33:31 - [MESSAGE][PASSED] - Navigate to 'https://secondhand.binaracademy.org/' successfully

2023-07-24 12:33:31 - [MESSAGE][PASSED] - Call Test Case 'Test Cases/secondhand-web/Common/Navigate To Web' successfully

2023-07-24 12:33:31 - [TEST_STEP][PASSED] - callTestCase(findTestCase("secondhand-web/Pages/User Login/Click Button Masuk"), [:], STOP_ON_FAILURE): Call Test Case 'Test Cases/secondhand-web/Pages/User Login/Click Button Masuk' successfully

2023-07-24 12:33:31 - [MESSAGE][INFO] - Checking called Test Case

2023-07-24 12:33:31 - [MESSAGE][INFO] - Starting to call Test Case 'Test Cases/secondhand-web/Pages/User Login/Click Button Masuk'

2023-07-24 12:33:31 - [TEST_CASE][PASSED] - Test Cases/secondhand-web/Pages/User Login/Click Button Masuk: Test Cases/secondhand-web/Pages/User Login/Click Button Masuk

2023-07-24 12:33:31 - [TEST_STEP][PASSED] - verifyElementVisible(findTestObject("secondhand-web/Login/Click Button Masuk"), STOP_ON_FAILURE): Object 'Object Repository/secondhand-web/Login/Click Button Masuk' is visible

2023-07-24 12:33:31 - [MESSAGE][INFO] - Finding Test Object 'Object Repository/secondhand-web/Login/Click Button Masuk'

2023-07-24 12:33:31 - [MESSAGE][INFO] - Checking object

2023-07-24 12:33:31 - [MESSAGE][INFO] - Finding web element from Test Object's properties

2023-07-24 12:33:31 - [MESSAGE][INFO] - Checking timeout

2023-07-24 12:33:31 - [MESSAGE][INFO] - Finding web element with id: 'Object Repository/secondhand-web/Login/Click Button Masuk' located by 'By.xpath: //div[@id='navbarSupportedContent']/div/a' in '30' second(s)

2023-07-24 12:33:31 - [MESSAGE][INFO] - Smart Wait Function is triggered

2023-07-24 12:33:32 - [MESSAGE][INFO] - Found 1 web elements with id: 'Object Repository/secondhand-web/Login/Click Button Masuk' located by 'By.xpath: //div[@id='navbarSupportedContent']/div/a' in '30' second(s)

2023-07-24 12:33:32 - [MESSAGE][PASSED] - Object 'Object Repository/secondhand-web/Login/Click Button Masuk' is visible

2023-07-24 12:33:32 - [TEST_STEP][PASSED] - click(findTestObject("secondhand-web/Login/Click Button Masuk")): Object: 'Object Repository/secondhand-web/Login/Click Button Masuk' is clicked on

2023-07-24 12:33:32 - [MESSAGE][INFO] - Finding Test Object 'Object Repository/secondhand-web/Login/Click Button Masuk'

2023-07-24 12:33:32 - [MESSAGE][INFO] - Checking object

2023-07-24 12:33:32 - [MESSAGE][INFO] - Checking timeout

2023-07-24 12:33:32 - [MESSAGE][INFO] - Finding web element from Test Object's properties

2023-07-24 12:33:32 - [MESSAGE][INFO] - Checking timeout

2023-07-24 12:33:32 - [MESSAGE][INFO] - Finding web element with id: 'Object Repository/secondhand-web/Login/Click Button Masuk' located by 'By.xpath: //div[@id='navbarSupportedContent']/div/a' in '30' second(s)

2023-07-24 12:33:32 - [MESSAGE][INFO] - Smart Wait Function is triggered

2023-07-24 12:33:32 - [MESSAGE][INFO] - Found 1 web elements with id: 'Object Repository/secondhand-web/Login/Click Button Masuk' located by 'By.xpath: //div[@id='navbarSupportedContent']/div/a' in '30' second(s)

2023-07-24 12:33:32 - [MESSAGE][INFO] - Clicking on object: 'Object Repository/secondhand-web/Login/Click Button Masuk'

2023-07-24 12:33:32 - [MESSAGE][PASSED] - Object: 'Object Repository/secondhand-web/Login/Click Button Masuk' is clicked on

2023-07-24 12:33:32 - [MESSAGE][PASSED] - Call Test Case 'Test Cases/secondhand-web/Pages/User Login/Click Button Masuk' successfully

2023-07-24 12:33:32 - [TEST_STEP][PASSED] - callTestCase(findTestCase("secondhand-web/Pages/User Login/Input Email"), ["email":emailOktaSeller], STOP_ON_FAILURE): Call Test Case 'Test Cases/secondhand-web/Pages/User Login/Input Email' successfully

2023-07-24 12:33:32 - [MESSAGE][INFO] - Checking called Test Case

2023-07-24 12:33:32 - [MESSAGE][INFO] - Starting to call Test Case 'Test Cases/secondhand-web/Pages/User Login/Input Email'

2023-07-24 12:33:32 - [TEST_CASE][PASSED] - Test Cases/secondhand-web/Pages/User Login/Input Email: Test Cases/secondhand-web/Pages/User Login/Input Email

2023-07-24 12:33:32 - [TEST_STEP][PASSED] - waitForElementVisible(findTestObject("secondhand-web/Login/Input_email"), 3): Object 'Object Repository/secondhand-web/Login/Input_email' is visible

2023-07-24 12:33:32 - [MESSAGE][INFO] - Finding Test Object 'Object Repository/secondhand-web/Login/Input_email'

2023-07-24 12:33:32 - [MESSAGE][INFO] - Checking object

2023-07-24 12:33:32 - [MESSAGE][INFO] - Checking timeout

2023-07-24 12:33:32 - [MESSAGE][INFO] - Finding web element from Test Object's properties

2023-07-24 12:33:32 - [MESSAGE][INFO] - Checking timeout

2023-07-24 12:33:32 - [MESSAGE][INFO] - Finding web element with id: 'Object Repository/secondhand-web/Login/Input_email' located by 'By.xpath: //input[@id='user_email']' in '3' second(s)

2023-07-24 12:33:32 - [MESSAGE][INFO] - Smart Wait Function is triggered

2023-07-24 12:33:33 - [MESSAGE][INFO] - Found 1 web elements with id: 'Object Repository/secondhand-web/Login/Input_email' located by 'By.xpath: //input[@id='user_email']' in '3' second(s)

2023-07-24 12:33:33 - [MESSAGE][PASSED] - Object 'Object Repository/secondhand-web/Login/Input_email' is visible

2023-07-24 12:33:33 - [TEST_STEP][PASSED] - setText(findTestObject("secondhand-web/Login/Input_email"), email): Text 'oktaviadpp_seller@gmail.com' is set on object 'Object Repository/secondhand-web/Login/Input_email'

2023-07-24 12:33:33 - [MESSAGE][INFO] - Finding Test Object 'Object Repository/secondhand-web/Login/Input_email'

2023-07-24 12:33:33 - [MESSAGE][INFO] - Checking object

2023-07-24 12:33:33 - [MESSAGE][INFO] - Checking text

2023-07-24 12:33:33 - [MESSAGE][INFO] - Finding web element from Test Object's properties

2023-07-24 12:33:33 - [MESSAGE][INFO] - Checking timeout

2023-07-24 12:33:33 - [MESSAGE][INFO] - Finding web element with id: 'Object Repository/secondhand-web/Login/Input_email' located by 'By.xpath: //input[@id='user_email']' in '30' second(s)

2023-07-24 12:33:33 - [MESSAGE][INFO] - Smart Wait Function is triggered

2023-07-24 12:33:33 - [MESSAGE][INFO] - Found 1 web elements with id: 'Object Repository/secondhand-web/Login/Input_email' located by 'By.xpath: //input[@id='user_email']' in '30' second(s)

2023-07-24 12:33:33 - [MESSAGE][INFO] - Clearing text of object 'Object Repository/secondhand-web/Login/Input_email'

2023-07-24 12:33:33 - [MESSAGE][INFO] - Finding web element from Test Object's properties

2023-07-24 12:33:33 - [MESSAGE][INFO] - Checking timeout

2023-07-24 12:33:33 - [MESSAGE][INFO] - Finding web element with id: 'Object Repository/secondhand-web/Login/Input_email' located by 'By.xpath: //input[@id='user_email']' in '30' second(s)

2023-07-24 12:33:33 - [MESSAGE][INFO] - Smart Wait Function is triggered

2023-07-24 12:33:33 - [MESSAGE][INFO] - Found 1 web elements with id: 'Object Repository/secondhand-web/Login/Input_email' located by 'By.xpath: //input[@id='user_email']' in '30' second(s)

2023-07-24 12:33:33 - [MESSAGE][INFO] - Setting text of object 'Object Repository/secondhand-web/Login/Input_email' to value 'oktaviadpp_seller@gmail.com'

2023-07-24 12:33:33 - [MESSAGE][PASSED] - Text 'oktaviadpp_seller@gmail.com' is set on object 'Object Repository/secondhand-web/Login/Input_email'

2023-07-24 12:33:34 - [TEST_STEP][PASSED] - takeScreenshot(): Taking screenshot successfully

2023-07-24 12:33:34 - [MESSAGE][INFO] - Smart Wait Function is triggered

2023-07-24 12:33:35 - [MESSAGE][PASSED] - Taking screenshot successfully
[[ATTACHMENT|D:\\Binar Academy\\Platinum Challenge\\SQA-Wave9-Kelompok2\\Reports\\20230724_123246\\secondhand-web\\Feature Edit Product\\20230724_123246\\1690176814255.png]]

2023-07-24 12:33:35 - [MESSAGE][PASSED] - Call Test Case 'Test Cases/secondhand-web/Pages/User Login/Input Email' successfully

2023-07-24 12:33:35 - [TEST_STEP][PASSED] - callTestCase(findTestCase("secondhand-web/Pages/User Login/Input Password"), ["password":pwdOktaSeller], STOP_ON_FAILURE): Call Test Case 'Test Cases/secondhand-web/Pages/User Login/Input Password' successfully

2023-07-24 12:33:35 - [MESSAGE][INFO] - Checking called Test Case

2023-07-24 12:33:35 - [MESSAGE][INFO] - Starting to call Test Case 'Test Cases/secondhand-web/Pages/User Login/Input Password'

2023-07-24 12:33:35 - [TEST_CASE][PASSED] - Test Cases/secondhand-web/Pages/User Login/Input Password: Test Cases/secondhand-web/Pages/User Login/Input Password

2023-07-24 12:33:35 - [TEST_STEP][PASSED] - waitForElementVisible(findTestObject("secondhand-web/Login/Input_password"), 3): Object 'Object Repository/secondhand-web/Login/Input_password' is visible

2023-07-24 12:33:35 - [MESSAGE][INFO] - Finding Test Object 'Object Repository/secondhand-web/Login/Input_password'

2023-07-24 12:33:35 - [MESSAGE][INFO] - Checking object

2023-07-24 12:33:35 - [MESSAGE][INFO] - Checking timeout

2023-07-24 12:33:35 - [MESSAGE][INFO] - Finding web element from Test Object's properties

2023-07-24 12:33:35 - [MESSAGE][INFO] - Checking timeout

2023-07-24 12:33:35 - [MESSAGE][INFO] - Finding web element with id: 'Object Repository/secondhand-web/Login/Input_password' located by 'By.xpath: //input[@id='user_password']' in '3' second(s)

2023-07-24 12:33:35 - [MESSAGE][INFO] - Smart Wait Function is triggered

2023-07-24 12:33:35 - [MESSAGE][INFO] - Found 1 web elements with id: 'Object Repository/secondhand-web/Login/Input_password' located by 'By.xpath: //input[@id='user_password']' in '3' second(s)

2023-07-24 12:33:35 - [MESSAGE][PASSED] - Object 'Object Repository/secondhand-web/Login/Input_password' is visible

2023-07-24 12:33:35 - [TEST_STEP][PASSED] - setText(findTestObject("secondhand-web/Login/Input_password"), password): Text '123456' is set on object 'Object Repository/secondhand-web/Login/Input_password'

2023-07-24 12:33:35 - [MESSAGE][INFO] - Finding Test Object 'Object Repository/secondhand-web/Login/Input_password'

2023-07-24 12:33:35 - [MESSAGE][INFO] - Checking object

2023-07-24 12:33:35 - [MESSAGE][INFO] - Checking text

2023-07-24 12:33:35 - [MESSAGE][INFO] - Finding web element from Test Object's properties

2023-07-24 12:33:35 - [MESSAGE][INFO] - Checking timeout

2023-07-24 12:33:35 - [MESSAGE][INFO] - Finding web element with id: 'Object Repository/secondhand-web/Login/Input_password' located by 'By.xpath: //input[@id='user_password']' in '30' second(s)

2023-07-24 12:33:35 - [MESSAGE][INFO] - Smart Wait Function is triggered

2023-07-24 12:33:36 - [MESSAGE][INFO] - Found 1 web elements with id: 'Object Repository/secondhand-web/Login/Input_password' located by 'By.xpath: //input[@id='user_password']' in '30' second(s)

2023-07-24 12:33:36 - [MESSAGE][INFO] - Clearing text of object 'Object Repository/secondhand-web/Login/Input_password'

2023-07-24 12:33:36 - [MESSAGE][INFO] - Finding web element from Test Object's properties

2023-07-24 12:33:36 - [MESSAGE][INFO] - Checking timeout

2023-07-24 12:33:36 - [MESSAGE][INFO] - Finding web element with id: 'Object Repository/secondhand-web/Login/Input_password' located by 'By.xpath: //input[@id='user_password']' in '30' second(s)

2023-07-24 12:33:36 - [MESSAGE][INFO] - Smart Wait Function is triggered

2023-07-24 12:33:36 - [MESSAGE][INFO] - Found 1 web elements with id: 'Object Repository/secondhand-web/Login/Input_password' located by 'By.xpath: //input[@id='user_password']' in '30' second(s)

2023-07-24 12:33:36 - [MESSAGE][INFO] - Setting text of object 'Object Repository/secondhand-web/Login/Input_password' to value '123456'

2023-07-24 12:33:36 - [MESSAGE][PASSED] - Text '123456' is set on object 'Object Repository/secondhand-web/Login/Input_password'

2023-07-24 12:33:36 - [TEST_STEP][PASSED] - takeScreenshot(): Taking screenshot successfully

2023-07-24 12:33:36 - [MESSAGE][INFO] - Smart Wait Function is triggered

2023-07-24 12:33:37 - [MESSAGE][PASSED] - Taking screenshot successfully
[[ATTACHMENT|D:\\Binar Academy\\Platinum Challenge\\SQA-Wave9-Kelompok2\\Reports\\20230724_123246\\secondhand-web\\Feature Edit Product\\20230724_123246\\1690176816751.png]]

2023-07-24 12:33:37 - [MESSAGE][PASSED] - Call Test Case 'Test Cases/secondhand-web/Pages/User Login/Input Password' successfully

2023-07-24 12:33:37 - [TEST_STEP][PASSED] - callTestCase(findTestCase("secondhand-web/Pages/User Login/Button Masuk"), [:], STOP_ON_FAILURE): Call Test Case 'Test Cases/secondhand-web/Pages/User Login/Button Masuk' successfully

2023-07-24 12:33:37 - [MESSAGE][INFO] - Checking called Test Case

2023-07-24 12:33:37 - [MESSAGE][INFO] - Starting to call Test Case 'Test Cases/secondhand-web/Pages/User Login/Button Masuk'

2023-07-24 12:33:37 - [TEST_CASE][PASSED] - Test Cases/secondhand-web/Pages/User Login/Button Masuk: Test Cases/secondhand-web/Pages/User Login/Button Masuk

2023-07-24 12:33:37 - [TEST_STEP][PASSED] - verifyElementVisible(findTestObject("secondhand-web/Login/Button Masuk"), STOP_ON_FAILURE): Object 'Object Repository/secondhand-web/Login/Button Masuk' is visible

2023-07-24 12:33:37 - [MESSAGE][INFO] - Finding Test Object 'Object Repository/secondhand-web/Login/Button Masuk'

2023-07-24 12:33:37 - [MESSAGE][INFO] - Checking object

2023-07-24 12:33:37 - [MESSAGE][INFO] - Finding web element from Test Object's properties

2023-07-24 12:33:37 - [MESSAGE][INFO] - Checking timeout

2023-07-24 12:33:37 - [MESSAGE][INFO] - Finding web element with id: 'Object Repository/secondhand-web/Login/Button Masuk' located by 'By.xpath: //input[@name='commit']' in '30' second(s)

2023-07-24 12:33:37 - [MESSAGE][INFO] - Smart Wait Function is triggered

2023-07-24 12:33:37 - [MESSAGE][INFO] - Found 1 web elements with id: 'Object Repository/secondhand-web/Login/Button Masuk' located by 'By.xpath: //input[@name='commit']' in '30' second(s)

2023-07-24 12:33:37 - [MESSAGE][PASSED] - Object 'Object Repository/secondhand-web/Login/Button Masuk' is visible

2023-07-24 12:33:37 - [TEST_STEP][PASSED] - click(findTestObject("secondhand-web/Login/Button Masuk")): Object: 'Object Repository/secondhand-web/Login/Button Masuk' is clicked on

2023-07-24 12:33:37 - [MESSAGE][INFO] - Finding Test Object 'Object Repository/secondhand-web/Login/Button Masuk'

2023-07-24 12:33:37 - [MESSAGE][INFO] - Checking object

2023-07-24 12:33:37 - [MESSAGE][INFO] - Checking timeout

2023-07-24 12:33:37 - [MESSAGE][INFO] - Finding web element from Test Object's properties

2023-07-24 12:33:37 - [MESSAGE][INFO] - Checking timeout

2023-07-24 12:33:37 - [MESSAGE][INFO] - Finding web element with id: 'Object Repository/secondhand-web/Login/Button Masuk' located by 'By.xpath: //input[@name='commit']' in '30' second(s)

2023-07-24 12:33:37 - [MESSAGE][INFO] - Smart Wait Function is triggered

2023-07-24 12:33:38 - [MESSAGE][INFO] - Found 1 web elements with id: 'Object Repository/secondhand-web/Login/Button Masuk' located by 'By.xpath: //input[@name='commit']' in '30' second(s)

2023-07-24 12:33:38 - [MESSAGE][INFO] - Clicking on object: 'Object Repository/secondhand-web/Login/Button Masuk'

2023-07-24 12:33:38 - [MESSAGE][PASSED] - Object: 'Object Repository/secondhand-web/Login/Button Masuk' is clicked on

2023-07-24 12:33:38 - [MESSAGE][PASSED] - Call Test Case 'Test Cases/secondhand-web/Pages/User Login/Button Masuk' successfully

2023-07-24 12:33:38 - [TEST_STEP][PASSED] - callTestCase(findTestCase("secondhand-web/Pages/Homepage/Icon_Product"), [:], STOP_ON_FAILURE): Call Test Case 'Test Cases/secondhand-web/Pages/Homepage/Icon_Product' successfully

2023-07-24 12:33:38 - [MESSAGE][INFO] - Checking called Test Case

2023-07-24 12:33:38 - [MESSAGE][INFO] - Starting to call Test Case 'Test Cases/secondhand-web/Pages/Homepage/Icon_Product'

2023-07-24 12:33:38 - [TEST_CASE][PASSED] - Test Cases/secondhand-web/Pages/Homepage/Icon_Product: Test Cases/secondhand-web/Pages/Homepage/Icon_Product

2023-07-24 12:33:38 - [TEST_STEP][PASSED] - verifyElementVisible(findTestObject("secondhand-web/Homepage/Icon_Product")): Object 'Object Repository/secondhand-web/Homepage/Icon_Product' is visible

2023-07-24 12:33:38 - [MESSAGE][INFO] - Finding Test Object 'Object Repository/secondhand-web/Homepage/Icon_Product'

2023-07-24 12:33:38 - [MESSAGE][INFO] - Checking object

2023-07-24 12:33:38 - [MESSAGE][INFO] - Finding web element from Test Object's properties

2023-07-24 12:33:38 - [MESSAGE][INFO] - Checking timeout

2023-07-24 12:33:38 - [MESSAGE][INFO] - Finding web element with id: 'Object Repository/secondhand-web/Homepage/Icon_Product' located by 'By.xpath: //a[@href="/products"]' in '30' second(s)

2023-07-24 12:33:38 - [MESSAGE][INFO] - Smart Wait Function is triggered

2023-07-24 12:33:39 - [MESSAGE][INFO] - Found 1 web elements with id: 'Object Repository/secondhand-web/Homepage/Icon_Product' located by 'By.xpath: //a[@href="/products"]' in '30' second(s)

2023-07-24 12:33:39 - [MESSAGE][PASSED] - Object 'Object Repository/secondhand-web/Homepage/Icon_Product' is visible

2023-07-24 12:33:39 - [TEST_STEP][PASSED] - click(findTestObject("secondhand-web/Homepage/Icon_Product")): Object: 'Object Repository/secondhand-web/Homepage/Icon_Product' is clicked on

2023-07-24 12:33:39 - [MESSAGE][INFO] - Finding Test Object 'Object Repository/secondhand-web/Homepage/Icon_Product'

2023-07-24 12:33:39 - [MESSAGE][INFO] - Checking object

2023-07-24 12:33:39 - [MESSAGE][INFO] - Checking timeout

2023-07-24 12:33:39 - [MESSAGE][INFO] - Finding web element from Test Object's properties

2023-07-24 12:33:39 - [MESSAGE][INFO] - Checking timeout

2023-07-24 12:33:39 - [MESSAGE][INFO] - Finding web element with id: 'Object Repository/secondhand-web/Homepage/Icon_Product' located by 'By.xpath: //a[@href="/products"]' in '30' second(s)

2023-07-24 12:33:39 - [MESSAGE][INFO] - Smart Wait Function is triggered

2023-07-24 12:33:40 - [MESSAGE][INFO] - Found 1 web elements with id: 'Object Repository/secondhand-web/Homepage/Icon_Product' located by 'By.xpath: //a[@href="/products"]' in '30' second(s)

2023-07-24 12:33:40 - [MESSAGE][INFO] - Clicking on object: 'Object Repository/secondhand-web/Homepage/Icon_Product'

2023-07-24 12:33:40 - [MESSAGE][PASSED] - Object: 'Object Repository/secondhand-web/Homepage/Icon_Product' is clicked on

2023-07-24 12:33:40 - [MESSAGE][PASSED] - Call Test Case 'Test Cases/secondhand-web/Pages/Homepage/Icon_Product' successfully

2023-07-24 12:33:40 - [TEST_STEP][PASSED] - callTestCase(findTestCase("secondhand-web/Pages/Edit Product/Click Detail Product"), [:], STOP_ON_FAILURE): Call Test Case 'Test Cases/secondhand-web/Pages/Edit Product/Click Detail Product' successfully

2023-07-24 12:33:40 - [MESSAGE][INFO] - Checking called Test Case

2023-07-24 12:33:40 - [MESSAGE][INFO] - Starting to call Test Case 'Test Cases/secondhand-web/Pages/Edit Product/Click Detail Product'

2023-07-24 12:33:40 - [TEST_CASE][PASSED] - Test Cases/secondhand-web/Pages/Edit Product/Click Detail Product: Test Cases/secondhand-web/Pages/Edit Product/Click Detail Product

2023-07-24 12:33:40 - [TEST_STEP][PASSED] - verifyElementVisible(findTestObject("secondhand-web/Edit Product/card product")): Object 'Object Repository/secondhand-web/Edit Product/card product' is visible

2023-07-24 12:33:40 - [MESSAGE][INFO] - Finding Test Object 'Object Repository/secondhand-web/Edit Product/card product'

2023-07-24 12:33:40 - [MESSAGE][INFO] - Checking object

2023-07-24 12:33:40 - [MESSAGE][INFO] - Finding web element from Test Object's properties

2023-07-24 12:33:40 - [MESSAGE][INFO] - Checking timeout

2023-07-24 12:33:40 - [MESSAGE][INFO] - Finding web element with id: 'Object Repository/secondhand-web/Edit Product/card product' located by 'By.xpath: //div[@class="row g-4"]/div[2]' in '30' second(s)

2023-07-24 12:33:40 - [MESSAGE][INFO] - Smart Wait Function is triggered

2023-07-24 12:33:40 - [MESSAGE][INFO] - Found 1 web elements with id: 'Object Repository/secondhand-web/Edit Product/card product' located by 'By.xpath: //div[@class="row g-4"]/div[2]' in '30' second(s)

2023-07-24 12:33:41 - [MESSAGE][PASSED] - Object 'Object Repository/secondhand-web/Edit Product/card product' is visible

2023-07-24 12:33:41 - [TEST_STEP][PASSED] - click(findTestObject("secondhand-web/Edit Product/card product")): Object: 'Object Repository/secondhand-web/Edit Product/card product' is clicked on

2023-07-24 12:33:41 - [MESSAGE][INFO] - Finding Test Object 'Object Repository/secondhand-web/Edit Product/card product'

2023-07-24 12:33:41 - [MESSAGE][INFO] - Checking object

2023-07-24 12:33:41 - [MESSAGE][INFO] - Checking timeout

2023-07-24 12:33:41 - [MESSAGE][INFO] - Finding web element from Test Object's properties

2023-07-24 12:33:41 - [MESSAGE][INFO] - Checking timeout

2023-07-24 12:33:41 - [MESSAGE][INFO] - Finding web element with id: 'Object Repository/secondhand-web/Edit Product/card product' located by 'By.xpath: //div[@class="row g-4"]/div[2]' in '30' second(s)

2023-07-24 12:33:41 - [MESSAGE][INFO] - Smart Wait Function is triggered

2023-07-24 12:33:41 - [MESSAGE][INFO] - Found 1 web elements with id: 'Object Repository/secondhand-web/Edit Product/card product' located by 'By.xpath: //div[@class="row g-4"]/div[2]' in '30' second(s)

2023-07-24 12:33:41 - [MESSAGE][INFO] - Clicking on object: 'Object Repository/secondhand-web/Edit Product/card product'

2023-07-24 12:33:41 - [MESSAGE][PASSED] - Object: 'Object Repository/secondhand-web/Edit Product/card product' is clicked on

2023-07-24 12:33:41 - [MESSAGE][PASSED] - Call Test Case 'Test Cases/secondhand-web/Pages/Edit Product/Click Detail Product' successfully

2023-07-24 12:33:41 - [TEST_STEP][PASSED] - callTestCase(findTestCase("secondhand-web/Pages/Edit Product/Click button edit in detail product"), [:], STOP_ON_FAILURE): Call Test Case 'Test Cases/secondhand-web/Pages/Edit Product/Click button edit in detail product' successfully

2023-07-24 12:33:41 - [MESSAGE][INFO] - Checking called Test Case

2023-07-24 12:33:41 - [MESSAGE][INFO] - Starting to call Test Case 'Test Cases/secondhand-web/Pages/Edit Product/Click button edit in detail product'

2023-07-24 12:33:41 - [TEST_CASE][PASSED] - Test Cases/secondhand-web/Pages/Edit Product/Click button edit in detail product: Test Cases/secondhand-web/Pages/Edit Product/Click button edit in detail product

2023-07-24 12:33:41 - [TEST_STEP][PASSED] - verifyElementVisible(findTestObject("secondhand-web/Edit Product/button edit")): Object 'Object Repository/secondhand-web/Edit Product/button edit' is visible

2023-07-24 12:33:41 - [MESSAGE][INFO] - Finding Test Object 'Object Repository/secondhand-web/Edit Product/button edit'

2023-07-24 12:33:41 - [MESSAGE][INFO] - Checking object

2023-07-24 12:33:41 - [MESSAGE][INFO] - Finding web element from Test Object's properties

2023-07-24 12:33:41 - [MESSAGE][INFO] - Checking timeout

2023-07-24 12:33:41 - [MESSAGE][INFO] - Finding web element with id: 'Object Repository/secondhand-web/Edit Product/button edit' located by 'By.xpath: //a[contains(text(),'Edit')]' in '30' second(s)

2023-07-24 12:33:41 - [MESSAGE][INFO] - Smart Wait Function is triggered

2023-07-24 12:33:41 - [MESSAGE][INFO] - Found 1 web elements with id: 'Object Repository/secondhand-web/Edit Product/button edit' located by 'By.xpath: //a[contains(text(),'Edit')]' in '30' second(s)

2023-07-24 12:33:42 - [MESSAGE][PASSED] - Object 'Object Repository/secondhand-web/Edit Product/button edit' is visible

2023-07-24 12:33:42 - [TEST_STEP][PASSED] - click(findTestObject("secondhand-web/Edit Product/button edit")): Object: 'Object Repository/secondhand-web/Edit Product/button edit' is clicked on

2023-07-24 12:33:42 - [MESSAGE][INFO] - Finding Test Object 'Object Repository/secondhand-web/Edit Product/button edit'

2023-07-24 12:33:42 - [MESSAGE][INFO] - Checking object

2023-07-24 12:33:42 - [MESSAGE][INFO] - Checking timeout

2023-07-24 12:33:42 - [MESSAGE][INFO] - Finding web element from Test Object's properties

2023-07-24 12:33:42 - [MESSAGE][INFO] - Checking timeout

2023-07-24 12:33:42 - [MESSAGE][INFO] - Finding web element with id: 'Object Repository/secondhand-web/Edit Product/button edit' located by 'By.xpath: //a[contains(text(),'Edit')]' in '30' second(s)

2023-07-24 12:33:42 - [MESSAGE][INFO] - Smart Wait Function is triggered

2023-07-24 12:33:42 - [MESSAGE][INFO] - Found 1 web elements with id: 'Object Repository/secondhand-web/Edit Product/button edit' located by 'By.xpath: //a[contains(text(),'Edit')]' in '30' second(s)

2023-07-24 12:33:42 - [MESSAGE][INFO] - Clicking on object: 'Object Repository/secondhand-web/Edit Product/button edit'

2023-07-24 12:33:42 - [MESSAGE][PASSED] - Object: 'Object Repository/secondhand-web/Edit Product/button edit' is clicked on

2023-07-24 12:33:42 - [MESSAGE][PASSED] - Call Test Case 'Test Cases/secondhand-web/Pages/Edit Product/Click button edit in detail product' successfully

2023-07-24 12:33:42 - [TEST_STEP][PASSED] - callTestCase(findTestCase("secondhand-web/Pages/Edit Product/Edit Product Name"), ["product_name":""], STOP_ON_FAILURE): Call Test Case 'Test Cases/secondhand-web/Pages/Edit Product/Edit Product Name' successfully

2023-07-24 12:33:42 - [MESSAGE][INFO] - Checking called Test Case

2023-07-24 12:33:42 - [MESSAGE][INFO] - Starting to call Test Case 'Test Cases/secondhand-web/Pages/Edit Product/Edit Product Name'

2023-07-24 12:33:42 - [TEST_CASE][PASSED] - Test Cases/secondhand-web/Pages/Edit Product/Edit Product Name: Test Cases/secondhand-web/Pages/Edit Product/Edit Product Name

2023-07-24 12:33:42 - [TEST_STEP][PASSED] - waitForElementVisible(findTestObject("secondhand-web/Add Product/input product name"), 0): Object 'Object Repository/secondhand-web/Add Product/input product name' is visible

2023-07-24 12:33:42 - [MESSAGE][INFO] - Finding Test Object 'Object Repository/secondhand-web/Add Product/input product name'

2023-07-24 12:33:42 - [MESSAGE][INFO] - Checking object

2023-07-24 12:33:42 - [MESSAGE][INFO] - Checking timeout

2023-07-24 12:33:42 - [MESSAGE][WARNING] - Timeout '0' is invalid. Using default page load timeout: '30'

2023-07-24 12:33:42 - [MESSAGE][INFO] - Finding web element from Test Object's properties

2023-07-24 12:33:42 - [MESSAGE][INFO] - Checking timeout

2023-07-24 12:33:42 - [MESSAGE][INFO] - Finding web element with id: 'Object Repository/secondhand-web/Add Product/input product name' located by 'By.xpath: //input[@id='product_name']' in '30' second(s)

2023-07-24 12:33:42 - [MESSAGE][INFO] - Smart Wait Function is triggered

2023-07-24 12:33:43 - [MESSAGE][INFO] - Found 1 web elements with id: 'Object Repository/secondhand-web/Add Product/input product name' located by 'By.xpath: //input[@id='product_name']' in '30' second(s)

2023-07-24 12:33:43 - [MESSAGE][PASSED] - Object 'Object Repository/secondhand-web/Add Product/input product name' is visible

2023-07-24 12:33:43 - [TEST_STEP][PASSED] - setText(findTestObject("secondhand-web/Add Product/input product name"), product_name): Text '' is set on object 'Object Repository/secondhand-web/Add Product/input product name'

2023-07-24 12:33:43 - [MESSAGE][INFO] - Finding Test Object 'Object Repository/secondhand-web/Add Product/input product name'

2023-07-24 12:33:43 - [MESSAGE][INFO] - Checking object

2023-07-24 12:33:43 - [MESSAGE][INFO] - Checking text

2023-07-24 12:33:43 - [MESSAGE][INFO] - Finding web element from Test Object's properties

2023-07-24 12:33:43 - [MESSAGE][INFO] - Checking timeout

2023-07-24 12:33:43 - [MESSAGE][INFO] - Finding web element with id: 'Object Repository/secondhand-web/Add Product/input product name' located by 'By.xpath: //input[@id='product_name']' in '30' second(s)

2023-07-24 12:33:43 - [MESSAGE][INFO] - Smart Wait Function is triggered

2023-07-24 12:33:43 - [MESSAGE][INFO] - Found 1 web elements with id: 'Object Repository/secondhand-web/Add Product/input product name' located by 'By.xpath: //input[@id='product_name']' in '30' second(s)

2023-07-24 12:33:43 - [MESSAGE][INFO] - Clearing text of object 'Object Repository/secondhand-web/Add Product/input product name'

2023-07-24 12:33:43 - [MESSAGE][INFO] - Finding web element from Test Object's properties

2023-07-24 12:33:43 - [MESSAGE][INFO] - Checking timeout

2023-07-24 12:33:43 - [MESSAGE][INFO] - Finding web element with id: 'Object Repository/secondhand-web/Add Product/input product name' located by 'By.xpath: //input[@id='product_name']' in '30' second(s)

2023-07-24 12:33:43 - [MESSAGE][INFO] - Smart Wait Function is triggered

2023-07-24 12:33:43 - [MESSAGE][INFO] - Found 1 web elements with id: 'Object Repository/secondhand-web/Add Product/input product name' located by 'By.xpath: //input[@id='product_name']' in '30' second(s)

2023-07-24 12:33:43 - [MESSAGE][INFO] - Setting text of object 'Object Repository/secondhand-web/Add Product/input product name' to value ''

2023-07-24 12:33:43 - [MESSAGE][PASSED] - Text '' is set on object 'Object Repository/secondhand-web/Add Product/input product name'

2023-07-24 12:33:43 - [TEST_STEP][PASSED] - takeScreenshot(): Taking screenshot successfully

2023-07-24 12:33:43 - [MESSAGE][INFO] - Smart Wait Function is triggered

2023-07-24 12:33:44 - [MESSAGE][PASSED] - Taking screenshot successfully
[[ATTACHMENT|D:\\Binar Academy\\Platinum Challenge\\SQA-Wave9-Kelompok2\\Reports\\20230724_123246\\secondhand-web\\Feature Edit Product\\20230724_123246\\1690176824158.png]]

2023-07-24 12:33:44 - [MESSAGE][PASSED] - Call Test Case 'Test Cases/secondhand-web/Pages/Edit Product/Edit Product Name' successfully

2023-07-24 12:33:44 - [TEST_STEP][PASSED] - callTestCase(findTestCase("secondhand-web/Pages/Edit Product/Edit Product Price"), ["product_price":""], STOP_ON_FAILURE): Call Test Case 'Test Cases/secondhand-web/Pages/Edit Product/Edit Product Price' successfully

2023-07-24 12:33:44 - [MESSAGE][INFO] - Checking called Test Case

2023-07-24 12:33:44 - [MESSAGE][INFO] - Starting to call Test Case 'Test Cases/secondhand-web/Pages/Edit Product/Edit Product Price'

2023-07-24 12:33:44 - [TEST_CASE][PASSED] - Test Cases/secondhand-web/Pages/Edit Product/Edit Product Price: Test Cases/secondhand-web/Pages/Edit Product/Edit Product Price

2023-07-24 12:33:44 - [TEST_STEP][PASSED] - waitForElementPresent(findTestObject("secondhand-web/Add Product/input product price"), 3): Object 'Object Repository/secondhand-web/Add Product/input product price' is present

2023-07-24 12:33:44 - [MESSAGE][INFO] - Finding Test Object 'Object Repository/secondhand-web/Add Product/input product price'

2023-07-24 12:33:44 - [MESSAGE][INFO] - Checking object

2023-07-24 12:33:44 - [MESSAGE][INFO] - Finding web element from Test Object's properties

2023-07-24 12:33:44 - [MESSAGE][INFO] - Checking timeout

2023-07-24 12:33:44 - [MESSAGE][INFO] - Finding web element with id: 'Object Repository/secondhand-web/Add Product/input product price' located by 'By.xpath: //input[@id='product_price']' in '3' second(s)

2023-07-24 12:33:44 - [MESSAGE][INFO] - Smart Wait Function is triggered

2023-07-24 12:33:44 - [MESSAGE][INFO] - Found 1 web elements with id: 'Object Repository/secondhand-web/Add Product/input product price' located by 'By.xpath: //input[@id='product_price']' in '3' second(s)

2023-07-24 12:33:44 - [MESSAGE][PASSED] - Object 'Object Repository/secondhand-web/Add Product/input product price' is present

2023-07-24 12:33:44 - [TEST_STEP][PASSED] - setText(findTestObject("secondhand-web/Add Product/input product price"), product_price): Text '' is set on object 'Object Repository/secondhand-web/Add Product/input product price'

2023-07-24 12:33:44 - [MESSAGE][INFO] - Finding Test Object 'Object Repository/secondhand-web/Add Product/input product price'

2023-07-24 12:33:44 - [MESSAGE][INFO] - Checking object

2023-07-24 12:33:44 - [MESSAGE][INFO] - Checking text

2023-07-24 12:33:44 - [MESSAGE][INFO] - Finding web element from Test Object's properties

2023-07-24 12:33:44 - [MESSAGE][INFO] - Checking timeout

2023-07-24 12:33:44 - [MESSAGE][INFO] - Finding web element with id: 'Object Repository/secondhand-web/Add Product/input product price' located by 'By.xpath: //input[@id='product_price']' in '30' second(s)

2023-07-24 12:33:44 - [MESSAGE][INFO] - Smart Wait Function is triggered

2023-07-24 12:33:45 - [MESSAGE][INFO] - Found 1 web elements with id: 'Object Repository/secondhand-web/Add Product/input product price' located by 'By.xpath: //input[@id='product_price']' in '30' second(s)

2023-07-24 12:33:45 - [MESSAGE][INFO] - Clearing text of object 'Object Repository/secondhand-web/Add Product/input product price'

2023-07-24 12:33:45 - [MESSAGE][INFO] - Finding web element from Test Object's properties

2023-07-24 12:33:45 - [MESSAGE][INFO] - Checking timeout

2023-07-24 12:33:45 - [MESSAGE][INFO] - Finding web element with id: 'Object Repository/secondhand-web/Add Product/input product price' located by 'By.xpath: //input[@id='product_price']' in '30' second(s)

2023-07-24 12:33:45 - [MESSAGE][INFO] - Smart Wait Function is triggered

2023-07-24 12:33:45 - [MESSAGE][INFO] - Found 1 web elements with id: 'Object Repository/secondhand-web/Add Product/input product price' located by 'By.xpath: //input[@id='product_price']' in '30' second(s)

2023-07-24 12:33:45 - [MESSAGE][INFO] - Setting text of object 'Object Repository/secondhand-web/Add Product/input product price' to value ''

2023-07-24 12:33:45 - [MESSAGE][PASSED] - Text '' is set on object 'Object Repository/secondhand-web/Add Product/input product price'

2023-07-24 12:33:45 - [TEST_STEP][PASSED] - takeScreenshot(): Taking screenshot successfully

2023-07-24 12:33:45 - [MESSAGE][INFO] - Smart Wait Function is triggered

2023-07-24 12:33:45 - [MESSAGE][PASSED] - Taking screenshot successfully
[[ATTACHMENT|D:\\Binar Academy\\Platinum Challenge\\SQA-Wave9-Kelompok2\\Reports\\20230724_123246\\secondhand-web\\Feature Edit Product\\20230724_123246\\1690176825783.png]]

2023-07-24 12:33:45 - [MESSAGE][PASSED] - Call Test Case 'Test Cases/secondhand-web/Pages/Edit Product/Edit Product Price' successfully

2023-07-24 12:33:45 - [TEST_STEP][PASSED] - callTestCase(findTestCase("secondhand-web/Pages/Edit Product/Edit Product Category"), ["category_value":"2"], STOP_ON_FAILURE): Call Test Case 'Test Cases/secondhand-web/Pages/Edit Product/Edit Product Category' successfully

2023-07-24 12:33:45 - [MESSAGE][INFO] - Checking called Test Case

2023-07-24 12:33:45 - [MESSAGE][INFO] - Starting to call Test Case 'Test Cases/secondhand-web/Pages/Edit Product/Edit Product Category'

2023-07-24 12:33:46 - [TEST_CASE][PASSED] - Test Cases/secondhand-web/Pages/Edit Product/Edit Product Category: Test Cases/secondhand-web/Pages/Edit Product/Edit Product Category

2023-07-24 12:33:46 - [TEST_STEP][PASSED] - waitForElementVisible(findTestObject("secondhand-web/Add Product/dropdown category"), 0): Object 'Object Repository/secondhand-web/Add Product/dropdown category' is visible

2023-07-24 12:33:46 - [MESSAGE][INFO] - Finding Test Object 'Object Repository/secondhand-web/Add Product/dropdown category'

2023-07-24 12:33:46 - [MESSAGE][INFO] - Checking object

2023-07-24 12:33:46 - [MESSAGE][INFO] - Checking timeout

2023-07-24 12:33:46 - [MESSAGE][WARNING] - Timeout '0' is invalid. Using default page load timeout: '30'

2023-07-24 12:33:46 - [MESSAGE][INFO] - Finding web element from Test Object's properties

2023-07-24 12:33:46 - [MESSAGE][INFO] - Checking timeout

2023-07-24 12:33:46 - [MESSAGE][INFO] - Finding web element with id: 'Object Repository/secondhand-web/Add Product/dropdown category' located by 'By.xpath: //select[@id="product_category_id"]' in '30' second(s)

2023-07-24 12:33:46 - [MESSAGE][INFO] - Smart Wait Function is triggered

2023-07-24 12:33:46 - [MESSAGE][INFO] - Found 1 web elements with id: 'Object Repository/secondhand-web/Add Product/dropdown category' located by 'By.xpath: //select[@id="product_category_id"]' in '30' second(s)

2023-07-24 12:33:46 - [MESSAGE][PASSED] - Object 'Object Repository/secondhand-web/Add Product/dropdown category' is visible

2023-07-24 12:33:46 - [TEST_STEP][PASSED] - selectOptionByValue(findTestObject("secondhand-web/Add Product/dropdown category"), category_value, false): All options with value '2' are selected in object 'Object Repository/secondhand-web/Add Product/dropdown category' 

2023-07-24 12:33:46 - [MESSAGE][INFO] - Finding Test Object 'Object Repository/secondhand-web/Add Product/dropdown category'

2023-07-24 12:33:46 - [MESSAGE][INFO] - Checking object

2023-07-24 12:33:46 - [MESSAGE][INFO] - Checking value parameter

2023-07-24 12:33:46 - [MESSAGE][INFO] - Finding web element from Test Object's properties

2023-07-24 12:33:46 - [MESSAGE][INFO] - Checking timeout

2023-07-24 12:33:46 - [MESSAGE][INFO] - Finding web element with id: 'Object Repository/secondhand-web/Add Product/dropdown category' located by 'By.xpath: //select[@id="product_category_id"]' in '30' second(s)

2023-07-24 12:33:46 - [MESSAGE][INFO] - Smart Wait Function is triggered

2023-07-24 12:33:46 - [MESSAGE][INFO] - Found 1 web elements with id: 'Object Repository/secondhand-web/Add Product/dropdown category' located by 'By.xpath: //select[@id="product_category_id"]' in '30' second(s)

2023-07-24 12:33:46 - [MESSAGE][INFO] - Selecting options on object 'Object Repository/secondhand-web/Add Product/dropdown category' with value '2'

2023-07-24 12:33:46 - [MESSAGE][INFO] - Smart Wait Function is triggered

2023-07-24 12:33:47 - [MESSAGE][PASSED] - All options with value '2' are selected in object 'Object Repository/secondhand-web/Add Product/dropdown category' 

2023-07-24 12:33:47 - [TEST_STEP][PASSED] - takeScreenshot(): Taking screenshot successfully

2023-07-24 12:33:47 - [MESSAGE][INFO] - Smart Wait Function is triggered

2023-07-24 12:33:47 - [MESSAGE][PASSED] - Taking screenshot successfully
[[ATTACHMENT|D:\\Binar Academy\\Platinum Challenge\\SQA-Wave9-Kelompok2\\Reports\\20230724_123246\\secondhand-web\\Feature Edit Product\\20230724_123246\\1690176827290.png]]

2023-07-24 12:33:47 - [MESSAGE][PASSED] - Call Test Case 'Test Cases/secondhand-web/Pages/Edit Product/Edit Product Category' successfully

2023-07-24 12:33:47 - [TEST_STEP][PASSED] - callTestCase(findTestCase("secondhand-web/Pages/Edit Product/Edit Product Description"), ["product_desc":"ini adalah motor canggih"], STOP_ON_FAILURE): Call Test Case 'Test Cases/secondhand-web/Pages/Edit Product/Edit Product Description' successfully

2023-07-24 12:33:47 - [MESSAGE][INFO] - Checking called Test Case

2023-07-24 12:33:47 - [MESSAGE][INFO] - Starting to call Test Case 'Test Cases/secondhand-web/Pages/Edit Product/Edit Product Description'

2023-07-24 12:33:47 - [TEST_CASE][PASSED] - Test Cases/secondhand-web/Pages/Edit Product/Edit Product Description: Test Cases/secondhand-web/Pages/Edit Product/Edit Product Description

2023-07-24 12:33:47 - [TEST_STEP][PASSED] - waitForElementVisible(findTestObject("secondhand-web/Add Product/input product description"), 0): Object 'Object Repository/secondhand-web/Add Product/input product description' is visible

2023-07-24 12:33:47 - [MESSAGE][INFO] - Finding Test Object 'Object Repository/secondhand-web/Add Product/input product description'

2023-07-24 12:33:47 - [MESSAGE][INFO] - Checking object

2023-07-24 12:33:47 - [MESSAGE][INFO] - Checking timeout

2023-07-24 12:33:47 - [MESSAGE][WARNING] - Timeout '0' is invalid. Using default page load timeout: '30'

2023-07-24 12:33:47 - [MESSAGE][INFO] - Finding web element from Test Object's properties

2023-07-24 12:33:47 - [MESSAGE][INFO] - Checking timeout

2023-07-24 12:33:47 - [MESSAGE][INFO] - Finding web element with id: 'Object Repository/secondhand-web/Add Product/input product description' located by 'By.xpath: //textarea[@id='product_description']' in '30' second(s)

2023-07-24 12:33:47 - [MESSAGE][INFO] - Smart Wait Function is triggered

2023-07-24 12:33:47 - [MESSAGE][INFO] - Found 1 web elements with id: 'Object Repository/secondhand-web/Add Product/input product description' located by 'By.xpath: //textarea[@id='product_description']' in '30' second(s)

2023-07-24 12:33:47 - [MESSAGE][PASSED] - Object 'Object Repository/secondhand-web/Add Product/input product description' is visible

2023-07-24 12:33:47 - [TEST_STEP][PASSED] - setText(findTestObject("secondhand-web/Add Product/input product description"), product_desc): Text 'ini adalah motor canggih' is set on object 'Object Repository/secondhand-web/Add Product/input product description'

2023-07-24 12:33:47 - [MESSAGE][INFO] - Finding Test Object 'Object Repository/secondhand-web/Add Product/input product description'

2023-07-24 12:33:47 - [MESSAGE][INFO] - Checking object

2023-07-24 12:33:47 - [MESSAGE][INFO] - Checking text

2023-07-24 12:33:47 - [MESSAGE][INFO] - Finding web element from Test Object's properties

2023-07-24 12:33:47 - [MESSAGE][INFO] - Checking timeout

2023-07-24 12:33:47 - [MESSAGE][INFO] - Finding web element with id: 'Object Repository/secondhand-web/Add Product/input product description' located by 'By.xpath: //textarea[@id='product_description']' in '30' second(s)

2023-07-24 12:33:47 - [MESSAGE][INFO] - Smart Wait Function is triggered

2023-07-24 12:33:48 - [MESSAGE][INFO] - Found 1 web elements with id: 'Object Repository/secondhand-web/Add Product/input product description' located by 'By.xpath: //textarea[@id='product_description']' in '30' second(s)

2023-07-24 12:33:48 - [MESSAGE][INFO] - Clearing text of object 'Object Repository/secondhand-web/Add Product/input product description'

2023-07-24 12:33:48 - [MESSAGE][INFO] - Finding web element from Test Object's properties

2023-07-24 12:33:48 - [MESSAGE][INFO] - Checking timeout

2023-07-24 12:33:48 - [MESSAGE][INFO] - Finding web element with id: 'Object Repository/secondhand-web/Add Product/input product description' located by 'By.xpath: //textarea[@id='product_description']' in '30' second(s)

2023-07-24 12:33:48 - [MESSAGE][INFO] - Smart Wait Function is triggered

2023-07-24 12:33:48 - [MESSAGE][INFO] - Found 1 web elements with id: 'Object Repository/secondhand-web/Add Product/input product description' located by 'By.xpath: //textarea[@id='product_description']' in '30' second(s)

2023-07-24 12:33:48 - [MESSAGE][INFO] - Setting text of object 'Object Repository/secondhand-web/Add Product/input product description' to value 'ini adalah motor canggih'

2023-07-24 12:33:48 - [MESSAGE][PASSED] - Text 'ini adalah motor canggih' is set on object 'Object Repository/secondhand-web/Add Product/input product description'

2023-07-24 12:33:48 - [TEST_STEP][PASSED] - takeScreenshot(): Taking screenshot successfully

2023-07-24 12:33:48 - [MESSAGE][INFO] - Smart Wait Function is triggered

2023-07-24 12:33:49 - [MESSAGE][PASSED] - Taking screenshot successfully
[[ATTACHMENT|D:\\Binar Academy\\Platinum Challenge\\SQA-Wave9-Kelompok2\\Reports\\20230724_123246\\secondhand-web\\Feature Edit Product\\20230724_123246\\1690176828971.png]]

2023-07-24 12:33:49 - [MESSAGE][PASSED] - Call Test Case 'Test Cases/secondhand-web/Pages/Edit Product/Edit Product Description' successfully

2023-07-24 12:33:49 - [TEST_STEP][PASSED] - callTestCase(findTestCase("secondhand-web/Pages/Create Product/Upload Product Images"), ["product_image":findTestData("image").getValue(2, 2)], STOP_ON_FAILURE): Call Test Case 'Test Cases/secondhand-web/Pages/Create Product/Upload Product Images' successfully

2023-07-24 12:33:49 - [MESSAGE][INFO] - Checking test data id

2023-07-24 12:33:49 - [MESSAGE][INFO] - Finding test data with id 'Data Files/image'

2023-07-24 12:33:49 - [MESSAGE][INFO] - Test data is internal data, reading internal data

2023-07-24 12:33:49 - [MESSAGE][INFO] - Checking called Test Case

2023-07-24 12:33:49 - [MESSAGE][INFO] - Starting to call Test Case 'Test Cases/secondhand-web/Pages/Create Product/Upload Product Images'

2023-07-24 12:33:49 - [TEST_CASE][PASSED] - Test Cases/secondhand-web/Pages/Create Product/Upload Product Images: Test Cases/secondhand-web/Pages/Create Product/Upload Product Images

2023-07-24 12:33:49 - [TEST_STEP][PASSED] - waitForElementVisible(findTestObject("secondhand-web/Add Product/upload image"), 3): Object 'Object Repository/secondhand-web/Add Product/upload image' is not visible after 3 second(s)

2023-07-24 12:33:49 - [MESSAGE][INFO] - Finding Test Object 'Object Repository/secondhand-web/Add Product/upload image'

2023-07-24 12:33:49 - [MESSAGE][INFO] - Checking object

2023-07-24 12:33:49 - [MESSAGE][INFO] - Checking timeout

2023-07-24 12:33:49 - [MESSAGE][INFO] - Finding web element from Test Object's properties

2023-07-24 12:33:49 - [MESSAGE][INFO] - Checking timeout

2023-07-24 12:33:49 - [MESSAGE][INFO] - Finding web element with id: 'Object Repository/secondhand-web/Add Product/upload image' located by 'By.xpath: //input[@type="file"]' in '3' second(s)

2023-07-24 12:33:49 - [MESSAGE][INFO] - Smart Wait Function is triggered

2023-07-24 12:33:49 - [MESSAGE][INFO] - Found 1 web elements with id: 'Object Repository/secondhand-web/Add Product/upload image' located by 'By.xpath: //input[@type="file"]' in '3' second(s)

2023-07-24 12:33:52 - [MESSAGE][WARNING] - Object 'Object Repository/secondhand-web/Add Product/upload image' is not visible after 3 second(s)

2023-07-24 12:33:52 - [TEST_STEP][PASSED] - uploadFile(findTestObject("secondhand-web/Add Product/upload image"), product_image): File 'D:\\Binar Academy\\Platinum Challenge\\SQA-Wave9-Kelompok2\\Data Files\\Testing Files\\motor.jpg' sent to object: 'Object Repository/secondhand-web/Add Product/upload image'

2023-07-24 12:33:52 - [MESSAGE][INFO] - Finding Test Object 'Object Repository/secondhand-web/Add Product/upload image'

2023-07-24 12:33:53 - [MESSAGE][INFO] - Checking object

2023-07-24 12:33:53 - [MESSAGE][INFO] - Uploading file 'D:\\Binar Academy\\Platinum Challenge\\SQA-Wave9-Kelompok2\\Data Files\\Testing Files\\motor.jpg' to object: 'Object Repository/secondhand-web/Add Product/upload image'

2023-07-24 12:33:53 - [MESSAGE][INFO] - Finding web element from Test Object's properties

2023-07-24 12:33:53 - [MESSAGE][INFO] - Checking timeout

2023-07-24 12:33:53 - [MESSAGE][INFO] - Finding web element with id: 'Object Repository/secondhand-web/Add Product/upload image' located by 'By.xpath: //input[@type="file"]' in '30' second(s)

2023-07-24 12:33:53 - [MESSAGE][INFO] - Smart Wait Function is triggered

2023-07-24 12:33:53 - [MESSAGE][INFO] - Found 1 web elements with id: 'Object Repository/secondhand-web/Add Product/upload image' located by 'By.xpath: //input[@type="file"]' in '30' second(s)

2023-07-24 12:33:53 - [MESSAGE][PASSED] - File 'D:\\Binar Academy\\Platinum Challenge\\SQA-Wave9-Kelompok2\\Data Files\\Testing Files\\motor.jpg' sent to object: 'Object Repository/secondhand-web/Add Product/upload image'

2023-07-24 12:33:53 - [TEST_STEP][PASSED] - takeScreenshot(): Taking screenshot successfully

2023-07-24 12:33:53 - [MESSAGE][INFO] - Smart Wait Function is triggered

2023-07-24 12:33:53 - [MESSAGE][PASSED] - Taking screenshot successfully
[[ATTACHMENT|D:\\Binar Academy\\Platinum Challenge\\SQA-Wave9-Kelompok2\\Reports\\20230724_123246\\secondhand-web\\Feature Edit Product\\20230724_123246\\1690176833625.png]]

2023-07-24 12:33:53 - [MESSAGE][PASSED] - Call Test Case 'Test Cases/secondhand-web/Pages/Create Product/Upload Product Images' successfully

2023-07-24 12:33:53 - [TEST_STEP][PASSED] - callTestCase(findTestCase("secondhand-web/Pages/Create Product/Click button add or terbitkan"), [:], STOP_ON_FAILURE): Call Test Case 'Test Cases/secondhand-web/Pages/Create Product/Click button add or terbitkan' successfully

2023-07-24 12:33:53 - [MESSAGE][INFO] - Checking called Test Case

2023-07-24 12:33:53 - [MESSAGE][INFO] - Starting to call Test Case 'Test Cases/secondhand-web/Pages/Create Product/Click button add or terbitkan'

2023-07-24 12:33:53 - [TEST_CASE][PASSED] - Test Cases/secondhand-web/Pages/Create Product/Click button add or terbitkan: Test Cases/secondhand-web/Pages/Create Product/Click button add or terbitkan

2023-07-24 12:33:53 - [TEST_STEP][PASSED] - verifyElementVisible(findTestObject("secondhand-web/Add Product/button add or terbitkan")): Object 'Object Repository/secondhand-web/Add Product/button add or terbitkan' is visible

2023-07-24 12:33:53 - [MESSAGE][INFO] - Finding Test Object 'Object Repository/secondhand-web/Add Product/button add or terbitkan'

2023-07-24 12:33:53 - [MESSAGE][INFO] - Checking object

2023-07-24 12:33:53 - [MESSAGE][INFO] - Finding web element from Test Object's properties

2023-07-24 12:33:53 - [MESSAGE][INFO] - Checking timeout

2023-07-24 12:33:53 - [MESSAGE][INFO] - Finding web element with id: 'Object Repository/secondhand-web/Add Product/button add or terbitkan' located by 'By.xpath: //label[@for="product_status_published"]' in '30' second(s)

2023-07-24 12:33:53 - [MESSAGE][INFO] - Smart Wait Function is triggered

2023-07-24 12:33:54 - [MESSAGE][INFO] - Found 1 web elements with id: 'Object Repository/secondhand-web/Add Product/button add or terbitkan' located by 'By.xpath: //label[@for="product_status_published"]' in '30' second(s)

2023-07-24 12:33:54 - [MESSAGE][PASSED] - Object 'Object Repository/secondhand-web/Add Product/button add or terbitkan' is visible

2023-07-24 12:33:54 - [TEST_STEP][PASSED] - click(findTestObject("secondhand-web/Add Product/button add or terbitkan")): Object: 'Object Repository/secondhand-web/Add Product/button add or terbitkan' is clicked on

2023-07-24 12:33:54 - [MESSAGE][INFO] - Finding Test Object 'Object Repository/secondhand-web/Add Product/button add or terbitkan'

2023-07-24 12:33:54 - [MESSAGE][INFO] - Checking object

2023-07-24 12:33:54 - [MESSAGE][INFO] - Checking timeout

2023-07-24 12:33:54 - [MESSAGE][INFO] - Finding web element from Test Object's properties

2023-07-24 12:33:54 - [MESSAGE][INFO] - Checking timeout

2023-07-24 12:33:54 - [MESSAGE][INFO] - Finding web element with id: 'Object Repository/secondhand-web/Add Product/button add or terbitkan' located by 'By.xpath: //label[@for="product_status_published"]' in '30' second(s)

2023-07-24 12:33:54 - [MESSAGE][INFO] - Smart Wait Function is triggered

2023-07-24 12:33:54 - [MESSAGE][INFO] - Found 1 web elements with id: 'Object Repository/secondhand-web/Add Product/button add or terbitkan' located by 'By.xpath: //label[@for="product_status_published"]' in '30' second(s)

2023-07-24 12:33:54 - [MESSAGE][INFO] - Clicking on object: 'Object Repository/secondhand-web/Add Product/button add or terbitkan'

2023-07-24 12:33:55 - [MESSAGE][INFO] - Unable to click the Test Object, 30 second(s) remain to retry.

2023-07-24 12:33:57 - [MESSAGE][PASSED] - Object: 'Object Repository/secondhand-web/Add Product/button add or terbitkan' is clicked on

2023-07-24 12:33:57 - [MESSAGE][PASSED] - Call Test Case 'Test Cases/secondhand-web/Pages/Create Product/Click button add or terbitkan' successfully

2023-07-24 12:33:57 - [TEST_STEP][PASSED] - callTestCase(findTestCase("secondhand-web/Pages/Edit Product/Error Messages Name"), ["expected":errorMessageName], STOP_ON_FAILURE): Call Test Case 'Test Cases/secondhand-web/Pages/Edit Product/Error Messages Name' successfully

2023-07-24 12:33:57 - [MESSAGE][INFO] - Checking called Test Case

2023-07-24 12:33:57 - [MESSAGE][INFO] - Starting to call Test Case 'Test Cases/secondhand-web/Pages/Edit Product/Error Messages Name'

2023-07-24 12:33:57 - [TEST_CASE][PASSED] - Test Cases/secondhand-web/Pages/Edit Product/Error Messages Name: Test Cases/secondhand-web/Pages/Edit Product/Error Messages Name

2023-07-24 12:33:57 - [TEST_STEP][PASSED] - verifyElementPresent(findTestObject("secondhand-web/Edit Product/error messages name"), 3): Object 'Object Repository/secondhand-web/Edit Product/error messages name' is present

2023-07-24 12:33:57 - [MESSAGE][INFO] - Finding Test Object 'Object Repository/secondhand-web/Edit Product/error messages name'

2023-07-24 12:33:57 - [MESSAGE][INFO] - Checking object

2023-07-24 12:33:57 - [MESSAGE][INFO] - Finding web element from Test Object's properties

2023-07-24 12:33:57 - [MESSAGE][INFO] - Checking timeout

2023-07-24 12:33:57 - [MESSAGE][INFO] - Finding web element with id: 'Object Repository/secondhand-web/Edit Product/error messages name' located by 'By.xpath: (.//*[normalize-space(text()) and normalize-space(.)='Nama Produk'])[1]/following::div[2]' in '3' second(s)

2023-07-24 12:33:57 - [MESSAGE][INFO] - Smart Wait Function is triggered

2023-07-24 12:33:58 - [MESSAGE][INFO] - Found 1 web elements with id: 'Object Repository/secondhand-web/Edit Product/error messages name' located by 'By.xpath: (.//*[normalize-space(text()) and normalize-space(.)='Nama Produk'])[1]/following::div[2]' in '3' second(s)

2023-07-24 12:33:58 - [MESSAGE][PASSED] - Object 'Object Repository/secondhand-web/Edit Product/error messages name' is present

2023-07-24 12:33:58 - [TEST_STEP][PASSED] - errorText = getText(findTestObject("secondhand-web/Edit Product/error messages name")): Text of object 'Object Repository/secondhand-web/Edit Product/error messages name' is: 'Name can't be blank'

2023-07-24 12:33:58 - [MESSAGE][INFO] - Finding Test Object 'Object Repository/secondhand-web/Edit Product/error messages name'

2023-07-24 12:33:58 - [MESSAGE][INFO] - Checking object

2023-07-24 12:33:58 - [MESSAGE][INFO] - Finding web element from Test Object's properties

2023-07-24 12:33:58 - [MESSAGE][INFO] - Checking timeout

2023-07-24 12:33:58 - [MESSAGE][INFO] - Finding web element with id: 'Object Repository/secondhand-web/Edit Product/error messages name' located by 'By.xpath: (.//*[normalize-space(text()) and normalize-space(.)='Nama Produk'])[1]/following::div[2]' in '30' second(s)

2023-07-24 12:33:58 - [MESSAGE][INFO] - Smart Wait Function is triggered

2023-07-24 12:33:58 - [MESSAGE][INFO] - Found 1 web elements with id: 'Object Repository/secondhand-web/Edit Product/error messages name' located by 'By.xpath: (.//*[normalize-space(text()) and normalize-space(.)='Nama Produk'])[1]/following::div[2]' in '30' second(s)

2023-07-24 12:33:58 - [MESSAGE][INFO] - Getting text of object 'Object Repository/secondhand-web/Edit Product/error messages name'

2023-07-24 12:33:58 - [MESSAGE][PASSED] - Text of object 'Object Repository/secondhand-web/Edit Product/error messages name' is: 'Name can't be blank'

2023-07-24 12:33:58 - [TEST_STEP][PASSED] - logInfo(): 

2023-07-24 12:33:58 - [MESSAGE][INFO] - 

2023-07-24 12:33:58 - [TEST_STEP][PASSED] - verifyMatch(errorText, expected, false): Actual text 'Name can't be blank' and expected text 'Name can't be blank' are matched 

2023-07-24 12:33:58 - [MESSAGE][INFO] - Matching actual text 'Name can't be blank' with expected text 'Name can't be blank'

2023-07-24 12:33:58 - [MESSAGE][PASSED] - Actual text 'Name can't be blank' and expected text 'Name can't be blank' are matched 

2023-07-24 12:33:58 - [MESSAGE][PASSED] - Call Test Case 'Test Cases/secondhand-web/Pages/Edit Product/Error Messages Name' successfully

2023-07-24 12:33:58 - [TEST_STEP][PASSED] - callTestCase(findTestCase("secondhand-web/Pages/Edit Product/Error Messages Price"), ["expected":errorMessagePrice], STOP_ON_FAILURE): Call Test Case 'Test Cases/secondhand-web/Pages/Edit Product/Error Messages Price' successfully

2023-07-24 12:33:58 - [MESSAGE][INFO] - Checking called Test Case

2023-07-24 12:33:58 - [MESSAGE][INFO] - Starting to call Test Case 'Test Cases/secondhand-web/Pages/Edit Product/Error Messages Price'

2023-07-24 12:33:58 - [TEST_CASE][PASSED] - Test Cases/secondhand-web/Pages/Edit Product/Error Messages Price: Test Cases/secondhand-web/Pages/Edit Product/Error Messages Price

2023-07-24 12:33:58 - [TEST_STEP][PASSED] - verifyElementPresent(findTestObject("secondhand-web/Add Product/error message price"), 3): Object 'Object Repository/secondhand-web/Add Product/error message price' is present

2023-07-24 12:33:58 - [MESSAGE][INFO] - Finding Test Object 'Object Repository/secondhand-web/Add Product/error message price'

2023-07-24 12:33:58 - [MESSAGE][INFO] - Checking object

2023-07-24 12:33:58 - [MESSAGE][INFO] - Finding web element from Test Object's properties

2023-07-24 12:33:58 - [MESSAGE][INFO] - Checking timeout

2023-07-24 12:33:58 - [MESSAGE][INFO] - Finding web element with id: 'Object Repository/secondhand-web/Add Product/error message price' located by 'By.xpath: (.//*[normalize-space(text()) and normalize-space(.)='Harga Produk'])[1]/following::div[2]' in '3' second(s)

2023-07-24 12:33:58 - [MESSAGE][INFO] - Smart Wait Function is triggered

2023-07-24 12:33:59 - [MESSAGE][INFO] - Found 1 web elements with id: 'Object Repository/secondhand-web/Add Product/error message price' located by 'By.xpath: (.//*[normalize-space(text()) and normalize-space(.)='Harga Produk'])[1]/following::div[2]' in '3' second(s)

2023-07-24 12:33:59 - [MESSAGE][PASSED] - Object 'Object Repository/secondhand-web/Add Product/error message price' is present

2023-07-24 12:33:59 - [TEST_STEP][PASSED] - errorText = getText(findTestObject("secondhand-web/Add Product/error message price")): Text of object 'Object Repository/secondhand-web/Add Product/error message price' is: 'Price can't be blank'

2023-07-24 12:33:59 - [MESSAGE][INFO] - Finding Test Object 'Object Repository/secondhand-web/Add Product/error message price'

2023-07-24 12:33:59 - [MESSAGE][INFO] - Checking object

2023-07-24 12:33:59 - [MESSAGE][INFO] - Finding web element from Test Object's properties

2023-07-24 12:33:59 - [MESSAGE][INFO] - Checking timeout

2023-07-24 12:33:59 - [MESSAGE][INFO] - Finding web element with id: 'Object Repository/secondhand-web/Add Product/error message price' located by 'By.xpath: (.//*[normalize-space(text()) and normalize-space(.)='Harga Produk'])[1]/following::div[2]' in '30' second(s)

2023-07-24 12:33:59 - [MESSAGE][INFO] - Smart Wait Function is triggered

2023-07-24 12:33:59 - [MESSAGE][INFO] - Found 1 web elements with id: 'Object Repository/secondhand-web/Add Product/error message price' located by 'By.xpath: (.//*[normalize-space(text()) and normalize-space(.)='Harga Produk'])[1]/following::div[2]' in '30' second(s)

2023-07-24 12:33:59 - [MESSAGE][INFO] - Getting text of object 'Object Repository/secondhand-web/Add Product/error message price'

2023-07-24 12:33:59 - [MESSAGE][PASSED] - Text of object 'Object Repository/secondhand-web/Add Product/error message price' is: 'Price can't be blank'

2023-07-24 12:33:59 - [TEST_STEP][PASSED] - logInfo(): 

2023-07-24 12:33:59 - [MESSAGE][INFO] - 

2023-07-24 12:33:59 - [TEST_STEP][PASSED] - verifyMatch(errorText, expected, false): Actual text 'Price can't be blank' and expected text 'Price can't be blank' are matched 

2023-07-24 12:33:59 - [MESSAGE][INFO] - Matching actual text 'Price can't be blank' with expected text 'Price can't be blank'

2023-07-24 12:33:59 - [MESSAGE][PASSED] - Actual text 'Price can't be blank' and expected text 'Price can't be blank' are matched 

2023-07-24 12:33:59 - [MESSAGE][PASSED] - Call Test Case 'Test Cases/secondhand-web/Pages/Edit Product/Error Messages Price' successfully

2023-07-24 12:33:59 - [TEST_STEP][PASSED] - callTestCase(findTestCase("secondhand-web/Common/Close Web"), [:], STOP_ON_FAILURE): Call Test Case 'Test Cases/secondhand-web/Common/Close Web' successfully

2023-07-24 12:33:59 - [MESSAGE][INFO] - Checking called Test Case

2023-07-24 12:33:59 - [MESSAGE][INFO] - Starting to call Test Case 'Test Cases/secondhand-web/Common/Close Web'

2023-07-24 12:33:59 - [TEST_CASE][PASSED] - Test Cases/secondhand-web/Common/Close Web: Test Cases/secondhand-web/Common/Close Web

2023-07-24 12:33:59 - [TEST_STEP][PASSED] - closeBrowser(): Browser is closed

2023-07-24 12:33:59 - [MESSAGE][INFO] - Closing browser

2023-07-24 12:34:00 - [MESSAGE][PASSED] - Browser is closed

2023-07-24 12:34:00 - [MESSAGE][PASSED] - Call Test Case 'Test Cases/secondhand-web/Common/Close Web' successfully]]></system-out>
         <system-err><![CDATA[]]></system-err>
      </testcase>
      <system-out><![CDATA[2023-07-24 12:32:50 - [TEST_SUITE][PASSED] - Feature Edit Product: Test Cases/secondhand-web/Step Definition/Feature Edit Product/EditCat002 - user should not be able to edit product catalog with empty input]]></system-out>
      <system-err><![CDATA[]]></system-err>
   </testsuite>
</testsuites>
