<?xml version="1.0" encoding="UTF-8"?>
<testsuites name="Feature Transaction" time="37.053" tests="1" failures="0" errors="0">
   <testsuite name="Feature Transaction" tests="1" failures="0" errors="0" time="37.053" skipped="0" timestamp="2023-07-24 20:27:49" hostname="User - WINDOWS-5V2O60F" id="Test Suites/secondhand-app/Feature Transaction">
      <properties>
         <property name="deviceName" value="samsung SM-M315F (Android 12)"/>
         <property name="devicePlatform" value=""/>
         <property name="logFolder" value="C:\\Users\\User\\SQA-Wave9-Kelompok2\\Reports\\20230724_202744\\secondhand-app\\Feature Transaction\\20230724_202744"/>
         <property name="logFiles" value="C:\\Users\\User\\SQA-Wave9-Kelompok2\\Reports\\20230724_202744\\secondhand-app\\Feature Transaction\\20230724_202744\\appium.log, C:\\Users\\User\\SQA-Wave9-Kelompok2\\Reports\\20230724_202744\\secondhand-app\\Feature Transaction\\20230724_202744\\execution0.log"/>
         <property name="attachments" value=""/>
         <property name="hostName" value="User - WINDOWS-5V2O60F"/>
         <property name="os" value="Windows 10 64bit"/>
         <property name="appiumServerStatus" value="{&quot;value&quot;:{&quot;build&quot;:{&quot;version&quot;:&quot;1.22.3&quot;}},&quot;sessionId&quot;:null,&quot;status&quot;:0}"/>
         <property name="katalonVersion" value="8.6.5.208"/>
         <property name="deviceOS" value="Android"/>
         <property name="appiumVersion" value="1.22.3"/>
         <property name="deviceModel" value="SM-M315F"/>
         <property name="hostAddress" value="192.168.50.93"/>
         <property name="deviceManufacturer" value="samsung"/>
         <property name="deviceId" value="RR8N3082NVW"/>
         <property name="deviceName" value="samsung SM-M315F (Android 12)"/>
         <property name="deviceOSVersion" value="12"/>
      </properties>
      <testcase name="Test Cases/secondhand-app/Step Definition/Feature Transaction/TRX001 - user should be able successfully open transaction page" time="36.613" classname="Test Cases/secondhand-app/Step Definition/Feature Transaction/TRX001 - user should be able successfully open transaction page" status="PASSED">
         <system-out><![CDATA[2023-07-24 20:27:49 - [TEST_CASE][PASSED] - Test Cases/secondhand-app/Step Definition/Feature Transaction/TRX001 - user should be able successfully open transaction page: Test Cases/secondhand-app/Step Definition/Feature Transaction/TRX001 - user should be able successfully open transaction page

2023-07-24 20:27:50 - [TEST_STEP][PASSED] - startApplication("androidapp/app-release-second-hand-gcp.apk", false): Started app at: 'C:\Users\User\SQA-Wave9-Kelompok2\androidapp\app-release-second-hand-gcp.apk'

2023-07-24 20:27:50 - [MESSAGE][INFO] - Starting app at: 'C:\Users\User\SQA-Wave9-Kelompok2\androidapp\app-release-second-hand-gcp.apk'

2023-07-24 20:27:50 - [MESSAGE][INFO] - Detected NodeJS location: "C:\Program Files\nodejs\node.exe"

2023-07-24 20:27:53 - [MESSAGE][INFO] - Appium server started on port 50,636

2023-07-24 20:28:20 - [MESSAGE][PASSED] - Started app at: 'C:\Users\User\SQA-Wave9-Kelompok2\androidapp\app-release-second-hand-gcp.apk'

2023-07-24 20:28:20 - [TEST_STEP][PASSED] - callTestCase(findTestCase("secondhand-app/Pages/Page Transaction/Open Page"), [:], STOP_ON_FAILURE): Call Test Case 'Test Cases/secondhand-app/Pages/Page Transaction/Open Page' successfully

2023-07-24 20:28:20 - [MESSAGE][INFO] - Checking called Test Case

2023-07-24 20:28:20 - [MESSAGE][INFO] - Starting to call Test Case 'Test Cases/secondhand-app/Pages/Page Transaction/Open Page'

2023-07-24 20:28:20 - [TEST_CASE][PASSED] - Test Cases/secondhand-app/Pages/Page Transaction/Open Page: Test Cases/secondhand-app/Pages/Page Transaction/Open Page

2023-07-24 20:28:21 - [TEST_STEP][PASSED] - waitForElementPresent(findTestObject("secondhand-app/Page Transaction/android.widget.TextView - Transaksi"), 2): Element 'Object Repository/secondhand-app/Page Transaction/android.widget.TextView - Transaksi' is present

2023-07-24 20:28:21 - [MESSAGE][INFO] - Finding Test Object 'Object Repository/secondhand-app/Page Transaction/android.widget.TextView - Transaksi'

2023-07-24 20:28:21 - [MESSAGE][INFO] - Checking object

2023-07-24 20:28:21 - [MESSAGE][INFO] - Checking timeout

2023-07-24 20:28:24 - [MESSAGE][PASSED] - Element 'Object Repository/secondhand-app/Page Transaction/android.widget.TextView - Transaksi' is present

2023-07-24 20:28:24 - [TEST_STEP][PASSED] - tap(findTestObject("secondhand-app/Page Transaction/android.widget.TextView - Transaksi"), 2, STOP_ON_FAILURE): Tapped on element 'Object Repository/secondhand-app/Page Transaction/android.widget.TextView - Transaksi'

2023-07-24 20:28:24 - [MESSAGE][INFO] - Finding Test Object 'Object Repository/secondhand-app/Page Transaction/android.widget.TextView - Transaksi'

2023-07-24 20:28:24 - [MESSAGE][INFO] - Checking object

2023-07-24 20:28:24 - [MESSAGE][INFO] - Checking timeout

2023-07-24 20:28:26 - [MESSAGE][PASSED] - Tapped on element 'Object Repository/secondhand-app/Page Transaction/android.widget.TextView - Transaksi'

2023-07-24 20:28:26 - [MESSAGE][PASSED] - Call Test Case 'Test Cases/secondhand-app/Pages/Page Transaction/Open Page' successfully]]></system-out>
         <system-err><![CDATA[]]></system-err>
      </testcase>
      <system-out><![CDATA[2023-07-24 20:27:49 - [TEST_SUITE][PASSED] - Feature Transaction: Test Cases/secondhand-app/Step Definition/Feature Transaction/TRX001 - user should be able successfully open transaction page]]></system-out>
      <system-err><![CDATA[]]></system-err>
   </testsuite>
</testsuites>
