<?xml version="1.0" encoding="UTF-8"?>
<testsuites name="Feature Register" time="176.747" tests="4" failures="0" errors="0">
   <testsuite name="Feature Register" tests="4" failures="0" errors="0" time="176.747" skipped="0" timestamp="2023-07-24 09:44:55" hostname="mhmdr - LAPTOP-A3L3V09Q" id="Test Suites/secondhand-app/Feature Register">
      <properties>
         <property name="deviceName" value="samsung SM-A725F (Android 13)"/>
         <property name="devicePlatform" value=""/>
         <property name="logFolder" value="C:\\Users\\mhmdr\\Desktop\\SQA-Wave9-Kelompok2\\Reports\\20230724_094453\\secondhand-app\\Feature Register\\20230724_094453"/>
         <property name="logFiles" value="C:\\Users\\mhmdr\\Desktop\\SQA-Wave9-Kelompok2\\Reports\\20230724_094453\\secondhand-app\\Feature Register\\20230724_094453\\appium.log, C:\\Users\\mhmdr\\Desktop\\SQA-Wave9-Kelompok2\\Reports\\20230724_094453\\secondhand-app\\Feature Register\\20230724_094453\\execution0.log"/>
         <property name="attachments" value="C:\\Users\\mhmdr\\Desktop\\SQA-Wave9-Kelompok2\\Reports\\20230724_094453\\secondhand-app\\Feature Register\\20230724_094453\\screenshot, C:\\Users\\mhmdr\\Desktop\\SQA-Wave9-Kelompok2\\Reports\\20230724_094453\\secondhand-app\\Feature Register\\20230724_094453\\screenshot, C:\\Users\\mhmdr\\Desktop\\SQA-Wave9-Kelompok2\\Reports\\20230724_094453\\secondhand-app\\Feature Register\\20230724_094453\\screenshot, C:\\Users\\mhmdr\\Desktop\\SQA-Wave9-Kelompok2\\Reports\\20230724_094453\\secondhand-app\\Feature Register\\20230724_094453\\screenshot, C:\\Users\\mhmdr\\Desktop\\SQA-Wave9-Kelompok2\\Reports\\20230724_094453\\secondhand-app\\Feature Register\\20230724_094453\\screenshot, C:\\Users\\mhmdr\\Desktop\\SQA-Wave9-Kelompok2\\Reports\\20230724_094453\\secondhand-app\\Feature Register\\20230724_094453\\screenshot, C:\\Users\\mhmdr\\Desktop\\SQA-Wave9-Kelompok2\\Reports\\20230724_094453\\secondhand-app\\Feature Register\\20230724_094453\\screenshot, C:\\Users\\mhmdr\\Desktop\\SQA-Wave9-Kelompok2\\Reports\\20230724_094453\\secondhand-app\\Feature Register\\20230724_094453\\screenshot, C:\\Users\\mhmdr\\Desktop\\SQA-Wave9-Kelompok2\\Reports\\20230724_094453\\secondhand-app\\Feature Register\\20230724_094453\\screenshot, C:\\Users\\mhmdr\\Desktop\\SQA-Wave9-Kelompok2\\Reports\\20230724_094453\\secondhand-app\\Feature Register\\20230724_094453\\screenshot, C:\\Users\\mhmdr\\Desktop\\SQA-Wave9-Kelompok2\\Reports\\20230724_094453\\secondhand-app\\Feature Register\\20230724_094453\\screenshot, C:\\Users\\mhmdr\\Desktop\\SQA-Wave9-Kelompok2\\Reports\\20230724_094453\\secondhand-app\\Feature Register\\20230724_094453\\screenshot, C:\\Users\\mhmdr\\Desktop\\SQA-Wave9-Kelompok2\\Reports\\20230724_094453\\secondhand-app\\Feature Register\\20230724_094453\\screenshot, C:\\Users\\mhmdr\\Desktop\\SQA-Wave9-Kelompok2\\Reports\\20230724_094453\\secondhand-app\\Feature Register\\20230724_094453\\screenshot, C:\\Users\\mhmdr\\Desktop\\SQA-Wave9-Kelompok2\\Reports\\20230724_094453\\secondhand-app\\Feature Register\\20230724_094453\\screenshot, C:\\Users\\mhmdr\\Desktop\\SQA-Wave9-Kelompok2\\Reports\\20230724_094453\\secondhand-app\\Feature Register\\20230724_094453\\screenshot, C:\\Users\\mhmdr\\Desktop\\SQA-Wave9-Kelompok2\\Reports\\20230724_094453\\secondhand-app\\Feature Register\\20230724_094453\\screenshot, C:\\Users\\mhmdr\\Desktop\\SQA-Wave9-Kelompok2\\Reports\\20230724_094453\\secondhand-app\\Feature Register\\20230724_094453\\screenshot, C:\\Users\\mhmdr\\Desktop\\SQA-Wave9-Kelompok2\\Reports\\20230724_094453\\secondhand-app\\Feature Register\\20230724_094453\\screenshot, C:\\Users\\mhmdr\\Desktop\\SQA-Wave9-Kelompok2\\Reports\\20230724_094453\\secondhand-app\\Feature Register\\20230724_094453\\screenshot, C:\\Users\\mhmdr\\Desktop\\SQA-Wave9-Kelompok2\\Reports\\20230724_094453\\secondhand-app\\Feature Register\\20230724_094453\\screenshot, C:\\Users\\mhmdr\\Desktop\\SQA-Wave9-Kelompok2\\Reports\\20230724_094453\\secondhand-app\\Feature Register\\20230724_094453\\screenshot, C:\\Users\\mhmdr\\Desktop\\SQA-Wave9-Kelompok2\\Reports\\20230724_094453\\secondhand-app\\Feature Register\\20230724_094453\\screenshot, C:\\Users\\mhmdr\\Desktop\\SQA-Wave9-Kelompok2\\Reports\\20230724_094453\\secondhand-app\\Feature Register\\20230724_094453\\screenshot, C:\\Users\\mhmdr\\Desktop\\SQA-Wave9-Kelompok2\\Reports\\20230724_094453\\secondhand-app\\Feature Register\\20230724_094453\\screenshot, C:\\Users\\mhmdr\\Desktop\\SQA-Wave9-Kelompok2\\Reports\\20230724_094453\\secondhand-app\\Feature Register\\20230724_094453\\screenshot"/>
         <property name="hostName" value="mhmdr - LAPTOP-A3L3V09Q"/>
         <property name="os" value="Windows 11 64bit"/>
         <property name="appiumServerStatus" value="{&quot;value&quot;:{&quot;build&quot;:{&quot;version&quot;:&quot;1.22.3&quot;}},&quot;sessionId&quot;:null,&quot;status&quot;:0}"/>
         <property name="katalonVersion" value="8.6.5.208"/>
         <property name="deviceOS" value="Android"/>
         <property name="appiumVersion" value="1.22.3"/>
         <property name="deviceModel" value="SM-A725F"/>
         <property name="hostAddress" value="192.168.1.4"/>
         <property name="deviceManufacturer" value="samsung"/>
         <property name="deviceId" value="RR8R30DEY9E"/>
         <property name="deviceName" value="samsung SM-A725F (Android 13)"/>
         <property name="deviceOSVersion" value="13"/>
      </properties>
      <testcase name="Test Cases/secondhand-app/Step Definition/Feature Registration/PR001 - user should be able to register with valid credential" time="48.485" classname="Test Cases/secondhand-app/Step Definition/Feature Registration/PR001 - user should be able to register with valid credential" status="PASSED">
         <system-out><![CDATA[2023-07-24 09:44:55 - [TEST_CASE][PASSED] - Test Cases/secondhand-app/Step Definition/Feature Registration/PR001 - user should be able to register with valid credential: Test Cases/secondhand-app/Step Definition/Feature Registration/PR001 - user should be able to register with valid credential

2023-07-24 09:44:55 - [TEST_STEP][PASSED] - startApplication("androidapp/app-release-second-hand-gcp.apk", false): Started app at: 'C:\Users\mhmdr\Desktop\SQA-Wave9-Kelompok2\androidapp\app-release-second-hand-gcp.apk'

2023-07-24 09:44:55 - [MESSAGE][INFO] - Starting app at: 'C:\Users\mhmdr\Desktop\SQA-Wave9-Kelompok2\androidapp\app-release-second-hand-gcp.apk'

2023-07-24 09:44:56 - [MESSAGE][INFO] - Detected NodeJS location: "C:\Program Files\nodejs\node.exe"

2023-07-24 09:44:57 - [MESSAGE][INFO] - Appium server started on port 65,188

2023-07-24 09:45:09 - [MESSAGE][PASSED] - Started app at: 'C:\Users\mhmdr\Desktop\SQA-Wave9-Kelompok2\androidapp\app-release-second-hand-gcp.apk'

2023-07-24 09:45:09 - [TEST_STEP][PASSED] - callTestCase(findTestCase("secondhand-app/Pages/MenuBar App/Tap Akun"), [:], STOP_ON_FAILURE): Call Test Case 'Test Cases/secondhand-app/Pages/MenuBar App/Tap Akun' successfully

2023-07-24 09:45:09 - [MESSAGE][INFO] - Checking called Test Case

2023-07-24 09:45:09 - [MESSAGE][INFO] - Starting to call Test Case 'Test Cases/secondhand-app/Pages/MenuBar App/Tap Akun'

2023-07-24 09:45:09 - [TEST_CASE][PASSED] - Test Cases/secondhand-app/Pages/MenuBar App/Tap Akun: Test Cases/secondhand-app/Pages/MenuBar App/Tap Akun

2023-07-24 09:45:09 - [TEST_STEP][PASSED] - waitForElementPresent(findTestObject("secondhand-app/MenuBar App/android.widget.TextView - Akun"), 2): Element 'Object Repository/secondhand-app/MenuBar App/android.widget.TextView - Akun' is present

2023-07-24 09:45:09 - [MESSAGE][INFO] - Finding Test Object 'Object Repository/secondhand-app/MenuBar App/android.widget.TextView - Akun'

2023-07-24 09:45:09 - [MESSAGE][INFO] - Checking object

2023-07-24 09:45:09 - [MESSAGE][INFO] - Checking timeout

2023-07-24 09:45:11 - [MESSAGE][PASSED] - Element 'Object Repository/secondhand-app/MenuBar App/android.widget.TextView - Akun' is present

2023-07-24 09:45:11 - [TEST_STEP][PASSED] - tap(findTestObject("secondhand-app/MenuBar App/android.widget.TextView - Akun"), 2): Tapped on element 'Object Repository/secondhand-app/MenuBar App/android.widget.TextView - Akun'

2023-07-24 09:45:11 - [MESSAGE][INFO] - Finding Test Object 'Object Repository/secondhand-app/MenuBar App/android.widget.TextView - Akun'

2023-07-24 09:45:11 - [MESSAGE][INFO] - Checking object

2023-07-24 09:45:11 - [MESSAGE][INFO] - Checking timeout

2023-07-24 09:45:14 - [MESSAGE][PASSED] - Tapped on element 'Object Repository/secondhand-app/MenuBar App/android.widget.TextView - Akun'

2023-07-24 09:45:14 - [MESSAGE][PASSED] - Call Test Case 'Test Cases/secondhand-app/Pages/MenuBar App/Tap Akun' successfully

2023-07-24 09:45:14 - [TEST_STEP][PASSED] - callTestCase(findTestCase("secondhand-app/Pages/My Account/Tap Masuk"), [:], STOP_ON_FAILURE): Call Test Case 'Test Cases/secondhand-app/Pages/My Account/Tap Masuk' successfully

2023-07-24 09:45:14 - [MESSAGE][INFO] - Checking called Test Case

2023-07-24 09:45:14 - [MESSAGE][INFO] - Starting to call Test Case 'Test Cases/secondhand-app/Pages/My Account/Tap Masuk'

2023-07-24 09:45:14 - [TEST_CASE][PASSED] - Test Cases/secondhand-app/Pages/My Account/Tap Masuk: Test Cases/secondhand-app/Pages/My Account/Tap Masuk

2023-07-24 09:45:14 - [TEST_STEP][PASSED] - waitForElementPresent(findTestObject("secondhand-app/Page Account/android.widget.Button - Masuk"), 2): Element 'Object Repository/secondhand-app/Page Account/android.widget.Button - Masuk' is present

2023-07-24 09:45:14 - [MESSAGE][INFO] - Finding Test Object 'Object Repository/secondhand-app/Page Account/android.widget.Button - Masuk'

2023-07-24 09:45:14 - [MESSAGE][INFO] - Checking object

2023-07-24 09:45:14 - [MESSAGE][INFO] - Checking timeout

2023-07-24 09:45:14 - [MESSAGE][PASSED] - Element 'Object Repository/secondhand-app/Page Account/android.widget.Button - Masuk' is present

2023-07-24 09:45:14 - [TEST_STEP][PASSED] - tap(findTestObject("secondhand-app/Page Account/android.widget.Button - Masuk"), 2): Tapped on element 'Object Repository/secondhand-app/Page Account/android.widget.Button - Masuk'

2023-07-24 09:45:14 - [MESSAGE][INFO] - Finding Test Object 'Object Repository/secondhand-app/Page Account/android.widget.Button - Masuk'

2023-07-24 09:45:14 - [MESSAGE][INFO] - Checking object

2023-07-24 09:45:14 - [MESSAGE][INFO] - Checking timeout

2023-07-24 09:45:15 - [MESSAGE][PASSED] - Tapped on element 'Object Repository/secondhand-app/Page Account/android.widget.Button - Masuk'

2023-07-24 09:45:15 - [MESSAGE][PASSED] - Call Test Case 'Test Cases/secondhand-app/Pages/My Account/Tap Masuk' successfully

2023-07-24 09:45:15 - [TEST_STEP][PASSED] - callTestCase(findTestCase("secondhand-app/Pages/User Login/Tap Daftar"), [:], STOP_ON_FAILURE): Call Test Case 'Test Cases/secondhand-app/Pages/User Login/Tap Daftar' successfully

2023-07-24 09:45:15 - [MESSAGE][INFO] - Checking called Test Case

2023-07-24 09:45:15 - [MESSAGE][INFO] - Starting to call Test Case 'Test Cases/secondhand-app/Pages/User Login/Tap Daftar'

2023-07-24 09:45:15 - [TEST_CASE][PASSED] - Test Cases/secondhand-app/Pages/User Login/Tap Daftar: Test Cases/secondhand-app/Pages/User Login/Tap Daftar

2023-07-24 09:45:15 - [TEST_STEP][PASSED] - waitForElementPresent(findTestObject("secondhand-app/Page Login/android.widget.TextView - Daftar"), 2): Element 'Object Repository/secondhand-app/Page Login/android.widget.TextView - Daftar' is present

2023-07-24 09:45:15 - [MESSAGE][INFO] - Finding Test Object 'Object Repository/secondhand-app/Page Login/android.widget.TextView - Daftar'

2023-07-24 09:45:15 - [MESSAGE][INFO] - Checking object

2023-07-24 09:45:15 - [MESSAGE][INFO] - Checking timeout

2023-07-24 09:45:16 - [MESSAGE][PASSED] - Element 'Object Repository/secondhand-app/Page Login/android.widget.TextView - Daftar' is present

2023-07-24 09:45:16 - [TEST_STEP][PASSED] - tap(findTestObject("secondhand-app/Page Login/android.widget.TextView - Daftar"), 2): Tapped on element 'Object Repository/secondhand-app/Page Login/android.widget.TextView - Daftar'

2023-07-24 09:45:16 - [MESSAGE][INFO] - Finding Test Object 'Object Repository/secondhand-app/Page Login/android.widget.TextView - Daftar'

2023-07-24 09:45:16 - [MESSAGE][INFO] - Checking object

2023-07-24 09:45:16 - [MESSAGE][INFO] - Checking timeout

2023-07-24 09:45:17 - [MESSAGE][PASSED] - Tapped on element 'Object Repository/secondhand-app/Page Login/android.widget.TextView - Daftar'

2023-07-24 09:45:17 - [MESSAGE][PASSED] - Call Test Case 'Test Cases/secondhand-app/Pages/User Login/Tap Daftar' successfully

2023-07-24 09:45:17 - [TEST_STEP][PASSED] - callTestCase(findTestCase("secondhand-app/Pages/User Registration/Input Nama"), [:], STOP_ON_FAILURE): Call Test Case 'Test Cases/secondhand-app/Pages/User Registration/Input Nama' successfully

2023-07-24 09:45:17 - [MESSAGE][INFO] - Checking called Test Case

2023-07-24 09:45:17 - [MESSAGE][INFO] - Starting to call Test Case 'Test Cases/secondhand-app/Pages/User Registration/Input Nama'

2023-07-24 09:45:17 - [TEST_CASE][PASSED] - Test Cases/secondhand-app/Pages/User Registration/Input Nama: Test Cases/secondhand-app/Pages/User Registration/Input Nama

2023-07-24 09:45:17 - [TEST_STEP][PASSED] - clearText(findTestObject("secondhand-app/Page Register/android.widget.EditText - Masukkan nama lengkap"), 1): Element 'Object Repository/secondhand-app/Page Register/android.widget.EditText - Masukkan nama lengkap' text is cleared

2023-07-24 09:45:17 - [MESSAGE][INFO] - Finding Test Object 'Object Repository/secondhand-app/Page Register/android.widget.EditText - Masukkan nama lengkap'

2023-07-24 09:45:17 - [MESSAGE][INFO] - Checking object

2023-07-24 09:45:17 - [MESSAGE][INFO] - Checking timeout

2023-07-24 09:45:18 - [MESSAGE][PASSED] - Element 'Object Repository/secondhand-app/Page Register/android.widget.EditText - Masukkan nama lengkap' text is cleared

2023-07-24 09:45:18 - [TEST_STEP][PASSED] - setText(findTestObject("secondhand-app/Page Register/android.widget.EditText - Masukkan nama lengkap"), "Muhammad Rizki", 0): Text 'Muhammad Rizki' has been set to element 'Object Repository/secondhand-app/Page Register/android.widget.EditText - Masukkan nama lengkap'

2023-07-24 09:45:18 - [MESSAGE][INFO] - Finding Test Object 'Object Repository/secondhand-app/Page Register/android.widget.EditText - Masukkan nama lengkap'

2023-07-24 09:45:18 - [MESSAGE][INFO] - Checking object

2023-07-24 09:45:18 - [MESSAGE][INFO] - Checking timeout

2023-07-24 09:45:18 - [MESSAGE][WARNING] - Timeout '0' is invalid. Using default page load timeout: '30'

2023-07-24 09:45:19 - [MESSAGE][PASSED] - Text 'Muhammad Rizki' has been set to element 'Object Repository/secondhand-app/Page Register/android.widget.EditText - Masukkan nama lengkap'

2023-07-24 09:45:19 - [TEST_STEP][PASSED] - takeScreenshot("screenshot", STOP_ON_FAILURE): Screenshot is taken

2023-07-24 09:45:20 - [MESSAGE][PASSED] - Screenshot is taken
[[ATTACHMENT|C:\\Users\\mhmdr\\Desktop\\SQA-Wave9-Kelompok2\\Reports\\20230724_094453\\secondhand-app\\Feature Register\\20230724_094453\\screenshot]]

2023-07-24 09:45:20 - [MESSAGE][PASSED] - Call Test Case 'Test Cases/secondhand-app/Pages/User Registration/Input Nama' successfully

2023-07-24 09:45:20 - [TEST_STEP][PASSED] - callTestCase(findTestCase("secondhand-app/Pages/User Registration/Input Email - Rizki Valid Random"), [:], STOP_ON_FAILURE): Call Test Case 'Test Cases/secondhand-app/Pages/User Registration/Input Email - Rizki Valid Random' successfully

2023-07-24 09:45:20 - [MESSAGE][INFO] - Checking called Test Case

2023-07-24 09:45:20 - [MESSAGE][INFO] - Starting to call Test Case 'Test Cases/secondhand-app/Pages/User Registration/Input Email - Rizki Valid Random'

2023-07-24 09:45:20 - [TEST_CASE][PASSED] - Test Cases/secondhand-app/Pages/User Registration/Input Email - Rizki Valid Random: Test Cases/secondhand-app/Pages/User Registration/Input Email - Rizki Valid Random

2023-07-24 09:45:20 - [TEST_STEP][PASSED] - clearText(findTestObject("secondhand-app/Page Register/android.widget.EditText - Masukkan email"), 1): Element 'Object Repository/secondhand-app/Page Register/android.widget.EditText - Masukkan email' text is cleared

2023-07-24 09:45:20 - [MESSAGE][INFO] - Finding Test Object 'Object Repository/secondhand-app/Page Register/android.widget.EditText - Masukkan email'

2023-07-24 09:45:20 - [MESSAGE][INFO] - Checking object

2023-07-24 09:45:20 - [MESSAGE][INFO] - Checking timeout

2023-07-24 09:45:21 - [MESSAGE][PASSED] - Element 'Object Repository/secondhand-app/Page Register/android.widget.EditText - Masukkan email' text is cleared

2023-07-24 09:45:21 - [TEST_STEP][PASSED] - setText(findTestObject("secondhand-app/Page Register/android.widget.EditText - Masukkan email"), "mhmdrizki50@gmail.com", 0): Text 'mhmdrizki50@gmail.com' has been set to element 'Object Repository/secondhand-app/Page Register/android.widget.EditText - Masukkan email'

2023-07-24 09:45:21 - [MESSAGE][INFO] - Finding Test Object 'Object Repository/secondhand-app/Page Register/android.widget.EditText - Masukkan email'

2023-07-24 09:45:21 - [MESSAGE][INFO] - Checking object

2023-07-24 09:45:21 - [MESSAGE][INFO] - Checking timeout

2023-07-24 09:45:21 - [MESSAGE][WARNING] - Timeout '0' is invalid. Using default page load timeout: '30'

2023-07-24 09:45:23 - [MESSAGE][PASSED] - Text 'mhmdrizki50@gmail.com' has been set to element 'Object Repository/secondhand-app/Page Register/android.widget.EditText - Masukkan email'

2023-07-24 09:45:23 - [TEST_STEP][PASSED] - takeScreenshot("screenshot", STOP_ON_FAILURE): Screenshot is taken

2023-07-24 09:45:23 - [MESSAGE][PASSED] - Screenshot is taken
[[ATTACHMENT|C:\\Users\\mhmdr\\Desktop\\SQA-Wave9-Kelompok2\\Reports\\20230724_094453\\secondhand-app\\Feature Register\\20230724_094453\\screenshot]]

2023-07-24 09:45:23 - [MESSAGE][PASSED] - Call Test Case 'Test Cases/secondhand-app/Pages/User Registration/Input Email - Rizki Valid Random' successfully

2023-07-24 09:45:23 - [TEST_STEP][PASSED] - callTestCase(findTestCase("secondhand-app/Pages/User Registration/Input Password - Rizki Valid"), [:], STOP_ON_FAILURE): Call Test Case 'Test Cases/secondhand-app/Pages/User Registration/Input Password - Rizki Valid' successfully

2023-07-24 09:45:23 - [MESSAGE][INFO] - Checking called Test Case

2023-07-24 09:45:23 - [MESSAGE][INFO] - Starting to call Test Case 'Test Cases/secondhand-app/Pages/User Registration/Input Password - Rizki Valid'

2023-07-24 09:45:23 - [TEST_CASE][PASSED] - Test Cases/secondhand-app/Pages/User Registration/Input Password - Rizki Valid: Test Cases/secondhand-app/Pages/User Registration/Input Password - Rizki Valid

2023-07-24 09:45:24 - [TEST_STEP][PASSED] - clearText(findTestObject("secondhand-app/Page Register/android.widget.EditText - Masukkan password"), 1): Element 'Object Repository/secondhand-app/Page Register/android.widget.EditText - Masukkan password' text is cleared

2023-07-24 09:45:24 - [MESSAGE][INFO] - Finding Test Object 'Object Repository/secondhand-app/Page Register/android.widget.EditText - Masukkan password'

2023-07-24 09:45:24 - [MESSAGE][INFO] - Checking object

2023-07-24 09:45:24 - [MESSAGE][INFO] - Checking timeout

2023-07-24 09:45:24 - [MESSAGE][PASSED] - Element 'Object Repository/secondhand-app/Page Register/android.widget.EditText - Masukkan password' text is cleared

2023-07-24 09:45:24 - [TEST_STEP][PASSED] - setText(findTestObject("secondhand-app/Page Register/android.widget.EditText - Masukkan password"), "Kiki12345", 0): Text 'Kiki12345' has been set to element 'Object Repository/secondhand-app/Page Register/android.widget.EditText - Masukkan password'

2023-07-24 09:45:24 - [MESSAGE][INFO] - Finding Test Object 'Object Repository/secondhand-app/Page Register/android.widget.EditText - Masukkan password'

2023-07-24 09:45:24 - [MESSAGE][INFO] - Checking object

2023-07-24 09:45:24 - [MESSAGE][INFO] - Checking timeout

2023-07-24 09:45:24 - [MESSAGE][WARNING] - Timeout '0' is invalid. Using default page load timeout: '30'

2023-07-24 09:45:25 - [MESSAGE][PASSED] - Text 'Kiki12345' has been set to element 'Object Repository/secondhand-app/Page Register/android.widget.EditText - Masukkan password'

2023-07-24 09:45:25 - [TEST_STEP][PASSED] - takeScreenshot("screenshot", STOP_ON_FAILURE): Screenshot is taken

2023-07-24 09:45:26 - [MESSAGE][PASSED] - Screenshot is taken
[[ATTACHMENT|C:\\Users\\mhmdr\\Desktop\\SQA-Wave9-Kelompok2\\Reports\\20230724_094453\\secondhand-app\\Feature Register\\20230724_094453\\screenshot]]

2023-07-24 09:45:26 - [MESSAGE][PASSED] - Call Test Case 'Test Cases/secondhand-app/Pages/User Registration/Input Password - Rizki Valid' successfully

2023-07-24 09:45:26 - [TEST_STEP][PASSED] - callTestCase(findTestCase("secondhand-app/Pages/User Registration/Input Nomor HP"), [:], STOP_ON_FAILURE): Call Test Case 'Test Cases/secondhand-app/Pages/User Registration/Input Nomor HP' successfully

2023-07-24 09:45:26 - [MESSAGE][INFO] - Checking called Test Case

2023-07-24 09:45:26 - [MESSAGE][INFO] - Starting to call Test Case 'Test Cases/secondhand-app/Pages/User Registration/Input Nomor HP'

2023-07-24 09:45:26 - [TEST_CASE][PASSED] - Test Cases/secondhand-app/Pages/User Registration/Input Nomor HP: Test Cases/secondhand-app/Pages/User Registration/Input Nomor HP

2023-07-24 09:45:26 - [TEST_STEP][PASSED] - clearText(findTestObject("secondhand-app/Page Register/android.widget.EditText - Contoh 08123456789"), 1): Element 'Object Repository/secondhand-app/Page Register/android.widget.EditText - Contoh 08123456789' text is cleared

2023-07-24 09:45:26 - [MESSAGE][INFO] - Finding Test Object 'Object Repository/secondhand-app/Page Register/android.widget.EditText - Contoh 08123456789'

2023-07-24 09:45:26 - [MESSAGE][INFO] - Checking object

2023-07-24 09:45:26 - [MESSAGE][INFO] - Checking timeout

2023-07-24 09:45:27 - [MESSAGE][PASSED] - Element 'Object Repository/secondhand-app/Page Register/android.widget.EditText - Contoh 08123456789' text is cleared

2023-07-24 09:45:27 - [TEST_STEP][PASSED] - setText(findTestObject("secondhand-app/Page Register/android.widget.EditText - Contoh 08123456789"), "081233334444", 0): Text '081233334444' has been set to element 'Object Repository/secondhand-app/Page Register/android.widget.EditText - Contoh 08123456789'

2023-07-24 09:45:27 - [MESSAGE][INFO] - Finding Test Object 'Object Repository/secondhand-app/Page Register/android.widget.EditText - Contoh 08123456789'

2023-07-24 09:45:27 - [MESSAGE][INFO] - Checking object

2023-07-24 09:45:27 - [MESSAGE][INFO] - Checking timeout

2023-07-24 09:45:27 - [MESSAGE][WARNING] - Timeout '0' is invalid. Using default page load timeout: '30'

2023-07-24 09:45:28 - [MESSAGE][PASSED] - Text '081233334444' has been set to element 'Object Repository/secondhand-app/Page Register/android.widget.EditText - Contoh 08123456789'

2023-07-24 09:45:28 - [TEST_STEP][PASSED] - takeScreenshot("screenshot", STOP_ON_FAILURE): Screenshot is taken

2023-07-24 09:45:29 - [MESSAGE][PASSED] - Screenshot is taken
[[ATTACHMENT|C:\\Users\\mhmdr\\Desktop\\SQA-Wave9-Kelompok2\\Reports\\20230724_094453\\secondhand-app\\Feature Register\\20230724_094453\\screenshot]]

2023-07-24 09:45:29 - [MESSAGE][PASSED] - Call Test Case 'Test Cases/secondhand-app/Pages/User Registration/Input Nomor HP' successfully

2023-07-24 09:45:29 - [TEST_STEP][PASSED] - callTestCase(findTestCase("secondhand-app/Pages/User Registration/Input Kota"), [:], STOP_ON_FAILURE): Call Test Case 'Test Cases/secondhand-app/Pages/User Registration/Input Kota' successfully

2023-07-24 09:45:29 - [MESSAGE][INFO] - Checking called Test Case

2023-07-24 09:45:29 - [MESSAGE][INFO] - Starting to call Test Case 'Test Cases/secondhand-app/Pages/User Registration/Input Kota'

2023-07-24 09:45:29 - [TEST_CASE][PASSED] - Test Cases/secondhand-app/Pages/User Registration/Input Kota: Test Cases/secondhand-app/Pages/User Registration/Input Kota

2023-07-24 09:45:30 - [TEST_STEP][PASSED] - clearText(findTestObject("secondhand-app/Page Register/android.widget.EditText - Masukkan kota"), 1): Element 'Object Repository/secondhand-app/Page Register/android.widget.EditText - Masukkan kota' text is cleared

2023-07-24 09:45:30 - [MESSAGE][INFO] - Finding Test Object 'Object Repository/secondhand-app/Page Register/android.widget.EditText - Masukkan kota'

2023-07-24 09:45:30 - [MESSAGE][INFO] - Checking object

2023-07-24 09:45:30 - [MESSAGE][INFO] - Checking timeout

2023-07-24 09:45:30 - [MESSAGE][PASSED] - Element 'Object Repository/secondhand-app/Page Register/android.widget.EditText - Masukkan kota' text is cleared

2023-07-24 09:45:30 - [TEST_STEP][PASSED] - setText(findTestObject("secondhand-app/Page Register/android.widget.EditText - Masukkan kota"), "Tarakan, KalTara", 0): Text 'Tarakan, KalTara' has been set to element 'Object Repository/secondhand-app/Page Register/android.widget.EditText - Masukkan kota'

2023-07-24 09:45:30 - [MESSAGE][INFO] - Finding Test Object 'Object Repository/secondhand-app/Page Register/android.widget.EditText - Masukkan kota'

2023-07-24 09:45:30 - [MESSAGE][INFO] - Checking object

2023-07-24 09:45:30 - [MESSAGE][INFO] - Checking timeout

2023-07-24 09:45:30 - [MESSAGE][WARNING] - Timeout '0' is invalid. Using default page load timeout: '30'

2023-07-24 09:45:32 - [MESSAGE][PASSED] - Text 'Tarakan, KalTara' has been set to element 'Object Repository/secondhand-app/Page Register/android.widget.EditText - Masukkan kota'

2023-07-24 09:45:32 - [TEST_STEP][PASSED] - takeScreenshot("screenshot", STOP_ON_FAILURE): Screenshot is taken

2023-07-24 09:45:32 - [MESSAGE][PASSED] - Screenshot is taken
[[ATTACHMENT|C:\\Users\\mhmdr\\Desktop\\SQA-Wave9-Kelompok2\\Reports\\20230724_094453\\secondhand-app\\Feature Register\\20230724_094453\\screenshot]]

2023-07-24 09:45:33 - [MESSAGE][PASSED] - Call Test Case 'Test Cases/secondhand-app/Pages/User Registration/Input Kota' successfully

2023-07-24 09:45:33 - [TEST_STEP][PASSED] - callTestCase(findTestCase("secondhand-app/Pages/User Registration/Input Alamat"), [:], STOP_ON_FAILURE): Call Test Case 'Test Cases/secondhand-app/Pages/User Registration/Input Alamat' successfully

2023-07-24 09:45:33 - [MESSAGE][INFO] - Checking called Test Case

2023-07-24 09:45:33 - [MESSAGE][INFO] - Starting to call Test Case 'Test Cases/secondhand-app/Pages/User Registration/Input Alamat'

2023-07-24 09:45:33 - [TEST_CASE][PASSED] - Test Cases/secondhand-app/Pages/User Registration/Input Alamat: Test Cases/secondhand-app/Pages/User Registration/Input Alamat

2023-07-24 09:45:33 - [TEST_STEP][PASSED] - clearText(findTestObject("secondhand-app/Page Register/android.widget.EditText - Masukkan alamat"), 1): Element 'Object Repository/secondhand-app/Page Register/android.widget.EditText - Masukkan alamat' text is cleared

2023-07-24 09:45:33 - [MESSAGE][INFO] - Finding Test Object 'Object Repository/secondhand-app/Page Register/android.widget.EditText - Masukkan alamat'

2023-07-24 09:45:33 - [MESSAGE][INFO] - Checking object

2023-07-24 09:45:33 - [MESSAGE][INFO] - Checking timeout

2023-07-24 09:45:33 - [MESSAGE][PASSED] - Element 'Object Repository/secondhand-app/Page Register/android.widget.EditText - Masukkan alamat' text is cleared

2023-07-24 09:45:33 - [TEST_STEP][PASSED] - setText(findTestObject("secondhand-app/Page Register/android.widget.EditText - Masukkan alamat"), "Jl. Kenangan Masa Lalu No.404", 0): Text 'Jl. Kenangan Masa Lalu No.404' has been set to element 'Object Repository/secondhand-app/Page Register/android.widget.EditText - Masukkan alamat'

2023-07-24 09:45:33 - [MESSAGE][INFO] - Finding Test Object 'Object Repository/secondhand-app/Page Register/android.widget.EditText - Masukkan alamat'

2023-07-24 09:45:33 - [MESSAGE][INFO] - Checking object

2023-07-24 09:45:33 - [MESSAGE][INFO] - Checking timeout

2023-07-24 09:45:33 - [MESSAGE][WARNING] - Timeout '0' is invalid. Using default page load timeout: '30'

2023-07-24 09:45:35 - [MESSAGE][PASSED] - Text 'Jl. Kenangan Masa Lalu No.404' has been set to element 'Object Repository/secondhand-app/Page Register/android.widget.EditText - Masukkan alamat'

2023-07-24 09:45:35 - [TEST_STEP][PASSED] - takeScreenshot("screenshot", STOP_ON_FAILURE): Screenshot is taken

2023-07-24 09:45:36 - [MESSAGE][PASSED] - Screenshot is taken
[[ATTACHMENT|C:\\Users\\mhmdr\\Desktop\\SQA-Wave9-Kelompok2\\Reports\\20230724_094453\\secondhand-app\\Feature Register\\20230724_094453\\screenshot]]

2023-07-24 09:45:36 - [MESSAGE][PASSED] - Call Test Case 'Test Cases/secondhand-app/Pages/User Registration/Input Alamat' successfully

2023-07-24 09:45:36 - [TEST_STEP][PASSED] - callTestCase(findTestCase("secondhand-app/Pages/User Registration/Tap Daftar"), [:], STOP_ON_FAILURE): Call Test Case 'Test Cases/secondhand-app/Pages/User Registration/Tap Daftar' successfully

2023-07-24 09:45:36 - [MESSAGE][INFO] - Checking called Test Case

2023-07-24 09:45:36 - [MESSAGE][INFO] - Starting to call Test Case 'Test Cases/secondhand-app/Pages/User Registration/Tap Daftar'

2023-07-24 09:45:36 - [TEST_CASE][PASSED] - Test Cases/secondhand-app/Pages/User Registration/Tap Daftar: Test Cases/secondhand-app/Pages/User Registration/Tap Daftar

2023-07-24 09:45:36 - [TEST_STEP][PASSED] - waitForElementPresent(findTestObject("secondhand-app/Page Register/android.widget.Button - Daftar"), 2): Element 'Object Repository/secondhand-app/Page Register/android.widget.Button - Daftar' is present

2023-07-24 09:45:36 - [MESSAGE][INFO] - Finding Test Object 'Object Repository/secondhand-app/Page Register/android.widget.Button - Daftar'

2023-07-24 09:45:36 - [MESSAGE][INFO] - Checking object

2023-07-24 09:45:36 - [MESSAGE][INFO] - Checking timeout

2023-07-24 09:45:38 - [MESSAGE][PASSED] - Element 'Object Repository/secondhand-app/Page Register/android.widget.Button - Daftar' is present

2023-07-24 09:45:38 - [TEST_STEP][PASSED] - tap(findTestObject("secondhand-app/Page Register/android.widget.Button - Daftar"), 2): Tapped on element 'Object Repository/secondhand-app/Page Register/android.widget.Button - Daftar'

2023-07-24 09:45:38 - [MESSAGE][INFO] - Finding Test Object 'Object Repository/secondhand-app/Page Register/android.widget.Button - Daftar'

2023-07-24 09:45:38 - [MESSAGE][INFO] - Checking object

2023-07-24 09:45:38 - [MESSAGE][INFO] - Checking timeout

2023-07-24 09:45:42 - [MESSAGE][PASSED] - Tapped on element 'Object Repository/secondhand-app/Page Register/android.widget.Button - Daftar'

2023-07-24 09:45:42 - [MESSAGE][PASSED] - Call Test Case 'Test Cases/secondhand-app/Pages/User Registration/Tap Daftar' successfully

2023-07-24 09:45:42 - [TEST_STEP][PASSED] - callTestCase(findTestCase("secondhand-app/Pages/User Logout/Button Logout"), [:], STOP_ON_FAILURE): Call Test Case 'Test Cases/secondhand-app/Pages/User Logout/Button Logout' successfully

2023-07-24 09:45:42 - [MESSAGE][INFO] - Checking called Test Case

2023-07-24 09:45:42 - [MESSAGE][INFO] - Starting to call Test Case 'Test Cases/secondhand-app/Pages/User Logout/Button Logout'

2023-07-24 09:45:42 - [TEST_CASE][PASSED] - Test Cases/secondhand-app/Pages/User Logout/Button Logout: Test Cases/secondhand-app/Pages/User Logout/Button Logout

2023-07-24 09:45:42 - [TEST_STEP][PASSED] - waitForElementPresent(findTestObject("secondhand-app/Page Logout/button logout"), 2): Element 'Object Repository/secondhand-app/Page Logout/button logout' is present

2023-07-24 09:45:42 - [MESSAGE][INFO] - Finding Test Object 'Object Repository/secondhand-app/Page Logout/button logout'

2023-07-24 09:45:42 - [MESSAGE][INFO] - Checking object

2023-07-24 09:45:42 - [MESSAGE][INFO] - Checking timeout

2023-07-24 09:45:43 - [MESSAGE][PASSED] - Element 'Object Repository/secondhand-app/Page Logout/button logout' is present

2023-07-24 09:45:43 - [TEST_STEP][PASSED] - tap(findTestObject("secondhand-app/Page Logout/button logout"), 0): Tapped on element 'Object Repository/secondhand-app/Page Logout/button logout'

2023-07-24 09:45:43 - [MESSAGE][INFO] - Finding Test Object 'Object Repository/secondhand-app/Page Logout/button logout'

2023-07-24 09:45:43 - [MESSAGE][INFO] - Checking object

2023-07-24 09:45:43 - [MESSAGE][INFO] - Checking timeout

2023-07-24 09:45:43 - [MESSAGE][WARNING] - Timeout '0' is invalid. Using default page load timeout: '30'

2023-07-24 09:45:44 - [MESSAGE][PASSED] - Tapped on element 'Object Repository/secondhand-app/Page Logout/button logout'

2023-07-24 09:45:44 - [MESSAGE][PASSED] - Call Test Case 'Test Cases/secondhand-app/Pages/User Logout/Button Logout' successfully]]></system-out>
         <system-err><![CDATA[]]></system-err>
      </testcase>
      <testcase name="Test Cases/secondhand-app/Step Definition/Feature Registration/PR002 - user should not be able to register using already used email" time="40.567" classname="Test Cases/secondhand-app/Step Definition/Feature Registration/PR002 - user should not be able to register using already used email" status="PASSED">
         <system-out><![CDATA[2023-07-24 09:45:44 - [TEST_CASE][PASSED] - Test Cases/secondhand-app/Step Definition/Feature Registration/PR002 - user should not be able to register using already used email: Test Cases/secondhand-app/Step Definition/Feature Registration/PR002 - user should not be able to register using already used email

2023-07-24 09:45:44 - [TEST_STEP][PASSED] - startApplication("androidapp/app-release-second-hand-gcp.apk", false): Started app at: 'C:\Users\mhmdr\Desktop\SQA-Wave9-Kelompok2\androidapp\app-release-second-hand-gcp.apk'

2023-07-24 09:45:44 - [MESSAGE][INFO] - Starting app at: 'C:\Users\mhmdr\Desktop\SQA-Wave9-Kelompok2\androidapp\app-release-second-hand-gcp.apk'

2023-07-24 09:45:54 - [MESSAGE][PASSED] - Started app at: 'C:\Users\mhmdr\Desktop\SQA-Wave9-Kelompok2\androidapp\app-release-second-hand-gcp.apk'

2023-07-24 09:45:54 - [TEST_STEP][PASSED] - callTestCase(findTestCase("secondhand-app/Pages/MenuBar App/Tap Akun"), [:], STOP_ON_FAILURE): Call Test Case 'Test Cases/secondhand-app/Pages/MenuBar App/Tap Akun' successfully

2023-07-24 09:45:54 - [MESSAGE][INFO] - Checking called Test Case

2023-07-24 09:45:54 - [MESSAGE][INFO] - Starting to call Test Case 'Test Cases/secondhand-app/Pages/MenuBar App/Tap Akun'

2023-07-24 09:45:54 - [TEST_CASE][PASSED] - Test Cases/secondhand-app/Pages/MenuBar App/Tap Akun: Test Cases/secondhand-app/Pages/MenuBar App/Tap Akun

2023-07-24 09:45:54 - [TEST_STEP][PASSED] - waitForElementPresent(findTestObject("secondhand-app/MenuBar App/android.widget.TextView - Akun"), 2): Element 'Object Repository/secondhand-app/MenuBar App/android.widget.TextView - Akun' is present

2023-07-24 09:45:54 - [MESSAGE][INFO] - Finding Test Object 'Object Repository/secondhand-app/MenuBar App/android.widget.TextView - Akun'

2023-07-24 09:45:54 - [MESSAGE][INFO] - Checking object

2023-07-24 09:45:54 - [MESSAGE][INFO] - Checking timeout

2023-07-24 09:45:56 - [MESSAGE][PASSED] - Element 'Object Repository/secondhand-app/MenuBar App/android.widget.TextView - Akun' is present

2023-07-24 09:45:56 - [TEST_STEP][PASSED] - tap(findTestObject("secondhand-app/MenuBar App/android.widget.TextView - Akun"), 2): Tapped on element 'Object Repository/secondhand-app/MenuBar App/android.widget.TextView - Akun'

2023-07-24 09:45:56 - [MESSAGE][INFO] - Finding Test Object 'Object Repository/secondhand-app/MenuBar App/android.widget.TextView - Akun'

2023-07-24 09:45:56 - [MESSAGE][INFO] - Checking object

2023-07-24 09:45:56 - [MESSAGE][INFO] - Checking timeout

2023-07-24 09:45:58 - [MESSAGE][PASSED] - Tapped on element 'Object Repository/secondhand-app/MenuBar App/android.widget.TextView - Akun'

2023-07-24 09:45:58 - [MESSAGE][PASSED] - Call Test Case 'Test Cases/secondhand-app/Pages/MenuBar App/Tap Akun' successfully

2023-07-24 09:45:58 - [TEST_STEP][PASSED] - callTestCase(findTestCase("secondhand-app/Pages/My Account/Tap Masuk"), [:], STOP_ON_FAILURE): Call Test Case 'Test Cases/secondhand-app/Pages/My Account/Tap Masuk' successfully

2023-07-24 09:45:58 - [MESSAGE][INFO] - Checking called Test Case

2023-07-24 09:45:58 - [MESSAGE][INFO] - Starting to call Test Case 'Test Cases/secondhand-app/Pages/My Account/Tap Masuk'

2023-07-24 09:45:59 - [TEST_CASE][PASSED] - Test Cases/secondhand-app/Pages/My Account/Tap Masuk: Test Cases/secondhand-app/Pages/My Account/Tap Masuk

2023-07-24 09:45:59 - [TEST_STEP][PASSED] - waitForElementPresent(findTestObject("secondhand-app/Page Account/android.widget.Button - Masuk"), 2): Element 'Object Repository/secondhand-app/Page Account/android.widget.Button - Masuk' is present

2023-07-24 09:45:59 - [MESSAGE][INFO] - Finding Test Object 'Object Repository/secondhand-app/Page Account/android.widget.Button - Masuk'

2023-07-24 09:45:59 - [MESSAGE][INFO] - Checking object

2023-07-24 09:45:59 - [MESSAGE][INFO] - Checking timeout

2023-07-24 09:45:59 - [MESSAGE][PASSED] - Element 'Object Repository/secondhand-app/Page Account/android.widget.Button - Masuk' is present

2023-07-24 09:45:59 - [TEST_STEP][PASSED] - tap(findTestObject("secondhand-app/Page Account/android.widget.Button - Masuk"), 2): Tapped on element 'Object Repository/secondhand-app/Page Account/android.widget.Button - Masuk'

2023-07-24 09:45:59 - [MESSAGE][INFO] - Finding Test Object 'Object Repository/secondhand-app/Page Account/android.widget.Button - Masuk'

2023-07-24 09:45:59 - [MESSAGE][INFO] - Checking object

2023-07-24 09:45:59 - [MESSAGE][INFO] - Checking timeout

2023-07-24 09:45:59 - [MESSAGE][PASSED] - Tapped on element 'Object Repository/secondhand-app/Page Account/android.widget.Button - Masuk'

2023-07-24 09:45:59 - [MESSAGE][PASSED] - Call Test Case 'Test Cases/secondhand-app/Pages/My Account/Tap Masuk' successfully

2023-07-24 09:45:59 - [TEST_STEP][PASSED] - callTestCase(findTestCase("secondhand-app/Pages/User Login/Tap Daftar"), [:], STOP_ON_FAILURE): Call Test Case 'Test Cases/secondhand-app/Pages/User Login/Tap Daftar' successfully

2023-07-24 09:45:59 - [MESSAGE][INFO] - Checking called Test Case

2023-07-24 09:45:59 - [MESSAGE][INFO] - Starting to call Test Case 'Test Cases/secondhand-app/Pages/User Login/Tap Daftar'

2023-07-24 09:45:59 - [TEST_CASE][PASSED] - Test Cases/secondhand-app/Pages/User Login/Tap Daftar: Test Cases/secondhand-app/Pages/User Login/Tap Daftar

2023-07-24 09:45:59 - [TEST_STEP][PASSED] - waitForElementPresent(findTestObject("secondhand-app/Page Login/android.widget.TextView - Daftar"), 2): Element 'Object Repository/secondhand-app/Page Login/android.widget.TextView - Daftar' is present

2023-07-24 09:45:59 - [MESSAGE][INFO] - Finding Test Object 'Object Repository/secondhand-app/Page Login/android.widget.TextView - Daftar'

2023-07-24 09:45:59 - [MESSAGE][INFO] - Checking object

2023-07-24 09:45:59 - [MESSAGE][INFO] - Checking timeout

2023-07-24 09:46:01 - [MESSAGE][PASSED] - Element 'Object Repository/secondhand-app/Page Login/android.widget.TextView - Daftar' is present

2023-07-24 09:46:01 - [TEST_STEP][PASSED] - tap(findTestObject("secondhand-app/Page Login/android.widget.TextView - Daftar"), 2): Tapped on element 'Object Repository/secondhand-app/Page Login/android.widget.TextView - Daftar'

2023-07-24 09:46:01 - [MESSAGE][INFO] - Finding Test Object 'Object Repository/secondhand-app/Page Login/android.widget.TextView - Daftar'

2023-07-24 09:46:01 - [MESSAGE][INFO] - Checking object

2023-07-24 09:46:01 - [MESSAGE][INFO] - Checking timeout

2023-07-24 09:46:01 - [MESSAGE][PASSED] - Tapped on element 'Object Repository/secondhand-app/Page Login/android.widget.TextView - Daftar'

2023-07-24 09:46:01 - [MESSAGE][PASSED] - Call Test Case 'Test Cases/secondhand-app/Pages/User Login/Tap Daftar' successfully

2023-07-24 09:46:01 - [TEST_STEP][PASSED] - callTestCase(findTestCase("secondhand-app/Pages/User Registration/Input Nama"), [:], STOP_ON_FAILURE): Call Test Case 'Test Cases/secondhand-app/Pages/User Registration/Input Nama' successfully

2023-07-24 09:46:01 - [MESSAGE][INFO] - Checking called Test Case

2023-07-24 09:46:01 - [MESSAGE][INFO] - Starting to call Test Case 'Test Cases/secondhand-app/Pages/User Registration/Input Nama'

2023-07-24 09:46:01 - [TEST_CASE][PASSED] - Test Cases/secondhand-app/Pages/User Registration/Input Nama: Test Cases/secondhand-app/Pages/User Registration/Input Nama

2023-07-24 09:46:01 - [TEST_STEP][PASSED] - clearText(findTestObject("secondhand-app/Page Register/android.widget.EditText - Masukkan nama lengkap"), 1): Element 'Object Repository/secondhand-app/Page Register/android.widget.EditText - Masukkan nama lengkap' text is cleared

2023-07-24 09:46:01 - [MESSAGE][INFO] - Finding Test Object 'Object Repository/secondhand-app/Page Register/android.widget.EditText - Masukkan nama lengkap'

2023-07-24 09:46:01 - [MESSAGE][INFO] - Checking object

2023-07-24 09:46:01 - [MESSAGE][INFO] - Checking timeout

2023-07-24 09:46:02 - [MESSAGE][PASSED] - Element 'Object Repository/secondhand-app/Page Register/android.widget.EditText - Masukkan nama lengkap' text is cleared

2023-07-24 09:46:02 - [TEST_STEP][PASSED] - setText(findTestObject("secondhand-app/Page Register/android.widget.EditText - Masukkan nama lengkap"), "Muhammad Rizki", 0): Text 'Muhammad Rizki' has been set to element 'Object Repository/secondhand-app/Page Register/android.widget.EditText - Masukkan nama lengkap'

2023-07-24 09:46:02 - [MESSAGE][INFO] - Finding Test Object 'Object Repository/secondhand-app/Page Register/android.widget.EditText - Masukkan nama lengkap'

2023-07-24 09:46:02 - [MESSAGE][INFO] - Checking object

2023-07-24 09:46:02 - [MESSAGE][INFO] - Checking timeout

2023-07-24 09:46:02 - [MESSAGE][WARNING] - Timeout '0' is invalid. Using default page load timeout: '30'

2023-07-24 09:46:03 - [MESSAGE][PASSED] - Text 'Muhammad Rizki' has been set to element 'Object Repository/secondhand-app/Page Register/android.widget.EditText - Masukkan nama lengkap'

2023-07-24 09:46:03 - [TEST_STEP][PASSED] - takeScreenshot("screenshot", STOP_ON_FAILURE): Screenshot is taken

2023-07-24 09:46:04 - [MESSAGE][PASSED] - Screenshot is taken
[[ATTACHMENT|C:\\Users\\mhmdr\\Desktop\\SQA-Wave9-Kelompok2\\Reports\\20230724_094453\\secondhand-app\\Feature Register\\20230724_094453\\screenshot]]

2023-07-24 09:46:04 - [MESSAGE][PASSED] - Call Test Case 'Test Cases/secondhand-app/Pages/User Registration/Input Nama' successfully

2023-07-24 09:46:04 - [TEST_STEP][PASSED] - callTestCase(findTestCase("secondhand-app/Pages/User Registration/Input Email - Rizki Valid"), [:], STOP_ON_FAILURE): Call Test Case 'Test Cases/secondhand-app/Pages/User Registration/Input Email - Rizki Valid' successfully

2023-07-24 09:46:04 - [MESSAGE][INFO] - Checking called Test Case

2023-07-24 09:46:04 - [MESSAGE][INFO] - Starting to call Test Case 'Test Cases/secondhand-app/Pages/User Registration/Input Email - Rizki Valid'

2023-07-24 09:46:04 - [TEST_CASE][PASSED] - Test Cases/secondhand-app/Pages/User Registration/Input Email - Rizki Valid: Test Cases/secondhand-app/Pages/User Registration/Input Email - Rizki Valid

2023-07-24 09:46:04 - [TEST_STEP][PASSED] - clearText(findTestObject("secondhand-app/Page Register/android.widget.EditText - Masukkan email"), 1): Element 'Object Repository/secondhand-app/Page Register/android.widget.EditText - Masukkan email' text is cleared

2023-07-24 09:46:04 - [MESSAGE][INFO] - Finding Test Object 'Object Repository/secondhand-app/Page Register/android.widget.EditText - Masukkan email'

2023-07-24 09:46:04 - [MESSAGE][INFO] - Checking object

2023-07-24 09:46:04 - [MESSAGE][INFO] - Checking timeout

2023-07-24 09:46:04 - [MESSAGE][PASSED] - Element 'Object Repository/secondhand-app/Page Register/android.widget.EditText - Masukkan email' text is cleared

2023-07-24 09:46:04 - [TEST_STEP][PASSED] - setText(findTestObject("secondhand-app/Page Register/android.widget.EditText - Masukkan email"), "mhmdrizki250@gmail.com", 0): Text 'mhmdrizki250@gmail.com' has been set to element 'Object Repository/secondhand-app/Page Register/android.widget.EditText - Masukkan email'

2023-07-24 09:46:04 - [MESSAGE][INFO] - Finding Test Object 'Object Repository/secondhand-app/Page Register/android.widget.EditText - Masukkan email'

2023-07-24 09:46:04 - [MESSAGE][INFO] - Checking object

2023-07-24 09:46:04 - [MESSAGE][INFO] - Checking timeout

2023-07-24 09:46:04 - [MESSAGE][WARNING] - Timeout '0' is invalid. Using default page load timeout: '30'

2023-07-24 09:46:06 - [MESSAGE][PASSED] - Text 'mhmdrizki250@gmail.com' has been set to element 'Object Repository/secondhand-app/Page Register/android.widget.EditText - Masukkan email'

2023-07-24 09:46:06 - [TEST_STEP][PASSED] - takeScreenshot("screenshot", STOP_ON_FAILURE): Screenshot is taken

2023-07-24 09:46:07 - [MESSAGE][PASSED] - Screenshot is taken
[[ATTACHMENT|C:\\Users\\mhmdr\\Desktop\\SQA-Wave9-Kelompok2\\Reports\\20230724_094453\\secondhand-app\\Feature Register\\20230724_094453\\screenshot]]

2023-07-24 09:46:07 - [MESSAGE][PASSED] - Call Test Case 'Test Cases/secondhand-app/Pages/User Registration/Input Email - Rizki Valid' successfully

2023-07-24 09:46:07 - [TEST_STEP][PASSED] - callTestCase(findTestCase("secondhand-app/Pages/User Registration/Input Password - Rizki Valid"), [:], STOP_ON_FAILURE): Call Test Case 'Test Cases/secondhand-app/Pages/User Registration/Input Password - Rizki Valid' successfully

2023-07-24 09:46:07 - [MESSAGE][INFO] - Checking called Test Case

2023-07-24 09:46:07 - [MESSAGE][INFO] - Starting to call Test Case 'Test Cases/secondhand-app/Pages/User Registration/Input Password - Rizki Valid'

2023-07-24 09:46:07 - [TEST_CASE][PASSED] - Test Cases/secondhand-app/Pages/User Registration/Input Password - Rizki Valid: Test Cases/secondhand-app/Pages/User Registration/Input Password - Rizki Valid

2023-07-24 09:46:07 - [TEST_STEP][PASSED] - clearText(findTestObject("secondhand-app/Page Register/android.widget.EditText - Masukkan password"), 1): Element 'Object Repository/secondhand-app/Page Register/android.widget.EditText - Masukkan password' text is cleared

2023-07-24 09:46:07 - [MESSAGE][INFO] - Finding Test Object 'Object Repository/secondhand-app/Page Register/android.widget.EditText - Masukkan password'

2023-07-24 09:46:07 - [MESSAGE][INFO] - Checking object

2023-07-24 09:46:07 - [MESSAGE][INFO] - Checking timeout

2023-07-24 09:46:07 - [MESSAGE][PASSED] - Element 'Object Repository/secondhand-app/Page Register/android.widget.EditText - Masukkan password' text is cleared

2023-07-24 09:46:07 - [TEST_STEP][PASSED] - setText(findTestObject("secondhand-app/Page Register/android.widget.EditText - Masukkan password"), "Kiki12345", 0): Text 'Kiki12345' has been set to element 'Object Repository/secondhand-app/Page Register/android.widget.EditText - Masukkan password'

2023-07-24 09:46:07 - [MESSAGE][INFO] - Finding Test Object 'Object Repository/secondhand-app/Page Register/android.widget.EditText - Masukkan password'

2023-07-24 09:46:07 - [MESSAGE][INFO] - Checking object

2023-07-24 09:46:07 - [MESSAGE][INFO] - Checking timeout

2023-07-24 09:46:07 - [MESSAGE][WARNING] - Timeout '0' is invalid. Using default page load timeout: '30'

2023-07-24 09:46:09 - [MESSAGE][PASSED] - Text 'Kiki12345' has been set to element 'Object Repository/secondhand-app/Page Register/android.widget.EditText - Masukkan password'

2023-07-24 09:46:09 - [TEST_STEP][PASSED] - takeScreenshot("screenshot", STOP_ON_FAILURE): Screenshot is taken

2023-07-24 09:46:09 - [MESSAGE][PASSED] - Screenshot is taken
[[ATTACHMENT|C:\\Users\\mhmdr\\Desktop\\SQA-Wave9-Kelompok2\\Reports\\20230724_094453\\secondhand-app\\Feature Register\\20230724_094453\\screenshot]]

2023-07-24 09:46:09 - [MESSAGE][PASSED] - Call Test Case 'Test Cases/secondhand-app/Pages/User Registration/Input Password - Rizki Valid' successfully

2023-07-24 09:46:09 - [TEST_STEP][PASSED] - callTestCase(findTestCase("secondhand-app/Pages/User Registration/Input Nomor HP"), [:], STOP_ON_FAILURE): Call Test Case 'Test Cases/secondhand-app/Pages/User Registration/Input Nomor HP' successfully

2023-07-24 09:46:09 - [MESSAGE][INFO] - Checking called Test Case

2023-07-24 09:46:09 - [MESSAGE][INFO] - Starting to call Test Case 'Test Cases/secondhand-app/Pages/User Registration/Input Nomor HP'

2023-07-24 09:46:10 - [TEST_CASE][PASSED] - Test Cases/secondhand-app/Pages/User Registration/Input Nomor HP: Test Cases/secondhand-app/Pages/User Registration/Input Nomor HP

2023-07-24 09:46:10 - [TEST_STEP][PASSED] - clearText(findTestObject("secondhand-app/Page Register/android.widget.EditText - Contoh 08123456789"), 1): Element 'Object Repository/secondhand-app/Page Register/android.widget.EditText - Contoh 08123456789' text is cleared

2023-07-24 09:46:10 - [MESSAGE][INFO] - Finding Test Object 'Object Repository/secondhand-app/Page Register/android.widget.EditText - Contoh 08123456789'

2023-07-24 09:46:10 - [MESSAGE][INFO] - Checking object

2023-07-24 09:46:10 - [MESSAGE][INFO] - Checking timeout

2023-07-24 09:46:10 - [MESSAGE][PASSED] - Element 'Object Repository/secondhand-app/Page Register/android.widget.EditText - Contoh 08123456789' text is cleared

2023-07-24 09:46:10 - [TEST_STEP][PASSED] - setText(findTestObject("secondhand-app/Page Register/android.widget.EditText - Contoh 08123456789"), "081233334444", 0): Text '081233334444' has been set to element 'Object Repository/secondhand-app/Page Register/android.widget.EditText - Contoh 08123456789'

2023-07-24 09:46:10 - [MESSAGE][INFO] - Finding Test Object 'Object Repository/secondhand-app/Page Register/android.widget.EditText - Contoh 08123456789'

2023-07-24 09:46:10 - [MESSAGE][INFO] - Checking object

2023-07-24 09:46:10 - [MESSAGE][INFO] - Checking timeout

2023-07-24 09:46:10 - [MESSAGE][WARNING] - Timeout '0' is invalid. Using default page load timeout: '30'

2023-07-24 09:46:12 - [MESSAGE][PASSED] - Text '081233334444' has been set to element 'Object Repository/secondhand-app/Page Register/android.widget.EditText - Contoh 08123456789'

2023-07-24 09:46:12 - [TEST_STEP][PASSED] - takeScreenshot("screenshot", STOP_ON_FAILURE): Screenshot is taken

2023-07-24 09:46:13 - [MESSAGE][PASSED] - Screenshot is taken
[[ATTACHMENT|C:\\Users\\mhmdr\\Desktop\\SQA-Wave9-Kelompok2\\Reports\\20230724_094453\\secondhand-app\\Feature Register\\20230724_094453\\screenshot]]

2023-07-24 09:46:13 - [MESSAGE][PASSED] - Call Test Case 'Test Cases/secondhand-app/Pages/User Registration/Input Nomor HP' successfully

2023-07-24 09:46:13 - [TEST_STEP][PASSED] - callTestCase(findTestCase("secondhand-app/Pages/User Registration/Input Kota"), [:], STOP_ON_FAILURE): Call Test Case 'Test Cases/secondhand-app/Pages/User Registration/Input Kota' successfully

2023-07-24 09:46:13 - [MESSAGE][INFO] - Checking called Test Case

2023-07-24 09:46:13 - [MESSAGE][INFO] - Starting to call Test Case 'Test Cases/secondhand-app/Pages/User Registration/Input Kota'

2023-07-24 09:46:13 - [TEST_CASE][PASSED] - Test Cases/secondhand-app/Pages/User Registration/Input Kota: Test Cases/secondhand-app/Pages/User Registration/Input Kota

2023-07-24 09:46:13 - [TEST_STEP][PASSED] - clearText(findTestObject("secondhand-app/Page Register/android.widget.EditText - Masukkan kota"), 1): Element 'Object Repository/secondhand-app/Page Register/android.widget.EditText - Masukkan kota' text is cleared

2023-07-24 09:46:13 - [MESSAGE][INFO] - Finding Test Object 'Object Repository/secondhand-app/Page Register/android.widget.EditText - Masukkan kota'

2023-07-24 09:46:13 - [MESSAGE][INFO] - Checking object

2023-07-24 09:46:13 - [MESSAGE][INFO] - Checking timeout

2023-07-24 09:46:13 - [MESSAGE][PASSED] - Element 'Object Repository/secondhand-app/Page Register/android.widget.EditText - Masukkan kota' text is cleared

2023-07-24 09:46:13 - [TEST_STEP][PASSED] - setText(findTestObject("secondhand-app/Page Register/android.widget.EditText - Masukkan kota"), "Tarakan, KalTara", 0): Text 'Tarakan, KalTara' has been set to element 'Object Repository/secondhand-app/Page Register/android.widget.EditText - Masukkan kota'

2023-07-24 09:46:13 - [MESSAGE][INFO] - Finding Test Object 'Object Repository/secondhand-app/Page Register/android.widget.EditText - Masukkan kota'

2023-07-24 09:46:13 - [MESSAGE][INFO] - Checking object

2023-07-24 09:46:13 - [MESSAGE][INFO] - Checking timeout

2023-07-24 09:46:13 - [MESSAGE][WARNING] - Timeout '0' is invalid. Using default page load timeout: '30'

2023-07-24 09:46:15 - [MESSAGE][PASSED] - Text 'Tarakan, KalTara' has been set to element 'Object Repository/secondhand-app/Page Register/android.widget.EditText - Masukkan kota'

2023-07-24 09:46:15 - [TEST_STEP][PASSED] - takeScreenshot("screenshot", STOP_ON_FAILURE): Screenshot is taken

2023-07-24 09:46:16 - [MESSAGE][PASSED] - Screenshot is taken
[[ATTACHMENT|C:\\Users\\mhmdr\\Desktop\\SQA-Wave9-Kelompok2\\Reports\\20230724_094453\\secondhand-app\\Feature Register\\20230724_094453\\screenshot]]

2023-07-24 09:46:16 - [MESSAGE][PASSED] - Call Test Case 'Test Cases/secondhand-app/Pages/User Registration/Input Kota' successfully

2023-07-24 09:46:16 - [TEST_STEP][PASSED] - callTestCase(findTestCase("secondhand-app/Pages/User Registration/Input Alamat"), [:], STOP_ON_FAILURE): Call Test Case 'Test Cases/secondhand-app/Pages/User Registration/Input Alamat' successfully

2023-07-24 09:46:16 - [MESSAGE][INFO] - Checking called Test Case

2023-07-24 09:46:16 - [MESSAGE][INFO] - Starting to call Test Case 'Test Cases/secondhand-app/Pages/User Registration/Input Alamat'

2023-07-24 09:46:16 - [TEST_CASE][PASSED] - Test Cases/secondhand-app/Pages/User Registration/Input Alamat: Test Cases/secondhand-app/Pages/User Registration/Input Alamat

2023-07-24 09:46:16 - [TEST_STEP][PASSED] - clearText(findTestObject("secondhand-app/Page Register/android.widget.EditText - Masukkan alamat"), 1): Element 'Object Repository/secondhand-app/Page Register/android.widget.EditText - Masukkan alamat' text is cleared

2023-07-24 09:46:16 - [MESSAGE][INFO] - Finding Test Object 'Object Repository/secondhand-app/Page Register/android.widget.EditText - Masukkan alamat'

2023-07-24 09:46:16 - [MESSAGE][INFO] - Checking object

2023-07-24 09:46:16 - [MESSAGE][INFO] - Checking timeout

2023-07-24 09:46:17 - [MESSAGE][PASSED] - Element 'Object Repository/secondhand-app/Page Register/android.widget.EditText - Masukkan alamat' text is cleared

2023-07-24 09:46:17 - [TEST_STEP][PASSED] - setText(findTestObject("secondhand-app/Page Register/android.widget.EditText - Masukkan alamat"), "Jl. Kenangan Masa Lalu No.404", 0): Text 'Jl. Kenangan Masa Lalu No.404' has been set to element 'Object Repository/secondhand-app/Page Register/android.widget.EditText - Masukkan alamat'

2023-07-24 09:46:17 - [MESSAGE][INFO] - Finding Test Object 'Object Repository/secondhand-app/Page Register/android.widget.EditText - Masukkan alamat'

2023-07-24 09:46:17 - [MESSAGE][INFO] - Checking object

2023-07-24 09:46:17 - [MESSAGE][INFO] - Checking timeout

2023-07-24 09:46:17 - [MESSAGE][WARNING] - Timeout '0' is invalid. Using default page load timeout: '30'

2023-07-24 09:46:19 - [MESSAGE][PASSED] - Text 'Jl. Kenangan Masa Lalu No.404' has been set to element 'Object Repository/secondhand-app/Page Register/android.widget.EditText - Masukkan alamat'

2023-07-24 09:46:19 - [TEST_STEP][PASSED] - takeScreenshot("screenshot", STOP_ON_FAILURE): Screenshot is taken

2023-07-24 09:46:20 - [MESSAGE][PASSED] - Screenshot is taken
[[ATTACHMENT|C:\\Users\\mhmdr\\Desktop\\SQA-Wave9-Kelompok2\\Reports\\20230724_094453\\secondhand-app\\Feature Register\\20230724_094453\\screenshot]]

2023-07-24 09:46:20 - [MESSAGE][PASSED] - Call Test Case 'Test Cases/secondhand-app/Pages/User Registration/Input Alamat' successfully

2023-07-24 09:46:20 - [TEST_STEP][PASSED] - callTestCase(findTestCase("secondhand-app/Pages/User Registration/Tap Daftar"), [:], STOP_ON_FAILURE): Call Test Case 'Test Cases/secondhand-app/Pages/User Registration/Tap Daftar' successfully

2023-07-24 09:46:20 - [MESSAGE][INFO] - Checking called Test Case

2023-07-24 09:46:20 - [MESSAGE][INFO] - Starting to call Test Case 'Test Cases/secondhand-app/Pages/User Registration/Tap Daftar'

2023-07-24 09:46:20 - [TEST_CASE][PASSED] - Test Cases/secondhand-app/Pages/User Registration/Tap Daftar: Test Cases/secondhand-app/Pages/User Registration/Tap Daftar

2023-07-24 09:46:20 - [TEST_STEP][PASSED] - waitForElementPresent(findTestObject("secondhand-app/Page Register/android.widget.Button - Daftar"), 2): Element 'Object Repository/secondhand-app/Page Register/android.widget.Button - Daftar' is present

2023-07-24 09:46:20 - [MESSAGE][INFO] - Finding Test Object 'Object Repository/secondhand-app/Page Register/android.widget.Button - Daftar'

2023-07-24 09:46:20 - [MESSAGE][INFO] - Checking object

2023-07-24 09:46:20 - [MESSAGE][INFO] - Checking timeout

2023-07-24 09:46:22 - [MESSAGE][PASSED] - Element 'Object Repository/secondhand-app/Page Register/android.widget.Button - Daftar' is present

2023-07-24 09:46:22 - [TEST_STEP][PASSED] - tap(findTestObject("secondhand-app/Page Register/android.widget.Button - Daftar"), 2): Tapped on element 'Object Repository/secondhand-app/Page Register/android.widget.Button - Daftar'

2023-07-24 09:46:22 - [MESSAGE][INFO] - Finding Test Object 'Object Repository/secondhand-app/Page Register/android.widget.Button - Daftar'

2023-07-24 09:46:22 - [MESSAGE][INFO] - Checking object

2023-07-24 09:46:22 - [MESSAGE][INFO] - Checking timeout

2023-07-24 09:46:24 - [MESSAGE][PASSED] - Tapped on element 'Object Repository/secondhand-app/Page Register/android.widget.Button - Daftar'

2023-07-24 09:46:24 - [MESSAGE][PASSED] - Call Test Case 'Test Cases/secondhand-app/Pages/User Registration/Tap Daftar' successfully]]></system-out>
         <system-err><![CDATA[]]></system-err>
      </testcase>
      <testcase name="Test Cases/secondhand-app/Step Definition/Feature Registration/PR003 - user should not be able to register using invalid email" time="45.351" classname="Test Cases/secondhand-app/Step Definition/Feature Registration/PR003 - user should not be able to register using invalid email" status="PASSED">
         <system-out><![CDATA[2023-07-24 09:46:24 - [TEST_CASE][PASSED] - Test Cases/secondhand-app/Step Definition/Feature Registration/PR003 - user should not be able to register using invalid email: Test Cases/secondhand-app/Step Definition/Feature Registration/PR003 - user should not be able to register using invalid email

2023-07-24 09:46:24 - [TEST_STEP][PASSED] - startApplication("androidapp/app-release-second-hand-gcp.apk", false): Started app at: 'C:\Users\mhmdr\Desktop\SQA-Wave9-Kelompok2\androidapp\app-release-second-hand-gcp.apk'

2023-07-24 09:46:24 - [MESSAGE][INFO] - Starting app at: 'C:\Users\mhmdr\Desktop\SQA-Wave9-Kelompok2\androidapp\app-release-second-hand-gcp.apk'

2023-07-24 09:46:34 - [MESSAGE][PASSED] - Started app at: 'C:\Users\mhmdr\Desktop\SQA-Wave9-Kelompok2\androidapp\app-release-second-hand-gcp.apk'

2023-07-24 09:46:34 - [TEST_STEP][PASSED] - callTestCase(findTestCase("secondhand-app/Pages/MenuBar App/Tap Akun"), [:], STOP_ON_FAILURE): Call Test Case 'Test Cases/secondhand-app/Pages/MenuBar App/Tap Akun' successfully

2023-07-24 09:46:34 - [MESSAGE][INFO] - Checking called Test Case

2023-07-24 09:46:34 - [MESSAGE][INFO] - Starting to call Test Case 'Test Cases/secondhand-app/Pages/MenuBar App/Tap Akun'

2023-07-24 09:46:34 - [TEST_CASE][PASSED] - Test Cases/secondhand-app/Pages/MenuBar App/Tap Akun: Test Cases/secondhand-app/Pages/MenuBar App/Tap Akun

2023-07-24 09:46:34 - [TEST_STEP][PASSED] - waitForElementPresent(findTestObject("secondhand-app/MenuBar App/android.widget.TextView - Akun"), 2): Element 'Object Repository/secondhand-app/MenuBar App/android.widget.TextView - Akun' is present

2023-07-24 09:46:34 - [MESSAGE][INFO] - Finding Test Object 'Object Repository/secondhand-app/MenuBar App/android.widget.TextView - Akun'

2023-07-24 09:46:34 - [MESSAGE][INFO] - Checking object

2023-07-24 09:46:34 - [MESSAGE][INFO] - Checking timeout

2023-07-24 09:46:37 - [MESSAGE][PASSED] - Element 'Object Repository/secondhand-app/MenuBar App/android.widget.TextView - Akun' is present

2023-07-24 09:46:37 - [TEST_STEP][PASSED] - tap(findTestObject("secondhand-app/MenuBar App/android.widget.TextView - Akun"), 2): Tapped on element 'Object Repository/secondhand-app/MenuBar App/android.widget.TextView - Akun'

2023-07-24 09:46:37 - [MESSAGE][INFO] - Finding Test Object 'Object Repository/secondhand-app/MenuBar App/android.widget.TextView - Akun'

2023-07-24 09:46:37 - [MESSAGE][INFO] - Checking object

2023-07-24 09:46:37 - [MESSAGE][INFO] - Checking timeout

2023-07-24 09:46:40 - [MESSAGE][PASSED] - Tapped on element 'Object Repository/secondhand-app/MenuBar App/android.widget.TextView - Akun'

2023-07-24 09:46:40 - [MESSAGE][PASSED] - Call Test Case 'Test Cases/secondhand-app/Pages/MenuBar App/Tap Akun' successfully

2023-07-24 09:46:40 - [TEST_STEP][PASSED] - callTestCase(findTestCase("secondhand-app/Pages/My Account/Tap Masuk"), [:], STOP_ON_FAILURE): Call Test Case 'Test Cases/secondhand-app/Pages/My Account/Tap Masuk' successfully

2023-07-24 09:46:40 - [MESSAGE][INFO] - Checking called Test Case

2023-07-24 09:46:40 - [MESSAGE][INFO] - Starting to call Test Case 'Test Cases/secondhand-app/Pages/My Account/Tap Masuk'

2023-07-24 09:46:40 - [TEST_CASE][PASSED] - Test Cases/secondhand-app/Pages/My Account/Tap Masuk: Test Cases/secondhand-app/Pages/My Account/Tap Masuk

2023-07-24 09:46:40 - [TEST_STEP][PASSED] - waitForElementPresent(findTestObject("secondhand-app/Page Account/android.widget.Button - Masuk"), 2): Element 'Object Repository/secondhand-app/Page Account/android.widget.Button - Masuk' is present

2023-07-24 09:46:40 - [MESSAGE][INFO] - Finding Test Object 'Object Repository/secondhand-app/Page Account/android.widget.Button - Masuk'

2023-07-24 09:46:40 - [MESSAGE][INFO] - Checking object

2023-07-24 09:46:40 - [MESSAGE][INFO] - Checking timeout

2023-07-24 09:46:41 - [MESSAGE][PASSED] - Element 'Object Repository/secondhand-app/Page Account/android.widget.Button - Masuk' is present

2023-07-24 09:46:41 - [TEST_STEP][PASSED] - tap(findTestObject("secondhand-app/Page Account/android.widget.Button - Masuk"), 2): Tapped on element 'Object Repository/secondhand-app/Page Account/android.widget.Button - Masuk'

2023-07-24 09:46:41 - [MESSAGE][INFO] - Finding Test Object 'Object Repository/secondhand-app/Page Account/android.widget.Button - Masuk'

2023-07-24 09:46:41 - [MESSAGE][INFO] - Checking object

2023-07-24 09:46:41 - [MESSAGE][INFO] - Checking timeout

2023-07-24 09:46:41 - [MESSAGE][PASSED] - Tapped on element 'Object Repository/secondhand-app/Page Account/android.widget.Button - Masuk'

2023-07-24 09:46:41 - [MESSAGE][PASSED] - Call Test Case 'Test Cases/secondhand-app/Pages/My Account/Tap Masuk' successfully

2023-07-24 09:46:41 - [TEST_STEP][PASSED] - callTestCase(findTestCase("secondhand-app/Pages/User Login/Tap Daftar"), [:], STOP_ON_FAILURE): Call Test Case 'Test Cases/secondhand-app/Pages/User Login/Tap Daftar' successfully

2023-07-24 09:46:41 - [MESSAGE][INFO] - Checking called Test Case

2023-07-24 09:46:41 - [MESSAGE][INFO] - Starting to call Test Case 'Test Cases/secondhand-app/Pages/User Login/Tap Daftar'

2023-07-24 09:46:41 - [TEST_CASE][PASSED] - Test Cases/secondhand-app/Pages/User Login/Tap Daftar: Test Cases/secondhand-app/Pages/User Login/Tap Daftar

2023-07-24 09:46:41 - [TEST_STEP][PASSED] - waitForElementPresent(findTestObject("secondhand-app/Page Login/android.widget.TextView - Daftar"), 2): Element 'Object Repository/secondhand-app/Page Login/android.widget.TextView - Daftar' is present

2023-07-24 09:46:41 - [MESSAGE][INFO] - Finding Test Object 'Object Repository/secondhand-app/Page Login/android.widget.TextView - Daftar'

2023-07-24 09:46:42 - [MESSAGE][INFO] - Checking object

2023-07-24 09:46:42 - [MESSAGE][INFO] - Checking timeout

2023-07-24 09:46:43 - [MESSAGE][PASSED] - Element 'Object Repository/secondhand-app/Page Login/android.widget.TextView - Daftar' is present

2023-07-24 09:46:43 - [TEST_STEP][PASSED] - tap(findTestObject("secondhand-app/Page Login/android.widget.TextView - Daftar"), 2): Tapped on element 'Object Repository/secondhand-app/Page Login/android.widget.TextView - Daftar'

2023-07-24 09:46:43 - [MESSAGE][INFO] - Finding Test Object 'Object Repository/secondhand-app/Page Login/android.widget.TextView - Daftar'

2023-07-24 09:46:43 - [MESSAGE][INFO] - Checking object

2023-07-24 09:46:43 - [MESSAGE][INFO] - Checking timeout

2023-07-24 09:46:43 - [MESSAGE][PASSED] - Tapped on element 'Object Repository/secondhand-app/Page Login/android.widget.TextView - Daftar'

2023-07-24 09:46:43 - [MESSAGE][PASSED] - Call Test Case 'Test Cases/secondhand-app/Pages/User Login/Tap Daftar' successfully

2023-07-24 09:46:43 - [TEST_STEP][PASSED] - callTestCase(findTestCase("secondhand-app/Pages/User Registration/Input Nama"), [:], STOP_ON_FAILURE): Call Test Case 'Test Cases/secondhand-app/Pages/User Registration/Input Nama' successfully

2023-07-24 09:46:43 - [MESSAGE][INFO] - Checking called Test Case

2023-07-24 09:46:43 - [MESSAGE][INFO] - Starting to call Test Case 'Test Cases/secondhand-app/Pages/User Registration/Input Nama'

2023-07-24 09:46:43 - [TEST_CASE][PASSED] - Test Cases/secondhand-app/Pages/User Registration/Input Nama: Test Cases/secondhand-app/Pages/User Registration/Input Nama

2023-07-24 09:46:43 - [TEST_STEP][PASSED] - clearText(findTestObject("secondhand-app/Page Register/android.widget.EditText - Masukkan nama lengkap"), 1): Element 'Object Repository/secondhand-app/Page Register/android.widget.EditText - Masukkan nama lengkap' text is cleared

2023-07-24 09:46:43 - [MESSAGE][INFO] - Finding Test Object 'Object Repository/secondhand-app/Page Register/android.widget.EditText - Masukkan nama lengkap'

2023-07-24 09:46:43 - [MESSAGE][INFO] - Checking object

2023-07-24 09:46:43 - [MESSAGE][INFO] - Checking timeout

2023-07-24 09:46:44 - [MESSAGE][PASSED] - Element 'Object Repository/secondhand-app/Page Register/android.widget.EditText - Masukkan nama lengkap' text is cleared

2023-07-24 09:46:44 - [TEST_STEP][PASSED] - setText(findTestObject("secondhand-app/Page Register/android.widget.EditText - Masukkan nama lengkap"), "Muhammad Rizki", 0): Text 'Muhammad Rizki' has been set to element 'Object Repository/secondhand-app/Page Register/android.widget.EditText - Masukkan nama lengkap'

2023-07-24 09:46:44 - [MESSAGE][INFO] - Finding Test Object 'Object Repository/secondhand-app/Page Register/android.widget.EditText - Masukkan nama lengkap'

2023-07-24 09:46:44 - [MESSAGE][INFO] - Checking object

2023-07-24 09:46:44 - [MESSAGE][INFO] - Checking timeout

2023-07-24 09:46:44 - [MESSAGE][WARNING] - Timeout '0' is invalid. Using default page load timeout: '30'

2023-07-24 09:46:45 - [MESSAGE][PASSED] - Text 'Muhammad Rizki' has been set to element 'Object Repository/secondhand-app/Page Register/android.widget.EditText - Masukkan nama lengkap'

2023-07-24 09:46:45 - [TEST_STEP][PASSED] - takeScreenshot("screenshot", STOP_ON_FAILURE): Screenshot is taken

2023-07-24 09:46:46 - [MESSAGE][PASSED] - Screenshot is taken
[[ATTACHMENT|C:\\Users\\mhmdr\\Desktop\\SQA-Wave9-Kelompok2\\Reports\\20230724_094453\\secondhand-app\\Feature Register\\20230724_094453\\screenshot]]

2023-07-24 09:46:46 - [MESSAGE][PASSED] - Call Test Case 'Test Cases/secondhand-app/Pages/User Registration/Input Nama' successfully

2023-07-24 09:46:46 - [TEST_STEP][PASSED] - callTestCase(findTestCase("secondhand-app/Pages/User Registration/Input Email - Rizki Invalid"), [:], STOP_ON_FAILURE): Call Test Case 'Test Cases/secondhand-app/Pages/User Registration/Input Email - Rizki Invalid' successfully

2023-07-24 09:46:46 - [MESSAGE][INFO] - Checking called Test Case

2023-07-24 09:46:46 - [MESSAGE][INFO] - Starting to call Test Case 'Test Cases/secondhand-app/Pages/User Registration/Input Email - Rizki Invalid'

2023-07-24 09:46:46 - [TEST_CASE][PASSED] - Test Cases/secondhand-app/Pages/User Registration/Input Email - Rizki Invalid: Test Cases/secondhand-app/Pages/User Registration/Input Email - Rizki Invalid

2023-07-24 09:46:46 - [TEST_STEP][PASSED] - clearText(findTestObject("secondhand-app/Page Register/android.widget.EditText - Masukkan email"), 1): Element 'Object Repository/secondhand-app/Page Register/android.widget.EditText - Masukkan email' text is cleared

2023-07-24 09:46:46 - [MESSAGE][INFO] - Finding Test Object 'Object Repository/secondhand-app/Page Register/android.widget.EditText - Masukkan email'

2023-07-24 09:46:46 - [MESSAGE][INFO] - Checking object

2023-07-24 09:46:46 - [MESSAGE][INFO] - Checking timeout

2023-07-24 09:46:47 - [MESSAGE][PASSED] - Element 'Object Repository/secondhand-app/Page Register/android.widget.EditText - Masukkan email' text is cleared

2023-07-24 09:46:47 - [TEST_STEP][PASSED] - setText(findTestObject("secondhand-app/Page Register/android.widget.EditText - Masukkan email"), "mhmdrizki250gmailcom", 0): Text 'mhmdrizki250gmailcom' has been set to element 'Object Repository/secondhand-app/Page Register/android.widget.EditText - Masukkan email'

2023-07-24 09:46:47 - [MESSAGE][INFO] - Finding Test Object 'Object Repository/secondhand-app/Page Register/android.widget.EditText - Masukkan email'

2023-07-24 09:46:47 - [MESSAGE][INFO] - Checking object

2023-07-24 09:46:47 - [MESSAGE][INFO] - Checking timeout

2023-07-24 09:46:47 - [MESSAGE][WARNING] - Timeout '0' is invalid. Using default page load timeout: '30'

2023-07-24 09:46:49 - [MESSAGE][PASSED] - Text 'mhmdrizki250gmailcom' has been set to element 'Object Repository/secondhand-app/Page Register/android.widget.EditText - Masukkan email'

2023-07-24 09:46:49 - [TEST_STEP][PASSED] - takeScreenshot("screenshot", STOP_ON_FAILURE): Screenshot is taken

2023-07-24 09:46:49 - [MESSAGE][PASSED] - Screenshot is taken
[[ATTACHMENT|C:\\Users\\mhmdr\\Desktop\\SQA-Wave9-Kelompok2\\Reports\\20230724_094453\\secondhand-app\\Feature Register\\20230724_094453\\screenshot]]

2023-07-24 09:46:49 - [MESSAGE][PASSED] - Call Test Case 'Test Cases/secondhand-app/Pages/User Registration/Input Email - Rizki Invalid' successfully

2023-07-24 09:46:49 - [TEST_STEP][PASSED] - callTestCase(findTestCase("secondhand-app/Pages/User Registration/Input Password - Rizki Valid"), [:], STOP_ON_FAILURE): Call Test Case 'Test Cases/secondhand-app/Pages/User Registration/Input Password - Rizki Valid' successfully

2023-07-24 09:46:49 - [MESSAGE][INFO] - Checking called Test Case

2023-07-24 09:46:49 - [MESSAGE][INFO] - Starting to call Test Case 'Test Cases/secondhand-app/Pages/User Registration/Input Password - Rizki Valid'

2023-07-24 09:46:49 - [TEST_CASE][PASSED] - Test Cases/secondhand-app/Pages/User Registration/Input Password - Rizki Valid: Test Cases/secondhand-app/Pages/User Registration/Input Password - Rizki Valid

2023-07-24 09:46:49 - [TEST_STEP][PASSED] - clearText(findTestObject("secondhand-app/Page Register/android.widget.EditText - Masukkan password"), 1): Element 'Object Repository/secondhand-app/Page Register/android.widget.EditText - Masukkan password' text is cleared

2023-07-24 09:46:49 - [MESSAGE][INFO] - Finding Test Object 'Object Repository/secondhand-app/Page Register/android.widget.EditText - Masukkan password'

2023-07-24 09:46:49 - [MESSAGE][INFO] - Checking object

2023-07-24 09:46:49 - [MESSAGE][INFO] - Checking timeout

2023-07-24 09:46:50 - [MESSAGE][PASSED] - Element 'Object Repository/secondhand-app/Page Register/android.widget.EditText - Masukkan password' text is cleared

2023-07-24 09:46:50 - [TEST_STEP][PASSED] - setText(findTestObject("secondhand-app/Page Register/android.widget.EditText - Masukkan password"), "Kiki12345", 0): Text 'Kiki12345' has been set to element 'Object Repository/secondhand-app/Page Register/android.widget.EditText - Masukkan password'

2023-07-24 09:46:50 - [MESSAGE][INFO] - Finding Test Object 'Object Repository/secondhand-app/Page Register/android.widget.EditText - Masukkan password'

2023-07-24 09:46:50 - [MESSAGE][INFO] - Checking object

2023-07-24 09:46:50 - [MESSAGE][INFO] - Checking timeout

2023-07-24 09:46:50 - [MESSAGE][WARNING] - Timeout '0' is invalid. Using default page load timeout: '30'

2023-07-24 09:46:52 - [MESSAGE][PASSED] - Text 'Kiki12345' has been set to element 'Object Repository/secondhand-app/Page Register/android.widget.EditText - Masukkan password'

2023-07-24 09:46:52 - [TEST_STEP][PASSED] - takeScreenshot("screenshot", STOP_ON_FAILURE): Screenshot is taken

2023-07-24 09:46:52 - [MESSAGE][PASSED] - Screenshot is taken
[[ATTACHMENT|C:\\Users\\mhmdr\\Desktop\\SQA-Wave9-Kelompok2\\Reports\\20230724_094453\\secondhand-app\\Feature Register\\20230724_094453\\screenshot]]

2023-07-24 09:46:52 - [MESSAGE][PASSED] - Call Test Case 'Test Cases/secondhand-app/Pages/User Registration/Input Password - Rizki Valid' successfully

2023-07-24 09:46:52 - [TEST_STEP][PASSED] - callTestCase(findTestCase("secondhand-app/Pages/User Registration/Input Nomor HP"), [:], STOP_ON_FAILURE): Call Test Case 'Test Cases/secondhand-app/Pages/User Registration/Input Nomor HP' successfully

2023-07-24 09:46:52 - [MESSAGE][INFO] - Checking called Test Case

2023-07-24 09:46:52 - [MESSAGE][INFO] - Starting to call Test Case 'Test Cases/secondhand-app/Pages/User Registration/Input Nomor HP'

2023-07-24 09:46:52 - [TEST_CASE][PASSED] - Test Cases/secondhand-app/Pages/User Registration/Input Nomor HP: Test Cases/secondhand-app/Pages/User Registration/Input Nomor HP

2023-07-24 09:46:52 - [TEST_STEP][PASSED] - clearText(findTestObject("secondhand-app/Page Register/android.widget.EditText - Contoh 08123456789"), 1): Element 'Object Repository/secondhand-app/Page Register/android.widget.EditText - Contoh 08123456789' text is cleared

2023-07-24 09:46:52 - [MESSAGE][INFO] - Finding Test Object 'Object Repository/secondhand-app/Page Register/android.widget.EditText - Contoh 08123456789'

2023-07-24 09:46:52 - [MESSAGE][INFO] - Checking object

2023-07-24 09:46:52 - [MESSAGE][INFO] - Checking timeout

2023-07-24 09:46:53 - [MESSAGE][PASSED] - Element 'Object Repository/secondhand-app/Page Register/android.widget.EditText - Contoh 08123456789' text is cleared

2023-07-24 09:46:53 - [TEST_STEP][PASSED] - setText(findTestObject("secondhand-app/Page Register/android.widget.EditText - Contoh 08123456789"), "081233334444", 0): Text '081233334444' has been set to element 'Object Repository/secondhand-app/Page Register/android.widget.EditText - Contoh 08123456789'

2023-07-24 09:46:53 - [MESSAGE][INFO] - Finding Test Object 'Object Repository/secondhand-app/Page Register/android.widget.EditText - Contoh 08123456789'

2023-07-24 09:46:53 - [MESSAGE][INFO] - Checking object

2023-07-24 09:46:53 - [MESSAGE][INFO] - Checking timeout

2023-07-24 09:46:53 - [MESSAGE][WARNING] - Timeout '0' is invalid. Using default page load timeout: '30'

2023-07-24 09:46:55 - [MESSAGE][PASSED] - Text '081233334444' has been set to element 'Object Repository/secondhand-app/Page Register/android.widget.EditText - Contoh 08123456789'

2023-07-24 09:46:55 - [TEST_STEP][PASSED] - takeScreenshot("screenshot", STOP_ON_FAILURE): Screenshot is taken

2023-07-24 09:46:56 - [MESSAGE][PASSED] - Screenshot is taken
[[ATTACHMENT|C:\\Users\\mhmdr\\Desktop\\SQA-Wave9-Kelompok2\\Reports\\20230724_094453\\secondhand-app\\Feature Register\\20230724_094453\\screenshot]]

2023-07-24 09:46:56 - [MESSAGE][PASSED] - Call Test Case 'Test Cases/secondhand-app/Pages/User Registration/Input Nomor HP' successfully

2023-07-24 09:46:56 - [TEST_STEP][PASSED] - callTestCase(findTestCase("secondhand-app/Pages/User Registration/Input Kota"), [:], STOP_ON_FAILURE): Call Test Case 'Test Cases/secondhand-app/Pages/User Registration/Input Kota' successfully

2023-07-24 09:46:56 - [MESSAGE][INFO] - Checking called Test Case

2023-07-24 09:46:56 - [MESSAGE][INFO] - Starting to call Test Case 'Test Cases/secondhand-app/Pages/User Registration/Input Kota'

2023-07-24 09:46:56 - [TEST_CASE][PASSED] - Test Cases/secondhand-app/Pages/User Registration/Input Kota: Test Cases/secondhand-app/Pages/User Registration/Input Kota

2023-07-24 09:46:56 - [TEST_STEP][PASSED] - clearText(findTestObject("secondhand-app/Page Register/android.widget.EditText - Masukkan kota"), 1): Element 'Object Repository/secondhand-app/Page Register/android.widget.EditText - Masukkan kota' text is cleared

2023-07-24 09:46:56 - [MESSAGE][INFO] - Finding Test Object 'Object Repository/secondhand-app/Page Register/android.widget.EditText - Masukkan kota'

2023-07-24 09:46:56 - [MESSAGE][INFO] - Checking object

2023-07-24 09:46:56 - [MESSAGE][INFO] - Checking timeout

2023-07-24 09:46:57 - [MESSAGE][PASSED] - Element 'Object Repository/secondhand-app/Page Register/android.widget.EditText - Masukkan kota' text is cleared

2023-07-24 09:46:57 - [TEST_STEP][PASSED] - setText(findTestObject("secondhand-app/Page Register/android.widget.EditText - Masukkan kota"), "Tarakan, KalTara", 0): Text 'Tarakan, KalTara' has been set to element 'Object Repository/secondhand-app/Page Register/android.widget.EditText - Masukkan kota'

2023-07-24 09:46:57 - [MESSAGE][INFO] - Finding Test Object 'Object Repository/secondhand-app/Page Register/android.widget.EditText - Masukkan kota'

2023-07-24 09:46:57 - [MESSAGE][INFO] - Checking object

2023-07-24 09:46:57 - [MESSAGE][INFO] - Checking timeout

2023-07-24 09:46:57 - [MESSAGE][WARNING] - Timeout '0' is invalid. Using default page load timeout: '30'

2023-07-24 09:46:58 - [MESSAGE][PASSED] - Text 'Tarakan, KalTara' has been set to element 'Object Repository/secondhand-app/Page Register/android.widget.EditText - Masukkan kota'

2023-07-24 09:46:58 - [TEST_STEP][PASSED] - takeScreenshot("screenshot", STOP_ON_FAILURE): Screenshot is taken

2023-07-24 09:46:59 - [MESSAGE][PASSED] - Screenshot is taken
[[ATTACHMENT|C:\\Users\\mhmdr\\Desktop\\SQA-Wave9-Kelompok2\\Reports\\20230724_094453\\secondhand-app\\Feature Register\\20230724_094453\\screenshot]]

2023-07-24 09:46:59 - [MESSAGE][PASSED] - Call Test Case 'Test Cases/secondhand-app/Pages/User Registration/Input Kota' successfully

2023-07-24 09:46:59 - [TEST_STEP][PASSED] - callTestCase(findTestCase("secondhand-app/Pages/User Registration/Input Alamat"), [:], STOP_ON_FAILURE): Call Test Case 'Test Cases/secondhand-app/Pages/User Registration/Input Alamat' successfully

2023-07-24 09:46:59 - [MESSAGE][INFO] - Checking called Test Case

2023-07-24 09:46:59 - [MESSAGE][INFO] - Starting to call Test Case 'Test Cases/secondhand-app/Pages/User Registration/Input Alamat'

2023-07-24 09:46:59 - [TEST_CASE][PASSED] - Test Cases/secondhand-app/Pages/User Registration/Input Alamat: Test Cases/secondhand-app/Pages/User Registration/Input Alamat

2023-07-24 09:46:59 - [TEST_STEP][PASSED] - clearText(findTestObject("secondhand-app/Page Register/android.widget.EditText - Masukkan alamat"), 1): Element 'Object Repository/secondhand-app/Page Register/android.widget.EditText - Masukkan alamat' text is cleared

2023-07-24 09:46:59 - [MESSAGE][INFO] - Finding Test Object 'Object Repository/secondhand-app/Page Register/android.widget.EditText - Masukkan alamat'

2023-07-24 09:46:59 - [MESSAGE][INFO] - Checking object

2023-07-24 09:46:59 - [MESSAGE][INFO] - Checking timeout

2023-07-24 09:47:00 - [MESSAGE][PASSED] - Element 'Object Repository/secondhand-app/Page Register/android.widget.EditText - Masukkan alamat' text is cleared

2023-07-24 09:47:00 - [TEST_STEP][PASSED] - setText(findTestObject("secondhand-app/Page Register/android.widget.EditText - Masukkan alamat"), "Jl. Kenangan Masa Lalu No.404", 0): Text 'Jl. Kenangan Masa Lalu No.404' has been set to element 'Object Repository/secondhand-app/Page Register/android.widget.EditText - Masukkan alamat'

2023-07-24 09:47:00 - [MESSAGE][INFO] - Finding Test Object 'Object Repository/secondhand-app/Page Register/android.widget.EditText - Masukkan alamat'

2023-07-24 09:47:00 - [MESSAGE][INFO] - Checking object

2023-07-24 09:47:00 - [MESSAGE][INFO] - Checking timeout

2023-07-24 09:47:00 - [MESSAGE][WARNING] - Timeout '0' is invalid. Using default page load timeout: '30'

2023-07-24 09:47:01 - [MESSAGE][PASSED] - Text 'Jl. Kenangan Masa Lalu No.404' has been set to element 'Object Repository/secondhand-app/Page Register/android.widget.EditText - Masukkan alamat'

2023-07-24 09:47:01 - [TEST_STEP][PASSED] - takeScreenshot("screenshot", STOP_ON_FAILURE): Screenshot is taken

2023-07-24 09:47:02 - [MESSAGE][PASSED] - Screenshot is taken
[[ATTACHMENT|C:\\Users\\mhmdr\\Desktop\\SQA-Wave9-Kelompok2\\Reports\\20230724_094453\\secondhand-app\\Feature Register\\20230724_094453\\screenshot]]

2023-07-24 09:47:02 - [MESSAGE][PASSED] - Call Test Case 'Test Cases/secondhand-app/Pages/User Registration/Input Alamat' successfully

2023-07-24 09:47:02 - [TEST_STEP][PASSED] - callTestCase(findTestCase("secondhand-app/Pages/User Registration/Tap Daftar"), [:], STOP_ON_FAILURE): Call Test Case 'Test Cases/secondhand-app/Pages/User Registration/Tap Daftar' successfully

2023-07-24 09:47:02 - [MESSAGE][INFO] - Checking called Test Case

2023-07-24 09:47:02 - [MESSAGE][INFO] - Starting to call Test Case 'Test Cases/secondhand-app/Pages/User Registration/Tap Daftar'

2023-07-24 09:47:02 - [TEST_CASE][PASSED] - Test Cases/secondhand-app/Pages/User Registration/Tap Daftar: Test Cases/secondhand-app/Pages/User Registration/Tap Daftar

2023-07-24 09:47:02 - [TEST_STEP][PASSED] - waitForElementPresent(findTestObject("secondhand-app/Page Register/android.widget.Button - Daftar"), 2): Element 'Object Repository/secondhand-app/Page Register/android.widget.Button - Daftar' is present

2023-07-24 09:47:02 - [MESSAGE][INFO] - Finding Test Object 'Object Repository/secondhand-app/Page Register/android.widget.Button - Daftar'

2023-07-24 09:47:02 - [MESSAGE][INFO] - Checking object

2023-07-24 09:47:02 - [MESSAGE][INFO] - Checking timeout

2023-07-24 09:47:04 - [MESSAGE][PASSED] - Element 'Object Repository/secondhand-app/Page Register/android.widget.Button - Daftar' is present

2023-07-24 09:47:04 - [TEST_STEP][PASSED] - tap(findTestObject("secondhand-app/Page Register/android.widget.Button - Daftar"), 2): Tapped on element 'Object Repository/secondhand-app/Page Register/android.widget.Button - Daftar'

2023-07-24 09:47:04 - [MESSAGE][INFO] - Finding Test Object 'Object Repository/secondhand-app/Page Register/android.widget.Button - Daftar'

2023-07-24 09:47:04 - [MESSAGE][INFO] - Checking object

2023-07-24 09:47:04 - [MESSAGE][INFO] - Checking timeout

2023-07-24 09:47:08 - [MESSAGE][PASSED] - Tapped on element 'Object Repository/secondhand-app/Page Register/android.widget.Button - Daftar'

2023-07-24 09:47:08 - [MESSAGE][PASSED] - Call Test Case 'Test Cases/secondhand-app/Pages/User Registration/Tap Daftar' successfully

2023-07-24 09:47:08 - [TEST_STEP][PASSED] - callTestCase(findTestCase("secondhand-app/Pages/User Registration/Read Error Messages - Invalid Email"), ["expected":"Email tidak valid"], STOP_ON_FAILURE): Call Test Case 'Test Cases/secondhand-app/Pages/User Registration/Read Error Messages - Invalid Email' successfully

2023-07-24 09:47:08 - [MESSAGE][INFO] - Checking called Test Case

2023-07-24 09:47:08 - [MESSAGE][INFO] - Starting to call Test Case 'Test Cases/secondhand-app/Pages/User Registration/Read Error Messages - Invalid Email'

2023-07-24 09:47:08 - [TEST_CASE][PASSED] - Test Cases/secondhand-app/Pages/User Registration/Read Error Messages - Invalid Email: Test Cases/secondhand-app/Pages/User Registration/Read Error Messages - Invalid Email

2023-07-24 09:47:08 - [TEST_STEP][PASSED] - waitForElementPresent(findTestObject("secondhand-app/Page Register/android.widget.TextView - Email tidak valid"), 2): Element 'Object Repository/secondhand-app/Page Register/android.widget.TextView - Email tidak valid' is present

2023-07-24 09:47:08 - [MESSAGE][INFO] - Finding Test Object 'Object Repository/secondhand-app/Page Register/android.widget.TextView - Email tidak valid'

2023-07-24 09:47:08 - [MESSAGE][INFO] - Checking object

2023-07-24 09:47:08 - [MESSAGE][INFO] - Checking timeout

2023-07-24 09:47:08 - [MESSAGE][PASSED] - Element 'Object Repository/secondhand-app/Page Register/android.widget.TextView - Email tidak valid' is present

2023-07-24 09:47:08 - [TEST_STEP][PASSED] - errorText = getText(findTestObject("secondhand-app/Page Register/android.widget.TextView - Email tidak valid"), 0): Text of element 'Object Repository/secondhand-app/Page Register/android.widget.TextView - Email tidak valid' is: 'Email tidak valid'

2023-07-24 09:47:08 - [MESSAGE][INFO] - Finding Test Object 'Object Repository/secondhand-app/Page Register/android.widget.TextView - Email tidak valid'

2023-07-24 09:47:08 - [MESSAGE][INFO] - Checking object

2023-07-24 09:47:08 - [MESSAGE][INFO] - Checking timeout

2023-07-24 09:47:08 - [MESSAGE][WARNING] - Timeout '0' is invalid. Using default page load timeout: '30'

2023-07-24 09:47:09 - [MESSAGE][PASSED] - Text of element 'Object Repository/secondhand-app/Page Register/android.widget.TextView - Email tidak valid' is: 'Email tidak valid'

2023-07-24 09:47:09 - [TEST_STEP][PASSED] - logInfo(""): 

2023-07-24 09:47:09 - [MESSAGE][INFO] - 

2023-07-24 09:47:09 - [TEST_STEP][PASSED] - verifyMatch(errorText, expected, false): Actual text 'Email tidak valid' and expected text 'Email tidak valid' are matched 

2023-07-24 09:47:09 - [MESSAGE][INFO] - Matching actual text 'Email tidak valid' with expected text 'Email tidak valid'

2023-07-24 09:47:09 - [MESSAGE][PASSED] - Actual text 'Email tidak valid' and expected text 'Email tidak valid' are matched 

2023-07-24 09:47:09 - [TEST_STEP][PASSED] - takeScreenshot("screenshot", STOP_ON_FAILURE): Screenshot is taken

2023-07-24 09:47:10 - [MESSAGE][PASSED] - Screenshot is taken
[[ATTACHMENT|C:\\Users\\mhmdr\\Desktop\\SQA-Wave9-Kelompok2\\Reports\\20230724_094453\\secondhand-app\\Feature Register\\20230724_094453\\screenshot]]

2023-07-24 09:47:10 - [MESSAGE][PASSED] - Call Test Case 'Test Cases/secondhand-app/Pages/User Registration/Read Error Messages - Invalid Email' successfully]]></system-out>
         <system-err><![CDATA[]]></system-err>
      </testcase>
      <testcase name="Test Cases/secondhand-app/Step Definition/Feature Registration/PR004 - user should not be able to register using blank email" time="42.157" classname="Test Cases/secondhand-app/Step Definition/Feature Registration/PR004 - user should not be able to register using blank email" status="PASSED">
         <system-out><![CDATA[2023-07-24 09:47:10 - [TEST_CASE][PASSED] - Test Cases/secondhand-app/Step Definition/Feature Registration/PR004 - user should not be able to register using blank email: Test Cases/secondhand-app/Step Definition/Feature Registration/PR004 - user should not be able to register using blank email

2023-07-24 09:47:10 - [TEST_STEP][PASSED] - startApplication("androidapp/app-release-second-hand-gcp.apk", false): Started app at: 'C:\Users\mhmdr\Desktop\SQA-Wave9-Kelompok2\androidapp\app-release-second-hand-gcp.apk'

2023-07-24 09:47:10 - [MESSAGE][INFO] - Starting app at: 'C:\Users\mhmdr\Desktop\SQA-Wave9-Kelompok2\androidapp\app-release-second-hand-gcp.apk'

2023-07-24 09:47:20 - [MESSAGE][PASSED] - Started app at: 'C:\Users\mhmdr\Desktop\SQA-Wave9-Kelompok2\androidapp\app-release-second-hand-gcp.apk'

2023-07-24 09:47:20 - [TEST_STEP][PASSED] - callTestCase(findTestCase("secondhand-app/Pages/MenuBar App/Tap Akun"), [:], STOP_ON_FAILURE): Call Test Case 'Test Cases/secondhand-app/Pages/MenuBar App/Tap Akun' successfully

2023-07-24 09:47:20 - [MESSAGE][INFO] - Checking called Test Case

2023-07-24 09:47:20 - [MESSAGE][INFO] - Starting to call Test Case 'Test Cases/secondhand-app/Pages/MenuBar App/Tap Akun'

2023-07-24 09:47:20 - [TEST_CASE][PASSED] - Test Cases/secondhand-app/Pages/MenuBar App/Tap Akun: Test Cases/secondhand-app/Pages/MenuBar App/Tap Akun

2023-07-24 09:47:20 - [TEST_STEP][PASSED] - waitForElementPresent(findTestObject("secondhand-app/MenuBar App/android.widget.TextView - Akun"), 2): Element 'Object Repository/secondhand-app/MenuBar App/android.widget.TextView - Akun' is present

2023-07-24 09:47:20 - [MESSAGE][INFO] - Finding Test Object 'Object Repository/secondhand-app/MenuBar App/android.widget.TextView - Akun'

2023-07-24 09:47:20 - [MESSAGE][INFO] - Checking object

2023-07-24 09:47:20 - [MESSAGE][INFO] - Checking timeout

2023-07-24 09:47:22 - [MESSAGE][PASSED] - Element 'Object Repository/secondhand-app/MenuBar App/android.widget.TextView - Akun' is present

2023-07-24 09:47:22 - [TEST_STEP][PASSED] - tap(findTestObject("secondhand-app/MenuBar App/android.widget.TextView - Akun"), 2): Tapped on element 'Object Repository/secondhand-app/MenuBar App/android.widget.TextView - Akun'

2023-07-24 09:47:22 - [MESSAGE][INFO] - Finding Test Object 'Object Repository/secondhand-app/MenuBar App/android.widget.TextView - Akun'

2023-07-24 09:47:22 - [MESSAGE][INFO] - Checking object

2023-07-24 09:47:22 - [MESSAGE][INFO] - Checking timeout

2023-07-24 09:47:25 - [MESSAGE][PASSED] - Tapped on element 'Object Repository/secondhand-app/MenuBar App/android.widget.TextView - Akun'

2023-07-24 09:47:25 - [MESSAGE][PASSED] - Call Test Case 'Test Cases/secondhand-app/Pages/MenuBar App/Tap Akun' successfully

2023-07-24 09:47:25 - [TEST_STEP][PASSED] - callTestCase(findTestCase("secondhand-app/Pages/My Account/Tap Masuk"), [:], STOP_ON_FAILURE): Call Test Case 'Test Cases/secondhand-app/Pages/My Account/Tap Masuk' successfully

2023-07-24 09:47:25 - [MESSAGE][INFO] - Checking called Test Case

2023-07-24 09:47:25 - [MESSAGE][INFO] - Starting to call Test Case 'Test Cases/secondhand-app/Pages/My Account/Tap Masuk'

2023-07-24 09:47:25 - [TEST_CASE][PASSED] - Test Cases/secondhand-app/Pages/My Account/Tap Masuk: Test Cases/secondhand-app/Pages/My Account/Tap Masuk

2023-07-24 09:47:25 - [TEST_STEP][PASSED] - waitForElementPresent(findTestObject("secondhand-app/Page Account/android.widget.Button - Masuk"), 2): Element 'Object Repository/secondhand-app/Page Account/android.widget.Button - Masuk' is present

2023-07-24 09:47:25 - [MESSAGE][INFO] - Finding Test Object 'Object Repository/secondhand-app/Page Account/android.widget.Button - Masuk'

2023-07-24 09:47:25 - [MESSAGE][INFO] - Checking object

2023-07-24 09:47:25 - [MESSAGE][INFO] - Checking timeout

2023-07-24 09:47:25 - [MESSAGE][PASSED] - Element 'Object Repository/secondhand-app/Page Account/android.widget.Button - Masuk' is present

2023-07-24 09:47:25 - [TEST_STEP][PASSED] - tap(findTestObject("secondhand-app/Page Account/android.widget.Button - Masuk"), 2): Tapped on element 'Object Repository/secondhand-app/Page Account/android.widget.Button - Masuk'

2023-07-24 09:47:25 - [MESSAGE][INFO] - Finding Test Object 'Object Repository/secondhand-app/Page Account/android.widget.Button - Masuk'

2023-07-24 09:47:25 - [MESSAGE][INFO] - Checking object

2023-07-24 09:47:25 - [MESSAGE][INFO] - Checking timeout

2023-07-24 09:47:25 - [MESSAGE][PASSED] - Tapped on element 'Object Repository/secondhand-app/Page Account/android.widget.Button - Masuk'

2023-07-24 09:47:25 - [MESSAGE][PASSED] - Call Test Case 'Test Cases/secondhand-app/Pages/My Account/Tap Masuk' successfully

2023-07-24 09:47:25 - [TEST_STEP][PASSED] - callTestCase(findTestCase("secondhand-app/Pages/User Login/Tap Daftar"), [:], STOP_ON_FAILURE): Call Test Case 'Test Cases/secondhand-app/Pages/User Login/Tap Daftar' successfully

2023-07-24 09:47:25 - [MESSAGE][INFO] - Checking called Test Case

2023-07-24 09:47:25 - [MESSAGE][INFO] - Starting to call Test Case 'Test Cases/secondhand-app/Pages/User Login/Tap Daftar'

2023-07-24 09:47:25 - [TEST_CASE][PASSED] - Test Cases/secondhand-app/Pages/User Login/Tap Daftar: Test Cases/secondhand-app/Pages/User Login/Tap Daftar

2023-07-24 09:47:25 - [TEST_STEP][PASSED] - waitForElementPresent(findTestObject("secondhand-app/Page Login/android.widget.TextView - Daftar"), 2): Element 'Object Repository/secondhand-app/Page Login/android.widget.TextView - Daftar' is present

2023-07-24 09:47:25 - [MESSAGE][INFO] - Finding Test Object 'Object Repository/secondhand-app/Page Login/android.widget.TextView - Daftar'

2023-07-24 09:47:25 - [MESSAGE][INFO] - Checking object

2023-07-24 09:47:25 - [MESSAGE][INFO] - Checking timeout

2023-07-24 09:47:27 - [MESSAGE][PASSED] - Element 'Object Repository/secondhand-app/Page Login/android.widget.TextView - Daftar' is present

2023-07-24 09:47:27 - [TEST_STEP][PASSED] - tap(findTestObject("secondhand-app/Page Login/android.widget.TextView - Daftar"), 2): Tapped on element 'Object Repository/secondhand-app/Page Login/android.widget.TextView - Daftar'

2023-07-24 09:47:27 - [MESSAGE][INFO] - Finding Test Object 'Object Repository/secondhand-app/Page Login/android.widget.TextView - Daftar'

2023-07-24 09:47:27 - [MESSAGE][INFO] - Checking object

2023-07-24 09:47:27 - [MESSAGE][INFO] - Checking timeout

2023-07-24 09:47:27 - [MESSAGE][PASSED] - Tapped on element 'Object Repository/secondhand-app/Page Login/android.widget.TextView - Daftar'

2023-07-24 09:47:27 - [MESSAGE][PASSED] - Call Test Case 'Test Cases/secondhand-app/Pages/User Login/Tap Daftar' successfully

2023-07-24 09:47:27 - [TEST_STEP][PASSED] - callTestCase(findTestCase("secondhand-app/Pages/User Registration/Input Nama"), [:], STOP_ON_FAILURE): Call Test Case 'Test Cases/secondhand-app/Pages/User Registration/Input Nama' successfully

2023-07-24 09:47:27 - [MESSAGE][INFO] - Checking called Test Case

2023-07-24 09:47:27 - [MESSAGE][INFO] - Starting to call Test Case 'Test Cases/secondhand-app/Pages/User Registration/Input Nama'

2023-07-24 09:47:27 - [TEST_CASE][PASSED] - Test Cases/secondhand-app/Pages/User Registration/Input Nama: Test Cases/secondhand-app/Pages/User Registration/Input Nama

2023-07-24 09:47:27 - [TEST_STEP][PASSED] - clearText(findTestObject("secondhand-app/Page Register/android.widget.EditText - Masukkan nama lengkap"), 1): Element 'Object Repository/secondhand-app/Page Register/android.widget.EditText - Masukkan nama lengkap' text is cleared

2023-07-24 09:47:27 - [MESSAGE][INFO] - Finding Test Object 'Object Repository/secondhand-app/Page Register/android.widget.EditText - Masukkan nama lengkap'

2023-07-24 09:47:27 - [MESSAGE][INFO] - Checking object

2023-07-24 09:47:27 - [MESSAGE][INFO] - Checking timeout

2023-07-24 09:47:28 - [MESSAGE][PASSED] - Element 'Object Repository/secondhand-app/Page Register/android.widget.EditText - Masukkan nama lengkap' text is cleared

2023-07-24 09:47:28 - [TEST_STEP][PASSED] - setText(findTestObject("secondhand-app/Page Register/android.widget.EditText - Masukkan nama lengkap"), "Muhammad Rizki", 0): Text 'Muhammad Rizki' has been set to element 'Object Repository/secondhand-app/Page Register/android.widget.EditText - Masukkan nama lengkap'

2023-07-24 09:47:28 - [MESSAGE][INFO] - Finding Test Object 'Object Repository/secondhand-app/Page Register/android.widget.EditText - Masukkan nama lengkap'

2023-07-24 09:47:28 - [MESSAGE][INFO] - Checking object

2023-07-24 09:47:28 - [MESSAGE][INFO] - Checking timeout

2023-07-24 09:47:28 - [MESSAGE][WARNING] - Timeout '0' is invalid. Using default page load timeout: '30'

2023-07-24 09:47:30 - [MESSAGE][PASSED] - Text 'Muhammad Rizki' has been set to element 'Object Repository/secondhand-app/Page Register/android.widget.EditText - Masukkan nama lengkap'

2023-07-24 09:47:30 - [TEST_STEP][PASSED] - takeScreenshot("screenshot", STOP_ON_FAILURE): Screenshot is taken

2023-07-24 09:47:30 - [MESSAGE][PASSED] - Screenshot is taken
[[ATTACHMENT|C:\\Users\\mhmdr\\Desktop\\SQA-Wave9-Kelompok2\\Reports\\20230724_094453\\secondhand-app\\Feature Register\\20230724_094453\\screenshot]]

2023-07-24 09:47:30 - [MESSAGE][PASSED] - Call Test Case 'Test Cases/secondhand-app/Pages/User Registration/Input Nama' successfully

2023-07-24 09:47:30 - [TEST_STEP][PASSED] - callTestCase(findTestCase("secondhand-app/Pages/User Registration/Input Email - Rizki Blank"), [:], STOP_ON_FAILURE): Call Test Case 'Test Cases/secondhand-app/Pages/User Registration/Input Email - Rizki Blank' successfully

2023-07-24 09:47:30 - [MESSAGE][INFO] - Checking called Test Case

2023-07-24 09:47:30 - [MESSAGE][INFO] - Starting to call Test Case 'Test Cases/secondhand-app/Pages/User Registration/Input Email - Rizki Blank'

2023-07-24 09:47:30 - [TEST_CASE][PASSED] - Test Cases/secondhand-app/Pages/User Registration/Input Email - Rizki Blank: Test Cases/secondhand-app/Pages/User Registration/Input Email - Rizki Blank

2023-07-24 09:47:30 - [TEST_STEP][PASSED] - clearText(findTestObject("secondhand-app/Page Register/android.widget.EditText - Masukkan email"), 1): Element 'Object Repository/secondhand-app/Page Register/android.widget.EditText - Masukkan email' text is cleared

2023-07-24 09:47:30 - [MESSAGE][INFO] - Finding Test Object 'Object Repository/secondhand-app/Page Register/android.widget.EditText - Masukkan email'

2023-07-24 09:47:31 - [MESSAGE][INFO] - Checking object

2023-07-24 09:47:31 - [MESSAGE][INFO] - Checking timeout

2023-07-24 09:47:31 - [MESSAGE][PASSED] - Element 'Object Repository/secondhand-app/Page Register/android.widget.EditText - Masukkan email' text is cleared

2023-07-24 09:47:31 - [TEST_STEP][PASSED] - setText(findTestObject("secondhand-app/Page Register/android.widget.EditText - Masukkan email"), "", 0): Text '' has been set to element 'Object Repository/secondhand-app/Page Register/android.widget.EditText - Masukkan email'

2023-07-24 09:47:31 - [MESSAGE][INFO] - Finding Test Object 'Object Repository/secondhand-app/Page Register/android.widget.EditText - Masukkan email'

2023-07-24 09:47:31 - [MESSAGE][INFO] - Checking object

2023-07-24 09:47:31 - [MESSAGE][INFO] - Checking timeout

2023-07-24 09:47:31 - [MESSAGE][WARNING] - Timeout '0' is invalid. Using default page load timeout: '30'

2023-07-24 09:47:32 - [MESSAGE][PASSED] - Text '' has been set to element 'Object Repository/secondhand-app/Page Register/android.widget.EditText - Masukkan email'

2023-07-24 09:47:32 - [TEST_STEP][PASSED] - takeScreenshot("screenshot", STOP_ON_FAILURE): Screenshot is taken

2023-07-24 09:47:33 - [MESSAGE][PASSED] - Screenshot is taken
[[ATTACHMENT|C:\\Users\\mhmdr\\Desktop\\SQA-Wave9-Kelompok2\\Reports\\20230724_094453\\secondhand-app\\Feature Register\\20230724_094453\\screenshot]]

2023-07-24 09:47:33 - [MESSAGE][PASSED] - Call Test Case 'Test Cases/secondhand-app/Pages/User Registration/Input Email - Rizki Blank' successfully

2023-07-24 09:47:33 - [TEST_STEP][PASSED] - callTestCase(findTestCase("secondhand-app/Pages/User Registration/Input Password - Rizki Valid"), [:], STOP_ON_FAILURE): Call Test Case 'Test Cases/secondhand-app/Pages/User Registration/Input Password - Rizki Valid' successfully

2023-07-24 09:47:33 - [MESSAGE][INFO] - Checking called Test Case

2023-07-24 09:47:33 - [MESSAGE][INFO] - Starting to call Test Case 'Test Cases/secondhand-app/Pages/User Registration/Input Password - Rizki Valid'

2023-07-24 09:47:33 - [TEST_CASE][PASSED] - Test Cases/secondhand-app/Pages/User Registration/Input Password - Rizki Valid: Test Cases/secondhand-app/Pages/User Registration/Input Password - Rizki Valid

2023-07-24 09:47:33 - [TEST_STEP][PASSED] - clearText(findTestObject("secondhand-app/Page Register/android.widget.EditText - Masukkan password"), 1): Element 'Object Repository/secondhand-app/Page Register/android.widget.EditText - Masukkan password' text is cleared

2023-07-24 09:47:33 - [MESSAGE][INFO] - Finding Test Object 'Object Repository/secondhand-app/Page Register/android.widget.EditText - Masukkan password'

2023-07-24 09:47:33 - [MESSAGE][INFO] - Checking object

2023-07-24 09:47:33 - [MESSAGE][INFO] - Checking timeout

2023-07-24 09:47:34 - [MESSAGE][PASSED] - Element 'Object Repository/secondhand-app/Page Register/android.widget.EditText - Masukkan password' text is cleared

2023-07-24 09:47:34 - [TEST_STEP][PASSED] - setText(findTestObject("secondhand-app/Page Register/android.widget.EditText - Masukkan password"), "Kiki12345", 0): Text 'Kiki12345' has been set to element 'Object Repository/secondhand-app/Page Register/android.widget.EditText - Masukkan password'

2023-07-24 09:47:34 - [MESSAGE][INFO] - Finding Test Object 'Object Repository/secondhand-app/Page Register/android.widget.EditText - Masukkan password'

2023-07-24 09:47:34 - [MESSAGE][INFO] - Checking object

2023-07-24 09:47:34 - [MESSAGE][INFO] - Checking timeout

2023-07-24 09:47:34 - [MESSAGE][WARNING] - Timeout '0' is invalid. Using default page load timeout: '30'

2023-07-24 09:47:36 - [MESSAGE][PASSED] - Text 'Kiki12345' has been set to element 'Object Repository/secondhand-app/Page Register/android.widget.EditText - Masukkan password'

2023-07-24 09:47:36 - [TEST_STEP][PASSED] - takeScreenshot("screenshot", STOP_ON_FAILURE): Screenshot is taken

2023-07-24 09:47:36 - [MESSAGE][PASSED] - Screenshot is taken
[[ATTACHMENT|C:\\Users\\mhmdr\\Desktop\\SQA-Wave9-Kelompok2\\Reports\\20230724_094453\\secondhand-app\\Feature Register\\20230724_094453\\screenshot]]

2023-07-24 09:47:36 - [MESSAGE][PASSED] - Call Test Case 'Test Cases/secondhand-app/Pages/User Registration/Input Password - Rizki Valid' successfully

2023-07-24 09:47:36 - [TEST_STEP][PASSED] - callTestCase(findTestCase("secondhand-app/Pages/User Registration/Input Nomor HP"), [:], STOP_ON_FAILURE): Call Test Case 'Test Cases/secondhand-app/Pages/User Registration/Input Nomor HP' successfully

2023-07-24 09:47:36 - [MESSAGE][INFO] - Checking called Test Case

2023-07-24 09:47:36 - [MESSAGE][INFO] - Starting to call Test Case 'Test Cases/secondhand-app/Pages/User Registration/Input Nomor HP'

2023-07-24 09:47:36 - [TEST_CASE][PASSED] - Test Cases/secondhand-app/Pages/User Registration/Input Nomor HP: Test Cases/secondhand-app/Pages/User Registration/Input Nomor HP

2023-07-24 09:47:36 - [TEST_STEP][PASSED] - clearText(findTestObject("secondhand-app/Page Register/android.widget.EditText - Contoh 08123456789"), 1): Element 'Object Repository/secondhand-app/Page Register/android.widget.EditText - Contoh 08123456789' text is cleared

2023-07-24 09:47:36 - [MESSAGE][INFO] - Finding Test Object 'Object Repository/secondhand-app/Page Register/android.widget.EditText - Contoh 08123456789'

2023-07-24 09:47:36 - [MESSAGE][INFO] - Checking object

2023-07-24 09:47:36 - [MESSAGE][INFO] - Checking timeout

2023-07-24 09:47:37 - [MESSAGE][PASSED] - Element 'Object Repository/secondhand-app/Page Register/android.widget.EditText - Contoh 08123456789' text is cleared

2023-07-24 09:47:37 - [TEST_STEP][PASSED] - setText(findTestObject("secondhand-app/Page Register/android.widget.EditText - Contoh 08123456789"), "081233334444", 0): Text '081233334444' has been set to element 'Object Repository/secondhand-app/Page Register/android.widget.EditText - Contoh 08123456789'

2023-07-24 09:47:37 - [MESSAGE][INFO] - Finding Test Object 'Object Repository/secondhand-app/Page Register/android.widget.EditText - Contoh 08123456789'

2023-07-24 09:47:37 - [MESSAGE][INFO] - Checking object

2023-07-24 09:47:37 - [MESSAGE][INFO] - Checking timeout

2023-07-24 09:47:37 - [MESSAGE][WARNING] - Timeout '0' is invalid. Using default page load timeout: '30'

2023-07-24 09:47:39 - [MESSAGE][PASSED] - Text '081233334444' has been set to element 'Object Repository/secondhand-app/Page Register/android.widget.EditText - Contoh 08123456789'

2023-07-24 09:47:39 - [TEST_STEP][PASSED] - takeScreenshot("screenshot", STOP_ON_FAILURE): Screenshot is taken

2023-07-24 09:47:39 - [MESSAGE][PASSED] - Screenshot is taken
[[ATTACHMENT|C:\\Users\\mhmdr\\Desktop\\SQA-Wave9-Kelompok2\\Reports\\20230724_094453\\secondhand-app\\Feature Register\\20230724_094453\\screenshot]]

2023-07-24 09:47:39 - [MESSAGE][PASSED] - Call Test Case 'Test Cases/secondhand-app/Pages/User Registration/Input Nomor HP' successfully

2023-07-24 09:47:39 - [TEST_STEP][PASSED] - callTestCase(findTestCase("secondhand-app/Pages/User Registration/Input Kota"), [:], STOP_ON_FAILURE): Call Test Case 'Test Cases/secondhand-app/Pages/User Registration/Input Kota' successfully

2023-07-24 09:47:39 - [MESSAGE][INFO] - Checking called Test Case

2023-07-24 09:47:39 - [MESSAGE][INFO] - Starting to call Test Case 'Test Cases/secondhand-app/Pages/User Registration/Input Kota'

2023-07-24 09:47:39 - [TEST_CASE][PASSED] - Test Cases/secondhand-app/Pages/User Registration/Input Kota: Test Cases/secondhand-app/Pages/User Registration/Input Kota

2023-07-24 09:47:39 - [TEST_STEP][PASSED] - clearText(findTestObject("secondhand-app/Page Register/android.widget.EditText - Masukkan kota"), 1): Element 'Object Repository/secondhand-app/Page Register/android.widget.EditText - Masukkan kota' text is cleared

2023-07-24 09:47:39 - [MESSAGE][INFO] - Finding Test Object 'Object Repository/secondhand-app/Page Register/android.widget.EditText - Masukkan kota'

2023-07-24 09:47:39 - [MESSAGE][INFO] - Checking object

2023-07-24 09:47:39 - [MESSAGE][INFO] - Checking timeout

2023-07-24 09:47:40 - [MESSAGE][PASSED] - Element 'Object Repository/secondhand-app/Page Register/android.widget.EditText - Masukkan kota' text is cleared

2023-07-24 09:47:40 - [TEST_STEP][PASSED] - setText(findTestObject("secondhand-app/Page Register/android.widget.EditText - Masukkan kota"), "Tarakan, KalTara", 0): Text 'Tarakan, KalTara' has been set to element 'Object Repository/secondhand-app/Page Register/android.widget.EditText - Masukkan kota'

2023-07-24 09:47:40 - [MESSAGE][INFO] - Finding Test Object 'Object Repository/secondhand-app/Page Register/android.widget.EditText - Masukkan kota'

2023-07-24 09:47:40 - [MESSAGE][INFO] - Checking object

2023-07-24 09:47:40 - [MESSAGE][INFO] - Checking timeout

2023-07-24 09:47:40 - [MESSAGE][WARNING] - Timeout '0' is invalid. Using default page load timeout: '30'

2023-07-24 09:47:41 - [MESSAGE][PASSED] - Text 'Tarakan, KalTara' has been set to element 'Object Repository/secondhand-app/Page Register/android.widget.EditText - Masukkan kota'

2023-07-24 09:47:41 - [TEST_STEP][PASSED] - takeScreenshot("screenshot", STOP_ON_FAILURE): Screenshot is taken

2023-07-24 09:47:42 - [MESSAGE][PASSED] - Screenshot is taken
[[ATTACHMENT|C:\\Users\\mhmdr\\Desktop\\SQA-Wave9-Kelompok2\\Reports\\20230724_094453\\secondhand-app\\Feature Register\\20230724_094453\\screenshot]]

2023-07-24 09:47:42 - [MESSAGE][PASSED] - Call Test Case 'Test Cases/secondhand-app/Pages/User Registration/Input Kota' successfully

2023-07-24 09:47:42 - [TEST_STEP][PASSED] - callTestCase(findTestCase("secondhand-app/Pages/User Registration/Input Alamat"), [:], STOP_ON_FAILURE): Call Test Case 'Test Cases/secondhand-app/Pages/User Registration/Input Alamat' successfully

2023-07-24 09:47:42 - [MESSAGE][INFO] - Checking called Test Case

2023-07-24 09:47:42 - [MESSAGE][INFO] - Starting to call Test Case 'Test Cases/secondhand-app/Pages/User Registration/Input Alamat'

2023-07-24 09:47:42 - [TEST_CASE][PASSED] - Test Cases/secondhand-app/Pages/User Registration/Input Alamat: Test Cases/secondhand-app/Pages/User Registration/Input Alamat

2023-07-24 09:47:42 - [TEST_STEP][PASSED] - clearText(findTestObject("secondhand-app/Page Register/android.widget.EditText - Masukkan alamat"), 1): Element 'Object Repository/secondhand-app/Page Register/android.widget.EditText - Masukkan alamat' text is cleared

2023-07-24 09:47:42 - [MESSAGE][INFO] - Finding Test Object 'Object Repository/secondhand-app/Page Register/android.widget.EditText - Masukkan alamat'

2023-07-24 09:47:42 - [MESSAGE][INFO] - Checking object

2023-07-24 09:47:42 - [MESSAGE][INFO] - Checking timeout

2023-07-24 09:47:42 - [MESSAGE][PASSED] - Element 'Object Repository/secondhand-app/Page Register/android.widget.EditText - Masukkan alamat' text is cleared

2023-07-24 09:47:42 - [TEST_STEP][PASSED] - setText(findTestObject("secondhand-app/Page Register/android.widget.EditText - Masukkan alamat"), "Jl. Kenangan Masa Lalu No.404", 0): Text 'Jl. Kenangan Masa Lalu No.404' has been set to element 'Object Repository/secondhand-app/Page Register/android.widget.EditText - Masukkan alamat'

2023-07-24 09:47:42 - [MESSAGE][INFO] - Finding Test Object 'Object Repository/secondhand-app/Page Register/android.widget.EditText - Masukkan alamat'

2023-07-24 09:47:42 - [MESSAGE][INFO] - Checking object

2023-07-24 09:47:42 - [MESSAGE][INFO] - Checking timeout

2023-07-24 09:47:42 - [MESSAGE][WARNING] - Timeout '0' is invalid. Using default page load timeout: '30'

2023-07-24 09:47:44 - [MESSAGE][PASSED] - Text 'Jl. Kenangan Masa Lalu No.404' has been set to element 'Object Repository/secondhand-app/Page Register/android.widget.EditText - Masukkan alamat'

2023-07-24 09:47:44 - [TEST_STEP][PASSED] - takeScreenshot("screenshot", STOP_ON_FAILURE): Screenshot is taken

2023-07-24 09:47:45 - [MESSAGE][PASSED] - Screenshot is taken
[[ATTACHMENT|C:\\Users\\mhmdr\\Desktop\\SQA-Wave9-Kelompok2\\Reports\\20230724_094453\\secondhand-app\\Feature Register\\20230724_094453\\screenshot]]

2023-07-24 09:47:45 - [MESSAGE][PASSED] - Call Test Case 'Test Cases/secondhand-app/Pages/User Registration/Input Alamat' successfully

2023-07-24 09:47:45 - [TEST_STEP][PASSED] - callTestCase(findTestCase("secondhand-app/Pages/User Registration/Tap Daftar"), [:], STOP_ON_FAILURE): Call Test Case 'Test Cases/secondhand-app/Pages/User Registration/Tap Daftar' successfully

2023-07-24 09:47:45 - [MESSAGE][INFO] - Checking called Test Case

2023-07-24 09:47:45 - [MESSAGE][INFO] - Starting to call Test Case 'Test Cases/secondhand-app/Pages/User Registration/Tap Daftar'

2023-07-24 09:47:45 - [TEST_CASE][PASSED] - Test Cases/secondhand-app/Pages/User Registration/Tap Daftar: Test Cases/secondhand-app/Pages/User Registration/Tap Daftar

2023-07-24 09:47:45 - [TEST_STEP][PASSED] - waitForElementPresent(findTestObject("secondhand-app/Page Register/android.widget.Button - Daftar"), 2): Element 'Object Repository/secondhand-app/Page Register/android.widget.Button - Daftar' is present

2023-07-24 09:47:45 - [MESSAGE][INFO] - Finding Test Object 'Object Repository/secondhand-app/Page Register/android.widget.Button - Daftar'

2023-07-24 09:47:45 - [MESSAGE][INFO] - Checking object

2023-07-24 09:47:45 - [MESSAGE][INFO] - Checking timeout

2023-07-24 09:47:47 - [MESSAGE][PASSED] - Element 'Object Repository/secondhand-app/Page Register/android.widget.Button - Daftar' is present

2023-07-24 09:47:47 - [TEST_STEP][PASSED] - tap(findTestObject("secondhand-app/Page Register/android.widget.Button - Daftar"), 2): Tapped on element 'Object Repository/secondhand-app/Page Register/android.widget.Button - Daftar'

2023-07-24 09:47:47 - [MESSAGE][INFO] - Finding Test Object 'Object Repository/secondhand-app/Page Register/android.widget.Button - Daftar'

2023-07-24 09:47:47 - [MESSAGE][INFO] - Checking object

2023-07-24 09:47:47 - [MESSAGE][INFO] - Checking timeout

2023-07-24 09:47:49 - [MESSAGE][PASSED] - Tapped on element 'Object Repository/secondhand-app/Page Register/android.widget.Button - Daftar'

2023-07-24 09:47:49 - [MESSAGE][PASSED] - Call Test Case 'Test Cases/secondhand-app/Pages/User Registration/Tap Daftar' successfully

2023-07-24 09:47:49 - [TEST_STEP][PASSED] - callTestCase(findTestCase("secondhand-app/Pages/User Registration/Read Error Messages - Blank Email"), ["expected":"Email tidak boleh kosong"], STOP_ON_FAILURE): Call Test Case 'Test Cases/secondhand-app/Pages/User Registration/Read Error Messages - Blank Email' successfully

2023-07-24 09:47:49 - [MESSAGE][INFO] - Checking called Test Case

2023-07-24 09:47:49 - [MESSAGE][INFO] - Starting to call Test Case 'Test Cases/secondhand-app/Pages/User Registration/Read Error Messages - Blank Email'

2023-07-24 09:47:49 - [TEST_CASE][PASSED] - Test Cases/secondhand-app/Pages/User Registration/Read Error Messages - Blank Email: Test Cases/secondhand-app/Pages/User Registration/Read Error Messages - Blank Email

2023-07-24 09:47:50 - [TEST_STEP][PASSED] - waitForElementPresent(findTestObject("secondhand-app/Page Register/android.widget.TextView - Email tidak boleh kosong"), 2): Element 'Object Repository/secondhand-app/Page Register/android.widget.TextView - Email tidak boleh kosong' is present

2023-07-24 09:47:50 - [MESSAGE][INFO] - Finding Test Object 'Object Repository/secondhand-app/Page Register/android.widget.TextView - Email tidak boleh kosong'

2023-07-24 09:47:50 - [MESSAGE][INFO] - Checking object

2023-07-24 09:47:50 - [MESSAGE][INFO] - Checking timeout

2023-07-24 09:47:51 - [MESSAGE][PASSED] - Element 'Object Repository/secondhand-app/Page Register/android.widget.TextView - Email tidak boleh kosong' is present

2023-07-24 09:47:51 - [TEST_STEP][PASSED] - errorText = getText(findTestObject("secondhand-app/Page Register/android.widget.TextView - Email tidak boleh kosong"), 0): Text of element 'Object Repository/secondhand-app/Page Register/android.widget.TextView - Email tidak boleh kosong' is: 'Email tidak boleh kosong'

2023-07-24 09:47:51 - [MESSAGE][INFO] - Finding Test Object 'Object Repository/secondhand-app/Page Register/android.widget.TextView - Email tidak boleh kosong'

2023-07-24 09:47:51 - [MESSAGE][INFO] - Checking object

2023-07-24 09:47:51 - [MESSAGE][INFO] - Checking timeout

2023-07-24 09:47:51 - [MESSAGE][WARNING] - Timeout '0' is invalid. Using default page load timeout: '30'

2023-07-24 09:47:51 - [MESSAGE][PASSED] - Text of element 'Object Repository/secondhand-app/Page Register/android.widget.TextView - Email tidak boleh kosong' is: 'Email tidak boleh kosong'

2023-07-24 09:47:51 - [TEST_STEP][PASSED] - logInfo(""): 

2023-07-24 09:47:51 - [MESSAGE][INFO] - 

2023-07-24 09:47:51 - [TEST_STEP][PASSED] - verifyMatch(errorText, expected, false): Actual text 'Email tidak boleh kosong' and expected text 'Email tidak boleh kosong' are matched 

2023-07-24 09:47:51 - [MESSAGE][INFO] - Matching actual text 'Email tidak boleh kosong' with expected text 'Email tidak boleh kosong'

2023-07-24 09:47:51 - [MESSAGE][PASSED] - Actual text 'Email tidak boleh kosong' and expected text 'Email tidak boleh kosong' are matched 

2023-07-24 09:47:51 - [TEST_STEP][PASSED] - takeScreenshot("screenshot", STOP_ON_FAILURE): Screenshot is taken

2023-07-24 09:47:52 - [MESSAGE][PASSED] - Screenshot is taken
[[ATTACHMENT|C:\\Users\\mhmdr\\Desktop\\SQA-Wave9-Kelompok2\\Reports\\20230724_094453\\secondhand-app\\Feature Register\\20230724_094453\\screenshot]]

2023-07-24 09:47:52 - [MESSAGE][PASSED] - Call Test Case 'Test Cases/secondhand-app/Pages/User Registration/Read Error Messages - Blank Email' successfully]]></system-out>
         <system-err><![CDATA[]]></system-err>
      </testcase>
      <system-out><![CDATA[2023-07-24 09:44:55 - [TEST_SUITE][PASSED] - Feature Register: Test Cases/secondhand-app/Step Definition/Feature Registration/PR004 - user should not be able to register using blank email]]></system-out>
      <system-err><![CDATA[]]></system-err>
   </testsuite>
</testsuites>
