<?xml version="1.0" encoding="UTF-8"?>
<testsuites name="Feature Notification" time="60.032" tests="2" failures="0" errors="0">
   <testsuite name="Feature Notification" tests="2" failures="0" errors="0" time="60.032" skipped="0" timestamp="2023-07-20 20:02:51" hostname="User - WINDOWS-5V2O60F" id="Test Suites/secondhand-web/Feature Notification">
      <properties>
         <property name="deviceName" value=""/>
         <property name="devicePlatform" value=""/>
         <property name="logFolder" value="C:\\Users\\User\\SQA-Wave9-Kelompok2\\Reports\\20230720_200245\\secondhand-web\\Feature Notification\\20230720_200245"/>
         <property name="logFiles" value="C:\\Users\\User\\SQA-Wave9-Kelompok2\\Reports\\20230720_200245\\secondhand-web\\Feature Notification\\20230720_200245\\execution0.log"/>
         <property name="attachments" value="C:\\Users\\User\\SQA-Wave9-Kelompok2\\Reports\\20230720_200245\\secondhand-web\\Feature Notification\\20230720_200245\\1689858194139.png, C:\\Users\\User\\SQA-Wave9-Kelompok2\\Reports\\20230720_200245\\secondhand-web\\Feature Notification\\20230720_200245\\1689858197849.png, C:\\Users\\User\\SQA-Wave9-Kelompok2\\Reports\\20230720_200245\\secondhand-web\\Feature Notification\\20230720_200245\\1689858217699.png, C:\\Users\\User\\SQA-Wave9-Kelompok2\\Reports\\20230720_200245\\secondhand-web\\Feature Notification\\20230720_200245\\1689858221712.png"/>
         <property name="hostName" value="User - WINDOWS-5V2O60F"/>
         <property name="os" value="Windows 10 64bit"/>
         <property name="katalonVersion" value="8.6.5.208"/>
         <property name="browser" value="Chrome 115.0.0.0"/>
         <property name="hostAddress" value="172.20.10.5"/>
         <property name="sessionId" value="22497f84db8e000fc46584976328b761"/>
         <property name="seleniumVersion" value="3.141.59"/>
         <property name="proxyInformation" value="ProxyInformation { proxyOption=NO_PROXY, proxyServerType=HTTP, username=, password=********, proxyServerAddress=, proxyServerPort=0, executionList=&quot;&quot;, isApplyToDesiredCapabilities=true }"/>
         <property name="platform" value="Windows 10"/>
      </properties>
      <testcase name="Test Cases/secondhand-web/Step Definition/Feature Notification/N001- user should be able to open the notification message" time="37.759" classname="Test Cases/secondhand-web/Step Definition/Feature Notification/N001- user should be able to open the notification message" status="PASSED">
         <system-out><![CDATA[2023-07-20 20:02:51 - [TEST_CASE][PASSED] - Test Cases/secondhand-web/Step Definition/Feature Notification/N001- user should be able to open the notification message: Test Cases/secondhand-web/Step Definition/Feature Notification/N001- user should be able to open the notification message

2023-07-20 20:02:52 - [TEST_STEP][PASSED] - callTestCase(findTestCase("secondhand-web/Common/Launch Web"), [:], STOP_ON_FAILURE): Call Test Case 'Test Cases/secondhand-web/Common/Launch Web' successfully

2023-07-20 20:02:52 - [MESSAGE][INFO] - Checking called Test Case

2023-07-20 20:02:52 - [MESSAGE][INFO] - Starting to call Test Case 'Test Cases/secondhand-web/Common/Launch Web'

2023-07-20 20:02:52 - [TEST_CASE][PASSED] - Test Cases/secondhand-web/Common/Launch Web: Test Cases/secondhand-web/Common/Launch Web

2023-07-20 20:02:53 - [TEST_STEP][PASSED] - openBrowser(""): Browser is opened with url: ''

2023-07-20 20:02:54 - [MESSAGE][INFO] - Opening browser

2023-07-20 20:02:54 - [MESSAGE][INFO] - Starting 'Chrome' driver

2023-07-20 20:02:54 - [MESSAGE][INFO] - Action delay is set to 0 milliseconds

2023-07-20 20:02:57 - [MESSAGE][PASSED] - Browser is opened with url: ''

2023-07-20 20:02:57 - [TEST_STEP][PASSED] - maximizeWindow(): Current window maximized

2023-07-20 20:02:57 - [MESSAGE][INFO] - Maximizing current window

2023-07-20 20:02:57 - [MESSAGE][PASSED] - Current window maximized

2023-07-20 20:02:58 - [MESSAGE][PASSED] - Call Test Case 'Test Cases/secondhand-web/Common/Launch Web' successfully

2023-07-20 20:02:58 - [TEST_STEP][PASSED] - callTestCase(findTestCase("secondhand-web/Common/Navigate To Web"), [:], STOP_ON_FAILURE): Call Test Case 'Test Cases/secondhand-web/Common/Navigate To Web' successfully

2023-07-20 20:02:58 - [MESSAGE][INFO] - Checking called Test Case

2023-07-20 20:02:58 - [MESSAGE][INFO] - Starting to call Test Case 'Test Cases/secondhand-web/Common/Navigate To Web'

2023-07-20 20:02:58 - [TEST_CASE][PASSED] - Test Cases/secondhand-web/Common/Navigate To Web: Test Cases/secondhand-web/Common/Navigate To Web

2023-07-20 20:02:58 - [TEST_STEP][PASSED] - navigateToUrl(baseUrl): Navigate to 'https://secondhand.binaracademy.org/' successfully

2023-07-20 20:03:00 - [MESSAGE][INFO] - Checking url

2023-07-20 20:03:00 - [MESSAGE][INFO] - Navigating to 'https://secondhand.binaracademy.org/'

2023-07-20 20:03:03 - [MESSAGE][PASSED] - Navigate to 'https://secondhand.binaracademy.org/' successfully

2023-07-20 20:03:03 - [MESSAGE][PASSED] - Call Test Case 'Test Cases/secondhand-web/Common/Navigate To Web' successfully

2023-07-20 20:03:03 - [TEST_STEP][PASSED] - callTestCase(findTestCase("secondhand-web/Pages/User Login/Click Button Masuk"), [:], STOP_ON_FAILURE): Call Test Case 'Test Cases/secondhand-web/Pages/User Login/Click Button Masuk' successfully

2023-07-20 20:03:03 - [MESSAGE][INFO] - Checking called Test Case

2023-07-20 20:03:03 - [MESSAGE][INFO] - Starting to call Test Case 'Test Cases/secondhand-web/Pages/User Login/Click Button Masuk'

2023-07-20 20:03:03 - [TEST_CASE][PASSED] - Test Cases/secondhand-web/Pages/User Login/Click Button Masuk: Test Cases/secondhand-web/Pages/User Login/Click Button Masuk

2023-07-20 20:03:05 - [TEST_STEP][PASSED] - verifyElementVisible(findTestObject("secondhand-web/Login/Click Button Masuk"), STOP_ON_FAILURE): Object 'Object Repository/secondhand-web/Login/Click Button Masuk' is visible

2023-07-20 20:03:06 - [MESSAGE][INFO] - Finding Test Object 'Object Repository/secondhand-web/Login/Click Button Masuk'

2023-07-20 20:03:06 - [MESSAGE][INFO] - Checking object

2023-07-20 20:03:06 - [MESSAGE][INFO] - Finding web element from Test Object's properties

2023-07-20 20:03:06 - [MESSAGE][INFO] - Checking timeout

2023-07-20 20:03:06 - [MESSAGE][INFO] - Finding web element with id: 'Object Repository/secondhand-web/Login/Click Button Masuk' located by 'By.xpath: //div[@id='navbarSupportedContent']/div/a' in '30' second(s)

2023-07-20 20:03:06 - [MESSAGE][INFO] - Smart Wait Function is triggered

2023-07-20 20:03:08 - [MESSAGE][INFO] - Found 1 web elements with id: 'Object Repository/secondhand-web/Login/Click Button Masuk' located by 'By.xpath: //div[@id='navbarSupportedContent']/div/a' in '30' second(s)

2023-07-20 20:03:08 - [MESSAGE][PASSED] - Object 'Object Repository/secondhand-web/Login/Click Button Masuk' is visible

2023-07-20 20:03:08 - [TEST_STEP][PASSED] - click(findTestObject("secondhand-web/Login/Click Button Masuk")): Object: 'Object Repository/secondhand-web/Login/Click Button Masuk' is clicked on

2023-07-20 20:03:08 - [MESSAGE][INFO] - Finding Test Object 'Object Repository/secondhand-web/Login/Click Button Masuk'

2023-07-20 20:03:08 - [MESSAGE][INFO] - Checking object

2023-07-20 20:03:08 - [MESSAGE][INFO] - Checking timeout

2023-07-20 20:03:08 - [MESSAGE][INFO] - Finding web element from Test Object's properties

2023-07-20 20:03:08 - [MESSAGE][INFO] - Checking timeout

2023-07-20 20:03:08 - [MESSAGE][INFO] - Finding web element with id: 'Object Repository/secondhand-web/Login/Click Button Masuk' located by 'By.xpath: //div[@id='navbarSupportedContent']/div/a' in '30' second(s)

2023-07-20 20:03:08 - [MESSAGE][INFO] - Smart Wait Function is triggered

2023-07-20 20:03:09 - [MESSAGE][INFO] - Found 1 web elements with id: 'Object Repository/secondhand-web/Login/Click Button Masuk' located by 'By.xpath: //div[@id='navbarSupportedContent']/div/a' in '30' second(s)

2023-07-20 20:03:09 - [MESSAGE][INFO] - Clicking on object: 'Object Repository/secondhand-web/Login/Click Button Masuk'

2023-07-20 20:03:10 - [MESSAGE][PASSED] - Object: 'Object Repository/secondhand-web/Login/Click Button Masuk' is clicked on

2023-07-20 20:03:10 - [MESSAGE][PASSED] - Call Test Case 'Test Cases/secondhand-web/Pages/User Login/Click Button Masuk' successfully

2023-07-20 20:03:10 - [TEST_STEP][PASSED] - callTestCase(findTestCase("secondhand-web/Pages/User Login/Input Email"), ["email":EmailAsiyah], STOP_ON_FAILURE): Call Test Case 'Test Cases/secondhand-web/Pages/User Login/Input Email' successfully

2023-07-20 20:03:10 - [MESSAGE][INFO] - Checking called Test Case

2023-07-20 20:03:10 - [MESSAGE][INFO] - Starting to call Test Case 'Test Cases/secondhand-web/Pages/User Login/Input Email'

2023-07-20 20:03:10 - [TEST_CASE][PASSED] - Test Cases/secondhand-web/Pages/User Login/Input Email: Test Cases/secondhand-web/Pages/User Login/Input Email

2023-07-20 20:03:11 - [TEST_STEP][PASSED] - waitForElementVisible(findTestObject("secondhand-web/Login/Input_email"), 3): Object 'Object Repository/secondhand-web/Login/Input_email' is visible

2023-07-20 20:03:11 - [MESSAGE][INFO] - Finding Test Object 'Object Repository/secondhand-web/Login/Input_email'

2023-07-20 20:03:12 - [MESSAGE][INFO] - Checking object

2023-07-20 20:03:12 - [MESSAGE][INFO] - Checking timeout

2023-07-20 20:03:12 - [MESSAGE][INFO] - Finding web element from Test Object's properties

2023-07-20 20:03:12 - [MESSAGE][INFO] - Checking timeout

2023-07-20 20:03:12 - [MESSAGE][INFO] - Finding web element with id: 'Object Repository/secondhand-web/Login/Input_email' located by 'By.xpath: //input[@id='user_email']' in '3' second(s)

2023-07-20 20:03:12 - [MESSAGE][INFO] - Smart Wait Function is triggered

2023-07-20 20:03:12 - [MESSAGE][INFO] - Found 1 web elements with id: 'Object Repository/secondhand-web/Login/Input_email' located by 'By.xpath: //input[@id='user_email']' in '3' second(s)

2023-07-20 20:03:12 - [MESSAGE][PASSED] - Object 'Object Repository/secondhand-web/Login/Input_email' is visible

2023-07-20 20:03:12 - [TEST_STEP][PASSED] - setText(findTestObject("secondhand-web/Login/Input_email"), email): Text 'nurasiyah727@gmail.com' is set on object 'Object Repository/secondhand-web/Login/Input_email'

2023-07-20 20:03:12 - [MESSAGE][INFO] - Finding Test Object 'Object Repository/secondhand-web/Login/Input_email'

2023-07-20 20:03:12 - [MESSAGE][INFO] - Checking object

2023-07-20 20:03:12 - [MESSAGE][INFO] - Checking text

2023-07-20 20:03:12 - [MESSAGE][INFO] - Finding web element from Test Object's properties

2023-07-20 20:03:12 - [MESSAGE][INFO] - Checking timeout

2023-07-20 20:03:12 - [MESSAGE][INFO] - Finding web element with id: 'Object Repository/secondhand-web/Login/Input_email' located by 'By.xpath: //input[@id='user_email']' in '30' second(s)

2023-07-20 20:03:12 - [MESSAGE][INFO] - Smart Wait Function is triggered

2023-07-20 20:03:13 - [MESSAGE][INFO] - Found 1 web elements with id: 'Object Repository/secondhand-web/Login/Input_email' located by 'By.xpath: //input[@id='user_email']' in '30' second(s)

2023-07-20 20:03:13 - [MESSAGE][INFO] - Clearing text of object 'Object Repository/secondhand-web/Login/Input_email'

2023-07-20 20:03:13 - [MESSAGE][INFO] - Finding web element from Test Object's properties

2023-07-20 20:03:13 - [MESSAGE][INFO] - Checking timeout

2023-07-20 20:03:13 - [MESSAGE][INFO] - Finding web element with id: 'Object Repository/secondhand-web/Login/Input_email' located by 'By.xpath: //input[@id='user_email']' in '30' second(s)

2023-07-20 20:03:13 - [MESSAGE][INFO] - Smart Wait Function is triggered

2023-07-20 20:03:13 - [MESSAGE][INFO] - Found 1 web elements with id: 'Object Repository/secondhand-web/Login/Input_email' located by 'By.xpath: //input[@id='user_email']' in '30' second(s)

2023-07-20 20:03:13 - [MESSAGE][INFO] - Setting text of object 'Object Repository/secondhand-web/Login/Input_email' to value 'nurasiyah727@gmail.com'

2023-07-20 20:03:13 - [MESSAGE][PASSED] - Text 'nurasiyah727@gmail.com' is set on object 'Object Repository/secondhand-web/Login/Input_email'

2023-07-20 20:03:13 - [TEST_STEP][PASSED] - takeScreenshot(): Taking screenshot successfully

2023-07-20 20:03:13 - [MESSAGE][INFO] - Smart Wait Function is triggered

2023-07-20 20:03:15 - [MESSAGE][PASSED] - Taking screenshot successfully
[[ATTACHMENT|C:\\Users\\User\\SQA-Wave9-Kelompok2\\Reports\\20230720_200245\\secondhand-web\\Feature Notification\\20230720_200245\\1689858194139.png]]

2023-07-20 20:03:15 - [MESSAGE][PASSED] - Call Test Case 'Test Cases/secondhand-web/Pages/User Login/Input Email' successfully

2023-07-20 20:03:15 - [TEST_STEP][PASSED] - callTestCase(findTestCase("secondhand-web/Pages/User Login/Input Password"), ["password":PasswordAsiyah], STOP_ON_FAILURE): Call Test Case 'Test Cases/secondhand-web/Pages/User Login/Input Password' successfully

2023-07-20 20:03:15 - [MESSAGE][INFO] - Checking called Test Case

2023-07-20 20:03:15 - [MESSAGE][INFO] - Starting to call Test Case 'Test Cases/secondhand-web/Pages/User Login/Input Password'

2023-07-20 20:03:15 - [TEST_CASE][PASSED] - Test Cases/secondhand-web/Pages/User Login/Input Password: Test Cases/secondhand-web/Pages/User Login/Input Password

2023-07-20 20:03:16 - [TEST_STEP][PASSED] - waitForElementVisible(findTestObject("secondhand-web/Login/Input_password"), 3): Object 'Object Repository/secondhand-web/Login/Input_password' is visible

2023-07-20 20:03:16 - [MESSAGE][INFO] - Finding Test Object 'Object Repository/secondhand-web/Login/Input_password'

2023-07-20 20:03:16 - [MESSAGE][INFO] - Checking object

2023-07-20 20:03:16 - [MESSAGE][INFO] - Checking timeout

2023-07-20 20:03:16 - [MESSAGE][INFO] - Finding web element from Test Object's properties

2023-07-20 20:03:16 - [MESSAGE][INFO] - Checking timeout

2023-07-20 20:03:16 - [MESSAGE][INFO] - Finding web element with id: 'Object Repository/secondhand-web/Login/Input_password' located by 'By.xpath: //input[@id='user_password']' in '3' second(s)

2023-07-20 20:03:16 - [MESSAGE][INFO] - Smart Wait Function is triggered

2023-07-20 20:03:16 - [MESSAGE][INFO] - Found 1 web elements with id: 'Object Repository/secondhand-web/Login/Input_password' located by 'By.xpath: //input[@id='user_password']' in '3' second(s)

2023-07-20 20:03:16 - [MESSAGE][PASSED] - Object 'Object Repository/secondhand-web/Login/Input_password' is visible

2023-07-20 20:03:16 - [TEST_STEP][PASSED] - setText(findTestObject("secondhand-web/Login/Input_password"), password): Text 'pass.123' is set on object 'Object Repository/secondhand-web/Login/Input_password'

2023-07-20 20:03:16 - [MESSAGE][INFO] - Finding Test Object 'Object Repository/secondhand-web/Login/Input_password'

2023-07-20 20:03:16 - [MESSAGE][INFO] - Checking object

2023-07-20 20:03:16 - [MESSAGE][INFO] - Checking text

2023-07-20 20:03:16 - [MESSAGE][INFO] - Finding web element from Test Object's properties

2023-07-20 20:03:16 - [MESSAGE][INFO] - Checking timeout

2023-07-20 20:03:16 - [MESSAGE][INFO] - Finding web element with id: 'Object Repository/secondhand-web/Login/Input_password' located by 'By.xpath: //input[@id='user_password']' in '30' second(s)

2023-07-20 20:03:16 - [MESSAGE][INFO] - Smart Wait Function is triggered

2023-07-20 20:03:17 - [MESSAGE][INFO] - Found 1 web elements with id: 'Object Repository/secondhand-web/Login/Input_password' located by 'By.xpath: //input[@id='user_password']' in '30' second(s)

2023-07-20 20:03:17 - [MESSAGE][INFO] - Clearing text of object 'Object Repository/secondhand-web/Login/Input_password'

2023-07-20 20:03:17 - [MESSAGE][INFO] - Finding web element from Test Object's properties

2023-07-20 20:03:17 - [MESSAGE][INFO] - Checking timeout

2023-07-20 20:03:17 - [MESSAGE][INFO] - Finding web element with id: 'Object Repository/secondhand-web/Login/Input_password' located by 'By.xpath: //input[@id='user_password']' in '30' second(s)

2023-07-20 20:03:17 - [MESSAGE][INFO] - Smart Wait Function is triggered

2023-07-20 20:03:17 - [MESSAGE][INFO] - Found 1 web elements with id: 'Object Repository/secondhand-web/Login/Input_password' located by 'By.xpath: //input[@id='user_password']' in '30' second(s)

2023-07-20 20:03:17 - [MESSAGE][INFO] - Setting text of object 'Object Repository/secondhand-web/Login/Input_password' to value 'pass.123'

2023-07-20 20:03:17 - [MESSAGE][PASSED] - Text 'pass.123' is set on object 'Object Repository/secondhand-web/Login/Input_password'

2023-07-20 20:03:17 - [TEST_STEP][PASSED] - takeScreenshot(): Taking screenshot successfully

2023-07-20 20:03:17 - [MESSAGE][INFO] - Smart Wait Function is triggered

2023-07-20 20:03:18 - [MESSAGE][PASSED] - Taking screenshot successfully
[[ATTACHMENT|C:\\Users\\User\\SQA-Wave9-Kelompok2\\Reports\\20230720_200245\\secondhand-web\\Feature Notification\\20230720_200245\\1689858197849.png]]

2023-07-20 20:03:18 - [MESSAGE][PASSED] - Call Test Case 'Test Cases/secondhand-web/Pages/User Login/Input Password' successfully

2023-07-20 20:03:18 - [TEST_STEP][PASSED] - callTestCase(findTestCase("secondhand-web/Pages/User Login/Button Masuk"), [:], STOP_ON_FAILURE): Call Test Case 'Test Cases/secondhand-web/Pages/User Login/Button Masuk' successfully

2023-07-20 20:03:19 - [MESSAGE][INFO] - Checking called Test Case

2023-07-20 20:03:19 - [MESSAGE][INFO] - Starting to call Test Case 'Test Cases/secondhand-web/Pages/User Login/Button Masuk'

2023-07-20 20:03:19 - [TEST_CASE][PASSED] - Test Cases/secondhand-web/Pages/User Login/Button Masuk: Test Cases/secondhand-web/Pages/User Login/Button Masuk

2023-07-20 20:03:20 - [TEST_STEP][PASSED] - verifyElementVisible(findTestObject("secondhand-web/Login/Button Masuk"), STOP_ON_FAILURE): Object 'Object Repository/secondhand-web/Login/Button Masuk' is visible

2023-07-20 20:03:20 - [MESSAGE][INFO] - Finding Test Object 'Object Repository/secondhand-web/Login/Button Masuk'

2023-07-20 20:03:20 - [MESSAGE][INFO] - Checking object

2023-07-20 20:03:20 - [MESSAGE][INFO] - Finding web element from Test Object's properties

2023-07-20 20:03:20 - [MESSAGE][INFO] - Checking timeout

2023-07-20 20:03:20 - [MESSAGE][INFO] - Finding web element with id: 'Object Repository/secondhand-web/Login/Button Masuk' located by 'By.xpath: //input[@name='commit']' in '30' second(s)

2023-07-20 20:03:20 - [MESSAGE][INFO] - Smart Wait Function is triggered

2023-07-20 20:03:20 - [MESSAGE][INFO] - Found 1 web elements with id: 'Object Repository/secondhand-web/Login/Button Masuk' located by 'By.xpath: //input[@name='commit']' in '30' second(s)

2023-07-20 20:03:20 - [MESSAGE][PASSED] - Object 'Object Repository/secondhand-web/Login/Button Masuk' is visible

2023-07-20 20:03:20 - [TEST_STEP][PASSED] - click(findTestObject("secondhand-web/Login/Button Masuk")): Object: 'Object Repository/secondhand-web/Login/Button Masuk' is clicked on

2023-07-20 20:03:20 - [MESSAGE][INFO] - Finding Test Object 'Object Repository/secondhand-web/Login/Button Masuk'

2023-07-20 20:03:20 - [MESSAGE][INFO] - Checking object

2023-07-20 20:03:20 - [MESSAGE][INFO] - Checking timeout

2023-07-20 20:03:20 - [MESSAGE][INFO] - Finding web element from Test Object's properties

2023-07-20 20:03:20 - [MESSAGE][INFO] - Checking timeout

2023-07-20 20:03:20 - [MESSAGE][INFO] - Finding web element with id: 'Object Repository/secondhand-web/Login/Button Masuk' located by 'By.xpath: //input[@name='commit']' in '30' second(s)

2023-07-20 20:03:20 - [MESSAGE][INFO] - Smart Wait Function is triggered

2023-07-20 20:03:21 - [MESSAGE][INFO] - Found 1 web elements with id: 'Object Repository/secondhand-web/Login/Button Masuk' located by 'By.xpath: //input[@name='commit']' in '30' second(s)

2023-07-20 20:03:21 - [MESSAGE][INFO] - Clicking on object: 'Object Repository/secondhand-web/Login/Button Masuk'

2023-07-20 20:03:21 - [MESSAGE][PASSED] - Object: 'Object Repository/secondhand-web/Login/Button Masuk' is clicked on

2023-07-20 20:03:21 - [MESSAGE][PASSED] - Call Test Case 'Test Cases/secondhand-web/Pages/User Login/Button Masuk' successfully

2023-07-20 20:03:21 - [TEST_STEP][PASSED] - callTestCase(findTestCase("secondhand-web/Pages/Notification/Notification Icon"), [:], STOP_ON_FAILURE): Call Test Case 'Test Cases/secondhand-web/Pages/Notification/Notification Icon' successfully

2023-07-20 20:03:21 - [MESSAGE][INFO] - Checking called Test Case

2023-07-20 20:03:21 - [MESSAGE][INFO] - Starting to call Test Case 'Test Cases/secondhand-web/Pages/Notification/Notification Icon'

2023-07-20 20:03:21 - [TEST_CASE][PASSED] - Test Cases/secondhand-web/Pages/Notification/Notification Icon: Test Cases/secondhand-web/Pages/Notification/Notification Icon

2023-07-20 20:03:22 - [TEST_STEP][PASSED] - verifyElementVisible(findTestObject("secondhand-web/Notification/Notification Icon"), STOP_ON_FAILURE): Object 'Object Repository/secondhand-web/Notification/Notification Icon' is visible

2023-07-20 20:03:22 - [MESSAGE][INFO] - Finding Test Object 'Object Repository/secondhand-web/Notification/Notification Icon'

2023-07-20 20:03:23 - [MESSAGE][INFO] - Checking object

2023-07-20 20:03:23 - [MESSAGE][INFO] - Finding web element from Test Object's properties

2023-07-20 20:03:23 - [MESSAGE][INFO] - Checking timeout

2023-07-20 20:03:23 - [MESSAGE][INFO] - Finding web element with id: 'Object Repository/secondhand-web/Notification/Notification Icon' located by 'By.xpath: //div[@id='navbarSupportedContent']/div/ul/li[3]/a/i' in '30' second(s)

2023-07-20 20:03:23 - [MESSAGE][INFO] - Smart Wait Function is triggered

2023-07-20 20:03:23 - [MESSAGE][INFO] - Found 1 web elements with id: 'Object Repository/secondhand-web/Notification/Notification Icon' located by 'By.xpath: //div[@id='navbarSupportedContent']/div/ul/li[3]/a/i' in '30' second(s)

2023-07-20 20:03:23 - [MESSAGE][PASSED] - Object 'Object Repository/secondhand-web/Notification/Notification Icon' is visible

2023-07-20 20:03:23 - [TEST_STEP][PASSED] - click(findTestObject("secondhand-web/Notification/Notification Icon")): Object: 'Object Repository/secondhand-web/Notification/Notification Icon' is clicked on

2023-07-20 20:03:23 - [MESSAGE][INFO] - Finding Test Object 'Object Repository/secondhand-web/Notification/Notification Icon'

2023-07-20 20:03:23 - [MESSAGE][INFO] - Checking object

2023-07-20 20:03:23 - [MESSAGE][INFO] - Checking timeout

2023-07-20 20:03:23 - [MESSAGE][INFO] - Finding web element from Test Object's properties

2023-07-20 20:03:23 - [MESSAGE][INFO] - Checking timeout

2023-07-20 20:03:23 - [MESSAGE][INFO] - Finding web element with id: 'Object Repository/secondhand-web/Notification/Notification Icon' located by 'By.xpath: //div[@id='navbarSupportedContent']/div/ul/li[3]/a/i' in '30' second(s)

2023-07-20 20:03:23 - [MESSAGE][INFO] - Smart Wait Function is triggered

2023-07-20 20:03:23 - [MESSAGE][INFO] - Found 1 web elements with id: 'Object Repository/secondhand-web/Notification/Notification Icon' located by 'By.xpath: //div[@id='navbarSupportedContent']/div/ul/li[3]/a/i' in '30' second(s)

2023-07-20 20:03:23 - [MESSAGE][INFO] - Clicking on object: 'Object Repository/secondhand-web/Notification/Notification Icon'

2023-07-20 20:03:23 - [MESSAGE][PASSED] - Object: 'Object Repository/secondhand-web/Notification/Notification Icon' is clicked on

2023-07-20 20:03:23 - [MESSAGE][PASSED] - Call Test Case 'Test Cases/secondhand-web/Pages/Notification/Notification Icon' successfully

2023-07-20 20:03:23 - [TEST_STEP][PASSED] - callTestCase(findTestCase("secondhand-web/Pages/Notification/Notification Message"), [:], STOP_ON_FAILURE): Call Test Case 'Test Cases/secondhand-web/Pages/Notification/Notification Message' successfully

2023-07-20 20:03:23 - [MESSAGE][INFO] - Checking called Test Case

2023-07-20 20:03:23 - [MESSAGE][INFO] - Starting to call Test Case 'Test Cases/secondhand-web/Pages/Notification/Notification Message'

2023-07-20 20:03:24 - [TEST_CASE][PASSED] - Test Cases/secondhand-web/Pages/Notification/Notification Message: Test Cases/secondhand-web/Pages/Notification/Notification Message

2023-07-20 20:03:24 - [TEST_STEP][PASSED] - verifyElementVisible(findTestObject("secondhand-web/Notification/Notification Message"), STOP_ON_FAILURE): Object 'Object Repository/secondhand-web/Notification/Notification Message' is visible

2023-07-20 20:03:24 - [MESSAGE][INFO] - Finding Test Object 'Object Repository/secondhand-web/Notification/Notification Message'

2023-07-20 20:03:24 - [MESSAGE][INFO] - Checking object

2023-07-20 20:03:24 - [MESSAGE][INFO] - Finding web element from Test Object's properties

2023-07-20 20:03:24 - [MESSAGE][INFO] - Checking timeout

2023-07-20 20:03:24 - [MESSAGE][INFO] - Finding web element with id: 'Object Repository/secondhand-web/Notification/Notification Message' located by 'By.xpath: //div[@id='navbarSupportedContent']/div/ul/li[3]/ul/li/a/div/div[2]' in '30' second(s)

2023-07-20 20:03:24 - [MESSAGE][INFO] - Smart Wait Function is triggered

2023-07-20 20:03:25 - [MESSAGE][INFO] - Found 9 web elements with id: 'Object Repository/secondhand-web/Notification/Notification Message' located by 'By.xpath: //div[@id='navbarSupportedContent']/div/ul/li[3]/ul/li/a/div/div[2]' in '30' second(s)

2023-07-20 20:03:25 - [MESSAGE][PASSED] - Object 'Object Repository/secondhand-web/Notification/Notification Message' is visible

2023-07-20 20:03:25 - [TEST_STEP][PASSED] - click(findTestObject("secondhand-web/Notification/Notification Message")): Object: 'Object Repository/secondhand-web/Notification/Notification Message' is clicked on

2023-07-20 20:03:25 - [MESSAGE][INFO] - Finding Test Object 'Object Repository/secondhand-web/Notification/Notification Message'

2023-07-20 20:03:25 - [MESSAGE][INFO] - Checking object

2023-07-20 20:03:25 - [MESSAGE][INFO] - Checking timeout

2023-07-20 20:03:25 - [MESSAGE][INFO] - Finding web element from Test Object's properties

2023-07-20 20:03:25 - [MESSAGE][INFO] - Checking timeout

2023-07-20 20:03:25 - [MESSAGE][INFO] - Finding web element with id: 'Object Repository/secondhand-web/Notification/Notification Message' located by 'By.xpath: //div[@id='navbarSupportedContent']/div/ul/li[3]/ul/li/a/div/div[2]' in '30' second(s)

2023-07-20 20:03:25 - [MESSAGE][INFO] - Smart Wait Function is triggered

2023-07-20 20:03:25 - [MESSAGE][INFO] - Found 9 web elements with id: 'Object Repository/secondhand-web/Notification/Notification Message' located by 'By.xpath: //div[@id='navbarSupportedContent']/div/ul/li[3]/ul/li/a/div/div[2]' in '30' second(s)

2023-07-20 20:03:25 - [MESSAGE][INFO] - Clicking on object: 'Object Repository/secondhand-web/Notification/Notification Message'

2023-07-20 20:03:25 - [MESSAGE][PASSED] - Object: 'Object Repository/secondhand-web/Notification/Notification Message' is clicked on

2023-07-20 20:03:25 - [MESSAGE][PASSED] - Call Test Case 'Test Cases/secondhand-web/Pages/Notification/Notification Message' successfully

2023-07-20 20:03:25 - [TEST_STEP][PASSED] - callTestCase(findTestCase("secondhand-web/Pages/Notification/Detail Notification"), [:], STOP_ON_FAILURE): Call Test Case 'Test Cases/secondhand-web/Pages/Notification/Detail Notification' successfully

2023-07-20 20:03:26 - [MESSAGE][INFO] - Checking called Test Case

2023-07-20 20:03:26 - [MESSAGE][INFO] - Starting to call Test Case 'Test Cases/secondhand-web/Pages/Notification/Detail Notification'

2023-07-20 20:03:26 - [TEST_CASE][PASSED] - Test Cases/secondhand-web/Pages/Notification/Detail Notification: Test Cases/secondhand-web/Pages/Notification/Detail Notification

2023-07-20 20:03:27 - [TEST_STEP][PASSED] - verifyElementVisible(findTestObject("secondhand-web/Notification/Detail Notification"), STOP_ON_FAILURE): Object 'Object Repository/secondhand-web/Notification/Detail Notification' is visible

2023-07-20 20:03:27 - [MESSAGE][INFO] - Finding Test Object 'Object Repository/secondhand-web/Notification/Detail Notification'

2023-07-20 20:03:27 - [MESSAGE][INFO] - Checking object

2023-07-20 20:03:27 - [MESSAGE][INFO] - Finding web element from Test Object's properties

2023-07-20 20:03:27 - [MESSAGE][INFO] - Checking timeout

2023-07-20 20:03:27 - [MESSAGE][INFO] - Finding web element with id: 'Object Repository/secondhand-web/Notification/Detail Notification' located by 'By.xpath: (.//*[normalize-space(text()) and normalize-space(.)='Info Penawar'])[1]/following::section[2]' in '30' second(s)

2023-07-20 20:03:27 - [MESSAGE][INFO] - Smart Wait Function is triggered

2023-07-20 20:03:27 - [MESSAGE][INFO] - Found 1 web elements with id: 'Object Repository/secondhand-web/Notification/Detail Notification' located by 'By.xpath: (.//*[normalize-space(text()) and normalize-space(.)='Info Penawar'])[1]/following::section[2]' in '30' second(s)

2023-07-20 20:03:27 - [MESSAGE][PASSED] - Object 'Object Repository/secondhand-web/Notification/Detail Notification' is visible

2023-07-20 20:03:27 - [MESSAGE][PASSED] - Call Test Case 'Test Cases/secondhand-web/Pages/Notification/Detail Notification' successfully

2023-07-20 20:03:27 - [TEST_STEP][PASSED] - callTestCase(findTestCase("secondhand-web/Common/Close Web"), [:], STOP_ON_FAILURE): Call Test Case 'Test Cases/secondhand-web/Common/Close Web' successfully

2023-07-20 20:03:27 - [MESSAGE][INFO] - Checking called Test Case

2023-07-20 20:03:27 - [MESSAGE][INFO] - Starting to call Test Case 'Test Cases/secondhand-web/Common/Close Web'

2023-07-20 20:03:27 - [TEST_CASE][PASSED] - Test Cases/secondhand-web/Common/Close Web: Test Cases/secondhand-web/Common/Close Web

2023-07-20 20:03:28 - [TEST_STEP][PASSED] - closeBrowser(): Browser is closed

2023-07-20 20:03:28 - [MESSAGE][INFO] - Closing browser

2023-07-20 20:03:29 - [MESSAGE][PASSED] - Browser is closed

2023-07-20 20:03:29 - [MESSAGE][PASSED] - Call Test Case 'Test Cases/secondhand-web/Common/Close Web' successfully]]></system-out>
         <system-err><![CDATA[]]></system-err>
      </testcase>
      <testcase name="Test Cases/secondhand-web/Step Definition/Feature Notification/N002 - seller will receive a notification when there is a product price negotiation" time="21.713" classname="Test Cases/secondhand-web/Step Definition/Feature Notification/N002 - seller will receive a notification when there is a product price negotiation" status="PASSED">
         <system-out><![CDATA[2023-07-20 20:03:29 - [TEST_CASE][PASSED] - Test Cases/secondhand-web/Step Definition/Feature Notification/N002 - seller will receive a notification when there is a product price negotiation: Test Cases/secondhand-web/Step Definition/Feature Notification/N002 - seller will receive a notification when there is a product price negotiation

2023-07-20 20:03:29 - [TEST_STEP][PASSED] - callTestCase(findTestCase("secondhand-web/Common/Launch Web"), [:], STOP_ON_FAILURE): Call Test Case 'Test Cases/secondhand-web/Common/Launch Web' successfully

2023-07-20 20:03:30 - [MESSAGE][INFO] - Checking called Test Case

2023-07-20 20:03:30 - [MESSAGE][INFO] - Starting to call Test Case 'Test Cases/secondhand-web/Common/Launch Web'

2023-07-20 20:03:30 - [TEST_CASE][PASSED] - Test Cases/secondhand-web/Common/Launch Web: Test Cases/secondhand-web/Common/Launch Web

2023-07-20 20:03:30 - [TEST_STEP][PASSED] - openBrowser(""): Browser is opened with url: ''

2023-07-20 20:03:30 - [MESSAGE][INFO] - Opening browser

2023-07-20 20:03:30 - [MESSAGE][INFO] - Starting 'Chrome' driver

2023-07-20 20:03:30 - [MESSAGE][INFO] - Action delay is set to 0 milliseconds

2023-07-20 20:03:32 - [MESSAGE][PASSED] - Browser is opened with url: ''

2023-07-20 20:03:32 - [TEST_STEP][PASSED] - maximizeWindow(): Current window maximized

2023-07-20 20:03:32 - [MESSAGE][INFO] - Maximizing current window

2023-07-20 20:03:32 - [MESSAGE][PASSED] - Current window maximized

2023-07-20 20:03:32 - [MESSAGE][PASSED] - Call Test Case 'Test Cases/secondhand-web/Common/Launch Web' successfully

2023-07-20 20:03:32 - [TEST_STEP][PASSED] - callTestCase(findTestCase("secondhand-web/Common/Navigate To Web"), [:], STOP_ON_FAILURE): Call Test Case 'Test Cases/secondhand-web/Common/Navigate To Web' successfully

2023-07-20 20:03:32 - [MESSAGE][INFO] - Checking called Test Case

2023-07-20 20:03:32 - [MESSAGE][INFO] - Starting to call Test Case 'Test Cases/secondhand-web/Common/Navigate To Web'

2023-07-20 20:03:32 - [TEST_CASE][PASSED] - Test Cases/secondhand-web/Common/Navigate To Web: Test Cases/secondhand-web/Common/Navigate To Web

2023-07-20 20:03:32 - [TEST_STEP][PASSED] - navigateToUrl(baseUrl): Navigate to 'https://secondhand.binaracademy.org/' successfully

2023-07-20 20:03:32 - [MESSAGE][INFO] - Checking url

2023-07-20 20:03:32 - [MESSAGE][INFO] - Navigating to 'https://secondhand.binaracademy.org/'

2023-07-20 20:03:34 - [MESSAGE][PASSED] - Navigate to 'https://secondhand.binaracademy.org/' successfully

2023-07-20 20:03:34 - [MESSAGE][PASSED] - Call Test Case 'Test Cases/secondhand-web/Common/Navigate To Web' successfully

2023-07-20 20:03:34 - [TEST_STEP][PASSED] - callTestCase(findTestCase("secondhand-web/Pages/User Login/Click Button Masuk"), [:], STOP_ON_FAILURE): Call Test Case 'Test Cases/secondhand-web/Pages/User Login/Click Button Masuk' successfully

2023-07-20 20:03:34 - [MESSAGE][INFO] - Checking called Test Case

2023-07-20 20:03:34 - [MESSAGE][INFO] - Starting to call Test Case 'Test Cases/secondhand-web/Pages/User Login/Click Button Masuk'

2023-07-20 20:03:34 - [TEST_CASE][PASSED] - Test Cases/secondhand-web/Pages/User Login/Click Button Masuk: Test Cases/secondhand-web/Pages/User Login/Click Button Masuk

2023-07-20 20:03:34 - [TEST_STEP][PASSED] - verifyElementVisible(findTestObject("secondhand-web/Login/Click Button Masuk"), STOP_ON_FAILURE): Object 'Object Repository/secondhand-web/Login/Click Button Masuk' is visible

2023-07-20 20:03:34 - [MESSAGE][INFO] - Finding Test Object 'Object Repository/secondhand-web/Login/Click Button Masuk'

2023-07-20 20:03:34 - [MESSAGE][INFO] - Checking object

2023-07-20 20:03:34 - [MESSAGE][INFO] - Finding web element from Test Object's properties

2023-07-20 20:03:34 - [MESSAGE][INFO] - Checking timeout

2023-07-20 20:03:34 - [MESSAGE][INFO] - Finding web element with id: 'Object Repository/secondhand-web/Login/Click Button Masuk' located by 'By.xpath: //div[@id='navbarSupportedContent']/div/a' in '30' second(s)

2023-07-20 20:03:34 - [MESSAGE][INFO] - Smart Wait Function is triggered

2023-07-20 20:03:34 - [MESSAGE][INFO] - Found 1 web elements with id: 'Object Repository/secondhand-web/Login/Click Button Masuk' located by 'By.xpath: //div[@id='navbarSupportedContent']/div/a' in '30' second(s)

2023-07-20 20:03:34 - [MESSAGE][PASSED] - Object 'Object Repository/secondhand-web/Login/Click Button Masuk' is visible

2023-07-20 20:03:34 - [TEST_STEP][PASSED] - click(findTestObject("secondhand-web/Login/Click Button Masuk")): Object: 'Object Repository/secondhand-web/Login/Click Button Masuk' is clicked on

2023-07-20 20:03:34 - [MESSAGE][INFO] - Finding Test Object 'Object Repository/secondhand-web/Login/Click Button Masuk'

2023-07-20 20:03:35 - [MESSAGE][INFO] - Checking object

2023-07-20 20:03:35 - [MESSAGE][INFO] - Checking timeout

2023-07-20 20:03:35 - [MESSAGE][INFO] - Finding web element from Test Object's properties

2023-07-20 20:03:35 - [MESSAGE][INFO] - Checking timeout

2023-07-20 20:03:35 - [MESSAGE][INFO] - Finding web element with id: 'Object Repository/secondhand-web/Login/Click Button Masuk' located by 'By.xpath: //div[@id='navbarSupportedContent']/div/a' in '30' second(s)

2023-07-20 20:03:35 - [MESSAGE][INFO] - Smart Wait Function is triggered

2023-07-20 20:03:35 - [MESSAGE][INFO] - Found 1 web elements with id: 'Object Repository/secondhand-web/Login/Click Button Masuk' located by 'By.xpath: //div[@id='navbarSupportedContent']/div/a' in '30' second(s)

2023-07-20 20:03:35 - [MESSAGE][INFO] - Clicking on object: 'Object Repository/secondhand-web/Login/Click Button Masuk'

2023-07-20 20:03:35 - [MESSAGE][PASSED] - Object: 'Object Repository/secondhand-web/Login/Click Button Masuk' is clicked on

2023-07-20 20:03:35 - [MESSAGE][PASSED] - Call Test Case 'Test Cases/secondhand-web/Pages/User Login/Click Button Masuk' successfully

2023-07-20 20:03:35 - [TEST_STEP][PASSED] - callTestCase(findTestCase("secondhand-web/Pages/User Login/Input Email"), ["email":AsiyahEmailSeller], STOP_ON_FAILURE): Call Test Case 'Test Cases/secondhand-web/Pages/User Login/Input Email' successfully

2023-07-20 20:03:35 - [MESSAGE][INFO] - Checking called Test Case

2023-07-20 20:03:35 - [MESSAGE][INFO] - Starting to call Test Case 'Test Cases/secondhand-web/Pages/User Login/Input Email'

2023-07-20 20:03:35 - [TEST_CASE][PASSED] - Test Cases/secondhand-web/Pages/User Login/Input Email: Test Cases/secondhand-web/Pages/User Login/Input Email

2023-07-20 20:03:35 - [TEST_STEP][PASSED] - waitForElementVisible(findTestObject("secondhand-web/Login/Input_email"), 3): Object 'Object Repository/secondhand-web/Login/Input_email' is visible

2023-07-20 20:03:35 - [MESSAGE][INFO] - Finding Test Object 'Object Repository/secondhand-web/Login/Input_email'

2023-07-20 20:03:35 - [MESSAGE][INFO] - Checking object

2023-07-20 20:03:35 - [MESSAGE][INFO] - Checking timeout

2023-07-20 20:03:35 - [MESSAGE][INFO] - Finding web element from Test Object's properties

2023-07-20 20:03:35 - [MESSAGE][INFO] - Checking timeout

2023-07-20 20:03:35 - [MESSAGE][INFO] - Finding web element with id: 'Object Repository/secondhand-web/Login/Input_email' located by 'By.xpath: //input[@id='user_email']' in '3' second(s)

2023-07-20 20:03:35 - [MESSAGE][INFO] - Smart Wait Function is triggered

2023-07-20 20:03:36 - [MESSAGE][INFO] - Found 1 web elements with id: 'Object Repository/secondhand-web/Login/Input_email' located by 'By.xpath: //input[@id='user_email']' in '3' second(s)

2023-07-20 20:03:36 - [MESSAGE][PASSED] - Object 'Object Repository/secondhand-web/Login/Input_email' is visible

2023-07-20 20:03:36 - [TEST_STEP][PASSED] - setText(findTestObject("secondhand-web/Login/Input_email"), email): Text 'asiyahn752@gmail.com' is set on object 'Object Repository/secondhand-web/Login/Input_email'

2023-07-20 20:03:36 - [MESSAGE][INFO] - Finding Test Object 'Object Repository/secondhand-web/Login/Input_email'

2023-07-20 20:03:36 - [MESSAGE][INFO] - Checking object

2023-07-20 20:03:36 - [MESSAGE][INFO] - Checking text

2023-07-20 20:03:36 - [MESSAGE][INFO] - Finding web element from Test Object's properties

2023-07-20 20:03:36 - [MESSAGE][INFO] - Checking timeout

2023-07-20 20:03:36 - [MESSAGE][INFO] - Finding web element with id: 'Object Repository/secondhand-web/Login/Input_email' located by 'By.xpath: //input[@id='user_email']' in '30' second(s)

2023-07-20 20:03:36 - [MESSAGE][INFO] - Smart Wait Function is triggered

2023-07-20 20:03:36 - [MESSAGE][INFO] - Found 1 web elements with id: 'Object Repository/secondhand-web/Login/Input_email' located by 'By.xpath: //input[@id='user_email']' in '30' second(s)

2023-07-20 20:03:36 - [MESSAGE][INFO] - Clearing text of object 'Object Repository/secondhand-web/Login/Input_email'

2023-07-20 20:03:36 - [MESSAGE][INFO] - Finding web element from Test Object's properties

2023-07-20 20:03:36 - [MESSAGE][INFO] - Checking timeout

2023-07-20 20:03:36 - [MESSAGE][INFO] - Finding web element with id: 'Object Repository/secondhand-web/Login/Input_email' located by 'By.xpath: //input[@id='user_email']' in '30' second(s)

2023-07-20 20:03:36 - [MESSAGE][INFO] - Smart Wait Function is triggered

2023-07-20 20:03:37 - [MESSAGE][INFO] - Found 1 web elements with id: 'Object Repository/secondhand-web/Login/Input_email' located by 'By.xpath: //input[@id='user_email']' in '30' second(s)

2023-07-20 20:03:37 - [MESSAGE][INFO] - Setting text of object 'Object Repository/secondhand-web/Login/Input_email' to value 'asiyahn752@gmail.com'

2023-07-20 20:03:37 - [MESSAGE][PASSED] - Text 'asiyahn752@gmail.com' is set on object 'Object Repository/secondhand-web/Login/Input_email'

2023-07-20 20:03:37 - [TEST_STEP][PASSED] - takeScreenshot(): Taking screenshot successfully

2023-07-20 20:03:37 - [MESSAGE][INFO] - Smart Wait Function is triggered

2023-07-20 20:03:38 - [MESSAGE][PASSED] - Taking screenshot successfully
[[ATTACHMENT|C:\\Users\\User\\SQA-Wave9-Kelompok2\\Reports\\20230720_200245\\secondhand-web\\Feature Notification\\20230720_200245\\1689858217699.png]]

2023-07-20 20:03:38 - [MESSAGE][PASSED] - Call Test Case 'Test Cases/secondhand-web/Pages/User Login/Input Email' successfully

2023-07-20 20:03:38 - [TEST_STEP][PASSED] - callTestCase(findTestCase("secondhand-web/Pages/User Login/Input Password"), ["password":PasswordAsiyah], STOP_ON_FAILURE): Call Test Case 'Test Cases/secondhand-web/Pages/User Login/Input Password' successfully

2023-07-20 20:03:38 - [MESSAGE][INFO] - Checking called Test Case

2023-07-20 20:03:38 - [MESSAGE][INFO] - Starting to call Test Case 'Test Cases/secondhand-web/Pages/User Login/Input Password'

2023-07-20 20:03:38 - [TEST_CASE][PASSED] - Test Cases/secondhand-web/Pages/User Login/Input Password: Test Cases/secondhand-web/Pages/User Login/Input Password

2023-07-20 20:03:38 - [TEST_STEP][PASSED] - waitForElementVisible(findTestObject("secondhand-web/Login/Input_password"), 3): Object 'Object Repository/secondhand-web/Login/Input_password' is visible

2023-07-20 20:03:38 - [MESSAGE][INFO] - Finding Test Object 'Object Repository/secondhand-web/Login/Input_password'

2023-07-20 20:03:39 - [MESSAGE][INFO] - Checking object

2023-07-20 20:03:39 - [MESSAGE][INFO] - Checking timeout

2023-07-20 20:03:39 - [MESSAGE][INFO] - Finding web element from Test Object's properties

2023-07-20 20:03:39 - [MESSAGE][INFO] - Checking timeout

2023-07-20 20:03:39 - [MESSAGE][INFO] - Finding web element with id: 'Object Repository/secondhand-web/Login/Input_password' located by 'By.xpath: //input[@id='user_password']' in '3' second(s)

2023-07-20 20:03:39 - [MESSAGE][INFO] - Smart Wait Function is triggered

2023-07-20 20:03:39 - [MESSAGE][INFO] - Found 1 web elements with id: 'Object Repository/secondhand-web/Login/Input_password' located by 'By.xpath: //input[@id='user_password']' in '3' second(s)

2023-07-20 20:03:39 - [MESSAGE][PASSED] - Object 'Object Repository/secondhand-web/Login/Input_password' is visible

2023-07-20 20:03:39 - [TEST_STEP][PASSED] - setText(findTestObject("secondhand-web/Login/Input_password"), password): Text 'pass.123' is set on object 'Object Repository/secondhand-web/Login/Input_password'

2023-07-20 20:03:39 - [MESSAGE][INFO] - Finding Test Object 'Object Repository/secondhand-web/Login/Input_password'

2023-07-20 20:03:39 - [MESSAGE][INFO] - Checking object

2023-07-20 20:03:39 - [MESSAGE][INFO] - Checking text

2023-07-20 20:03:39 - [MESSAGE][INFO] - Finding web element from Test Object's properties

2023-07-20 20:03:40 - [MESSAGE][INFO] - Checking timeout

2023-07-20 20:03:40 - [MESSAGE][INFO] - Finding web element with id: 'Object Repository/secondhand-web/Login/Input_password' located by 'By.xpath: //input[@id='user_password']' in '30' second(s)

2023-07-20 20:03:40 - [MESSAGE][INFO] - Smart Wait Function is triggered

2023-07-20 20:03:40 - [MESSAGE][INFO] - Found 1 web elements with id: 'Object Repository/secondhand-web/Login/Input_password' located by 'By.xpath: //input[@id='user_password']' in '30' second(s)

2023-07-20 20:03:40 - [MESSAGE][INFO] - Clearing text of object 'Object Repository/secondhand-web/Login/Input_password'

2023-07-20 20:03:40 - [MESSAGE][INFO] - Finding web element from Test Object's properties

2023-07-20 20:03:40 - [MESSAGE][INFO] - Checking timeout

2023-07-20 20:03:40 - [MESSAGE][INFO] - Finding web element with id: 'Object Repository/secondhand-web/Login/Input_password' located by 'By.xpath: //input[@id='user_password']' in '30' second(s)

2023-07-20 20:03:40 - [MESSAGE][INFO] - Smart Wait Function is triggered

2023-07-20 20:03:40 - [MESSAGE][INFO] - Found 1 web elements with id: 'Object Repository/secondhand-web/Login/Input_password' located by 'By.xpath: //input[@id='user_password']' in '30' second(s)

2023-07-20 20:03:40 - [MESSAGE][INFO] - Setting text of object 'Object Repository/secondhand-web/Login/Input_password' to value 'pass.123'

2023-07-20 20:03:41 - [MESSAGE][PASSED] - Text 'pass.123' is set on object 'Object Repository/secondhand-web/Login/Input_password'

2023-07-20 20:03:41 - [TEST_STEP][PASSED] - takeScreenshot(): Taking screenshot successfully

2023-07-20 20:03:41 - [MESSAGE][INFO] - Smart Wait Function is triggered

2023-07-20 20:03:42 - [MESSAGE][PASSED] - Taking screenshot successfully
[[ATTACHMENT|C:\\Users\\User\\SQA-Wave9-Kelompok2\\Reports\\20230720_200245\\secondhand-web\\Feature Notification\\20230720_200245\\1689858221712.png]]

2023-07-20 20:03:42 - [MESSAGE][PASSED] - Call Test Case 'Test Cases/secondhand-web/Pages/User Login/Input Password' successfully

2023-07-20 20:03:42 - [TEST_STEP][PASSED] - callTestCase(findTestCase("secondhand-web/Pages/User Login/Button Masuk"), [:], STOP_ON_FAILURE): Call Test Case 'Test Cases/secondhand-web/Pages/User Login/Button Masuk' successfully

2023-07-20 20:03:42 - [MESSAGE][INFO] - Checking called Test Case

2023-07-20 20:03:42 - [MESSAGE][INFO] - Starting to call Test Case 'Test Cases/secondhand-web/Pages/User Login/Button Masuk'

2023-07-20 20:03:42 - [TEST_CASE][PASSED] - Test Cases/secondhand-web/Pages/User Login/Button Masuk: Test Cases/secondhand-web/Pages/User Login/Button Masuk

2023-07-20 20:03:42 - [TEST_STEP][PASSED] - verifyElementVisible(findTestObject("secondhand-web/Login/Button Masuk"), STOP_ON_FAILURE): Object 'Object Repository/secondhand-web/Login/Button Masuk' is visible

2023-07-20 20:03:42 - [MESSAGE][INFO] - Finding Test Object 'Object Repository/secondhand-web/Login/Button Masuk'

2023-07-20 20:03:43 - [MESSAGE][INFO] - Checking object

2023-07-20 20:03:43 - [MESSAGE][INFO] - Finding web element from Test Object's properties

2023-07-20 20:03:43 - [MESSAGE][INFO] - Checking timeout

2023-07-20 20:03:43 - [MESSAGE][INFO] - Finding web element with id: 'Object Repository/secondhand-web/Login/Button Masuk' located by 'By.xpath: //input[@name='commit']' in '30' second(s)

2023-07-20 20:03:43 - [MESSAGE][INFO] - Smart Wait Function is triggered

2023-07-20 20:03:43 - [MESSAGE][INFO] - Found 1 web elements with id: 'Object Repository/secondhand-web/Login/Button Masuk' located by 'By.xpath: //input[@name='commit']' in '30' second(s)

2023-07-20 20:03:43 - [MESSAGE][PASSED] - Object 'Object Repository/secondhand-web/Login/Button Masuk' is visible

2023-07-20 20:03:43 - [TEST_STEP][PASSED] - click(findTestObject("secondhand-web/Login/Button Masuk")): Object: 'Object Repository/secondhand-web/Login/Button Masuk' is clicked on

2023-07-20 20:03:43 - [MESSAGE][INFO] - Finding Test Object 'Object Repository/secondhand-web/Login/Button Masuk'

2023-07-20 20:03:43 - [MESSAGE][INFO] - Checking object

2023-07-20 20:03:43 - [MESSAGE][INFO] - Checking timeout

2023-07-20 20:03:43 - [MESSAGE][INFO] - Finding web element from Test Object's properties

2023-07-20 20:03:43 - [MESSAGE][INFO] - Checking timeout

2023-07-20 20:03:43 - [MESSAGE][INFO] - Finding web element with id: 'Object Repository/secondhand-web/Login/Button Masuk' located by 'By.xpath: //input[@name='commit']' in '30' second(s)

2023-07-20 20:03:43 - [MESSAGE][INFO] - Smart Wait Function is triggered

2023-07-20 20:03:44 - [MESSAGE][INFO] - Found 1 web elements with id: 'Object Repository/secondhand-web/Login/Button Masuk' located by 'By.xpath: //input[@name='commit']' in '30' second(s)

2023-07-20 20:03:44 - [MESSAGE][INFO] - Clicking on object: 'Object Repository/secondhand-web/Login/Button Masuk'

2023-07-20 20:03:44 - [MESSAGE][PASSED] - Object: 'Object Repository/secondhand-web/Login/Button Masuk' is clicked on

2023-07-20 20:03:44 - [MESSAGE][PASSED] - Call Test Case 'Test Cases/secondhand-web/Pages/User Login/Button Masuk' successfully

2023-07-20 20:03:44 - [TEST_STEP][PASSED] - callTestCase(findTestCase("secondhand-web/Pages/Notification/Notification Icon"), [:], STOP_ON_FAILURE): Call Test Case 'Test Cases/secondhand-web/Pages/Notification/Notification Icon' successfully

2023-07-20 20:03:44 - [MESSAGE][INFO] - Checking called Test Case

2023-07-20 20:03:44 - [MESSAGE][INFO] - Starting to call Test Case 'Test Cases/secondhand-web/Pages/Notification/Notification Icon'

2023-07-20 20:03:44 - [TEST_CASE][PASSED] - Test Cases/secondhand-web/Pages/Notification/Notification Icon: Test Cases/secondhand-web/Pages/Notification/Notification Icon

2023-07-20 20:03:44 - [TEST_STEP][PASSED] - verifyElementVisible(findTestObject("secondhand-web/Notification/Notification Icon"), STOP_ON_FAILURE): Object 'Object Repository/secondhand-web/Notification/Notification Icon' is visible

2023-07-20 20:03:44 - [MESSAGE][INFO] - Finding Test Object 'Object Repository/secondhand-web/Notification/Notification Icon'

2023-07-20 20:03:44 - [MESSAGE][INFO] - Checking object

2023-07-20 20:03:44 - [MESSAGE][INFO] - Finding web element from Test Object's properties

2023-07-20 20:03:44 - [MESSAGE][INFO] - Checking timeout

2023-07-20 20:03:44 - [MESSAGE][INFO] - Finding web element with id: 'Object Repository/secondhand-web/Notification/Notification Icon' located by 'By.xpath: //div[@id='navbarSupportedContent']/div/ul/li[3]/a/i' in '30' second(s)

2023-07-20 20:03:44 - [MESSAGE][INFO] - Smart Wait Function is triggered

2023-07-20 20:03:45 - [MESSAGE][INFO] - Found 1 web elements with id: 'Object Repository/secondhand-web/Notification/Notification Icon' located by 'By.xpath: //div[@id='navbarSupportedContent']/div/ul/li[3]/a/i' in '30' second(s)

2023-07-20 20:03:45 - [MESSAGE][PASSED] - Object 'Object Repository/secondhand-web/Notification/Notification Icon' is visible

2023-07-20 20:03:45 - [TEST_STEP][PASSED] - click(findTestObject("secondhand-web/Notification/Notification Icon")): Object: 'Object Repository/secondhand-web/Notification/Notification Icon' is clicked on

2023-07-20 20:03:45 - [MESSAGE][INFO] - Finding Test Object 'Object Repository/secondhand-web/Notification/Notification Icon'

2023-07-20 20:03:45 - [MESSAGE][INFO] - Checking object

2023-07-20 20:03:45 - [MESSAGE][INFO] - Checking timeout

2023-07-20 20:03:45 - [MESSAGE][INFO] - Finding web element from Test Object's properties

2023-07-20 20:03:45 - [MESSAGE][INFO] - Checking timeout

2023-07-20 20:03:45 - [MESSAGE][INFO] - Finding web element with id: 'Object Repository/secondhand-web/Notification/Notification Icon' located by 'By.xpath: //div[@id='navbarSupportedContent']/div/ul/li[3]/a/i' in '30' second(s)

2023-07-20 20:03:45 - [MESSAGE][INFO] - Smart Wait Function is triggered

2023-07-20 20:03:46 - [MESSAGE][INFO] - Found 1 web elements with id: 'Object Repository/secondhand-web/Notification/Notification Icon' located by 'By.xpath: //div[@id='navbarSupportedContent']/div/ul/li[3]/a/i' in '30' second(s)

2023-07-20 20:03:46 - [MESSAGE][INFO] - Clicking on object: 'Object Repository/secondhand-web/Notification/Notification Icon'

2023-07-20 20:03:46 - [MESSAGE][PASSED] - Object: 'Object Repository/secondhand-web/Notification/Notification Icon' is clicked on

2023-07-20 20:03:46 - [MESSAGE][PASSED] - Call Test Case 'Test Cases/secondhand-web/Pages/Notification/Notification Icon' successfully

2023-07-20 20:03:46 - [TEST_STEP][PASSED] - callTestCase(findTestCase("secondhand-web/Pages/Notification/Seller - Message Notification"), [:], STOP_ON_FAILURE): Call Test Case 'Test Cases/secondhand-web/Pages/Notification/Seller - Message Notification' successfully

2023-07-20 20:03:46 - [MESSAGE][INFO] - Checking called Test Case

2023-07-20 20:03:46 - [MESSAGE][INFO] - Starting to call Test Case 'Test Cases/secondhand-web/Pages/Notification/Seller - Message Notification'

2023-07-20 20:03:46 - [TEST_CASE][PASSED] - Test Cases/secondhand-web/Pages/Notification/Seller - Message Notification: Test Cases/secondhand-web/Pages/Notification/Seller - Message Notification

2023-07-20 20:03:47 - [TEST_STEP][PASSED] - verifyElementVisible(findTestObject("secondhand-web/Notification/Seller - Message Notification"), STOP_ON_FAILURE): Object 'Object Repository/secondhand-web/Notification/Seller - Message Notification' is visible

2023-07-20 20:03:47 - [MESSAGE][INFO] - Finding Test Object 'Object Repository/secondhand-web/Notification/Seller - Message Notification'

2023-07-20 20:03:47 - [MESSAGE][INFO] - Checking object

2023-07-20 20:03:47 - [MESSAGE][INFO] - Finding web element from Test Object's properties

2023-07-20 20:03:47 - [MESSAGE][INFO] - Checking timeout

2023-07-20 20:03:47 - [MESSAGE][INFO] - Finding web element with id: 'Object Repository/secondhand-web/Notification/Seller - Message Notification' located by 'By.xpath: //div[@id='navbarSupportedContent']/div/ul/li[3]/ul/li/a/div/div[2]' in '30' second(s)

2023-07-20 20:03:47 - [MESSAGE][INFO] - Smart Wait Function is triggered

2023-07-20 20:03:47 - [MESSAGE][INFO] - Found 10 web elements with id: 'Object Repository/secondhand-web/Notification/Seller - Message Notification' located by 'By.xpath: //div[@id='navbarSupportedContent']/div/ul/li[3]/ul/li/a/div/div[2]' in '30' second(s)

2023-07-20 20:03:47 - [MESSAGE][PASSED] - Object 'Object Repository/secondhand-web/Notification/Seller - Message Notification' is visible

2023-07-20 20:03:47 - [TEST_STEP][PASSED] - click(findTestObject("secondhand-web/Notification/Seller - Message Notification")): Object: 'Object Repository/secondhand-web/Notification/Seller - Message Notification' is clicked on

2023-07-20 20:03:47 - [MESSAGE][INFO] - Finding Test Object 'Object Repository/secondhand-web/Notification/Seller - Message Notification'

2023-07-20 20:03:47 - [MESSAGE][INFO] - Checking object

2023-07-20 20:03:47 - [MESSAGE][INFO] - Checking timeout

2023-07-20 20:03:47 - [MESSAGE][INFO] - Finding web element from Test Object's properties

2023-07-20 20:03:47 - [MESSAGE][INFO] - Checking timeout

2023-07-20 20:03:47 - [MESSAGE][INFO] - Finding web element with id: 'Object Repository/secondhand-web/Notification/Seller - Message Notification' located by 'By.xpath: //div[@id='navbarSupportedContent']/div/ul/li[3]/ul/li/a/div/div[2]' in '30' second(s)

2023-07-20 20:03:47 - [MESSAGE][INFO] - Smart Wait Function is triggered

2023-07-20 20:03:48 - [MESSAGE][INFO] - Found 10 web elements with id: 'Object Repository/secondhand-web/Notification/Seller - Message Notification' located by 'By.xpath: //div[@id='navbarSupportedContent']/div/ul/li[3]/ul/li/a/div/div[2]' in '30' second(s)

2023-07-20 20:03:48 - [MESSAGE][INFO] - Clicking on object: 'Object Repository/secondhand-web/Notification/Seller - Message Notification'

2023-07-20 20:03:48 - [MESSAGE][PASSED] - Object: 'Object Repository/secondhand-web/Notification/Seller - Message Notification' is clicked on

2023-07-20 20:03:48 - [MESSAGE][PASSED] - Call Test Case 'Test Cases/secondhand-web/Pages/Notification/Seller - Message Notification' successfully

2023-07-20 20:03:48 - [TEST_STEP][PASSED] - callTestCase(findTestCase("secondhand-web/Pages/Notification/Seller - Detail Message"), [:], STOP_ON_FAILURE): Call Test Case 'Test Cases/secondhand-web/Pages/Notification/Seller - Detail Message' successfully

2023-07-20 20:03:48 - [MESSAGE][INFO] - Checking called Test Case

2023-07-20 20:03:48 - [MESSAGE][INFO] - Starting to call Test Case 'Test Cases/secondhand-web/Pages/Notification/Seller - Detail Message'

2023-07-20 20:03:48 - [TEST_CASE][PASSED] - Test Cases/secondhand-web/Pages/Notification/Seller - Detail Message: Test Cases/secondhand-web/Pages/Notification/Seller - Detail Message

2023-07-20 20:03:49 - [TEST_STEP][PASSED] - verifyElementVisible(findTestObject("secondhand-web/Notification/Seller - Detail Message"), STOP_ON_FAILURE): Object 'Object Repository/secondhand-web/Notification/Seller - Detail Message' is visible

2023-07-20 20:03:49 - [MESSAGE][INFO] - Finding Test Object 'Object Repository/secondhand-web/Notification/Seller - Detail Message'

2023-07-20 20:03:49 - [MESSAGE][INFO] - Checking object

2023-07-20 20:03:49 - [MESSAGE][INFO] - Finding web element from Test Object's properties

2023-07-20 20:03:49 - [MESSAGE][INFO] - Checking timeout

2023-07-20 20:03:49 - [MESSAGE][INFO] - Finding web element with id: 'Object Repository/secondhand-web/Notification/Seller - Detail Message' located by 'By.xpath: (.//*[normalize-space(text()) and normalize-space(.)='Info Penawar'])[1]/following::section[2]' in '30' second(s)

2023-07-20 20:03:49 - [MESSAGE][INFO] - Smart Wait Function is triggered

2023-07-20 20:03:49 - [MESSAGE][INFO] - Found 1 web elements with id: 'Object Repository/secondhand-web/Notification/Seller - Detail Message' located by 'By.xpath: (.//*[normalize-space(text()) and normalize-space(.)='Info Penawar'])[1]/following::section[2]' in '30' second(s)

2023-07-20 20:03:49 - [MESSAGE][PASSED] - Object 'Object Repository/secondhand-web/Notification/Seller - Detail Message' is visible

2023-07-20 20:03:49 - [MESSAGE][PASSED] - Call Test Case 'Test Cases/secondhand-web/Pages/Notification/Seller - Detail Message' successfully

2023-07-20 20:03:49 - [TEST_STEP][PASSED] - callTestCase(findTestCase("secondhand-web/Common/Close Web"), [:], STOP_ON_FAILURE): Call Test Case 'Test Cases/secondhand-web/Common/Close Web' successfully

2023-07-20 20:03:49 - [MESSAGE][INFO] - Checking called Test Case

2023-07-20 20:03:49 - [MESSAGE][INFO] - Starting to call Test Case 'Test Cases/secondhand-web/Common/Close Web'

2023-07-20 20:03:50 - [TEST_CASE][PASSED] - Test Cases/secondhand-web/Common/Close Web: Test Cases/secondhand-web/Common/Close Web

2023-07-20 20:03:50 - [TEST_STEP][PASSED] - closeBrowser(): Browser is closed

2023-07-20 20:03:50 - [MESSAGE][INFO] - Closing browser

2023-07-20 20:03:51 - [MESSAGE][PASSED] - Browser is closed

2023-07-20 20:03:51 - [MESSAGE][PASSED] - Call Test Case 'Test Cases/secondhand-web/Common/Close Web' successfully]]></system-out>
         <system-err><![CDATA[]]></system-err>
      </testcase>
      <system-out><![CDATA[2023-07-20 20:02:51 - [TEST_SUITE][PASSED] - Feature Notification: Test Cases/secondhand-web/Step Definition/Feature Notification/N002 - seller will receive a notification when there is a product price negotiation]]></system-out>
      <system-err><![CDATA[]]></system-err>
   </testsuite>
</testsuites>
