<?xml version="1.0" encoding="UTF-8"?>
<testsuites name="Feature Logout" time="27.736" tests="1" failures="0" errors="0">
   <testsuite name="Feature Logout" tests="1" failures="0" errors="0" time="27.736" skipped="0" timestamp="2023-07-24 12:38:48" hostname="user - LAPTOP-905USH3S" id="Test Suites/secondhand-app/Feature Logout">
      <properties>
         <property name="deviceName" value="samsung SM-A536E (Android 13)"/>
         <property name="devicePlatform" value=""/>
         <property name="logFolder" value="D:\\Binar Academy\\Platinum Challenge\\SQA-Wave9-Kelompok2\\Reports\\20230724_123842\\secondhand-app\\Feature Logout\\20230724_123842"/>
         <property name="logFiles" value="D:\\Binar Academy\\Platinum Challenge\\SQA-Wave9-Kelompok2\\Reports\\20230724_123842\\secondhand-app\\Feature Logout\\20230724_123842\\appium.log, D:\\Binar Academy\\Platinum Challenge\\SQA-Wave9-Kelompok2\\Reports\\20230724_123842\\secondhand-app\\Feature Logout\\20230724_123842\\execution0.log"/>
         <property name="attachments" value=""/>
         <property name="hostName" value="user - LAPTOP-905USH3S"/>
         <property name="os" value="Windows 11 64bit"/>
         <property name="appiumServerStatus" value="{&quot;value&quot;:{&quot;build&quot;:{&quot;version&quot;:&quot;1.22.3&quot;}},&quot;sessionId&quot;:null,&quot;status&quot;:0}"/>
         <property name="katalonVersion" value="8.6.5.208"/>
         <property name="deviceOS" value="Android"/>
         <property name="appiumVersion" value="1.22.3"/>
         <property name="deviceModel" value="SM-A536E"/>
         <property name="hostAddress" value="192.168.200.129"/>
         <property name="deviceManufacturer" value="samsung"/>
         <property name="deviceId" value="RRCT702B4BM"/>
         <property name="deviceName" value="samsung SM-A536E (Android 13)"/>
         <property name="deviceOSVersion" value="13"/>
      </properties>
      <testcase name="Test Cases/secondhand-app/Step Definition/Feature Logout/LGT001 - user should be able to logout from app" time="27.305" classname="Test Cases/secondhand-app/Step Definition/Feature Logout/LGT001 - user should be able to logout from app" status="PASSED">
         <system-out><![CDATA[2023-07-24 12:38:48 - [TEST_CASE][PASSED] - Test Cases/secondhand-app/Step Definition/Feature Logout/LGT001 - user should be able to logout from app: Test Cases/secondhand-app/Step Definition/Feature Logout/LGT001 - user should be able to logout from app

2023-07-24 12:38:49 - [TEST_STEP][PASSED] - startApplication("androidapp/app-release-second-hand-gcp.apk", false): Started app at: 'D:\Binar Academy\Platinum Challenge\SQA-Wave9-Kelompok2\androidapp\app-release-second-hand-gcp.apk'

2023-07-24 12:38:49 - [MESSAGE][INFO] - Starting app at: 'D:\Binar Academy\Platinum Challenge\SQA-Wave9-Kelompok2\androidapp\app-release-second-hand-gcp.apk'

2023-07-24 12:38:50 - [MESSAGE][INFO] - Detected NodeJS location: "C:\Program Files\nodejs\node.exe"

2023-07-24 12:38:54 - [MESSAGE][INFO] - Appium server started on port 62,874

2023-07-24 12:39:09 - [MESSAGE][PASSED] - Started app at: 'D:\Binar Academy\Platinum Challenge\SQA-Wave9-Kelompok2\androidapp\app-release-second-hand-gcp.apk'

2023-07-24 12:39:09 - [TEST_STEP][PASSED] - callTestCase(findTestCase("secondhand-app/Pages/MenuBar App/Tap Akun"), [:], STOP_ON_FAILURE): Call Test Case 'Test Cases/secondhand-app/Pages/MenuBar App/Tap Akun' successfully

2023-07-24 12:39:09 - [MESSAGE][INFO] - Checking called Test Case

2023-07-24 12:39:09 - [MESSAGE][INFO] - Starting to call Test Case 'Test Cases/secondhand-app/Pages/MenuBar App/Tap Akun'

2023-07-24 12:39:09 - [TEST_CASE][PASSED] - Test Cases/secondhand-app/Pages/MenuBar App/Tap Akun: Test Cases/secondhand-app/Pages/MenuBar App/Tap Akun

2023-07-24 12:39:10 - [TEST_STEP][PASSED] - waitForElementPresent(findTestObject("secondhand-app/MenuBar App/android.widget.TextView - Akun"), 2): Element 'Object Repository/secondhand-app/MenuBar App/android.widget.TextView - Akun' is present

2023-07-24 12:39:10 - [MESSAGE][INFO] - Finding Test Object 'Object Repository/secondhand-app/MenuBar App/android.widget.TextView - Akun'

2023-07-24 12:39:10 - [MESSAGE][INFO] - Checking object

2023-07-24 12:39:10 - [MESSAGE][INFO] - Checking timeout

2023-07-24 12:39:12 - [MESSAGE][PASSED] - Element 'Object Repository/secondhand-app/MenuBar App/android.widget.TextView - Akun' is present

2023-07-24 12:39:12 - [TEST_STEP][PASSED] - tap(findTestObject("secondhand-app/MenuBar App/android.widget.TextView - Akun"), 2): Tapped on element 'Object Repository/secondhand-app/MenuBar App/android.widget.TextView - Akun'

2023-07-24 12:39:12 - [MESSAGE][INFO] - Finding Test Object 'Object Repository/secondhand-app/MenuBar App/android.widget.TextView - Akun'

2023-07-24 12:39:12 - [MESSAGE][INFO] - Checking object

2023-07-24 12:39:12 - [MESSAGE][INFO] - Checking timeout

2023-07-24 12:39:14 - [MESSAGE][PASSED] - Tapped on element 'Object Repository/secondhand-app/MenuBar App/android.widget.TextView - Akun'

2023-07-24 12:39:14 - [MESSAGE][PASSED] - Call Test Case 'Test Cases/secondhand-app/Pages/MenuBar App/Tap Akun' successfully

2023-07-24 12:39:14 - [TEST_STEP][PASSED] - tap(findTestObject("secondhand-app/Page Logout/button logout"), 2): Tapped on element 'Object Repository/secondhand-app/Page Logout/button logout'

2023-07-24 12:39:14 - [MESSAGE][INFO] - Finding Test Object 'Object Repository/secondhand-app/Page Logout/button logout'

2023-07-24 12:39:15 - [MESSAGE][INFO] - Checking object

2023-07-24 12:39:15 - [MESSAGE][INFO] - Checking timeout

2023-07-24 12:39:15 - [MESSAGE][PASSED] - Tapped on element 'Object Repository/secondhand-app/Page Logout/button logout']]></system-out>
         <system-err><![CDATA[]]></system-err>
      </testcase>
      <system-out><![CDATA[2023-07-24 12:38:48 - [TEST_SUITE][PASSED] - Feature Logout: Test Cases/secondhand-app/Step Definition/Feature Logout/LGT001 - user should be able to logout from app]]></system-out>
      <system-err><![CDATA[]]></system-err>
   </testsuite>
</testsuites>
