<?xml version="1.0" encoding="UTF-8"?>
<testsuites name="Feature Edit My Profile" time="44.573" tests="2" failures="0" errors="0">
   <testsuite name="Feature Edit My Profile" tests="2" failures="0" errors="0" time="44.573" skipped="0" timestamp="2023-07-21 19:40:20" hostname="mhmdr - LAPTOP-A3L3V09Q" id="Test Suites/secondhand-web/Feature Edit My Profile">
      <properties>
         <property name="deviceName" value=""/>
         <property name="devicePlatform" value=""/>
         <property name="logFolder" value="C:\\Users\\mhmdr\\Desktop\\SQA-Wave9-Kelompok2\\Reports\\20230721_194017\\secondhand-web\\Feature Edit My Profile\\20230721_194018"/>
         <property name="logFiles" value="C:\\Users\\mhmdr\\Desktop\\SQA-Wave9-Kelompok2\\Reports\\20230721_194017\\secondhand-web\\Feature Edit My Profile\\20230721_194018\\execution0.log"/>
         <property name="attachments" value="C:\\Users\\mhmdr\\Desktop\\SQA-Wave9-Kelompok2\\Reports\\20230721_194017\\secondhand-web\\Feature Edit My Profile\\20230721_194018\\1689943228596.png, C:\\Users\\mhmdr\\Desktop\\SQA-Wave9-Kelompok2\\Reports\\20230721_194017\\secondhand-web\\Feature Edit My Profile\\20230721_194018\\1689943230777.png, C:\\Users\\mhmdr\\Desktop\\SQA-Wave9-Kelompok2\\Reports\\20230721_194017\\secondhand-web\\Feature Edit My Profile\\20230721_194018\\1689943237026.png, C:\\Users\\mhmdr\\Desktop\\SQA-Wave9-Kelompok2\\Reports\\20230721_194017\\secondhand-web\\Feature Edit My Profile\\20230721_194018\\1689943238853.png, C:\\Users\\mhmdr\\Desktop\\SQA-Wave9-Kelompok2\\Reports\\20230721_194017\\secondhand-web\\Feature Edit My Profile\\20230721_194018\\1689943240447.png, C:\\Users\\mhmdr\\Desktop\\SQA-Wave9-Kelompok2\\Reports\\20230721_194017\\secondhand-web\\Feature Edit My Profile\\20230721_194018\\1689943242105.png, C:\\Users\\mhmdr\\Desktop\\SQA-Wave9-Kelompok2\\Reports\\20230721_194017\\secondhand-web\\Feature Edit My Profile\\20230721_194018\\1689943245820.png, C:\\Users\\mhmdr\\Desktop\\SQA-Wave9-Kelompok2\\Reports\\20230721_194017\\secondhand-web\\Feature Edit My Profile\\20230721_194018\\1689943251473.png, C:\\Users\\mhmdr\\Desktop\\SQA-Wave9-Kelompok2\\Reports\\20230721_194017\\secondhand-web\\Feature Edit My Profile\\20230721_194018\\1689943253406.png, C:\\Users\\mhmdr\\Desktop\\SQA-Wave9-Kelompok2\\Reports\\20230721_194017\\secondhand-web\\Feature Edit My Profile\\20230721_194018\\1689943258332.png, C:\\Users\\mhmdr\\Desktop\\SQA-Wave9-Kelompok2\\Reports\\20230721_194017\\secondhand-web\\Feature Edit My Profile\\20230721_194018\\1689943260143.png, C:\\Users\\mhmdr\\Desktop\\SQA-Wave9-Kelompok2\\Reports\\20230721_194017\\secondhand-web\\Feature Edit My Profile\\20230721_194018\\1689943261697.png, C:\\Users\\mhmdr\\Desktop\\SQA-Wave9-Kelompok2\\Reports\\20230721_194017\\secondhand-web\\Feature Edit My Profile\\20230721_194018\\1689943263279.png, C:\\Users\\mhmdr\\Desktop\\SQA-Wave9-Kelompok2\\Reports\\20230721_194017\\secondhand-web\\Feature Edit My Profile\\20230721_194018\\1689943264382.png"/>
         <property name="hostName" value="mhmdr - LAPTOP-A3L3V09Q"/>
         <property name="os" value="Windows 11 64bit"/>
         <property name="katalonVersion" value="8.6.5.208"/>
         <property name="browser" value="Chrome 115.0.0.0"/>
         <property name="hostAddress" value="192.168.1.4"/>
         <property name="sessionId" value="176dcd0b8da301ea9736f3f9ce1878b8"/>
         <property name="seleniumVersion" value="3.141.59"/>
         <property name="proxyInformation" value="ProxyInformation { proxyOption=NO_PROXY, proxyServerType=HTTP, username=, password=********, proxyServerAddress=, proxyServerPort=0, executionList=&quot;&quot;, isApplyToDesiredCapabilities=true }"/>
         <property name="platform" value="Windows 11"/>
      </properties>
      <testcase name="Test Cases/secondhand-web/Step Definition/Feature Edit Profile/PROUSER001 - user should be abe to edit profiles" time="25.949" classname="Test Cases/secondhand-web/Step Definition/Feature Edit Profile/PROUSER001 - user should be abe to edit profiles" status="PASSED">
         <system-out><![CDATA[2023-07-21 19:40:20 - [TEST_CASE][PASSED] - Test Cases/secondhand-web/Step Definition/Feature Edit Profile/PROUSER001 - user should be abe to edit profiles: Test Cases/secondhand-web/Step Definition/Feature Edit Profile/PROUSER001 - user should be abe to edit profiles

2023-07-21 19:40:21 - [TEST_STEP][PASSED] - callTestCase(findTestCase("secondhand-web/Common/Launch Web"), [:], STOP_ON_FAILURE): Call Test Case 'Test Cases/secondhand-web/Common/Launch Web' successfully

2023-07-21 19:40:21 - [MESSAGE][INFO] - Checking called Test Case

2023-07-21 19:40:21 - [MESSAGE][INFO] - Starting to call Test Case 'Test Cases/secondhand-web/Common/Launch Web'

2023-07-21 19:40:21 - [TEST_CASE][PASSED] - Test Cases/secondhand-web/Common/Launch Web: Test Cases/secondhand-web/Common/Launch Web

2023-07-21 19:40:21 - [TEST_STEP][PASSED] - openBrowser(""): Browser is opened with url: ''

2023-07-21 19:40:21 - [MESSAGE][INFO] - Opening browser

2023-07-21 19:40:21 - [MESSAGE][INFO] - Starting 'Chrome' driver

2023-07-21 19:40:21 - [MESSAGE][INFO] - Action delay is set to 0 milliseconds

2023-07-21 19:40:23 - [MESSAGE][PASSED] - Browser is opened with url: ''

2023-07-21 19:40:23 - [TEST_STEP][PASSED] - maximizeWindow(): Current window maximized

2023-07-21 19:40:23 - [MESSAGE][INFO] - Maximizing current window

2023-07-21 19:40:24 - [MESSAGE][PASSED] - Current window maximized

2023-07-21 19:40:24 - [MESSAGE][PASSED] - Call Test Case 'Test Cases/secondhand-web/Common/Launch Web' successfully

2023-07-21 19:40:24 - [TEST_STEP][PASSED] - callTestCase(findTestCase("secondhand-web/Common/Navigate To Web"), [:], STOP_ON_FAILURE): Call Test Case 'Test Cases/secondhand-web/Common/Navigate To Web' successfully

2023-07-21 19:40:24 - [MESSAGE][INFO] - Checking called Test Case

2023-07-21 19:40:24 - [MESSAGE][INFO] - Starting to call Test Case 'Test Cases/secondhand-web/Common/Navigate To Web'

2023-07-21 19:40:24 - [TEST_CASE][PASSED] - Test Cases/secondhand-web/Common/Navigate To Web: Test Cases/secondhand-web/Common/Navigate To Web

2023-07-21 19:40:24 - [TEST_STEP][PASSED] - navigateToUrl(baseUrl): Navigate to 'https://secondhand.binaracademy.org/' successfully

2023-07-21 19:40:25 - [MESSAGE][INFO] - Checking url

2023-07-21 19:40:25 - [MESSAGE][INFO] - Navigating to 'https://secondhand.binaracademy.org/'

2023-07-21 19:40:25 - [MESSAGE][PASSED] - Navigate to 'https://secondhand.binaracademy.org/' successfully

2023-07-21 19:40:25 - [MESSAGE][PASSED] - Call Test Case 'Test Cases/secondhand-web/Common/Navigate To Web' successfully

2023-07-21 19:40:25 - [TEST_STEP][PASSED] - callTestCase(findTestCase("secondhand-web/Pages/User Login/Click Button Masuk"), [:], STOP_ON_FAILURE): Call Test Case 'Test Cases/secondhand-web/Pages/User Login/Click Button Masuk' successfully

2023-07-21 19:40:25 - [MESSAGE][INFO] - Checking called Test Case

2023-07-21 19:40:25 - [MESSAGE][INFO] - Starting to call Test Case 'Test Cases/secondhand-web/Pages/User Login/Click Button Masuk'

2023-07-21 19:40:26 - [TEST_CASE][PASSED] - Test Cases/secondhand-web/Pages/User Login/Click Button Masuk: Test Cases/secondhand-web/Pages/User Login/Click Button Masuk

2023-07-21 19:40:26 - [TEST_STEP][PASSED] - verifyElementVisible(findTestObject("secondhand-web/Login/Click Button Masuk"), STOP_ON_FAILURE): Object 'Object Repository/secondhand-web/Login/Click Button Masuk' is visible

2023-07-21 19:40:26 - [MESSAGE][INFO] - Finding Test Object 'Object Repository/secondhand-web/Login/Click Button Masuk'

2023-07-21 19:40:26 - [MESSAGE][INFO] - Checking object

2023-07-21 19:40:26 - [MESSAGE][INFO] - Finding web element from Test Object's properties

2023-07-21 19:40:26 - [MESSAGE][INFO] - Checking timeout

2023-07-21 19:40:26 - [MESSAGE][INFO] - Finding web element with id: 'Object Repository/secondhand-web/Login/Click Button Masuk' located by 'By.xpath: //div[@id='navbarSupportedContent']/div/a' in '30' second(s)

2023-07-21 19:40:26 - [MESSAGE][INFO] - Smart Wait Function is triggered

2023-07-21 19:40:26 - [MESSAGE][INFO] - Found 1 web elements with id: 'Object Repository/secondhand-web/Login/Click Button Masuk' located by 'By.xpath: //div[@id='navbarSupportedContent']/div/a' in '30' second(s)

2023-07-21 19:40:26 - [MESSAGE][PASSED] - Object 'Object Repository/secondhand-web/Login/Click Button Masuk' is visible

2023-07-21 19:40:26 - [TEST_STEP][PASSED] - click(findTestObject("secondhand-web/Login/Click Button Masuk")): Object: 'Object Repository/secondhand-web/Login/Click Button Masuk' is clicked on

2023-07-21 19:40:26 - [MESSAGE][INFO] - Finding Test Object 'Object Repository/secondhand-web/Login/Click Button Masuk'

2023-07-21 19:40:26 - [MESSAGE][INFO] - Checking object

2023-07-21 19:40:26 - [MESSAGE][INFO] - Checking timeout

2023-07-21 19:40:26 - [MESSAGE][INFO] - Finding web element from Test Object's properties

2023-07-21 19:40:26 - [MESSAGE][INFO] - Checking timeout

2023-07-21 19:40:26 - [MESSAGE][INFO] - Finding web element with id: 'Object Repository/secondhand-web/Login/Click Button Masuk' located by 'By.xpath: //div[@id='navbarSupportedContent']/div/a' in '30' second(s)

2023-07-21 19:40:26 - [MESSAGE][INFO] - Smart Wait Function is triggered

2023-07-21 19:40:26 - [MESSAGE][INFO] - Found 1 web elements with id: 'Object Repository/secondhand-web/Login/Click Button Masuk' located by 'By.xpath: //div[@id='navbarSupportedContent']/div/a' in '30' second(s)

2023-07-21 19:40:26 - [MESSAGE][INFO] - Clicking on object: 'Object Repository/secondhand-web/Login/Click Button Masuk'

2023-07-21 19:40:26 - [MESSAGE][PASSED] - Object: 'Object Repository/secondhand-web/Login/Click Button Masuk' is clicked on

2023-07-21 19:40:26 - [MESSAGE][PASSED] - Call Test Case 'Test Cases/secondhand-web/Pages/User Login/Click Button Masuk' successfully

2023-07-21 19:40:26 - [TEST_STEP][PASSED] - callTestCase(findTestCase("secondhand-web/Pages/User Login/Input Email"), ["email":emailRizki], STOP_ON_FAILURE): Call Test Case 'Test Cases/secondhand-web/Pages/User Login/Input Email' successfully

2023-07-21 19:40:26 - [MESSAGE][INFO] - Checking called Test Case

2023-07-21 19:40:26 - [MESSAGE][INFO] - Starting to call Test Case 'Test Cases/secondhand-web/Pages/User Login/Input Email'

2023-07-21 19:40:27 - [TEST_CASE][PASSED] - Test Cases/secondhand-web/Pages/User Login/Input Email: Test Cases/secondhand-web/Pages/User Login/Input Email

2023-07-21 19:40:27 - [TEST_STEP][PASSED] - waitForElementVisible(findTestObject("secondhand-web/Login/Input_email"), 3): Object 'Object Repository/secondhand-web/Login/Input_email' is visible

2023-07-21 19:40:27 - [MESSAGE][INFO] - Finding Test Object 'Object Repository/secondhand-web/Login/Input_email'

2023-07-21 19:40:27 - [MESSAGE][INFO] - Checking object

2023-07-21 19:40:27 - [MESSAGE][INFO] - Checking timeout

2023-07-21 19:40:27 - [MESSAGE][INFO] - Finding web element from Test Object's properties

2023-07-21 19:40:27 - [MESSAGE][INFO] - Checking timeout

2023-07-21 19:40:27 - [MESSAGE][INFO] - Finding web element with id: 'Object Repository/secondhand-web/Login/Input_email' located by 'By.xpath: //input[@id='user_email']' in '3' second(s)

2023-07-21 19:40:27 - [MESSAGE][INFO] - Smart Wait Function is triggered

2023-07-21 19:40:27 - [MESSAGE][INFO] - Found 1 web elements with id: 'Object Repository/secondhand-web/Login/Input_email' located by 'By.xpath: //input[@id='user_email']' in '3' second(s)

2023-07-21 19:40:27 - [MESSAGE][PASSED] - Object 'Object Repository/secondhand-web/Login/Input_email' is visible

2023-07-21 19:40:27 - [TEST_STEP][PASSED] - setText(findTestObject("secondhand-web/Login/Input_email"), email): Text 'mhmdrizki250@gmail.com' is set on object 'Object Repository/secondhand-web/Login/Input_email'

2023-07-21 19:40:27 - [MESSAGE][INFO] - Finding Test Object 'Object Repository/secondhand-web/Login/Input_email'

2023-07-21 19:40:27 - [MESSAGE][INFO] - Checking object

2023-07-21 19:40:27 - [MESSAGE][INFO] - Checking text

2023-07-21 19:40:27 - [MESSAGE][INFO] - Finding web element from Test Object's properties

2023-07-21 19:40:27 - [MESSAGE][INFO] - Checking timeout

2023-07-21 19:40:27 - [MESSAGE][INFO] - Finding web element with id: 'Object Repository/secondhand-web/Login/Input_email' located by 'By.xpath: //input[@id='user_email']' in '30' second(s)

2023-07-21 19:40:27 - [MESSAGE][INFO] - Smart Wait Function is triggered

2023-07-21 19:40:27 - [MESSAGE][INFO] - Found 1 web elements with id: 'Object Repository/secondhand-web/Login/Input_email' located by 'By.xpath: //input[@id='user_email']' in '30' second(s)

2023-07-21 19:40:27 - [MESSAGE][INFO] - Clearing text of object 'Object Repository/secondhand-web/Login/Input_email'

2023-07-21 19:40:28 - [MESSAGE][INFO] - Finding web element from Test Object's properties

2023-07-21 19:40:28 - [MESSAGE][INFO] - Checking timeout

2023-07-21 19:40:28 - [MESSAGE][INFO] - Finding web element with id: 'Object Repository/secondhand-web/Login/Input_email' located by 'By.xpath: //input[@id='user_email']' in '30' second(s)

2023-07-21 19:40:28 - [MESSAGE][INFO] - Smart Wait Function is triggered

2023-07-21 19:40:28 - [MESSAGE][INFO] - Found 1 web elements with id: 'Object Repository/secondhand-web/Login/Input_email' located by 'By.xpath: //input[@id='user_email']' in '30' second(s)

2023-07-21 19:40:28 - [MESSAGE][INFO] - Setting text of object 'Object Repository/secondhand-web/Login/Input_email' to value 'mhmdrizki250@gmail.com'

2023-07-21 19:40:28 - [MESSAGE][PASSED] - Text 'mhmdrizki250@gmail.com' is set on object 'Object Repository/secondhand-web/Login/Input_email'

2023-07-21 19:40:28 - [TEST_STEP][PASSED] - takeScreenshot(): Taking screenshot successfully

2023-07-21 19:40:28 - [MESSAGE][INFO] - Smart Wait Function is triggered

2023-07-21 19:40:29 - [MESSAGE][PASSED] - Taking screenshot successfully
[[ATTACHMENT|C:\\Users\\mhmdr\\Desktop\\SQA-Wave9-Kelompok2\\Reports\\20230721_194017\\secondhand-web\\Feature Edit My Profile\\20230721_194018\\1689943228596.png]]

2023-07-21 19:40:29 - [MESSAGE][PASSED] - Call Test Case 'Test Cases/secondhand-web/Pages/User Login/Input Email' successfully

2023-07-21 19:40:29 - [TEST_STEP][PASSED] - callTestCase(findTestCase("secondhand-web/Pages/User Login/Input Password"), ["password":passwordRizki], STOP_ON_FAILURE): Call Test Case 'Test Cases/secondhand-web/Pages/User Login/Input Password' successfully

2023-07-21 19:40:29 - [MESSAGE][INFO] - Checking called Test Case

2023-07-21 19:40:29 - [MESSAGE][INFO] - Starting to call Test Case 'Test Cases/secondhand-web/Pages/User Login/Input Password'

2023-07-21 19:40:29 - [TEST_CASE][PASSED] - Test Cases/secondhand-web/Pages/User Login/Input Password: Test Cases/secondhand-web/Pages/User Login/Input Password

2023-07-21 19:40:29 - [TEST_STEP][PASSED] - waitForElementVisible(findTestObject("secondhand-web/Login/Input_password"), 3): Object 'Object Repository/secondhand-web/Login/Input_password' is visible

2023-07-21 19:40:29 - [MESSAGE][INFO] - Finding Test Object 'Object Repository/secondhand-web/Login/Input_password'

2023-07-21 19:40:29 - [MESSAGE][INFO] - Checking object

2023-07-21 19:40:29 - [MESSAGE][INFO] - Checking timeout

2023-07-21 19:40:29 - [MESSAGE][INFO] - Finding web element from Test Object's properties

2023-07-21 19:40:29 - [MESSAGE][INFO] - Checking timeout

2023-07-21 19:40:29 - [MESSAGE][INFO] - Finding web element with id: 'Object Repository/secondhand-web/Login/Input_password' located by 'By.xpath: //input[@id='user_password']' in '3' second(s)

2023-07-21 19:40:29 - [MESSAGE][INFO] - Smart Wait Function is triggered

2023-07-21 19:40:29 - [MESSAGE][INFO] - Found 1 web elements with id: 'Object Repository/secondhand-web/Login/Input_password' located by 'By.xpath: //input[@id='user_password']' in '3' second(s)

2023-07-21 19:40:29 - [MESSAGE][PASSED] - Object 'Object Repository/secondhand-web/Login/Input_password' is visible

2023-07-21 19:40:29 - [TEST_STEP][PASSED] - setText(findTestObject("secondhand-web/Login/Input_password"), password): Text 'Kiki123456789' is set on object 'Object Repository/secondhand-web/Login/Input_password'

2023-07-21 19:40:29 - [MESSAGE][INFO] - Finding Test Object 'Object Repository/secondhand-web/Login/Input_password'

2023-07-21 19:40:29 - [MESSAGE][INFO] - Checking object

2023-07-21 19:40:29 - [MESSAGE][INFO] - Checking text

2023-07-21 19:40:29 - [MESSAGE][INFO] - Finding web element from Test Object's properties

2023-07-21 19:40:29 - [MESSAGE][INFO] - Checking timeout

2023-07-21 19:40:29 - [MESSAGE][INFO] - Finding web element with id: 'Object Repository/secondhand-web/Login/Input_password' located by 'By.xpath: //input[@id='user_password']' in '30' second(s)

2023-07-21 19:40:29 - [MESSAGE][INFO] - Smart Wait Function is triggered

2023-07-21 19:40:30 - [MESSAGE][INFO] - Found 1 web elements with id: 'Object Repository/secondhand-web/Login/Input_password' located by 'By.xpath: //input[@id='user_password']' in '30' second(s)

2023-07-21 19:40:30 - [MESSAGE][INFO] - Clearing text of object 'Object Repository/secondhand-web/Login/Input_password'

2023-07-21 19:40:30 - [MESSAGE][INFO] - Finding web element from Test Object's properties

2023-07-21 19:40:30 - [MESSAGE][INFO] - Checking timeout

2023-07-21 19:40:30 - [MESSAGE][INFO] - Finding web element with id: 'Object Repository/secondhand-web/Login/Input_password' located by 'By.xpath: //input[@id='user_password']' in '30' second(s)

2023-07-21 19:40:30 - [MESSAGE][INFO] - Smart Wait Function is triggered

2023-07-21 19:40:30 - [MESSAGE][INFO] - Found 1 web elements with id: 'Object Repository/secondhand-web/Login/Input_password' located by 'By.xpath: //input[@id='user_password']' in '30' second(s)

2023-07-21 19:40:30 - [MESSAGE][INFO] - Setting text of object 'Object Repository/secondhand-web/Login/Input_password' to value 'Kiki123456789'

2023-07-21 19:40:30 - [MESSAGE][PASSED] - Text 'Kiki123456789' is set on object 'Object Repository/secondhand-web/Login/Input_password'

2023-07-21 19:40:30 - [TEST_STEP][PASSED] - takeScreenshot(): Taking screenshot successfully

2023-07-21 19:40:30 - [MESSAGE][INFO] - Smart Wait Function is triggered

2023-07-21 19:40:31 - [MESSAGE][PASSED] - Taking screenshot successfully
[[ATTACHMENT|C:\\Users\\mhmdr\\Desktop\\SQA-Wave9-Kelompok2\\Reports\\20230721_194017\\secondhand-web\\Feature Edit My Profile\\20230721_194018\\1689943230777.png]]

2023-07-21 19:40:31 - [MESSAGE][PASSED] - Call Test Case 'Test Cases/secondhand-web/Pages/User Login/Input Password' successfully

2023-07-21 19:40:31 - [TEST_STEP][PASSED] - callTestCase(findTestCase("secondhand-web/Pages/User Login/Button Masuk"), [:], STOP_ON_FAILURE): Call Test Case 'Test Cases/secondhand-web/Pages/User Login/Button Masuk' successfully

2023-07-21 19:40:31 - [MESSAGE][INFO] - Checking called Test Case

2023-07-21 19:40:31 - [MESSAGE][INFO] - Starting to call Test Case 'Test Cases/secondhand-web/Pages/User Login/Button Masuk'

2023-07-21 19:40:31 - [TEST_CASE][PASSED] - Test Cases/secondhand-web/Pages/User Login/Button Masuk: Test Cases/secondhand-web/Pages/User Login/Button Masuk

2023-07-21 19:40:31 - [TEST_STEP][PASSED] - verifyElementVisible(findTestObject("secondhand-web/Login/Button Masuk"), STOP_ON_FAILURE): Object 'Object Repository/secondhand-web/Login/Button Masuk' is visible

2023-07-21 19:40:31 - [MESSAGE][INFO] - Finding Test Object 'Object Repository/secondhand-web/Login/Button Masuk'

2023-07-21 19:40:31 - [MESSAGE][INFO] - Checking object

2023-07-21 19:40:31 - [MESSAGE][INFO] - Finding web element from Test Object's properties

2023-07-21 19:40:31 - [MESSAGE][INFO] - Checking timeout

2023-07-21 19:40:31 - [MESSAGE][INFO] - Finding web element with id: 'Object Repository/secondhand-web/Login/Button Masuk' located by 'By.xpath: //input[@name='commit']' in '30' second(s)

2023-07-21 19:40:31 - [MESSAGE][INFO] - Smart Wait Function is triggered

2023-07-21 19:40:32 - [MESSAGE][INFO] - Found 1 web elements with id: 'Object Repository/secondhand-web/Login/Button Masuk' located by 'By.xpath: //input[@name='commit']' in '30' second(s)

2023-07-21 19:40:32 - [MESSAGE][PASSED] - Object 'Object Repository/secondhand-web/Login/Button Masuk' is visible

2023-07-21 19:40:32 - [TEST_STEP][PASSED] - click(findTestObject("secondhand-web/Login/Button Masuk")): Object: 'Object Repository/secondhand-web/Login/Button Masuk' is clicked on

2023-07-21 19:40:32 - [MESSAGE][INFO] - Finding Test Object 'Object Repository/secondhand-web/Login/Button Masuk'

2023-07-21 19:40:32 - [MESSAGE][INFO] - Checking object

2023-07-21 19:40:32 - [MESSAGE][INFO] - Checking timeout

2023-07-21 19:40:32 - [MESSAGE][INFO] - Finding web element from Test Object's properties

2023-07-21 19:40:32 - [MESSAGE][INFO] - Checking timeout

2023-07-21 19:40:32 - [MESSAGE][INFO] - Finding web element with id: 'Object Repository/secondhand-web/Login/Button Masuk' located by 'By.xpath: //input[@name='commit']' in '30' second(s)

2023-07-21 19:40:32 - [MESSAGE][INFO] - Smart Wait Function is triggered

2023-07-21 19:40:32 - [MESSAGE][INFO] - Found 1 web elements with id: 'Object Repository/secondhand-web/Login/Button Masuk' located by 'By.xpath: //input[@name='commit']' in '30' second(s)

2023-07-21 19:40:32 - [MESSAGE][INFO] - Clicking on object: 'Object Repository/secondhand-web/Login/Button Masuk'

2023-07-21 19:40:32 - [MESSAGE][PASSED] - Object: 'Object Repository/secondhand-web/Login/Button Masuk' is clicked on

2023-07-21 19:40:32 - [MESSAGE][PASSED] - Call Test Case 'Test Cases/secondhand-web/Pages/User Login/Button Masuk' successfully

2023-07-21 19:40:32 - [TEST_STEP][PASSED] - callTestCase(findTestCase("secondhand-web/Pages/Homepage/Icon_User"), [:], STOP_ON_FAILURE): Call Test Case 'Test Cases/secondhand-web/Pages/Homepage/Icon_User' successfully

2023-07-21 19:40:32 - [MESSAGE][INFO] - Checking called Test Case

2023-07-21 19:40:32 - [MESSAGE][INFO] - Starting to call Test Case 'Test Cases/secondhand-web/Pages/Homepage/Icon_User'

2023-07-21 19:40:32 - [TEST_CASE][PASSED] - Test Cases/secondhand-web/Pages/Homepage/Icon_User: Test Cases/secondhand-web/Pages/Homepage/Icon_User

2023-07-21 19:40:32 - [TEST_STEP][PASSED] - verifyElementVisible(findTestObject("secondhand-web/Homepage/Icon_User")): Object 'Object Repository/secondhand-web/Homepage/Icon_User' is visible

2023-07-21 19:40:32 - [MESSAGE][INFO] - Finding Test Object 'Object Repository/secondhand-web/Homepage/Icon_User'

2023-07-21 19:40:32 - [MESSAGE][INFO] - Checking object

2023-07-21 19:40:32 - [MESSAGE][INFO] - Finding web element from Test Object's properties

2023-07-21 19:40:32 - [MESSAGE][INFO] - Checking timeout

2023-07-21 19:40:32 - [MESSAGE][INFO] - Finding web element with id: 'Object Repository/secondhand-web/Homepage/Icon_User' located by 'By.xpath: //div[@id='navbarSupportedContent']/div/ul/li[6]/a/i' in '30' second(s)

2023-07-21 19:40:32 - [MESSAGE][INFO] - Smart Wait Function is triggered

2023-07-21 19:40:34 - [MESSAGE][INFO] - Found 1 web elements with id: 'Object Repository/secondhand-web/Homepage/Icon_User' located by 'By.xpath: //div[@id='navbarSupportedContent']/div/ul/li[6]/a/i' in '30' second(s)

2023-07-21 19:40:34 - [MESSAGE][PASSED] - Object 'Object Repository/secondhand-web/Homepage/Icon_User' is visible

2023-07-21 19:40:34 - [TEST_STEP][PASSED] - click(findTestObject("secondhand-web/Homepage/Icon_User")): Object: 'Object Repository/secondhand-web/Homepage/Icon_User' is clicked on

2023-07-21 19:40:34 - [MESSAGE][INFO] - Finding Test Object 'Object Repository/secondhand-web/Homepage/Icon_User'

2023-07-21 19:40:34 - [MESSAGE][INFO] - Checking object

2023-07-21 19:40:34 - [MESSAGE][INFO] - Checking timeout

2023-07-21 19:40:34 - [MESSAGE][INFO] - Finding web element from Test Object's properties

2023-07-21 19:40:34 - [MESSAGE][INFO] - Checking timeout

2023-07-21 19:40:34 - [MESSAGE][INFO] - Finding web element with id: 'Object Repository/secondhand-web/Homepage/Icon_User' located by 'By.xpath: //div[@id='navbarSupportedContent']/div/ul/li[6]/a/i' in '30' second(s)

2023-07-21 19:40:34 - [MESSAGE][INFO] - Smart Wait Function is triggered

2023-07-21 19:40:34 - [MESSAGE][INFO] - Found 1 web elements with id: 'Object Repository/secondhand-web/Homepage/Icon_User' located by 'By.xpath: //div[@id='navbarSupportedContent']/div/ul/li[6]/a/i' in '30' second(s)

2023-07-21 19:40:34 - [MESSAGE][INFO] - Clicking on object: 'Object Repository/secondhand-web/Homepage/Icon_User'

2023-07-21 19:40:34 - [MESSAGE][PASSED] - Object: 'Object Repository/secondhand-web/Homepage/Icon_User' is clicked on

2023-07-21 19:40:34 - [MESSAGE][PASSED] - Call Test Case 'Test Cases/secondhand-web/Pages/Homepage/Icon_User' successfully

2023-07-21 19:40:34 - [TEST_STEP][PASSED] - callTestCase(findTestCase("secondhand-web/Pages/My Profiles/Click Account"), [:], STOP_ON_FAILURE): Call Test Case 'Test Cases/secondhand-web/Pages/My Profiles/Click Account' successfully

2023-07-21 19:40:34 - [MESSAGE][INFO] - Checking called Test Case

2023-07-21 19:40:34 - [MESSAGE][INFO] - Starting to call Test Case 'Test Cases/secondhand-web/Pages/My Profiles/Click Account'

2023-07-21 19:40:34 - [TEST_CASE][PASSED] - Test Cases/secondhand-web/Pages/My Profiles/Click Account: Test Cases/secondhand-web/Pages/My Profiles/Click Account

2023-07-21 19:40:34 - [TEST_STEP][PASSED] - waitForElementVisible(findTestObject("secondhand-web/My Profiles/Click Account Name"), 2): Object 'Object Repository/secondhand-web/My Profiles/Click Account Name' is visible

2023-07-21 19:40:34 - [MESSAGE][INFO] - Finding Test Object 'Object Repository/secondhand-web/My Profiles/Click Account Name'

2023-07-21 19:40:34 - [MESSAGE][INFO] - Checking object

2023-07-21 19:40:34 - [MESSAGE][INFO] - Checking timeout

2023-07-21 19:40:34 - [MESSAGE][INFO] - Finding web element from Test Object's properties

2023-07-21 19:40:34 - [MESSAGE][INFO] - Checking timeout

2023-07-21 19:40:34 - [MESSAGE][INFO] - Finding web element with id: 'Object Repository/secondhand-web/My Profiles/Click Account Name' located by 'By.xpath: //div[@id='navbarSupportedContent']/div/ul/li[6]/ul/li/a/div/div/div' in '2' second(s)

2023-07-21 19:40:34 - [MESSAGE][INFO] - Smart Wait Function is triggered

2023-07-21 19:40:34 - [MESSAGE][INFO] - Found 2 web elements with id: 'Object Repository/secondhand-web/My Profiles/Click Account Name' located by 'By.xpath: //div[@id='navbarSupportedContent']/div/ul/li[6]/ul/li/a/div/div/div' in '2' second(s)

2023-07-21 19:40:34 - [MESSAGE][PASSED] - Object 'Object Repository/secondhand-web/My Profiles/Click Account Name' is visible

2023-07-21 19:40:34 - [TEST_STEP][PASSED] - click(findTestObject("secondhand-web/My Profiles/Click Account Name"), STOP_ON_FAILURE): Object: 'Object Repository/secondhand-web/My Profiles/Click Account Name' is clicked on

2023-07-21 19:40:34 - [MESSAGE][INFO] - Finding Test Object 'Object Repository/secondhand-web/My Profiles/Click Account Name'

2023-07-21 19:40:34 - [MESSAGE][INFO] - Checking object

2023-07-21 19:40:34 - [MESSAGE][INFO] - Checking timeout

2023-07-21 19:40:34 - [MESSAGE][INFO] - Finding web element from Test Object's properties

2023-07-21 19:40:34 - [MESSAGE][INFO] - Checking timeout

2023-07-21 19:40:34 - [MESSAGE][INFO] - Finding web element with id: 'Object Repository/secondhand-web/My Profiles/Click Account Name' located by 'By.xpath: //div[@id='navbarSupportedContent']/div/ul/li[6]/ul/li/a/div/div/div' in '30' second(s)

2023-07-21 19:40:34 - [MESSAGE][INFO] - Smart Wait Function is triggered

2023-07-21 19:40:35 - [MESSAGE][INFO] - Found 2 web elements with id: 'Object Repository/secondhand-web/My Profiles/Click Account Name' located by 'By.xpath: //div[@id='navbarSupportedContent']/div/ul/li[6]/ul/li/a/div/div/div' in '30' second(s)

2023-07-21 19:40:35 - [MESSAGE][INFO] - Clicking on object: 'Object Repository/secondhand-web/My Profiles/Click Account Name'

2023-07-21 19:40:35 - [MESSAGE][PASSED] - Object: 'Object Repository/secondhand-web/My Profiles/Click Account Name' is clicked on

2023-07-21 19:40:35 - [MESSAGE][PASSED] - Call Test Case 'Test Cases/secondhand-web/Pages/My Profiles/Click Account' successfully

2023-07-21 19:40:35 - [TEST_STEP][PASSED] - callTestCase(findTestCase("secondhand-web/Pages/My Profiles/Input Nama"), [:], STOP_ON_FAILURE): Call Test Case 'Test Cases/secondhand-web/Pages/My Profiles/Input Nama' successfully

2023-07-21 19:40:35 - [MESSAGE][INFO] - Checking called Test Case

2023-07-21 19:40:35 - [MESSAGE][INFO] - Starting to call Test Case 'Test Cases/secondhand-web/Pages/My Profiles/Input Nama'

2023-07-21 19:40:35 - [TEST_CASE][PASSED] - Test Cases/secondhand-web/Pages/My Profiles/Input Nama: Test Cases/secondhand-web/Pages/My Profiles/Input Nama

2023-07-21 19:40:35 - [TEST_STEP][PASSED] - clearText(findTestObject("secondhand-web/My Profiles/Input Nama")): Text of object 'Object Repository/secondhand-web/My Profiles/Input Nama' is cleared

2023-07-21 19:40:35 - [MESSAGE][INFO] - Finding Test Object 'Object Repository/secondhand-web/My Profiles/Input Nama'

2023-07-21 19:40:35 - [MESSAGE][INFO] - Checking object

2023-07-21 19:40:35 - [MESSAGE][INFO] - Finding web element from Test Object's properties

2023-07-21 19:40:35 - [MESSAGE][INFO] - Checking timeout

2023-07-21 19:40:35 - [MESSAGE][INFO] - Finding web element with id: 'Object Repository/secondhand-web/My Profiles/Input Nama' located by 'By.xpath: id("user_name")[count(. | //input[@class = 'form-control rounded-4 p-3' and @placeholder = 'Nama' and @required = 'required' and @type = 'text' and @value = 'Muhammad Rizki' and @name = 'user[name]' and @id = 'user_name']) = count(//input[@class = 'form-control rounded-4 p-3' and @placeholder = 'Nama' and @required = 'required' and @type = 'text' and @value = 'Muhammad Rizki' and @name = 'user[name]' and @id = 'user_name'])]' in '30' second(s)

2023-07-21 19:40:35 - [MESSAGE][INFO] - Smart Wait Function is triggered

2023-07-21 19:40:36 - [MESSAGE][INFO] - Found 1 web elements with id: 'Object Repository/secondhand-web/My Profiles/Input Nama' located by 'By.xpath: id("user_name")[count(. | //input[@class = 'form-control rounded-4 p-3' and @placeholder = 'Nama' and @required = 'required' and @type = 'text' and @value = 'Muhammad Rizki' and @name = 'user[name]' and @id = 'user_name']) = count(//input[@class = 'form-control rounded-4 p-3' and @placeholder = 'Nama' and @required = 'required' and @type = 'text' and @value = 'Muhammad Rizki' and @name = 'user[name]' and @id = 'user_name'])]' in '30' second(s)

2023-07-21 19:40:36 - [MESSAGE][INFO] - Clearing text of object 'Object Repository/secondhand-web/My Profiles/Input Nama'

2023-07-21 19:40:36 - [MESSAGE][PASSED] - Text of object 'Object Repository/secondhand-web/My Profiles/Input Nama' is cleared

2023-07-21 19:40:36 - [TEST_STEP][PASSED] - setText(findTestObject("secondhand-web/My Profiles/Input Nama"), "Muhammad Rizki"): Text 'Muhammad Rizki' is set on object 'Object Repository/secondhand-web/My Profiles/Input Nama'

2023-07-21 19:40:36 - [MESSAGE][INFO] - Finding Test Object 'Object Repository/secondhand-web/My Profiles/Input Nama'

2023-07-21 19:40:36 - [MESSAGE][INFO] - Checking object

2023-07-21 19:40:36 - [MESSAGE][INFO] - Checking text

2023-07-21 19:40:36 - [MESSAGE][INFO] - Finding web element from Test Object's properties

2023-07-21 19:40:36 - [MESSAGE][INFO] - Checking timeout

2023-07-21 19:40:36 - [MESSAGE][INFO] - Finding web element with id: 'Object Repository/secondhand-web/My Profiles/Input Nama' located by 'By.xpath: id("user_name")[count(. | //input[@class = 'form-control rounded-4 p-3' and @placeholder = 'Nama' and @required = 'required' and @type = 'text' and @value = 'Muhammad Rizki' and @name = 'user[name]' and @id = 'user_name']) = count(//input[@class = 'form-control rounded-4 p-3' and @placeholder = 'Nama' and @required = 'required' and @type = 'text' and @value = 'Muhammad Rizki' and @name = 'user[name]' and @id = 'user_name'])]' in '30' second(s)

2023-07-21 19:40:36 - [MESSAGE][INFO] - Smart Wait Function is triggered

2023-07-21 19:40:36 - [MESSAGE][INFO] - Found 1 web elements with id: 'Object Repository/secondhand-web/My Profiles/Input Nama' located by 'By.xpath: id("user_name")[count(. | //input[@class = 'form-control rounded-4 p-3' and @placeholder = 'Nama' and @required = 'required' and @type = 'text' and @value = 'Muhammad Rizki' and @name = 'user[name]' and @id = 'user_name']) = count(//input[@class = 'form-control rounded-4 p-3' and @placeholder = 'Nama' and @required = 'required' and @type = 'text' and @value = 'Muhammad Rizki' and @name = 'user[name]' and @id = 'user_name'])]' in '30' second(s)

2023-07-21 19:40:36 - [MESSAGE][INFO] - Clearing text of object 'Object Repository/secondhand-web/My Profiles/Input Nama'

2023-07-21 19:40:36 - [MESSAGE][INFO] - Finding web element from Test Object's properties

2023-07-21 19:40:36 - [MESSAGE][INFO] - Checking timeout

2023-07-21 19:40:36 - [MESSAGE][INFO] - Finding web element with id: 'Object Repository/secondhand-web/My Profiles/Input Nama' located by 'By.xpath: id("user_name")[count(. | //input[@class = 'form-control rounded-4 p-3' and @placeholder = 'Nama' and @required = 'required' and @type = 'text' and @value = 'Muhammad Rizki' and @name = 'user[name]' and @id = 'user_name']) = count(//input[@class = 'form-control rounded-4 p-3' and @placeholder = 'Nama' and @required = 'required' and @type = 'text' and @value = 'Muhammad Rizki' and @name = 'user[name]' and @id = 'user_name'])]' in '30' second(s)

2023-07-21 19:40:36 - [MESSAGE][INFO] - Smart Wait Function is triggered

2023-07-21 19:40:36 - [MESSAGE][INFO] - Found 1 web elements with id: 'Object Repository/secondhand-web/My Profiles/Input Nama' located by 'By.xpath: id("user_name")[count(. | //input[@class = 'form-control rounded-4 p-3' and @placeholder = 'Nama' and @required = 'required' and @type = 'text' and @value = 'Muhammad Rizki' and @name = 'user[name]' and @id = 'user_name']) = count(//input[@class = 'form-control rounded-4 p-3' and @placeholder = 'Nama' and @required = 'required' and @type = 'text' and @value = 'Muhammad Rizki' and @name = 'user[name]' and @id = 'user_name'])]' in '30' second(s)

2023-07-21 19:40:36 - [MESSAGE][INFO] - Setting text of object 'Object Repository/secondhand-web/My Profiles/Input Nama' to value 'Muhammad Rizki'

2023-07-21 19:40:36 - [MESSAGE][PASSED] - Text 'Muhammad Rizki' is set on object 'Object Repository/secondhand-web/My Profiles/Input Nama'

2023-07-21 19:40:36 - [TEST_STEP][PASSED] - takeScreenshot(): Taking screenshot successfully

2023-07-21 19:40:36 - [MESSAGE][INFO] - Smart Wait Function is triggered

2023-07-21 19:40:37 - [MESSAGE][PASSED] - Taking screenshot successfully
[[ATTACHMENT|C:\\Users\\mhmdr\\Desktop\\SQA-Wave9-Kelompok2\\Reports\\20230721_194017\\secondhand-web\\Feature Edit My Profile\\20230721_194018\\1689943237026.png]]

2023-07-21 19:40:37 - [MESSAGE][PASSED] - Call Test Case 'Test Cases/secondhand-web/Pages/My Profiles/Input Nama' successfully

2023-07-21 19:40:37 - [TEST_STEP][PASSED] - callTestCase(findTestCase("secondhand-web/Pages/My Profiles/Select Kota"), [:], STOP_ON_FAILURE): Call Test Case 'Test Cases/secondhand-web/Pages/My Profiles/Select Kota' successfully

2023-07-21 19:40:37 - [MESSAGE][INFO] - Checking called Test Case

2023-07-21 19:40:37 - [MESSAGE][INFO] - Starting to call Test Case 'Test Cases/secondhand-web/Pages/My Profiles/Select Kota'

2023-07-21 19:40:37 - [TEST_CASE][PASSED] - Test Cases/secondhand-web/Pages/My Profiles/Select Kota: Test Cases/secondhand-web/Pages/My Profiles/Select Kota

2023-07-21 19:40:37 - [TEST_STEP][PASSED] - waitForElementVisible(findTestObject("secondhand-web/My Profiles/Select Kota"), 2): Object 'Object Repository/secondhand-web/My Profiles/Select Kota' is visible

2023-07-21 19:40:37 - [MESSAGE][INFO] - Finding Test Object 'Object Repository/secondhand-web/My Profiles/Select Kota'

2023-07-21 19:40:37 - [MESSAGE][INFO] - Checking object

2023-07-21 19:40:37 - [MESSAGE][INFO] - Checking timeout

2023-07-21 19:40:37 - [MESSAGE][INFO] - Finding web element from Test Object's properties

2023-07-21 19:40:37 - [MESSAGE][INFO] - Checking timeout

2023-07-21 19:40:37 - [MESSAGE][INFO] - Finding web element with id: 'Object Repository/secondhand-web/My Profiles/Select Kota' located by 'By.xpath: //select[@id='user_city_id']' in '2' second(s)

2023-07-21 19:40:37 - [MESSAGE][INFO] - Smart Wait Function is triggered

2023-07-21 19:40:37 - [MESSAGE][INFO] - Found 1 web elements with id: 'Object Repository/secondhand-web/My Profiles/Select Kota' located by 'By.xpath: //select[@id='user_city_id']' in '2' second(s)

2023-07-21 19:40:37 - [MESSAGE][PASSED] - Object 'Object Repository/secondhand-web/My Profiles/Select Kota' is visible

2023-07-21 19:40:37 - [TEST_STEP][PASSED] - selectOptionByIndex(findTestObject("secondhand-web/My Profiles/Select Kota"), 2): All options with index in [2] are selected on object 'Object Repository/secondhand-web/My Profiles/Select Kota'

2023-07-21 19:40:37 - [MESSAGE][INFO] - Finding Test Object 'Object Repository/secondhand-web/My Profiles/Select Kota'

2023-07-21 19:40:37 - [MESSAGE][INFO] - Checking object

2023-07-21 19:40:37 - [MESSAGE][INFO] - Checking index range

2023-07-21 19:40:37 - [MESSAGE][INFO] - Converting range parameter '2' to index array

2023-07-21 19:40:37 - [MESSAGE][INFO] - Range parameter '2' is converted to index array [2]

2023-07-21 19:40:37 - [MESSAGE][INFO] - Finding web element from Test Object's properties

2023-07-21 19:40:37 - [MESSAGE][INFO] - Checking timeout

2023-07-21 19:40:37 - [MESSAGE][INFO] - Finding web element with id: 'Object Repository/secondhand-web/My Profiles/Select Kota' located by 'By.xpath: //select[@id='user_city_id']' in '30' second(s)

2023-07-21 19:40:37 - [MESSAGE][INFO] - Smart Wait Function is triggered

2023-07-21 19:40:38 - [MESSAGE][INFO] - Found 1 web elements with id: 'Object Repository/secondhand-web/My Profiles/Select Kota' located by 'By.xpath: //select[@id='user_city_id']' in '30' second(s)

2023-07-21 19:40:38 - [MESSAGE][INFO] - Checking index parameters

2023-07-21 19:40:38 - [MESSAGE][INFO] - Smart Wait Function is triggered

2023-07-21 19:40:38 - [MESSAGE][INFO] - Selecting options on object 'Object Repository/secondhand-web/My Profiles/Select Kota' with index in [2]

2023-07-21 19:40:38 - [MESSAGE][INFO] - Smart Wait Function is triggered

2023-07-21 19:40:38 - [MESSAGE][INFO] - Option with index 2 is selected

2023-07-21 19:40:38 - [MESSAGE][PASSED] - All options with index in [2] are selected on object 'Object Repository/secondhand-web/My Profiles/Select Kota'

2023-07-21 19:40:38 - [TEST_STEP][PASSED] - takeScreenshot(): Taking screenshot successfully

2023-07-21 19:40:38 - [MESSAGE][INFO] - Smart Wait Function is triggered

2023-07-21 19:40:38 - [MESSAGE][PASSED] - Taking screenshot successfully
[[ATTACHMENT|C:\\Users\\mhmdr\\Desktop\\SQA-Wave9-Kelompok2\\Reports\\20230721_194017\\secondhand-web\\Feature Edit My Profile\\20230721_194018\\1689943238853.png]]

2023-07-21 19:40:38 - [MESSAGE][PASSED] - Call Test Case 'Test Cases/secondhand-web/Pages/My Profiles/Select Kota' successfully

2023-07-21 19:40:38 - [TEST_STEP][PASSED] - callTestCase(findTestCase("secondhand-web/Pages/My Profiles/Input Alamat"), [:], STOP_ON_FAILURE): Call Test Case 'Test Cases/secondhand-web/Pages/My Profiles/Input Alamat' successfully

2023-07-21 19:40:38 - [MESSAGE][INFO] - Checking called Test Case

2023-07-21 19:40:38 - [MESSAGE][INFO] - Starting to call Test Case 'Test Cases/secondhand-web/Pages/My Profiles/Input Alamat'

2023-07-21 19:40:39 - [TEST_CASE][PASSED] - Test Cases/secondhand-web/Pages/My Profiles/Input Alamat: Test Cases/secondhand-web/Pages/My Profiles/Input Alamat

2023-07-21 19:40:39 - [TEST_STEP][PASSED] - clearText(findTestObject("secondhand-web/My Profiles/Input Alamat")): Text of object 'Object Repository/secondhand-web/My Profiles/Input Alamat' is cleared

2023-07-21 19:40:39 - [MESSAGE][INFO] - Finding Test Object 'Object Repository/secondhand-web/My Profiles/Input Alamat'

2023-07-21 19:40:39 - [MESSAGE][INFO] - Checking object

2023-07-21 19:40:39 - [MESSAGE][INFO] - Finding web element from Test Object's properties

2023-07-21 19:40:39 - [MESSAGE][INFO] - Checking timeout

2023-07-21 19:40:39 - [MESSAGE][INFO] - Finding web element with id: 'Object Repository/secondhand-web/My Profiles/Input Alamat' located by 'By.xpath: //textarea[@id='user_address']' in '30' second(s)

2023-07-21 19:40:39 - [MESSAGE][INFO] - Smart Wait Function is triggered

2023-07-21 19:40:39 - [MESSAGE][INFO] - Found 1 web elements with id: 'Object Repository/secondhand-web/My Profiles/Input Alamat' located by 'By.xpath: //textarea[@id='user_address']' in '30' second(s)

2023-07-21 19:40:39 - [MESSAGE][INFO] - Clearing text of object 'Object Repository/secondhand-web/My Profiles/Input Alamat'

2023-07-21 19:40:39 - [MESSAGE][PASSED] - Text of object 'Object Repository/secondhand-web/My Profiles/Input Alamat' is cleared

2023-07-21 19:40:39 - [TEST_STEP][PASSED] - setText(findTestObject("secondhand-web/My Profiles/Input Alamat"), "Malinau, Kalimantan Utara"): Text 'Malinau, Kalimantan Utara' is set on object 'Object Repository/secondhand-web/My Profiles/Input Alamat'

2023-07-21 19:40:39 - [MESSAGE][INFO] - Finding Test Object 'Object Repository/secondhand-web/My Profiles/Input Alamat'

2023-07-21 19:40:39 - [MESSAGE][INFO] - Checking object

2023-07-21 19:40:39 - [MESSAGE][INFO] - Checking text

2023-07-21 19:40:39 - [MESSAGE][INFO] - Finding web element from Test Object's properties

2023-07-21 19:40:39 - [MESSAGE][INFO] - Checking timeout

2023-07-21 19:40:39 - [MESSAGE][INFO] - Finding web element with id: 'Object Repository/secondhand-web/My Profiles/Input Alamat' located by 'By.xpath: //textarea[@id='user_address']' in '30' second(s)

2023-07-21 19:40:39 - [MESSAGE][INFO] - Smart Wait Function is triggered

2023-07-21 19:40:39 - [MESSAGE][INFO] - Found 1 web elements with id: 'Object Repository/secondhand-web/My Profiles/Input Alamat' located by 'By.xpath: //textarea[@id='user_address']' in '30' second(s)

2023-07-21 19:40:39 - [MESSAGE][INFO] - Clearing text of object 'Object Repository/secondhand-web/My Profiles/Input Alamat'

2023-07-21 19:40:39 - [MESSAGE][INFO] - Finding web element from Test Object's properties

2023-07-21 19:40:39 - [MESSAGE][INFO] - Checking timeout

2023-07-21 19:40:39 - [MESSAGE][INFO] - Finding web element with id: 'Object Repository/secondhand-web/My Profiles/Input Alamat' located by 'By.xpath: //textarea[@id='user_address']' in '30' second(s)

2023-07-21 19:40:39 - [MESSAGE][INFO] - Smart Wait Function is triggered

2023-07-21 19:40:40 - [MESSAGE][INFO] - Found 1 web elements with id: 'Object Repository/secondhand-web/My Profiles/Input Alamat' located by 'By.xpath: //textarea[@id='user_address']' in '30' second(s)

2023-07-21 19:40:40 - [MESSAGE][INFO] - Setting text of object 'Object Repository/secondhand-web/My Profiles/Input Alamat' to value 'Malinau, Kalimantan Utara'

2023-07-21 19:40:40 - [MESSAGE][PASSED] - Text 'Malinau, Kalimantan Utara' is set on object 'Object Repository/secondhand-web/My Profiles/Input Alamat'

2023-07-21 19:40:40 - [TEST_STEP][PASSED] - takeScreenshot(): Taking screenshot successfully

2023-07-21 19:40:40 - [MESSAGE][INFO] - Smart Wait Function is triggered

2023-07-21 19:40:40 - [MESSAGE][PASSED] - Taking screenshot successfully
[[ATTACHMENT|C:\\Users\\mhmdr\\Desktop\\SQA-Wave9-Kelompok2\\Reports\\20230721_194017\\secondhand-web\\Feature Edit My Profile\\20230721_194018\\1689943240447.png]]

2023-07-21 19:40:40 - [MESSAGE][PASSED] - Call Test Case 'Test Cases/secondhand-web/Pages/My Profiles/Input Alamat' successfully

2023-07-21 19:40:40 - [TEST_STEP][PASSED] - callTestCase(findTestCase("secondhand-web/Pages/My Profiles/Input Nomor HP"), [:], STOP_ON_FAILURE): Call Test Case 'Test Cases/secondhand-web/Pages/My Profiles/Input Nomor HP' successfully

2023-07-21 19:40:40 - [MESSAGE][INFO] - Checking called Test Case

2023-07-21 19:40:40 - [MESSAGE][INFO] - Starting to call Test Case 'Test Cases/secondhand-web/Pages/My Profiles/Input Nomor HP'

2023-07-21 19:40:40 - [TEST_CASE][PASSED] - Test Cases/secondhand-web/Pages/My Profiles/Input Nomor HP: Test Cases/secondhand-web/Pages/My Profiles/Input Nomor HP

2023-07-21 19:40:40 - [TEST_STEP][PASSED] - clearText(findTestObject("secondhand-web/My Profiles/Input No Handphone")): Text of object 'Object Repository/secondhand-web/My Profiles/Input No Handphone' is cleared

2023-07-21 19:40:40 - [MESSAGE][INFO] - Finding Test Object 'Object Repository/secondhand-web/My Profiles/Input No Handphone'

2023-07-21 19:40:40 - [MESSAGE][INFO] - Checking object

2023-07-21 19:40:40 - [MESSAGE][INFO] - Finding web element from Test Object's properties

2023-07-21 19:40:40 - [MESSAGE][INFO] - Checking timeout

2023-07-21 19:40:40 - [MESSAGE][INFO] - Finding web element with id: 'Object Repository/secondhand-web/My Profiles/Input No Handphone' located by 'By.xpath: //input[@id='user_phone_number']' in '30' second(s)

2023-07-21 19:40:40 - [MESSAGE][INFO] - Smart Wait Function is triggered

2023-07-21 19:40:41 - [MESSAGE][INFO] - Found 1 web elements with id: 'Object Repository/secondhand-web/My Profiles/Input No Handphone' located by 'By.xpath: //input[@id='user_phone_number']' in '30' second(s)

2023-07-21 19:40:41 - [MESSAGE][INFO] - Clearing text of object 'Object Repository/secondhand-web/My Profiles/Input No Handphone'

2023-07-21 19:40:41 - [MESSAGE][PASSED] - Text of object 'Object Repository/secondhand-web/My Profiles/Input No Handphone' is cleared

2023-07-21 19:40:41 - [TEST_STEP][PASSED] - setText(findTestObject("secondhand-web/My Profiles/Input No Handphone"), "081211114444"): Text '081211114444' is set on object 'Object Repository/secondhand-web/My Profiles/Input No Handphone'

2023-07-21 19:40:41 - [MESSAGE][INFO] - Finding Test Object 'Object Repository/secondhand-web/My Profiles/Input No Handphone'

2023-07-21 19:40:41 - [MESSAGE][INFO] - Checking object

2023-07-21 19:40:41 - [MESSAGE][INFO] - Checking text

2023-07-21 19:40:41 - [MESSAGE][INFO] - Finding web element from Test Object's properties

2023-07-21 19:40:41 - [MESSAGE][INFO] - Checking timeout

2023-07-21 19:40:41 - [MESSAGE][INFO] - Finding web element with id: 'Object Repository/secondhand-web/My Profiles/Input No Handphone' located by 'By.xpath: //input[@id='user_phone_number']' in '30' second(s)

2023-07-21 19:40:41 - [MESSAGE][INFO] - Smart Wait Function is triggered

2023-07-21 19:40:41 - [MESSAGE][INFO] - Found 1 web elements with id: 'Object Repository/secondhand-web/My Profiles/Input No Handphone' located by 'By.xpath: //input[@id='user_phone_number']' in '30' second(s)

2023-07-21 19:40:41 - [MESSAGE][INFO] - Clearing text of object 'Object Repository/secondhand-web/My Profiles/Input No Handphone'

2023-07-21 19:40:41 - [MESSAGE][INFO] - Finding web element from Test Object's properties

2023-07-21 19:40:41 - [MESSAGE][INFO] - Checking timeout

2023-07-21 19:40:41 - [MESSAGE][INFO] - Finding web element with id: 'Object Repository/secondhand-web/My Profiles/Input No Handphone' located by 'By.xpath: //input[@id='user_phone_number']' in '30' second(s)

2023-07-21 19:40:41 - [MESSAGE][INFO] - Smart Wait Function is triggered

2023-07-21 19:40:41 - [MESSAGE][INFO] - Found 1 web elements with id: 'Object Repository/secondhand-web/My Profiles/Input No Handphone' located by 'By.xpath: //input[@id='user_phone_number']' in '30' second(s)

2023-07-21 19:40:41 - [MESSAGE][INFO] - Setting text of object 'Object Repository/secondhand-web/My Profiles/Input No Handphone' to value '081211114444'

2023-07-21 19:40:41 - [MESSAGE][PASSED] - Text '081211114444' is set on object 'Object Repository/secondhand-web/My Profiles/Input No Handphone'

2023-07-21 19:40:41 - [TEST_STEP][PASSED] - takeScreenshot(): Taking screenshot successfully

2023-07-21 19:40:41 - [MESSAGE][INFO] - Smart Wait Function is triggered

2023-07-21 19:40:42 - [MESSAGE][PASSED] - Taking screenshot successfully
[[ATTACHMENT|C:\\Users\\mhmdr\\Desktop\\SQA-Wave9-Kelompok2\\Reports\\20230721_194017\\secondhand-web\\Feature Edit My Profile\\20230721_194018\\1689943242105.png]]

2023-07-21 19:40:42 - [MESSAGE][PASSED] - Call Test Case 'Test Cases/secondhand-web/Pages/My Profiles/Input Nomor HP' successfully

2023-07-21 19:40:42 - [TEST_STEP][PASSED] - callTestCase(findTestCase("secondhand-web/Pages/My Profiles/Button Simpan"), [:], STOP_ON_FAILURE): Call Test Case 'Test Cases/secondhand-web/Pages/My Profiles/Button Simpan' successfully

2023-07-21 19:40:42 - [MESSAGE][INFO] - Checking called Test Case

2023-07-21 19:40:42 - [MESSAGE][INFO] - Starting to call Test Case 'Test Cases/secondhand-web/Pages/My Profiles/Button Simpan'

2023-07-21 19:40:42 - [TEST_CASE][PASSED] - Test Cases/secondhand-web/Pages/My Profiles/Button Simpan: Test Cases/secondhand-web/Pages/My Profiles/Button Simpan

2023-07-21 19:40:42 - [TEST_STEP][PASSED] - waitForElementVisible(findTestObject("secondhand-web/My Profiles/Button Simpan"), 2): Object 'Object Repository/secondhand-web/My Profiles/Button Simpan' is visible

2023-07-21 19:40:42 - [MESSAGE][INFO] - Finding Test Object 'Object Repository/secondhand-web/My Profiles/Button Simpan'

2023-07-21 19:40:42 - [MESSAGE][INFO] - Checking object

2023-07-21 19:40:42 - [MESSAGE][INFO] - Checking timeout

2023-07-21 19:40:42 - [MESSAGE][INFO] - Finding web element from Test Object's properties

2023-07-21 19:40:42 - [MESSAGE][INFO] - Checking timeout

2023-07-21 19:40:42 - [MESSAGE][INFO] - Finding web element with id: 'Object Repository/secondhand-web/My Profiles/Button Simpan' located by 'By.xpath: //input[@name='commit']' in '2' second(s)

2023-07-21 19:40:42 - [MESSAGE][INFO] - Smart Wait Function is triggered

2023-07-21 19:40:42 - [MESSAGE][INFO] - Found 1 web elements with id: 'Object Repository/secondhand-web/My Profiles/Button Simpan' located by 'By.xpath: //input[@name='commit']' in '2' second(s)

2023-07-21 19:40:42 - [MESSAGE][PASSED] - Object 'Object Repository/secondhand-web/My Profiles/Button Simpan' is visible

2023-07-21 19:40:42 - [TEST_STEP][PASSED] - click(findTestObject("secondhand-web/My Profiles/Button Simpan")): Object: 'Object Repository/secondhand-web/My Profiles/Button Simpan' is clicked on

2023-07-21 19:40:42 - [MESSAGE][INFO] - Finding Test Object 'Object Repository/secondhand-web/My Profiles/Button Simpan'

2023-07-21 19:40:42 - [MESSAGE][INFO] - Checking object

2023-07-21 19:40:42 - [MESSAGE][INFO] - Checking timeout

2023-07-21 19:40:42 - [MESSAGE][INFO] - Finding web element from Test Object's properties

2023-07-21 19:40:42 - [MESSAGE][INFO] - Checking timeout

2023-07-21 19:40:42 - [MESSAGE][INFO] - Finding web element with id: 'Object Repository/secondhand-web/My Profiles/Button Simpan' located by 'By.xpath: //input[@name='commit']' in '30' second(s)

2023-07-21 19:40:42 - [MESSAGE][INFO] - Smart Wait Function is triggered

2023-07-21 19:40:43 - [MESSAGE][INFO] - Found 1 web elements with id: 'Object Repository/secondhand-web/My Profiles/Button Simpan' located by 'By.xpath: //input[@name='commit']' in '30' second(s)

2023-07-21 19:40:43 - [MESSAGE][INFO] - Clicking on object: 'Object Repository/secondhand-web/My Profiles/Button Simpan'

2023-07-21 19:40:44 - [MESSAGE][INFO] - Unable to click the Test Object, 30 second(s) remain to retry.

2023-07-21 19:40:45 - [MESSAGE][PASSED] - Object: 'Object Repository/secondhand-web/My Profiles/Button Simpan' is clicked on

2023-07-21 19:40:45 - [TEST_STEP][PASSED] - takeScreenshot(): Taking screenshot successfully

2023-07-21 19:40:45 - [MESSAGE][INFO] - Smart Wait Function is triggered

2023-07-21 19:40:45 - [MESSAGE][PASSED] - Taking screenshot successfully
[[ATTACHMENT|C:\\Users\\mhmdr\\Desktop\\SQA-Wave9-Kelompok2\\Reports\\20230721_194017\\secondhand-web\\Feature Edit My Profile\\20230721_194018\\1689943245820.png]]

2023-07-21 19:40:45 - [MESSAGE][PASSED] - Call Test Case 'Test Cases/secondhand-web/Pages/My Profiles/Button Simpan' successfully

2023-07-21 19:40:45 - [TEST_STEP][PASSED] - callTestCase(findTestCase("secondhand-web/Common/Close Web"), [:], STOP_ON_FAILURE): Call Test Case 'Test Cases/secondhand-web/Common/Close Web' successfully

2023-07-21 19:40:45 - [MESSAGE][INFO] - Checking called Test Case

2023-07-21 19:40:45 - [MESSAGE][INFO] - Starting to call Test Case 'Test Cases/secondhand-web/Common/Close Web'

2023-07-21 19:40:45 - [TEST_CASE][PASSED] - Test Cases/secondhand-web/Common/Close Web: Test Cases/secondhand-web/Common/Close Web

2023-07-21 19:40:46 - [TEST_STEP][PASSED] - closeBrowser(): Browser is closed

2023-07-21 19:40:46 - [MESSAGE][INFO] - Closing browser

2023-07-21 19:40:46 - [MESSAGE][PASSED] - Browser is closed

2023-07-21 19:40:46 - [MESSAGE][PASSED] - Call Test Case 'Test Cases/secondhand-web/Common/Close Web' successfully]]></system-out>
         <system-err><![CDATA[]]></system-err>
      </testcase>
      <testcase name="Test Cases/secondhand-web/Step Definition/Feature Edit Profile/PROUSER002 - user should not be able to edit profile using blank input" time="18.415" classname="Test Cases/secondhand-web/Step Definition/Feature Edit Profile/PROUSER002 - user should not be able to edit profile using blank input" status="PASSED">
         <system-out><![CDATA[2023-07-21 19:40:46 - [TEST_CASE][PASSED] - Test Cases/secondhand-web/Step Definition/Feature Edit Profile/PROUSER002 - user should not be able to edit profile using blank input: Test Cases/secondhand-web/Step Definition/Feature Edit Profile/PROUSER002 - user should not be able to edit profile using blank input

2023-07-21 19:40:47 - [TEST_STEP][PASSED] - callTestCase(findTestCase("secondhand-web/Common/Launch Web"), [:], STOP_ON_FAILURE): Call Test Case 'Test Cases/secondhand-web/Common/Launch Web' successfully

2023-07-21 19:40:47 - [MESSAGE][INFO] - Checking called Test Case

2023-07-21 19:40:47 - [MESSAGE][INFO] - Starting to call Test Case 'Test Cases/secondhand-web/Common/Launch Web'

2023-07-21 19:40:47 - [TEST_CASE][PASSED] - Test Cases/secondhand-web/Common/Launch Web: Test Cases/secondhand-web/Common/Launch Web

2023-07-21 19:40:47 - [TEST_STEP][PASSED] - openBrowser(""): Browser is opened with url: ''

2023-07-21 19:40:47 - [MESSAGE][INFO] - Opening browser

2023-07-21 19:40:47 - [MESSAGE][INFO] - Starting 'Chrome' driver

2023-07-21 19:40:47 - [MESSAGE][INFO] - Action delay is set to 0 milliseconds

2023-07-21 19:40:48 - [MESSAGE][PASSED] - Browser is opened with url: ''

2023-07-21 19:40:48 - [TEST_STEP][PASSED] - maximizeWindow(): Current window maximized

2023-07-21 19:40:48 - [MESSAGE][INFO] - Maximizing current window

2023-07-21 19:40:48 - [MESSAGE][PASSED] - Current window maximized

2023-07-21 19:40:48 - [MESSAGE][PASSED] - Call Test Case 'Test Cases/secondhand-web/Common/Launch Web' successfully

2023-07-21 19:40:48 - [TEST_STEP][PASSED] - callTestCase(findTestCase("secondhand-web/Common/Navigate To Web"), [:], STOP_ON_FAILURE): Call Test Case 'Test Cases/secondhand-web/Common/Navigate To Web' successfully

2023-07-21 19:40:48 - [MESSAGE][INFO] - Checking called Test Case

2023-07-21 19:40:48 - [MESSAGE][INFO] - Starting to call Test Case 'Test Cases/secondhand-web/Common/Navigate To Web'

2023-07-21 19:40:48 - [TEST_CASE][PASSED] - Test Cases/secondhand-web/Common/Navigate To Web: Test Cases/secondhand-web/Common/Navigate To Web

2023-07-21 19:40:48 - [TEST_STEP][PASSED] - navigateToUrl(baseUrl): Navigate to 'https://secondhand.binaracademy.org/' successfully

2023-07-21 19:40:48 - [MESSAGE][INFO] - Checking url

2023-07-21 19:40:48 - [MESSAGE][INFO] - Navigating to 'https://secondhand.binaracademy.org/'

2023-07-21 19:40:49 - [MESSAGE][PASSED] - Navigate to 'https://secondhand.binaracademy.org/' successfully

2023-07-21 19:40:49 - [MESSAGE][PASSED] - Call Test Case 'Test Cases/secondhand-web/Common/Navigate To Web' successfully

2023-07-21 19:40:49 - [TEST_STEP][PASSED] - callTestCase(findTestCase("secondhand-web/Pages/User Login/Click Button Masuk"), [:], STOP_ON_FAILURE): Call Test Case 'Test Cases/secondhand-web/Pages/User Login/Click Button Masuk' successfully

2023-07-21 19:40:49 - [MESSAGE][INFO] - Checking called Test Case

2023-07-21 19:40:49 - [MESSAGE][INFO] - Starting to call Test Case 'Test Cases/secondhand-web/Pages/User Login/Click Button Masuk'

2023-07-21 19:40:49 - [TEST_CASE][PASSED] - Test Cases/secondhand-web/Pages/User Login/Click Button Masuk: Test Cases/secondhand-web/Pages/User Login/Click Button Masuk

2023-07-21 19:40:49 - [TEST_STEP][PASSED] - verifyElementVisible(findTestObject("secondhand-web/Login/Click Button Masuk"), STOP_ON_FAILURE): Object 'Object Repository/secondhand-web/Login/Click Button Masuk' is visible

2023-07-21 19:40:49 - [MESSAGE][INFO] - Finding Test Object 'Object Repository/secondhand-web/Login/Click Button Masuk'

2023-07-21 19:40:49 - [MESSAGE][INFO] - Checking object

2023-07-21 19:40:49 - [MESSAGE][INFO] - Finding web element from Test Object's properties

2023-07-21 19:40:49 - [MESSAGE][INFO] - Checking timeout

2023-07-21 19:40:49 - [MESSAGE][INFO] - Finding web element with id: 'Object Repository/secondhand-web/Login/Click Button Masuk' located by 'By.xpath: //div[@id='navbarSupportedContent']/div/a' in '30' second(s)

2023-07-21 19:40:49 - [MESSAGE][INFO] - Smart Wait Function is triggered

2023-07-21 19:40:49 - [MESSAGE][INFO] - Found 1 web elements with id: 'Object Repository/secondhand-web/Login/Click Button Masuk' located by 'By.xpath: //div[@id='navbarSupportedContent']/div/a' in '30' second(s)

2023-07-21 19:40:49 - [MESSAGE][PASSED] - Object 'Object Repository/secondhand-web/Login/Click Button Masuk' is visible

2023-07-21 19:40:49 - [TEST_STEP][PASSED] - click(findTestObject("secondhand-web/Login/Click Button Masuk")): Object: 'Object Repository/secondhand-web/Login/Click Button Masuk' is clicked on

2023-07-21 19:40:49 - [MESSAGE][INFO] - Finding Test Object 'Object Repository/secondhand-web/Login/Click Button Masuk'

2023-07-21 19:40:49 - [MESSAGE][INFO] - Checking object

2023-07-21 19:40:49 - [MESSAGE][INFO] - Checking timeout

2023-07-21 19:40:49 - [MESSAGE][INFO] - Finding web element from Test Object's properties

2023-07-21 19:40:49 - [MESSAGE][INFO] - Checking timeout

2023-07-21 19:40:49 - [MESSAGE][INFO] - Finding web element with id: 'Object Repository/secondhand-web/Login/Click Button Masuk' located by 'By.xpath: //div[@id='navbarSupportedContent']/div/a' in '30' second(s)

2023-07-21 19:40:49 - [MESSAGE][INFO] - Smart Wait Function is triggered

2023-07-21 19:40:50 - [MESSAGE][INFO] - Found 1 web elements with id: 'Object Repository/secondhand-web/Login/Click Button Masuk' located by 'By.xpath: //div[@id='navbarSupportedContent']/div/a' in '30' second(s)

2023-07-21 19:40:50 - [MESSAGE][INFO] - Clicking on object: 'Object Repository/secondhand-web/Login/Click Button Masuk'

2023-07-21 19:40:50 - [MESSAGE][PASSED] - Object: 'Object Repository/secondhand-web/Login/Click Button Masuk' is clicked on

2023-07-21 19:40:50 - [MESSAGE][PASSED] - Call Test Case 'Test Cases/secondhand-web/Pages/User Login/Click Button Masuk' successfully

2023-07-21 19:40:50 - [TEST_STEP][PASSED] - callTestCase(findTestCase("secondhand-web/Pages/User Login/Input Email"), ["email":emailRizki], STOP_ON_FAILURE): Call Test Case 'Test Cases/secondhand-web/Pages/User Login/Input Email' successfully

2023-07-21 19:40:50 - [MESSAGE][INFO] - Checking called Test Case

2023-07-21 19:40:50 - [MESSAGE][INFO] - Starting to call Test Case 'Test Cases/secondhand-web/Pages/User Login/Input Email'

2023-07-21 19:40:50 - [TEST_CASE][PASSED] - Test Cases/secondhand-web/Pages/User Login/Input Email: Test Cases/secondhand-web/Pages/User Login/Input Email

2023-07-21 19:40:50 - [TEST_STEP][PASSED] - waitForElementVisible(findTestObject("secondhand-web/Login/Input_email"), 3): Object 'Object Repository/secondhand-web/Login/Input_email' is visible

2023-07-21 19:40:50 - [MESSAGE][INFO] - Finding Test Object 'Object Repository/secondhand-web/Login/Input_email'

2023-07-21 19:40:50 - [MESSAGE][INFO] - Checking object

2023-07-21 19:40:50 - [MESSAGE][INFO] - Checking timeout

2023-07-21 19:40:50 - [MESSAGE][INFO] - Finding web element from Test Object's properties

2023-07-21 19:40:50 - [MESSAGE][INFO] - Checking timeout

2023-07-21 19:40:50 - [MESSAGE][INFO] - Finding web element with id: 'Object Repository/secondhand-web/Login/Input_email' located by 'By.xpath: //input[@id='user_email']' in '3' second(s)

2023-07-21 19:40:50 - [MESSAGE][INFO] - Smart Wait Function is triggered

2023-07-21 19:40:50 - [MESSAGE][INFO] - Found 1 web elements with id: 'Object Repository/secondhand-web/Login/Input_email' located by 'By.xpath: //input[@id='user_email']' in '3' second(s)

2023-07-21 19:40:50 - [MESSAGE][PASSED] - Object 'Object Repository/secondhand-web/Login/Input_email' is visible

2023-07-21 19:40:50 - [TEST_STEP][PASSED] - setText(findTestObject("secondhand-web/Login/Input_email"), email): Text 'mhmdrizki250@gmail.com' is set on object 'Object Repository/secondhand-web/Login/Input_email'

2023-07-21 19:40:50 - [MESSAGE][INFO] - Finding Test Object 'Object Repository/secondhand-web/Login/Input_email'

2023-07-21 19:40:50 - [MESSAGE][INFO] - Checking object

2023-07-21 19:40:50 - [MESSAGE][INFO] - Checking text

2023-07-21 19:40:50 - [MESSAGE][INFO] - Finding web element from Test Object's properties

2023-07-21 19:40:50 - [MESSAGE][INFO] - Checking timeout

2023-07-21 19:40:50 - [MESSAGE][INFO] - Finding web element with id: 'Object Repository/secondhand-web/Login/Input_email' located by 'By.xpath: //input[@id='user_email']' in '30' second(s)

2023-07-21 19:40:50 - [MESSAGE][INFO] - Smart Wait Function is triggered

2023-07-21 19:40:50 - [MESSAGE][INFO] - Found 1 web elements with id: 'Object Repository/secondhand-web/Login/Input_email' located by 'By.xpath: //input[@id='user_email']' in '30' second(s)

2023-07-21 19:40:50 - [MESSAGE][INFO] - Clearing text of object 'Object Repository/secondhand-web/Login/Input_email'

2023-07-21 19:40:50 - [MESSAGE][INFO] - Finding web element from Test Object's properties

2023-07-21 19:40:50 - [MESSAGE][INFO] - Checking timeout

2023-07-21 19:40:50 - [MESSAGE][INFO] - Finding web element with id: 'Object Repository/secondhand-web/Login/Input_email' located by 'By.xpath: //input[@id='user_email']' in '30' second(s)

2023-07-21 19:40:50 - [MESSAGE][INFO] - Smart Wait Function is triggered

2023-07-21 19:40:51 - [MESSAGE][INFO] - Found 1 web elements with id: 'Object Repository/secondhand-web/Login/Input_email' located by 'By.xpath: //input[@id='user_email']' in '30' second(s)

2023-07-21 19:40:51 - [MESSAGE][INFO] - Setting text of object 'Object Repository/secondhand-web/Login/Input_email' to value 'mhmdrizki250@gmail.com'

2023-07-21 19:40:51 - [MESSAGE][PASSED] - Text 'mhmdrizki250@gmail.com' is set on object 'Object Repository/secondhand-web/Login/Input_email'

2023-07-21 19:40:51 - [TEST_STEP][PASSED] - takeScreenshot(): Taking screenshot successfully

2023-07-21 19:40:51 - [MESSAGE][INFO] - Smart Wait Function is triggered

2023-07-21 19:40:52 - [MESSAGE][PASSED] - Taking screenshot successfully
[[ATTACHMENT|C:\\Users\\mhmdr\\Desktop\\SQA-Wave9-Kelompok2\\Reports\\20230721_194017\\secondhand-web\\Feature Edit My Profile\\20230721_194018\\1689943251473.png]]

2023-07-21 19:40:52 - [MESSAGE][PASSED] - Call Test Case 'Test Cases/secondhand-web/Pages/User Login/Input Email' successfully

2023-07-21 19:40:52 - [TEST_STEP][PASSED] - callTestCase(findTestCase("secondhand-web/Pages/User Login/Input Password"), ["password":passwordRizki], STOP_ON_FAILURE): Call Test Case 'Test Cases/secondhand-web/Pages/User Login/Input Password' successfully

2023-07-21 19:40:52 - [MESSAGE][INFO] - Checking called Test Case

2023-07-21 19:40:52 - [MESSAGE][INFO] - Starting to call Test Case 'Test Cases/secondhand-web/Pages/User Login/Input Password'

2023-07-21 19:40:52 - [TEST_CASE][PASSED] - Test Cases/secondhand-web/Pages/User Login/Input Password: Test Cases/secondhand-web/Pages/User Login/Input Password

2023-07-21 19:40:52 - [TEST_STEP][PASSED] - waitForElementVisible(findTestObject("secondhand-web/Login/Input_password"), 3): Object 'Object Repository/secondhand-web/Login/Input_password' is visible

2023-07-21 19:40:52 - [MESSAGE][INFO] - Finding Test Object 'Object Repository/secondhand-web/Login/Input_password'

2023-07-21 19:40:52 - [MESSAGE][INFO] - Checking object

2023-07-21 19:40:52 - [MESSAGE][INFO] - Checking timeout

2023-07-21 19:40:52 - [MESSAGE][INFO] - Finding web element from Test Object's properties

2023-07-21 19:40:52 - [MESSAGE][INFO] - Checking timeout

2023-07-21 19:40:52 - [MESSAGE][INFO] - Finding web element with id: 'Object Repository/secondhand-web/Login/Input_password' located by 'By.xpath: //input[@id='user_password']' in '3' second(s)

2023-07-21 19:40:52 - [MESSAGE][INFO] - Smart Wait Function is triggered

2023-07-21 19:40:52 - [MESSAGE][INFO] - Found 1 web elements with id: 'Object Repository/secondhand-web/Login/Input_password' located by 'By.xpath: //input[@id='user_password']' in '3' second(s)

2023-07-21 19:40:52 - [MESSAGE][PASSED] - Object 'Object Repository/secondhand-web/Login/Input_password' is visible

2023-07-21 19:40:52 - [TEST_STEP][PASSED] - setText(findTestObject("secondhand-web/Login/Input_password"), password): Text 'Kiki123456789' is set on object 'Object Repository/secondhand-web/Login/Input_password'

2023-07-21 19:40:52 - [MESSAGE][INFO] - Finding Test Object 'Object Repository/secondhand-web/Login/Input_password'

2023-07-21 19:40:52 - [MESSAGE][INFO] - Checking object

2023-07-21 19:40:52 - [MESSAGE][INFO] - Checking text

2023-07-21 19:40:52 - [MESSAGE][INFO] - Finding web element from Test Object's properties

2023-07-21 19:40:52 - [MESSAGE][INFO] - Checking timeout

2023-07-21 19:40:52 - [MESSAGE][INFO] - Finding web element with id: 'Object Repository/secondhand-web/Login/Input_password' located by 'By.xpath: //input[@id='user_password']' in '30' second(s)

2023-07-21 19:40:52 - [MESSAGE][INFO] - Smart Wait Function is triggered

2023-07-21 19:40:52 - [MESSAGE][INFO] - Found 1 web elements with id: 'Object Repository/secondhand-web/Login/Input_password' located by 'By.xpath: //input[@id='user_password']' in '30' second(s)

2023-07-21 19:40:52 - [MESSAGE][INFO] - Clearing text of object 'Object Repository/secondhand-web/Login/Input_password'

2023-07-21 19:40:52 - [MESSAGE][INFO] - Finding web element from Test Object's properties

2023-07-21 19:40:52 - [MESSAGE][INFO] - Checking timeout

2023-07-21 19:40:52 - [MESSAGE][INFO] - Finding web element with id: 'Object Repository/secondhand-web/Login/Input_password' located by 'By.xpath: //input[@id='user_password']' in '30' second(s)

2023-07-21 19:40:52 - [MESSAGE][INFO] - Smart Wait Function is triggered

2023-07-21 19:40:53 - [MESSAGE][INFO] - Found 1 web elements with id: 'Object Repository/secondhand-web/Login/Input_password' located by 'By.xpath: //input[@id='user_password']' in '30' second(s)

2023-07-21 19:40:53 - [MESSAGE][INFO] - Setting text of object 'Object Repository/secondhand-web/Login/Input_password' to value 'Kiki123456789'

2023-07-21 19:40:53 - [MESSAGE][PASSED] - Text 'Kiki123456789' is set on object 'Object Repository/secondhand-web/Login/Input_password'

2023-07-21 19:40:53 - [TEST_STEP][PASSED] - takeScreenshot(): Taking screenshot successfully

2023-07-21 19:40:53 - [MESSAGE][INFO] - Smart Wait Function is triggered

2023-07-21 19:40:54 - [MESSAGE][PASSED] - Taking screenshot successfully
[[ATTACHMENT|C:\\Users\\mhmdr\\Desktop\\SQA-Wave9-Kelompok2\\Reports\\20230721_194017\\secondhand-web\\Feature Edit My Profile\\20230721_194018\\1689943253406.png]]

2023-07-21 19:40:54 - [MESSAGE][PASSED] - Call Test Case 'Test Cases/secondhand-web/Pages/User Login/Input Password' successfully

2023-07-21 19:40:54 - [TEST_STEP][PASSED] - callTestCase(findTestCase("secondhand-web/Pages/User Login/Button Masuk"), [:], STOP_ON_FAILURE): Call Test Case 'Test Cases/secondhand-web/Pages/User Login/Button Masuk' successfully

2023-07-21 19:40:54 - [MESSAGE][INFO] - Checking called Test Case

2023-07-21 19:40:54 - [MESSAGE][INFO] - Starting to call Test Case 'Test Cases/secondhand-web/Pages/User Login/Button Masuk'

2023-07-21 19:40:54 - [TEST_CASE][PASSED] - Test Cases/secondhand-web/Pages/User Login/Button Masuk: Test Cases/secondhand-web/Pages/User Login/Button Masuk

2023-07-21 19:40:54 - [TEST_STEP][PASSED] - verifyElementVisible(findTestObject("secondhand-web/Login/Button Masuk"), STOP_ON_FAILURE): Object 'Object Repository/secondhand-web/Login/Button Masuk' is visible

2023-07-21 19:40:54 - [MESSAGE][INFO] - Finding Test Object 'Object Repository/secondhand-web/Login/Button Masuk'

2023-07-21 19:40:54 - [MESSAGE][INFO] - Checking object

2023-07-21 19:40:54 - [MESSAGE][INFO] - Finding web element from Test Object's properties

2023-07-21 19:40:54 - [MESSAGE][INFO] - Checking timeout

2023-07-21 19:40:54 - [MESSAGE][INFO] - Finding web element with id: 'Object Repository/secondhand-web/Login/Button Masuk' located by 'By.xpath: //input[@name='commit']' in '30' second(s)

2023-07-21 19:40:54 - [MESSAGE][INFO] - Smart Wait Function is triggered

2023-07-21 19:40:54 - [MESSAGE][INFO] - Found 1 web elements with id: 'Object Repository/secondhand-web/Login/Button Masuk' located by 'By.xpath: //input[@name='commit']' in '30' second(s)

2023-07-21 19:40:54 - [MESSAGE][PASSED] - Object 'Object Repository/secondhand-web/Login/Button Masuk' is visible

2023-07-21 19:40:54 - [TEST_STEP][PASSED] - click(findTestObject("secondhand-web/Login/Button Masuk")): Object: 'Object Repository/secondhand-web/Login/Button Masuk' is clicked on

2023-07-21 19:40:54 - [MESSAGE][INFO] - Finding Test Object 'Object Repository/secondhand-web/Login/Button Masuk'

2023-07-21 19:40:54 - [MESSAGE][INFO] - Checking object

2023-07-21 19:40:54 - [MESSAGE][INFO] - Checking timeout

2023-07-21 19:40:54 - [MESSAGE][INFO] - Finding web element from Test Object's properties

2023-07-21 19:40:54 - [MESSAGE][INFO] - Checking timeout

2023-07-21 19:40:54 - [MESSAGE][INFO] - Finding web element with id: 'Object Repository/secondhand-web/Login/Button Masuk' located by 'By.xpath: //input[@name='commit']' in '30' second(s)

2023-07-21 19:40:54 - [MESSAGE][INFO] - Smart Wait Function is triggered

2023-07-21 19:40:54 - [MESSAGE][INFO] - Found 1 web elements with id: 'Object Repository/secondhand-web/Login/Button Masuk' located by 'By.xpath: //input[@name='commit']' in '30' second(s)

2023-07-21 19:40:54 - [MESSAGE][INFO] - Clicking on object: 'Object Repository/secondhand-web/Login/Button Masuk'

2023-07-21 19:40:54 - [MESSAGE][PASSED] - Object: 'Object Repository/secondhand-web/Login/Button Masuk' is clicked on

2023-07-21 19:40:54 - [MESSAGE][PASSED] - Call Test Case 'Test Cases/secondhand-web/Pages/User Login/Button Masuk' successfully

2023-07-21 19:40:54 - [TEST_STEP][PASSED] - callTestCase(findTestCase("secondhand-web/Pages/Homepage/Icon_User"), [:], STOP_ON_FAILURE): Call Test Case 'Test Cases/secondhand-web/Pages/Homepage/Icon_User' successfully

2023-07-21 19:40:54 - [MESSAGE][INFO] - Checking called Test Case

2023-07-21 19:40:54 - [MESSAGE][INFO] - Starting to call Test Case 'Test Cases/secondhand-web/Pages/Homepage/Icon_User'

2023-07-21 19:40:54 - [TEST_CASE][PASSED] - Test Cases/secondhand-web/Pages/Homepage/Icon_User: Test Cases/secondhand-web/Pages/Homepage/Icon_User

2023-07-21 19:40:54 - [TEST_STEP][PASSED] - verifyElementVisible(findTestObject("secondhand-web/Homepage/Icon_User")): Object 'Object Repository/secondhand-web/Homepage/Icon_User' is visible

2023-07-21 19:40:54 - [MESSAGE][INFO] - Finding Test Object 'Object Repository/secondhand-web/Homepage/Icon_User'

2023-07-21 19:40:54 - [MESSAGE][INFO] - Checking object

2023-07-21 19:40:54 - [MESSAGE][INFO] - Finding web element from Test Object's properties

2023-07-21 19:40:54 - [MESSAGE][INFO] - Checking timeout

2023-07-21 19:40:54 - [MESSAGE][INFO] - Finding web element with id: 'Object Repository/secondhand-web/Homepage/Icon_User' located by 'By.xpath: //div[@id='navbarSupportedContent']/div/ul/li[6]/a/i' in '30' second(s)

2023-07-21 19:40:54 - [MESSAGE][INFO] - Smart Wait Function is triggered

2023-07-21 19:40:55 - [MESSAGE][INFO] - Found 1 web elements with id: 'Object Repository/secondhand-web/Homepage/Icon_User' located by 'By.xpath: //div[@id='navbarSupportedContent']/div/ul/li[6]/a/i' in '30' second(s)

2023-07-21 19:40:55 - [MESSAGE][PASSED] - Object 'Object Repository/secondhand-web/Homepage/Icon_User' is visible

2023-07-21 19:40:55 - [TEST_STEP][PASSED] - click(findTestObject("secondhand-web/Homepage/Icon_User")): Object: 'Object Repository/secondhand-web/Homepage/Icon_User' is clicked on

2023-07-21 19:40:55 - [MESSAGE][INFO] - Finding Test Object 'Object Repository/secondhand-web/Homepage/Icon_User'

2023-07-21 19:40:55 - [MESSAGE][INFO] - Checking object

2023-07-21 19:40:55 - [MESSAGE][INFO] - Checking timeout

2023-07-21 19:40:55 - [MESSAGE][INFO] - Finding web element from Test Object's properties

2023-07-21 19:40:55 - [MESSAGE][INFO] - Checking timeout

2023-07-21 19:40:55 - [MESSAGE][INFO] - Finding web element with id: 'Object Repository/secondhand-web/Homepage/Icon_User' located by 'By.xpath: //div[@id='navbarSupportedContent']/div/ul/li[6]/a/i' in '30' second(s)

2023-07-21 19:40:55 - [MESSAGE][INFO] - Smart Wait Function is triggered

2023-07-21 19:40:56 - [MESSAGE][INFO] - Found 1 web elements with id: 'Object Repository/secondhand-web/Homepage/Icon_User' located by 'By.xpath: //div[@id='navbarSupportedContent']/div/ul/li[6]/a/i' in '30' second(s)

2023-07-21 19:40:56 - [MESSAGE][INFO] - Clicking on object: 'Object Repository/secondhand-web/Homepage/Icon_User'

2023-07-21 19:40:56 - [MESSAGE][PASSED] - Object: 'Object Repository/secondhand-web/Homepage/Icon_User' is clicked on

2023-07-21 19:40:56 - [MESSAGE][PASSED] - Call Test Case 'Test Cases/secondhand-web/Pages/Homepage/Icon_User' successfully

2023-07-21 19:40:56 - [TEST_STEP][PASSED] - callTestCase(findTestCase("secondhand-web/Pages/My Profiles/Click Account"), [:], STOP_ON_FAILURE): Call Test Case 'Test Cases/secondhand-web/Pages/My Profiles/Click Account' successfully

2023-07-21 19:40:56 - [MESSAGE][INFO] - Checking called Test Case

2023-07-21 19:40:56 - [MESSAGE][INFO] - Starting to call Test Case 'Test Cases/secondhand-web/Pages/My Profiles/Click Account'

2023-07-21 19:40:56 - [TEST_CASE][PASSED] - Test Cases/secondhand-web/Pages/My Profiles/Click Account: Test Cases/secondhand-web/Pages/My Profiles/Click Account

2023-07-21 19:40:56 - [TEST_STEP][PASSED] - waitForElementVisible(findTestObject("secondhand-web/My Profiles/Click Account Name"), 2): Object 'Object Repository/secondhand-web/My Profiles/Click Account Name' is visible

2023-07-21 19:40:56 - [MESSAGE][INFO] - Finding Test Object 'Object Repository/secondhand-web/My Profiles/Click Account Name'

2023-07-21 19:40:56 - [MESSAGE][INFO] - Checking object

2023-07-21 19:40:56 - [MESSAGE][INFO] - Checking timeout

2023-07-21 19:40:56 - [MESSAGE][INFO] - Finding web element from Test Object's properties

2023-07-21 19:40:56 - [MESSAGE][INFO] - Checking timeout

2023-07-21 19:40:56 - [MESSAGE][INFO] - Finding web element with id: 'Object Repository/secondhand-web/My Profiles/Click Account Name' located by 'By.xpath: //div[@id='navbarSupportedContent']/div/ul/li[6]/ul/li/a/div/div/div' in '2' second(s)

2023-07-21 19:40:56 - [MESSAGE][INFO] - Smart Wait Function is triggered

2023-07-21 19:40:56 - [MESSAGE][INFO] - Found 2 web elements with id: 'Object Repository/secondhand-web/My Profiles/Click Account Name' located by 'By.xpath: //div[@id='navbarSupportedContent']/div/ul/li[6]/ul/li/a/div/div/div' in '2' second(s)

2023-07-21 19:40:56 - [MESSAGE][PASSED] - Object 'Object Repository/secondhand-web/My Profiles/Click Account Name' is visible

2023-07-21 19:40:56 - [TEST_STEP][PASSED] - click(findTestObject("secondhand-web/My Profiles/Click Account Name"), STOP_ON_FAILURE): Object: 'Object Repository/secondhand-web/My Profiles/Click Account Name' is clicked on

2023-07-21 19:40:56 - [MESSAGE][INFO] - Finding Test Object 'Object Repository/secondhand-web/My Profiles/Click Account Name'

2023-07-21 19:40:56 - [MESSAGE][INFO] - Checking object

2023-07-21 19:40:56 - [MESSAGE][INFO] - Checking timeout

2023-07-21 19:40:56 - [MESSAGE][INFO] - Finding web element from Test Object's properties

2023-07-21 19:40:56 - [MESSAGE][INFO] - Checking timeout

2023-07-21 19:40:56 - [MESSAGE][INFO] - Finding web element with id: 'Object Repository/secondhand-web/My Profiles/Click Account Name' located by 'By.xpath: //div[@id='navbarSupportedContent']/div/ul/li[6]/ul/li/a/div/div/div' in '30' second(s)

2023-07-21 19:40:56 - [MESSAGE][INFO] - Smart Wait Function is triggered

2023-07-21 19:40:56 - [MESSAGE][INFO] - Found 2 web elements with id: 'Object Repository/secondhand-web/My Profiles/Click Account Name' located by 'By.xpath: //div[@id='navbarSupportedContent']/div/ul/li[6]/ul/li/a/div/div/div' in '30' second(s)

2023-07-21 19:40:56 - [MESSAGE][INFO] - Clicking on object: 'Object Repository/secondhand-web/My Profiles/Click Account Name'

2023-07-21 19:40:56 - [MESSAGE][PASSED] - Object: 'Object Repository/secondhand-web/My Profiles/Click Account Name' is clicked on

2023-07-21 19:40:56 - [MESSAGE][PASSED] - Call Test Case 'Test Cases/secondhand-web/Pages/My Profiles/Click Account' successfully

2023-07-21 19:40:56 - [TEST_STEP][PASSED] - callTestCase(findTestCase("secondhand-web/Pages/My Profiles/Input Nama - Blank"), [:], STOP_ON_FAILURE): Call Test Case 'Test Cases/secondhand-web/Pages/My Profiles/Input Nama - Blank' successfully

2023-07-21 19:40:56 - [MESSAGE][INFO] - Checking called Test Case

2023-07-21 19:40:56 - [MESSAGE][INFO] - Starting to call Test Case 'Test Cases/secondhand-web/Pages/My Profiles/Input Nama - Blank'

2023-07-21 19:40:56 - [TEST_CASE][PASSED] - Test Cases/secondhand-web/Pages/My Profiles/Input Nama - Blank: Test Cases/secondhand-web/Pages/My Profiles/Input Nama - Blank

2023-07-21 19:40:57 - [TEST_STEP][PASSED] - clearText(findTestObject("secondhand-web/My Profiles/Input Nama")): Text of object 'Object Repository/secondhand-web/My Profiles/Input Nama' is cleared

2023-07-21 19:40:57 - [MESSAGE][INFO] - Finding Test Object 'Object Repository/secondhand-web/My Profiles/Input Nama'

2023-07-21 19:40:57 - [MESSAGE][INFO] - Checking object

2023-07-21 19:40:57 - [MESSAGE][INFO] - Finding web element from Test Object's properties

2023-07-21 19:40:57 - [MESSAGE][INFO] - Checking timeout

2023-07-21 19:40:57 - [MESSAGE][INFO] - Finding web element with id: 'Object Repository/secondhand-web/My Profiles/Input Nama' located by 'By.xpath: id("user_name")[count(. | //input[@class = 'form-control rounded-4 p-3' and @placeholder = 'Nama' and @required = 'required' and @type = 'text' and @value = 'Muhammad Rizki' and @name = 'user[name]' and @id = 'user_name']) = count(//input[@class = 'form-control rounded-4 p-3' and @placeholder = 'Nama' and @required = 'required' and @type = 'text' and @value = 'Muhammad Rizki' and @name = 'user[name]' and @id = 'user_name'])]' in '30' second(s)

2023-07-21 19:40:57 - [MESSAGE][INFO] - Smart Wait Function is triggered

2023-07-21 19:40:57 - [MESSAGE][INFO] - Found 1 web elements with id: 'Object Repository/secondhand-web/My Profiles/Input Nama' located by 'By.xpath: id("user_name")[count(. | //input[@class = 'form-control rounded-4 p-3' and @placeholder = 'Nama' and @required = 'required' and @type = 'text' and @value = 'Muhammad Rizki' and @name = 'user[name]' and @id = 'user_name']) = count(//input[@class = 'form-control rounded-4 p-3' and @placeholder = 'Nama' and @required = 'required' and @type = 'text' and @value = 'Muhammad Rizki' and @name = 'user[name]' and @id = 'user_name'])]' in '30' second(s)

2023-07-21 19:40:57 - [MESSAGE][INFO] - Clearing text of object 'Object Repository/secondhand-web/My Profiles/Input Nama'

2023-07-21 19:40:57 - [MESSAGE][PASSED] - Text of object 'Object Repository/secondhand-web/My Profiles/Input Nama' is cleared

2023-07-21 19:40:57 - [TEST_STEP][PASSED] - setText(findTestObject("secondhand-web/My Profiles/Input Nama"), ""): Text '' is set on object 'Object Repository/secondhand-web/My Profiles/Input Nama'

2023-07-21 19:40:57 - [MESSAGE][INFO] - Finding Test Object 'Object Repository/secondhand-web/My Profiles/Input Nama'

2023-07-21 19:40:57 - [MESSAGE][INFO] - Checking object

2023-07-21 19:40:57 - [MESSAGE][INFO] - Checking text

2023-07-21 19:40:57 - [MESSAGE][INFO] - Finding web element from Test Object's properties

2023-07-21 19:40:57 - [MESSAGE][INFO] - Checking timeout

2023-07-21 19:40:57 - [MESSAGE][INFO] - Finding web element with id: 'Object Repository/secondhand-web/My Profiles/Input Nama' located by 'By.xpath: id("user_name")[count(. | //input[@class = 'form-control rounded-4 p-3' and @placeholder = 'Nama' and @required = 'required' and @type = 'text' and @value = 'Muhammad Rizki' and @name = 'user[name]' and @id = 'user_name']) = count(//input[@class = 'form-control rounded-4 p-3' and @placeholder = 'Nama' and @required = 'required' and @type = 'text' and @value = 'Muhammad Rizki' and @name = 'user[name]' and @id = 'user_name'])]' in '30' second(s)

2023-07-21 19:40:57 - [MESSAGE][INFO] - Smart Wait Function is triggered

2023-07-21 19:40:57 - [MESSAGE][INFO] - Found 1 web elements with id: 'Object Repository/secondhand-web/My Profiles/Input Nama' located by 'By.xpath: id("user_name")[count(. | //input[@class = 'form-control rounded-4 p-3' and @placeholder = 'Nama' and @required = 'required' and @type = 'text' and @value = 'Muhammad Rizki' and @name = 'user[name]' and @id = 'user_name']) = count(//input[@class = 'form-control rounded-4 p-3' and @placeholder = 'Nama' and @required = 'required' and @type = 'text' and @value = 'Muhammad Rizki' and @name = 'user[name]' and @id = 'user_name'])]' in '30' second(s)

2023-07-21 19:40:57 - [MESSAGE][INFO] - Clearing text of object 'Object Repository/secondhand-web/My Profiles/Input Nama'

2023-07-21 19:40:57 - [MESSAGE][INFO] - Finding web element from Test Object's properties

2023-07-21 19:40:57 - [MESSAGE][INFO] - Checking timeout

2023-07-21 19:40:57 - [MESSAGE][INFO] - Finding web element with id: 'Object Repository/secondhand-web/My Profiles/Input Nama' located by 'By.xpath: id("user_name")[count(. | //input[@class = 'form-control rounded-4 p-3' and @placeholder = 'Nama' and @required = 'required' and @type = 'text' and @value = 'Muhammad Rizki' and @name = 'user[name]' and @id = 'user_name']) = count(//input[@class = 'form-control rounded-4 p-3' and @placeholder = 'Nama' and @required = 'required' and @type = 'text' and @value = 'Muhammad Rizki' and @name = 'user[name]' and @id = 'user_name'])]' in '30' second(s)

2023-07-21 19:40:57 - [MESSAGE][INFO] - Smart Wait Function is triggered

2023-07-21 19:40:58 - [MESSAGE][INFO] - Found 1 web elements with id: 'Object Repository/secondhand-web/My Profiles/Input Nama' located by 'By.xpath: id("user_name")[count(. | //input[@class = 'form-control rounded-4 p-3' and @placeholder = 'Nama' and @required = 'required' and @type = 'text' and @value = 'Muhammad Rizki' and @name = 'user[name]' and @id = 'user_name']) = count(//input[@class = 'form-control rounded-4 p-3' and @placeholder = 'Nama' and @required = 'required' and @type = 'text' and @value = 'Muhammad Rizki' and @name = 'user[name]' and @id = 'user_name'])]' in '30' second(s)

2023-07-21 19:40:58 - [MESSAGE][INFO] - Setting text of object 'Object Repository/secondhand-web/My Profiles/Input Nama' to value ''

2023-07-21 19:40:58 - [MESSAGE][PASSED] - Text '' is set on object 'Object Repository/secondhand-web/My Profiles/Input Nama'

2023-07-21 19:40:58 - [TEST_STEP][PASSED] - takeScreenshot(): Taking screenshot successfully

2023-07-21 19:40:58 - [MESSAGE][INFO] - Smart Wait Function is triggered

2023-07-21 19:40:58 - [MESSAGE][PASSED] - Taking screenshot successfully
[[ATTACHMENT|C:\\Users\\mhmdr\\Desktop\\SQA-Wave9-Kelompok2\\Reports\\20230721_194017\\secondhand-web\\Feature Edit My Profile\\20230721_194018\\1689943258332.png]]

2023-07-21 19:40:58 - [MESSAGE][PASSED] - Call Test Case 'Test Cases/secondhand-web/Pages/My Profiles/Input Nama - Blank' successfully

2023-07-21 19:40:58 - [TEST_STEP][PASSED] - callTestCase(findTestCase("secondhand-web/Pages/My Profiles/Select Kota - Blank"), [:], STOP_ON_FAILURE): Call Test Case 'Test Cases/secondhand-web/Pages/My Profiles/Select Kota - Blank' successfully

2023-07-21 19:40:58 - [MESSAGE][INFO] - Checking called Test Case

2023-07-21 19:40:58 - [MESSAGE][INFO] - Starting to call Test Case 'Test Cases/secondhand-web/Pages/My Profiles/Select Kota - Blank'

2023-07-21 19:40:58 - [TEST_CASE][PASSED] - Test Cases/secondhand-web/Pages/My Profiles/Select Kota - Blank: Test Cases/secondhand-web/Pages/My Profiles/Select Kota - Blank

2023-07-21 19:40:58 - [TEST_STEP][PASSED] - waitForElementVisible(findTestObject("secondhand-web/My Profiles/Select Kota"), 2): Object 'Object Repository/secondhand-web/My Profiles/Select Kota' is visible

2023-07-21 19:40:58 - [MESSAGE][INFO] - Finding Test Object 'Object Repository/secondhand-web/My Profiles/Select Kota'

2023-07-21 19:40:58 - [MESSAGE][INFO] - Checking object

2023-07-21 19:40:58 - [MESSAGE][INFO] - Checking timeout

2023-07-21 19:40:58 - [MESSAGE][INFO] - Finding web element from Test Object's properties

2023-07-21 19:40:58 - [MESSAGE][INFO] - Checking timeout

2023-07-21 19:40:58 - [MESSAGE][INFO] - Finding web element with id: 'Object Repository/secondhand-web/My Profiles/Select Kota' located by 'By.xpath: //select[@id='user_city_id']' in '2' second(s)

2023-07-21 19:40:58 - [MESSAGE][INFO] - Smart Wait Function is triggered

2023-07-21 19:40:58 - [MESSAGE][INFO] - Found 1 web elements with id: 'Object Repository/secondhand-web/My Profiles/Select Kota' located by 'By.xpath: //select[@id='user_city_id']' in '2' second(s)

2023-07-21 19:40:59 - [MESSAGE][PASSED] - Object 'Object Repository/secondhand-web/My Profiles/Select Kota' is visible

2023-07-21 19:40:59 - [TEST_STEP][PASSED] - selectOptionByIndex(findTestObject("secondhand-web/My Profiles/Select Kota"), 0): All options with index in [0] are selected on object 'Object Repository/secondhand-web/My Profiles/Select Kota'

2023-07-21 19:40:59 - [MESSAGE][INFO] - Finding Test Object 'Object Repository/secondhand-web/My Profiles/Select Kota'

2023-07-21 19:40:59 - [MESSAGE][INFO] - Checking object

2023-07-21 19:40:59 - [MESSAGE][INFO] - Checking index range

2023-07-21 19:40:59 - [MESSAGE][INFO] - Converting range parameter '0' to index array

2023-07-21 19:40:59 - [MESSAGE][INFO] - Range parameter '0' is converted to index array [0]

2023-07-21 19:40:59 - [MESSAGE][INFO] - Finding web element from Test Object's properties

2023-07-21 19:40:59 - [MESSAGE][INFO] - Checking timeout

2023-07-21 19:40:59 - [MESSAGE][INFO] - Finding web element with id: 'Object Repository/secondhand-web/My Profiles/Select Kota' located by 'By.xpath: //select[@id='user_city_id']' in '30' second(s)

2023-07-21 19:40:59 - [MESSAGE][INFO] - Smart Wait Function is triggered

2023-07-21 19:40:59 - [MESSAGE][INFO] - Found 1 web elements with id: 'Object Repository/secondhand-web/My Profiles/Select Kota' located by 'By.xpath: //select[@id='user_city_id']' in '30' second(s)

2023-07-21 19:40:59 - [MESSAGE][INFO] - Checking index parameters

2023-07-21 19:40:59 - [MESSAGE][INFO] - Smart Wait Function is triggered

2023-07-21 19:40:59 - [MESSAGE][INFO] - Selecting options on object 'Object Repository/secondhand-web/My Profiles/Select Kota' with index in [0]

2023-07-21 19:40:59 - [MESSAGE][INFO] - Smart Wait Function is triggered

2023-07-21 19:40:59 - [MESSAGE][INFO] - Option with index 0 is selected

2023-07-21 19:40:59 - [MESSAGE][PASSED] - All options with index in [0] are selected on object 'Object Repository/secondhand-web/My Profiles/Select Kota'

2023-07-21 19:40:59 - [TEST_STEP][PASSED] - takeScreenshot(): Taking screenshot successfully

2023-07-21 19:40:59 - [MESSAGE][INFO] - Smart Wait Function is triggered

2023-07-21 19:41:00 - [MESSAGE][PASSED] - Taking screenshot successfully
[[ATTACHMENT|C:\\Users\\mhmdr\\Desktop\\SQA-Wave9-Kelompok2\\Reports\\20230721_194017\\secondhand-web\\Feature Edit My Profile\\20230721_194018\\1689943260143.png]]

2023-07-21 19:41:00 - [MESSAGE][PASSED] - Call Test Case 'Test Cases/secondhand-web/Pages/My Profiles/Select Kota - Blank' successfully

2023-07-21 19:41:00 - [TEST_STEP][PASSED] - callTestCase(findTestCase("secondhand-web/Pages/My Profiles/Input Alamat - Blank"), [:], STOP_ON_FAILURE): Call Test Case 'Test Cases/secondhand-web/Pages/My Profiles/Input Alamat - Blank' successfully

2023-07-21 19:41:00 - [MESSAGE][INFO] - Checking called Test Case

2023-07-21 19:41:00 - [MESSAGE][INFO] - Starting to call Test Case 'Test Cases/secondhand-web/Pages/My Profiles/Input Alamat - Blank'

2023-07-21 19:41:00 - [TEST_CASE][PASSED] - Test Cases/secondhand-web/Pages/My Profiles/Input Alamat - Blank: Test Cases/secondhand-web/Pages/My Profiles/Input Alamat - Blank

2023-07-21 19:41:00 - [TEST_STEP][PASSED] - clearText(findTestObject("secondhand-web/My Profiles/Input Alamat")): Text of object 'Object Repository/secondhand-web/My Profiles/Input Alamat' is cleared

2023-07-21 19:41:00 - [MESSAGE][INFO] - Finding Test Object 'Object Repository/secondhand-web/My Profiles/Input Alamat'

2023-07-21 19:41:00 - [MESSAGE][INFO] - Checking object

2023-07-21 19:41:00 - [MESSAGE][INFO] - Finding web element from Test Object's properties

2023-07-21 19:41:00 - [MESSAGE][INFO] - Checking timeout

2023-07-21 19:41:00 - [MESSAGE][INFO] - Finding web element with id: 'Object Repository/secondhand-web/My Profiles/Input Alamat' located by 'By.xpath: //textarea[@id='user_address']' in '30' second(s)

2023-07-21 19:41:00 - [MESSAGE][INFO] - Smart Wait Function is triggered

2023-07-21 19:41:00 - [MESSAGE][INFO] - Found 1 web elements with id: 'Object Repository/secondhand-web/My Profiles/Input Alamat' located by 'By.xpath: //textarea[@id='user_address']' in '30' second(s)

2023-07-21 19:41:00 - [MESSAGE][INFO] - Clearing text of object 'Object Repository/secondhand-web/My Profiles/Input Alamat'

2023-07-21 19:41:00 - [MESSAGE][PASSED] - Text of object 'Object Repository/secondhand-web/My Profiles/Input Alamat' is cleared

2023-07-21 19:41:00 - [TEST_STEP][PASSED] - setText(findTestObject("secondhand-web/My Profiles/Input Alamat"), ""): Text '' is set on object 'Object Repository/secondhand-web/My Profiles/Input Alamat'

2023-07-21 19:41:00 - [MESSAGE][INFO] - Finding Test Object 'Object Repository/secondhand-web/My Profiles/Input Alamat'

2023-07-21 19:41:00 - [MESSAGE][INFO] - Checking object

2023-07-21 19:41:00 - [MESSAGE][INFO] - Checking text

2023-07-21 19:41:00 - [MESSAGE][INFO] - Finding web element from Test Object's properties

2023-07-21 19:41:00 - [MESSAGE][INFO] - Checking timeout

2023-07-21 19:41:00 - [MESSAGE][INFO] - Finding web element with id: 'Object Repository/secondhand-web/My Profiles/Input Alamat' located by 'By.xpath: //textarea[@id='user_address']' in '30' second(s)

2023-07-21 19:41:00 - [MESSAGE][INFO] - Smart Wait Function is triggered

2023-07-21 19:41:01 - [MESSAGE][INFO] - Found 1 web elements with id: 'Object Repository/secondhand-web/My Profiles/Input Alamat' located by 'By.xpath: //textarea[@id='user_address']' in '30' second(s)

2023-07-21 19:41:01 - [MESSAGE][INFO] - Clearing text of object 'Object Repository/secondhand-web/My Profiles/Input Alamat'

2023-07-21 19:41:01 - [MESSAGE][INFO] - Finding web element from Test Object's properties

2023-07-21 19:41:01 - [MESSAGE][INFO] - Checking timeout

2023-07-21 19:41:01 - [MESSAGE][INFO] - Finding web element with id: 'Object Repository/secondhand-web/My Profiles/Input Alamat' located by 'By.xpath: //textarea[@id='user_address']' in '30' second(s)

2023-07-21 19:41:01 - [MESSAGE][INFO] - Smart Wait Function is triggered

2023-07-21 19:41:01 - [MESSAGE][INFO] - Found 1 web elements with id: 'Object Repository/secondhand-web/My Profiles/Input Alamat' located by 'By.xpath: //textarea[@id='user_address']' in '30' second(s)

2023-07-21 19:41:01 - [MESSAGE][INFO] - Setting text of object 'Object Repository/secondhand-web/My Profiles/Input Alamat' to value ''

2023-07-21 19:41:01 - [MESSAGE][PASSED] - Text '' is set on object 'Object Repository/secondhand-web/My Profiles/Input Alamat'

2023-07-21 19:41:01 - [TEST_STEP][PASSED] - takeScreenshot(): Taking screenshot successfully

2023-07-21 19:41:01 - [MESSAGE][INFO] - Smart Wait Function is triggered

2023-07-21 19:41:01 - [MESSAGE][PASSED] - Taking screenshot successfully
[[ATTACHMENT|C:\\Users\\mhmdr\\Desktop\\SQA-Wave9-Kelompok2\\Reports\\20230721_194017\\secondhand-web\\Feature Edit My Profile\\20230721_194018\\1689943261697.png]]

2023-07-21 19:41:01 - [MESSAGE][PASSED] - Call Test Case 'Test Cases/secondhand-web/Pages/My Profiles/Input Alamat - Blank' successfully

2023-07-21 19:41:01 - [TEST_STEP][PASSED] - callTestCase(findTestCase("secondhand-web/Pages/My Profiles/Input Nomor HP - Blank"), [:], STOP_ON_FAILURE): Call Test Case 'Test Cases/secondhand-web/Pages/My Profiles/Input Nomor HP - Blank' successfully

2023-07-21 19:41:01 - [MESSAGE][INFO] - Checking called Test Case

2023-07-21 19:41:01 - [MESSAGE][INFO] - Starting to call Test Case 'Test Cases/secondhand-web/Pages/My Profiles/Input Nomor HP - Blank'

2023-07-21 19:41:01 - [TEST_CASE][PASSED] - Test Cases/secondhand-web/Pages/My Profiles/Input Nomor HP - Blank: Test Cases/secondhand-web/Pages/My Profiles/Input Nomor HP - Blank

2023-07-21 19:41:02 - [TEST_STEP][PASSED] - clearText(findTestObject("secondhand-web/My Profiles/Input No Handphone")): Text of object 'Object Repository/secondhand-web/My Profiles/Input No Handphone' is cleared

2023-07-21 19:41:02 - [MESSAGE][INFO] - Finding Test Object 'Object Repository/secondhand-web/My Profiles/Input No Handphone'

2023-07-21 19:41:02 - [MESSAGE][INFO] - Checking object

2023-07-21 19:41:02 - [MESSAGE][INFO] - Finding web element from Test Object's properties

2023-07-21 19:41:02 - [MESSAGE][INFO] - Checking timeout

2023-07-21 19:41:02 - [MESSAGE][INFO] - Finding web element with id: 'Object Repository/secondhand-web/My Profiles/Input No Handphone' located by 'By.xpath: //input[@id='user_phone_number']' in '30' second(s)

2023-07-21 19:41:02 - [MESSAGE][INFO] - Smart Wait Function is triggered

2023-07-21 19:41:02 - [MESSAGE][INFO] - Found 1 web elements with id: 'Object Repository/secondhand-web/My Profiles/Input No Handphone' located by 'By.xpath: //input[@id='user_phone_number']' in '30' second(s)

2023-07-21 19:41:02 - [MESSAGE][INFO] - Clearing text of object 'Object Repository/secondhand-web/My Profiles/Input No Handphone'

2023-07-21 19:41:02 - [MESSAGE][PASSED] - Text of object 'Object Repository/secondhand-web/My Profiles/Input No Handphone' is cleared

2023-07-21 19:41:02 - [TEST_STEP][PASSED] - setText(findTestObject("secondhand-web/My Profiles/Input No Handphone"), ""): Text '' is set on object 'Object Repository/secondhand-web/My Profiles/Input No Handphone'

2023-07-21 19:41:02 - [MESSAGE][INFO] - Finding Test Object 'Object Repository/secondhand-web/My Profiles/Input No Handphone'

2023-07-21 19:41:02 - [MESSAGE][INFO] - Checking object

2023-07-21 19:41:02 - [MESSAGE][INFO] - Checking text

2023-07-21 19:41:02 - [MESSAGE][INFO] - Finding web element from Test Object's properties

2023-07-21 19:41:02 - [MESSAGE][INFO] - Checking timeout

2023-07-21 19:41:02 - [MESSAGE][INFO] - Finding web element with id: 'Object Repository/secondhand-web/My Profiles/Input No Handphone' located by 'By.xpath: //input[@id='user_phone_number']' in '30' second(s)

2023-07-21 19:41:02 - [MESSAGE][INFO] - Smart Wait Function is triggered

2023-07-21 19:41:02 - [MESSAGE][INFO] - Found 1 web elements with id: 'Object Repository/secondhand-web/My Profiles/Input No Handphone' located by 'By.xpath: //input[@id='user_phone_number']' in '30' second(s)

2023-07-21 19:41:02 - [MESSAGE][INFO] - Clearing text of object 'Object Repository/secondhand-web/My Profiles/Input No Handphone'

2023-07-21 19:41:02 - [MESSAGE][INFO] - Finding web element from Test Object's properties

2023-07-21 19:41:02 - [MESSAGE][INFO] - Checking timeout

2023-07-21 19:41:02 - [MESSAGE][INFO] - Finding web element with id: 'Object Repository/secondhand-web/My Profiles/Input No Handphone' located by 'By.xpath: //input[@id='user_phone_number']' in '30' second(s)

2023-07-21 19:41:02 - [MESSAGE][INFO] - Smart Wait Function is triggered

2023-07-21 19:41:02 - [MESSAGE][INFO] - Found 1 web elements with id: 'Object Repository/secondhand-web/My Profiles/Input No Handphone' located by 'By.xpath: //input[@id='user_phone_number']' in '30' second(s)

2023-07-21 19:41:02 - [MESSAGE][INFO] - Setting text of object 'Object Repository/secondhand-web/My Profiles/Input No Handphone' to value ''

2023-07-21 19:41:03 - [MESSAGE][PASSED] - Text '' is set on object 'Object Repository/secondhand-web/My Profiles/Input No Handphone'

2023-07-21 19:41:03 - [TEST_STEP][PASSED] - takeScreenshot(): Taking screenshot successfully

2023-07-21 19:41:03 - [MESSAGE][INFO] - Smart Wait Function is triggered

2023-07-21 19:41:03 - [MESSAGE][PASSED] - Taking screenshot successfully
[[ATTACHMENT|C:\\Users\\mhmdr\\Desktop\\SQA-Wave9-Kelompok2\\Reports\\20230721_194017\\secondhand-web\\Feature Edit My Profile\\20230721_194018\\1689943263279.png]]

2023-07-21 19:41:03 - [MESSAGE][PASSED] - Call Test Case 'Test Cases/secondhand-web/Pages/My Profiles/Input Nomor HP - Blank' successfully

2023-07-21 19:41:03 - [TEST_STEP][PASSED] - callTestCase(findTestCase("secondhand-web/Pages/My Profiles/Button Simpan"), [:], STOP_ON_FAILURE): Call Test Case 'Test Cases/secondhand-web/Pages/My Profiles/Button Simpan' successfully

2023-07-21 19:41:03 - [MESSAGE][INFO] - Checking called Test Case

2023-07-21 19:41:03 - [MESSAGE][INFO] - Starting to call Test Case 'Test Cases/secondhand-web/Pages/My Profiles/Button Simpan'

2023-07-21 19:41:03 - [TEST_CASE][PASSED] - Test Cases/secondhand-web/Pages/My Profiles/Button Simpan: Test Cases/secondhand-web/Pages/My Profiles/Button Simpan

2023-07-21 19:41:03 - [TEST_STEP][PASSED] - waitForElementVisible(findTestObject("secondhand-web/My Profiles/Button Simpan"), 2): Object 'Object Repository/secondhand-web/My Profiles/Button Simpan' is visible

2023-07-21 19:41:03 - [MESSAGE][INFO] - Finding Test Object 'Object Repository/secondhand-web/My Profiles/Button Simpan'

2023-07-21 19:41:03 - [MESSAGE][INFO] - Checking object

2023-07-21 19:41:03 - [MESSAGE][INFO] - Checking timeout

2023-07-21 19:41:03 - [MESSAGE][INFO] - Finding web element from Test Object's properties

2023-07-21 19:41:03 - [MESSAGE][INFO] - Checking timeout

2023-07-21 19:41:03 - [MESSAGE][INFO] - Finding web element with id: 'Object Repository/secondhand-web/My Profiles/Button Simpan' located by 'By.xpath: //input[@name='commit']' in '2' second(s)

2023-07-21 19:41:03 - [MESSAGE][INFO] - Smart Wait Function is triggered

2023-07-21 19:41:03 - [MESSAGE][INFO] - Found 1 web elements with id: 'Object Repository/secondhand-web/My Profiles/Button Simpan' located by 'By.xpath: //input[@name='commit']' in '2' second(s)

2023-07-21 19:41:03 - [MESSAGE][PASSED] - Object 'Object Repository/secondhand-web/My Profiles/Button Simpan' is visible

2023-07-21 19:41:03 - [TEST_STEP][PASSED] - click(findTestObject("secondhand-web/My Profiles/Button Simpan")): Object: 'Object Repository/secondhand-web/My Profiles/Button Simpan' is clicked on

2023-07-21 19:41:03 - [MESSAGE][INFO] - Finding Test Object 'Object Repository/secondhand-web/My Profiles/Button Simpan'

2023-07-21 19:41:03 - [MESSAGE][INFO] - Checking object

2023-07-21 19:41:03 - [MESSAGE][INFO] - Checking timeout

2023-07-21 19:41:03 - [MESSAGE][INFO] - Finding web element from Test Object's properties

2023-07-21 19:41:03 - [MESSAGE][INFO] - Checking timeout

2023-07-21 19:41:03 - [MESSAGE][INFO] - Finding web element with id: 'Object Repository/secondhand-web/My Profiles/Button Simpan' located by 'By.xpath: //input[@name='commit']' in '30' second(s)

2023-07-21 19:41:03 - [MESSAGE][INFO] - Smart Wait Function is triggered

2023-07-21 19:41:04 - [MESSAGE][INFO] - Found 1 web elements with id: 'Object Repository/secondhand-web/My Profiles/Button Simpan' located by 'By.xpath: //input[@name='commit']' in '30' second(s)

2023-07-21 19:41:04 - [MESSAGE][INFO] - Clicking on object: 'Object Repository/secondhand-web/My Profiles/Button Simpan'

2023-07-21 19:41:04 - [MESSAGE][PASSED] - Object: 'Object Repository/secondhand-web/My Profiles/Button Simpan' is clicked on

2023-07-21 19:41:04 - [TEST_STEP][PASSED] - takeScreenshot(): Taking screenshot successfully

2023-07-21 19:41:04 - [MESSAGE][INFO] - Smart Wait Function is triggered

2023-07-21 19:41:04 - [MESSAGE][PASSED] - Taking screenshot successfully
[[ATTACHMENT|C:\\Users\\mhmdr\\Desktop\\SQA-Wave9-Kelompok2\\Reports\\20230721_194017\\secondhand-web\\Feature Edit My Profile\\20230721_194018\\1689943264382.png]]

2023-07-21 19:41:04 - [MESSAGE][PASSED] - Call Test Case 'Test Cases/secondhand-web/Pages/My Profiles/Button Simpan' successfully

2023-07-21 19:41:04 - [TEST_STEP][PASSED] - callTestCase(findTestCase("secondhand-web/Common/Close Web"), [:], STOP_ON_FAILURE): Call Test Case 'Test Cases/secondhand-web/Common/Close Web' successfully

2023-07-21 19:41:04 - [MESSAGE][INFO] - Checking called Test Case

2023-07-21 19:41:04 - [MESSAGE][INFO] - Starting to call Test Case 'Test Cases/secondhand-web/Common/Close Web'

2023-07-21 19:41:04 - [TEST_CASE][PASSED] - Test Cases/secondhand-web/Common/Close Web: Test Cases/secondhand-web/Common/Close Web

2023-07-21 19:41:04 - [TEST_STEP][PASSED] - closeBrowser(): Browser is closed

2023-07-21 19:41:04 - [MESSAGE][INFO] - Closing browser

2023-07-21 19:41:05 - [MESSAGE][PASSED] - Browser is closed

2023-07-21 19:41:05 - [MESSAGE][PASSED] - Call Test Case 'Test Cases/secondhand-web/Common/Close Web' successfully]]></system-out>
         <system-err><![CDATA[]]></system-err>
      </testcase>
      <system-out><![CDATA[2023-07-21 19:40:20 - [TEST_SUITE][PASSED] - Feature Edit My Profile: Test Cases/secondhand-web/Step Definition/Feature Edit Profile/PROUSER002 - user should not be able to edit profile using blank input]]></system-out>
      <system-err><![CDATA[]]></system-err>
   </testsuite>
</testsuites>
