<?xml version="1.0" encoding="UTF-8"?>
<testsuites name="Feature Login" time="24.006" tests="1" failures="0" errors="0">
   <testsuite name="Feature Login" tests="1" failures="0" errors="0" time="24.006" skipped="0" timestamp="2023-07-20 20:00:34" hostname="User - WINDOWS-5V2O60F" id="Test Suites/secondhand-web/Feature Login">
      <properties>
         <property name="deviceName" value=""/>
         <property name="devicePlatform" value=""/>
         <property name="logFolder" value="C:\\Users\\User\\SQA-Wave9-Kelompok2\\Reports\\20230720_200027\\secondhand-web\\Feature Login\\20230720_200027"/>
         <property name="logFiles" value="C:\\Users\\User\\SQA-Wave9-Kelompok2\\Reports\\20230720_200027\\secondhand-web\\Feature Login\\20230720_200027\\execution0.log"/>
         <property name="attachments" value="C:\\Users\\User\\SQA-Wave9-Kelompok2\\Reports\\20230720_200027\\secondhand-web\\Feature Login\\20230720_200027\\1689858049585.png, C:\\Users\\User\\SQA-Wave9-Kelompok2\\Reports\\20230720_200027\\secondhand-web\\Feature Login\\20230720_200027\\1689858053355.png"/>
         <property name="hostName" value="User - WINDOWS-5V2O60F"/>
         <property name="os" value="Windows 10 64bit"/>
         <property name="katalonVersion" value="8.6.5.208"/>
         <property name="browser" value="Chrome 115.0.0.0"/>
         <property name="hostAddress" value="172.20.10.5"/>
         <property name="sessionId" value="96d41e59429b6b15a6ec256f4f2f45e1"/>
         <property name="seleniumVersion" value="3.141.59"/>
         <property name="proxyInformation" value="ProxyInformation { proxyOption=NO_PROXY, proxyServerType=HTTP, username=, password=********, proxyServerAddress=, proxyServerPort=0, executionList=&quot;&quot;, isApplyToDesiredCapabilities=true }"/>
         <property name="platform" value="Windows 10"/>
      </properties>
      <testcase name="Test Cases/secondhand-web/Step Definition/Feature Login/LG0001 - user should be able to login using valid credential" time="23.382" classname="Test Cases/secondhand-web/Step Definition/Feature Login/LG0001 - user should be able to login using valid credential" status="PASSED">
         <system-out><![CDATA[2023-07-20 20:00:34 - [TEST_CASE][PASSED] - Test Cases/secondhand-web/Step Definition/Feature Login/LG0001 - user should be able to login using valid credential: Test Cases/secondhand-web/Step Definition/Feature Login/LG0001 - user should be able to login using valid credential

2023-07-20 20:00:35 - [TEST_STEP][PASSED] - callTestCase(findTestCase("secondhand-web/Common/Launch Web"), [:], STOP_ON_FAILURE): Call Test Case 'Test Cases/secondhand-web/Common/Launch Web' successfully

2023-07-20 20:00:35 - [MESSAGE][INFO] - Checking called Test Case

2023-07-20 20:00:35 - [MESSAGE][INFO] - Starting to call Test Case 'Test Cases/secondhand-web/Common/Launch Web'

2023-07-20 20:00:35 - [TEST_CASE][PASSED] - Test Cases/secondhand-web/Common/Launch Web: Test Cases/secondhand-web/Common/Launch Web

2023-07-20 20:00:36 - [TEST_STEP][PASSED] - openBrowser(""): Browser is opened with url: ''

2023-07-20 20:00:37 - [MESSAGE][INFO] - Opening browser

2023-07-20 20:00:37 - [MESSAGE][INFO] - Starting 'Chrome' driver

2023-07-20 20:00:37 - [MESSAGE][INFO] - Action delay is set to 0 milliseconds

2023-07-20 20:00:40 - [MESSAGE][PASSED] - Browser is opened with url: ''

2023-07-20 20:00:40 - [TEST_STEP][PASSED] - maximizeWindow(): Current window maximized

2023-07-20 20:00:40 - [MESSAGE][INFO] - Maximizing current window

2023-07-20 20:00:41 - [MESSAGE][PASSED] - Current window maximized

2023-07-20 20:00:41 - [MESSAGE][PASSED] - Call Test Case 'Test Cases/secondhand-web/Common/Launch Web' successfully

2023-07-20 20:00:41 - [TEST_STEP][PASSED] - callTestCase(findTestCase("secondhand-web/Common/Navigate To Web"), [:], STOP_ON_FAILURE): Call Test Case 'Test Cases/secondhand-web/Common/Navigate To Web' successfully

2023-07-20 20:00:41 - [MESSAGE][INFO] - Checking called Test Case

2023-07-20 20:00:41 - [MESSAGE][INFO] - Starting to call Test Case 'Test Cases/secondhand-web/Common/Navigate To Web'

2023-07-20 20:00:41 - [TEST_CASE][PASSED] - Test Cases/secondhand-web/Common/Navigate To Web: Test Cases/secondhand-web/Common/Navigate To Web

2023-07-20 20:00:41 - [TEST_STEP][PASSED] - navigateToUrl(baseUrl): Navigate to 'https://secondhand.binaracademy.org/' successfully

2023-07-20 20:00:43 - [MESSAGE][INFO] - Checking url

2023-07-20 20:00:43 - [MESSAGE][INFO] - Navigating to 'https://secondhand.binaracademy.org/'

2023-07-20 20:00:44 - [MESSAGE][PASSED] - Navigate to 'https://secondhand.binaracademy.org/' successfully

2023-07-20 20:00:44 - [MESSAGE][PASSED] - Call Test Case 'Test Cases/secondhand-web/Common/Navigate To Web' successfully

2023-07-20 20:00:44 - [TEST_STEP][PASSED] - callTestCase(findTestCase("secondhand-web/Pages/User Login/Click Button Masuk"), [:], STOP_ON_FAILURE): Call Test Case 'Test Cases/secondhand-web/Pages/User Login/Click Button Masuk' successfully

2023-07-20 20:00:44 - [MESSAGE][INFO] - Checking called Test Case

2023-07-20 20:00:44 - [MESSAGE][INFO] - Starting to call Test Case 'Test Cases/secondhand-web/Pages/User Login/Click Button Masuk'

2023-07-20 20:00:44 - [TEST_CASE][PASSED] - Test Cases/secondhand-web/Pages/User Login/Click Button Masuk: Test Cases/secondhand-web/Pages/User Login/Click Button Masuk

2023-07-20 20:00:45 - [TEST_STEP][PASSED] - verifyElementVisible(findTestObject("secondhand-web/Login/Click Button Masuk"), STOP_ON_FAILURE): Object 'Object Repository/secondhand-web/Login/Click Button Masuk' is visible

2023-07-20 20:00:45 - [MESSAGE][INFO] - Finding Test Object 'Object Repository/secondhand-web/Login/Click Button Masuk'

2023-07-20 20:00:45 - [MESSAGE][INFO] - Checking object

2023-07-20 20:00:45 - [MESSAGE][INFO] - Finding web element from Test Object's properties

2023-07-20 20:00:45 - [MESSAGE][INFO] - Checking timeout

2023-07-20 20:00:45 - [MESSAGE][INFO] - Finding web element with id: 'Object Repository/secondhand-web/Login/Click Button Masuk' located by 'By.xpath: //div[@id='navbarSupportedContent']/div/a' in '30' second(s)

2023-07-20 20:00:45 - [MESSAGE][INFO] - Smart Wait Function is triggered

2023-07-20 20:00:46 - [MESSAGE][INFO] - Found 1 web elements with id: 'Object Repository/secondhand-web/Login/Click Button Masuk' located by 'By.xpath: //div[@id='navbarSupportedContent']/div/a' in '30' second(s)

2023-07-20 20:00:46 - [MESSAGE][PASSED] - Object 'Object Repository/secondhand-web/Login/Click Button Masuk' is visible

2023-07-20 20:00:46 - [TEST_STEP][PASSED] - click(findTestObject("secondhand-web/Login/Click Button Masuk")): Object: 'Object Repository/secondhand-web/Login/Click Button Masuk' is clicked on

2023-07-20 20:00:46 - [MESSAGE][INFO] - Finding Test Object 'Object Repository/secondhand-web/Login/Click Button Masuk'

2023-07-20 20:00:46 - [MESSAGE][INFO] - Checking object

2023-07-20 20:00:46 - [MESSAGE][INFO] - Checking timeout

2023-07-20 20:00:46 - [MESSAGE][INFO] - Finding web element from Test Object's properties

2023-07-20 20:00:46 - [MESSAGE][INFO] - Checking timeout

2023-07-20 20:00:46 - [MESSAGE][INFO] - Finding web element with id: 'Object Repository/secondhand-web/Login/Click Button Masuk' located by 'By.xpath: //div[@id='navbarSupportedContent']/div/a' in '30' second(s)

2023-07-20 20:00:46 - [MESSAGE][INFO] - Smart Wait Function is triggered

2023-07-20 20:00:46 - [MESSAGE][INFO] - Found 1 web elements with id: 'Object Repository/secondhand-web/Login/Click Button Masuk' located by 'By.xpath: //div[@id='navbarSupportedContent']/div/a' in '30' second(s)

2023-07-20 20:00:46 - [MESSAGE][INFO] - Clicking on object: 'Object Repository/secondhand-web/Login/Click Button Masuk'

2023-07-20 20:00:46 - [MESSAGE][PASSED] - Object: 'Object Repository/secondhand-web/Login/Click Button Masuk' is clicked on

2023-07-20 20:00:46 - [MESSAGE][PASSED] - Call Test Case 'Test Cases/secondhand-web/Pages/User Login/Click Button Masuk' successfully

2023-07-20 20:00:46 - [TEST_STEP][PASSED] - callTestCase(findTestCase("secondhand-web/Pages/User Login/Input Email"), ["email":EmailAsiyah], STOP_ON_FAILURE): Call Test Case 'Test Cases/secondhand-web/Pages/User Login/Input Email' successfully

2023-07-20 20:00:46 - [MESSAGE][INFO] - Checking called Test Case

2023-07-20 20:00:46 - [MESSAGE][INFO] - Starting to call Test Case 'Test Cases/secondhand-web/Pages/User Login/Input Email'

2023-07-20 20:00:46 - [TEST_CASE][PASSED] - Test Cases/secondhand-web/Pages/User Login/Input Email: Test Cases/secondhand-web/Pages/User Login/Input Email

2023-07-20 20:00:47 - [TEST_STEP][PASSED] - waitForElementVisible(findTestObject("secondhand-web/Login/Input_email"), 3): Object 'Object Repository/secondhand-web/Login/Input_email' is visible

2023-07-20 20:00:47 - [MESSAGE][INFO] - Finding Test Object 'Object Repository/secondhand-web/Login/Input_email'

2023-07-20 20:00:47 - [MESSAGE][INFO] - Checking object

2023-07-20 20:00:47 - [MESSAGE][INFO] - Checking timeout

2023-07-20 20:00:47 - [MESSAGE][INFO] - Finding web element from Test Object's properties

2023-07-20 20:00:47 - [MESSAGE][INFO] - Checking timeout

2023-07-20 20:00:47 - [MESSAGE][INFO] - Finding web element with id: 'Object Repository/secondhand-web/Login/Input_email' located by 'By.xpath: //input[@id='user_email']' in '3' second(s)

2023-07-20 20:00:47 - [MESSAGE][INFO] - Smart Wait Function is triggered

2023-07-20 20:00:48 - [MESSAGE][INFO] - Found 1 web elements with id: 'Object Repository/secondhand-web/Login/Input_email' located by 'By.xpath: //input[@id='user_email']' in '3' second(s)

2023-07-20 20:00:48 - [MESSAGE][PASSED] - Object 'Object Repository/secondhand-web/Login/Input_email' is visible

2023-07-20 20:00:48 - [TEST_STEP][PASSED] - setText(findTestObject("secondhand-web/Login/Input_email"), email): Text 'nurasiyah727@gmail.com' is set on object 'Object Repository/secondhand-web/Login/Input_email'

2023-07-20 20:00:48 - [MESSAGE][INFO] - Finding Test Object 'Object Repository/secondhand-web/Login/Input_email'

2023-07-20 20:00:48 - [MESSAGE][INFO] - Checking object

2023-07-20 20:00:48 - [MESSAGE][INFO] - Checking text

2023-07-20 20:00:48 - [MESSAGE][INFO] - Finding web element from Test Object's properties

2023-07-20 20:00:48 - [MESSAGE][INFO] - Checking timeout

2023-07-20 20:00:48 - [MESSAGE][INFO] - Finding web element with id: 'Object Repository/secondhand-web/Login/Input_email' located by 'By.xpath: //input[@id='user_email']' in '30' second(s)

2023-07-20 20:00:48 - [MESSAGE][INFO] - Smart Wait Function is triggered

2023-07-20 20:00:48 - [MESSAGE][INFO] - Found 1 web elements with id: 'Object Repository/secondhand-web/Login/Input_email' located by 'By.xpath: //input[@id='user_email']' in '30' second(s)

2023-07-20 20:00:48 - [MESSAGE][INFO] - Clearing text of object 'Object Repository/secondhand-web/Login/Input_email'

2023-07-20 20:00:48 - [MESSAGE][INFO] - Finding web element from Test Object's properties

2023-07-20 20:00:48 - [MESSAGE][INFO] - Checking timeout

2023-07-20 20:00:48 - [MESSAGE][INFO] - Finding web element with id: 'Object Repository/secondhand-web/Login/Input_email' located by 'By.xpath: //input[@id='user_email']' in '30' second(s)

2023-07-20 20:00:48 - [MESSAGE][INFO] - Smart Wait Function is triggered

2023-07-20 20:00:49 - [MESSAGE][INFO] - Found 1 web elements with id: 'Object Repository/secondhand-web/Login/Input_email' located by 'By.xpath: //input[@id='user_email']' in '30' second(s)

2023-07-20 20:00:49 - [MESSAGE][INFO] - Setting text of object 'Object Repository/secondhand-web/Login/Input_email' to value 'nurasiyah727@gmail.com'

2023-07-20 20:00:49 - [MESSAGE][PASSED] - Text 'nurasiyah727@gmail.com' is set on object 'Object Repository/secondhand-web/Login/Input_email'

2023-07-20 20:00:49 - [TEST_STEP][PASSED] - takeScreenshot(): Taking screenshot successfully

2023-07-20 20:00:49 - [MESSAGE][INFO] - Smart Wait Function is triggered

2023-07-20 20:00:50 - [MESSAGE][PASSED] - Taking screenshot successfully
[[ATTACHMENT|C:\\Users\\User\\SQA-Wave9-Kelompok2\\Reports\\20230720_200027\\secondhand-web\\Feature Login\\20230720_200027\\1689858049585.png]]

2023-07-20 20:00:50 - [MESSAGE][PASSED] - Call Test Case 'Test Cases/secondhand-web/Pages/User Login/Input Email' successfully

2023-07-20 20:00:50 - [TEST_STEP][PASSED] - callTestCase(findTestCase("secondhand-web/Pages/User Login/Input Password"), ["password":PasswordAsiyah], STOP_ON_FAILURE): Call Test Case 'Test Cases/secondhand-web/Pages/User Login/Input Password' successfully

2023-07-20 20:00:50 - [MESSAGE][INFO] - Checking called Test Case

2023-07-20 20:00:50 - [MESSAGE][INFO] - Starting to call Test Case 'Test Cases/secondhand-web/Pages/User Login/Input Password'

2023-07-20 20:00:50 - [TEST_CASE][PASSED] - Test Cases/secondhand-web/Pages/User Login/Input Password: Test Cases/secondhand-web/Pages/User Login/Input Password

2023-07-20 20:00:51 - [TEST_STEP][PASSED] - waitForElementVisible(findTestObject("secondhand-web/Login/Input_password"), 3): Object 'Object Repository/secondhand-web/Login/Input_password' is visible

2023-07-20 20:00:51 - [MESSAGE][INFO] - Finding Test Object 'Object Repository/secondhand-web/Login/Input_password'

2023-07-20 20:00:51 - [MESSAGE][INFO] - Checking object

2023-07-20 20:00:51 - [MESSAGE][INFO] - Checking timeout

2023-07-20 20:00:51 - [MESSAGE][INFO] - Finding web element from Test Object's properties

2023-07-20 20:00:51 - [MESSAGE][INFO] - Checking timeout

2023-07-20 20:00:51 - [MESSAGE][INFO] - Finding web element with id: 'Object Repository/secondhand-web/Login/Input_password' located by 'By.xpath: //input[@id='user_password']' in '3' second(s)

2023-07-20 20:00:51 - [MESSAGE][INFO] - Smart Wait Function is triggered

2023-07-20 20:00:52 - [MESSAGE][INFO] - Found 1 web elements with id: 'Object Repository/secondhand-web/Login/Input_password' located by 'By.xpath: //input[@id='user_password']' in '3' second(s)

2023-07-20 20:00:52 - [MESSAGE][PASSED] - Object 'Object Repository/secondhand-web/Login/Input_password' is visible

2023-07-20 20:00:52 - [TEST_STEP][PASSED] - setText(findTestObject("secondhand-web/Login/Input_password"), password): Text 'pass.123' is set on object 'Object Repository/secondhand-web/Login/Input_password'

2023-07-20 20:00:52 - [MESSAGE][INFO] - Finding Test Object 'Object Repository/secondhand-web/Login/Input_password'

2023-07-20 20:00:52 - [MESSAGE][INFO] - Checking object

2023-07-20 20:00:52 - [MESSAGE][INFO] - Checking text

2023-07-20 20:00:52 - [MESSAGE][INFO] - Finding web element from Test Object's properties

2023-07-20 20:00:52 - [MESSAGE][INFO] - Checking timeout

2023-07-20 20:00:52 - [MESSAGE][INFO] - Finding web element with id: 'Object Repository/secondhand-web/Login/Input_password' located by 'By.xpath: //input[@id='user_password']' in '30' second(s)

2023-07-20 20:00:52 - [MESSAGE][INFO] - Smart Wait Function is triggered

2023-07-20 20:00:52 - [MESSAGE][INFO] - Found 1 web elements with id: 'Object Repository/secondhand-web/Login/Input_password' located by 'By.xpath: //input[@id='user_password']' in '30' second(s)

2023-07-20 20:00:52 - [MESSAGE][INFO] - Clearing text of object 'Object Repository/secondhand-web/Login/Input_password'

2023-07-20 20:00:52 - [MESSAGE][INFO] - Finding web element from Test Object's properties

2023-07-20 20:00:52 - [MESSAGE][INFO] - Checking timeout

2023-07-20 20:00:52 - [MESSAGE][INFO] - Finding web element with id: 'Object Repository/secondhand-web/Login/Input_password' located by 'By.xpath: //input[@id='user_password']' in '30' second(s)

2023-07-20 20:00:52 - [MESSAGE][INFO] - Smart Wait Function is triggered

2023-07-20 20:00:52 - [MESSAGE][INFO] - Found 1 web elements with id: 'Object Repository/secondhand-web/Login/Input_password' located by 'By.xpath: //input[@id='user_password']' in '30' second(s)

2023-07-20 20:00:52 - [MESSAGE][INFO] - Setting text of object 'Object Repository/secondhand-web/Login/Input_password' to value 'pass.123'

2023-07-20 20:00:53 - [MESSAGE][PASSED] - Text 'pass.123' is set on object 'Object Repository/secondhand-web/Login/Input_password'

2023-07-20 20:00:53 - [TEST_STEP][PASSED] - takeScreenshot(): Taking screenshot successfully

2023-07-20 20:00:53 - [MESSAGE][INFO] - Smart Wait Function is triggered

2023-07-20 20:00:54 - [MESSAGE][PASSED] - Taking screenshot successfully
[[ATTACHMENT|C:\\Users\\User\\SQA-Wave9-Kelompok2\\Reports\\20230720_200027\\secondhand-web\\Feature Login\\20230720_200027\\1689858053355.png]]

2023-07-20 20:00:54 - [MESSAGE][PASSED] - Call Test Case 'Test Cases/secondhand-web/Pages/User Login/Input Password' successfully

2023-07-20 20:00:54 - [TEST_STEP][PASSED] - callTestCase(findTestCase("secondhand-web/Pages/User Login/Button Masuk"), [:], STOP_ON_FAILURE): Call Test Case 'Test Cases/secondhand-web/Pages/User Login/Button Masuk' successfully

2023-07-20 20:00:54 - [MESSAGE][INFO] - Checking called Test Case

2023-07-20 20:00:54 - [MESSAGE][INFO] - Starting to call Test Case 'Test Cases/secondhand-web/Pages/User Login/Button Masuk'

2023-07-20 20:00:54 - [TEST_CASE][PASSED] - Test Cases/secondhand-web/Pages/User Login/Button Masuk: Test Cases/secondhand-web/Pages/User Login/Button Masuk

2023-07-20 20:00:55 - [TEST_STEP][PASSED] - verifyElementVisible(findTestObject("secondhand-web/Login/Button Masuk"), STOP_ON_FAILURE): Object 'Object Repository/secondhand-web/Login/Button Masuk' is visible

2023-07-20 20:00:55 - [MESSAGE][INFO] - Finding Test Object 'Object Repository/secondhand-web/Login/Button Masuk'

2023-07-20 20:00:55 - [MESSAGE][INFO] - Checking object

2023-07-20 20:00:55 - [MESSAGE][INFO] - Finding web element from Test Object's properties

2023-07-20 20:00:55 - [MESSAGE][INFO] - Checking timeout

2023-07-20 20:00:55 - [MESSAGE][INFO] - Finding web element with id: 'Object Repository/secondhand-web/Login/Button Masuk' located by 'By.xpath: //input[@name='commit']' in '30' second(s)

2023-07-20 20:00:55 - [MESSAGE][INFO] - Smart Wait Function is triggered

2023-07-20 20:00:55 - [MESSAGE][INFO] - Found 1 web elements with id: 'Object Repository/secondhand-web/Login/Button Masuk' located by 'By.xpath: //input[@name='commit']' in '30' second(s)

2023-07-20 20:00:55 - [MESSAGE][PASSED] - Object 'Object Repository/secondhand-web/Login/Button Masuk' is visible

2023-07-20 20:00:55 - [TEST_STEP][PASSED] - click(findTestObject("secondhand-web/Login/Button Masuk")): Object: 'Object Repository/secondhand-web/Login/Button Masuk' is clicked on

2023-07-20 20:00:55 - [MESSAGE][INFO] - Finding Test Object 'Object Repository/secondhand-web/Login/Button Masuk'

2023-07-20 20:00:55 - [MESSAGE][INFO] - Checking object

2023-07-20 20:00:55 - [MESSAGE][INFO] - Checking timeout

2023-07-20 20:00:55 - [MESSAGE][INFO] - Finding web element from Test Object's properties

2023-07-20 20:00:55 - [MESSAGE][INFO] - Checking timeout

2023-07-20 20:00:55 - [MESSAGE][INFO] - Finding web element with id: 'Object Repository/secondhand-web/Login/Button Masuk' located by 'By.xpath: //input[@name='commit']' in '30' second(s)

2023-07-20 20:00:55 - [MESSAGE][INFO] - Smart Wait Function is triggered

2023-07-20 20:00:56 - [MESSAGE][INFO] - Found 1 web elements with id: 'Object Repository/secondhand-web/Login/Button Masuk' located by 'By.xpath: //input[@name='commit']' in '30' second(s)

2023-07-20 20:00:56 - [MESSAGE][INFO] - Clicking on object: 'Object Repository/secondhand-web/Login/Button Masuk'

2023-07-20 20:00:56 - [MESSAGE][PASSED] - Object: 'Object Repository/secondhand-web/Login/Button Masuk' is clicked on

2023-07-20 20:00:56 - [MESSAGE][PASSED] - Call Test Case 'Test Cases/secondhand-web/Pages/User Login/Button Masuk' successfully

2023-07-20 20:00:56 - [TEST_STEP][PASSED] - callTestCase(findTestCase("secondhand-web/Common/Close Web"), [:], STOP_ON_FAILURE): Call Test Case 'Test Cases/secondhand-web/Common/Close Web' successfully

2023-07-20 20:00:56 - [MESSAGE][INFO] - Checking called Test Case

2023-07-20 20:00:56 - [MESSAGE][INFO] - Starting to call Test Case 'Test Cases/secondhand-web/Common/Close Web'

2023-07-20 20:00:56 - [TEST_CASE][PASSED] - Test Cases/secondhand-web/Common/Close Web: Test Cases/secondhand-web/Common/Close Web

2023-07-20 20:00:57 - [TEST_STEP][PASSED] - closeBrowser(): Browser is closed

2023-07-20 20:00:57 - [MESSAGE][INFO] - Closing browser

2023-07-20 20:00:58 - [MESSAGE][PASSED] - Browser is closed

2023-07-20 20:00:58 - [MESSAGE][PASSED] - Call Test Case 'Test Cases/secondhand-web/Common/Close Web' successfully]]></system-out>
         <system-err><![CDATA[]]></system-err>
      </testcase>
      <system-out><![CDATA[2023-07-20 20:00:34 - [TEST_SUITE][PASSED] - Feature Login: Test Cases/secondhand-web/Step Definition/Feature Login/LG0001 - user should be able to login using valid credential]]></system-out>
      <system-err><![CDATA[]]></system-err>
   </testsuite>
</testsuites>
