<?xml version="1.0" encoding="UTF-8"?>
<testsuites name="Feature Register" time="177.153" tests="4" failures="0" errors="0">
   <testsuite name="Feature Register" tests="4" failures="0" errors="0" time="177.153" skipped="0" timestamp="2023-07-21 22:38:20" hostname="mhmdr - LAPTOP-A3L3V09Q" id="Test Suites/secondhand-app/Feature Register">
      <properties>
         <property name="deviceName" value="samsung SM-A725F (Android 13)"/>
         <property name="devicePlatform" value=""/>
         <property name="logFolder" value="C:\\Users\\mhmdr\\Desktop\\SQA-Wave9-Kelompok2\\Reports\\20230721_223818\\secondhand-app\\Feature Register\\20230721_223818"/>
         <property name="logFiles" value="C:\\Users\\mhmdr\\Desktop\\SQA-Wave9-Kelompok2\\Reports\\20230721_223818\\secondhand-app\\Feature Register\\20230721_223818\\appium.log, C:\\Users\\mhmdr\\Desktop\\SQA-Wave9-Kelompok2\\Reports\\20230721_223818\\secondhand-app\\Feature Register\\20230721_223818\\execution0.log"/>
         <property name="attachments" value="C:\\Users\\mhmdr\\Desktop\\SQA-Wave9-Kelompok2\\Reports\\20230721_223818\\secondhand-app\\Feature Register\\20230721_223818\\mhmdrizki250@gmail.com, C:\\Users\\mhmdr\\Desktop\\SQA-Wave9-Kelompok2\\Reports\\20230721_223818\\secondhand-app\\Feature Register\\20230721_223818\\mhmdrizki250@gmail.com, C:\\Users\\mhmdr\\Desktop\\SQA-Wave9-Kelompok2\\Reports\\20230721_223818\\secondhand-app\\Feature Register\\20230721_223818\\mhmdrizki250@gmail.com, C:\\Users\\mhmdr\\Desktop\\SQA-Wave9-Kelompok2\\Reports\\20230721_223818\\secondhand-app\\Feature Register\\20230721_223818\\mhmdrizki250@gmail.com"/>
         <property name="hostName" value="mhmdr - LAPTOP-A3L3V09Q"/>
         <property name="os" value="Windows 11 64bit"/>
         <property name="appiumServerStatus" value="{&quot;value&quot;:{&quot;build&quot;:{&quot;version&quot;:&quot;1.22.3&quot;}},&quot;sessionId&quot;:null,&quot;status&quot;:0}"/>
         <property name="katalonVersion" value="8.6.5.208"/>
         <property name="deviceOS" value="Android"/>
         <property name="appiumVersion" value="1.22.3"/>
         <property name="deviceModel" value="SM-A725F"/>
         <property name="hostAddress" value="192.168.1.4"/>
         <property name="deviceManufacturer" value="samsung"/>
         <property name="deviceId" value="RR8R30DEY9E"/>
         <property name="deviceName" value="samsung SM-A725F (Android 13)"/>
         <property name="deviceOSVersion" value="13"/>
      </properties>
      <testcase name="Test Cases/secondhand-app/Step Definition/Feature Registration/PR001 - user should be able to register with valid credential" time="48.722" classname="Test Cases/secondhand-app/Step Definition/Feature Registration/PR001 - user should be able to register with valid credential" status="PASSED">
         <system-out><![CDATA[2023-07-21 22:38:20 - [TEST_CASE][PASSED] - Test Cases/secondhand-app/Step Definition/Feature Registration/PR001 - user should be able to register with valid credential: Test Cases/secondhand-app/Step Definition/Feature Registration/PR001 - user should be able to register with valid credential

2023-07-21 22:38:21 - [TEST_STEP][PASSED] - startApplication("androidapp/app-release-second-hand-gcp.apk", false): Started app at: 'C:\Users\mhmdr\Desktop\SQA-Wave9-Kelompok2\androidapp\app-release-second-hand-gcp.apk'

2023-07-21 22:38:21 - [MESSAGE][INFO] - Starting app at: 'C:\Users\mhmdr\Desktop\SQA-Wave9-Kelompok2\androidapp\app-release-second-hand-gcp.apk'

2023-07-21 22:38:21 - [MESSAGE][INFO] - Detected NodeJS location: "C:\Program Files\nodejs\node.exe"

2023-07-21 22:38:22 - [MESSAGE][INFO] - Appium server started on port 54,169

2023-07-21 22:38:35 - [MESSAGE][PASSED] - Started app at: 'C:\Users\mhmdr\Desktop\SQA-Wave9-Kelompok2\androidapp\app-release-second-hand-gcp.apk'

2023-07-21 22:38:35 - [TEST_STEP][PASSED] - callTestCase(findTestCase("secondhand-app/Pages/MenuBar App/Tap Akun"), [:], STOP_ON_FAILURE): Call Test Case 'Test Cases/secondhand-app/Pages/MenuBar App/Tap Akun' successfully

2023-07-21 22:38:35 - [MESSAGE][INFO] - Checking called Test Case

2023-07-21 22:38:35 - [MESSAGE][INFO] - Starting to call Test Case 'Test Cases/secondhand-app/Pages/MenuBar App/Tap Akun'

2023-07-21 22:38:35 - [TEST_CASE][PASSED] - Test Cases/secondhand-app/Pages/MenuBar App/Tap Akun: Test Cases/secondhand-app/Pages/MenuBar App/Tap Akun

2023-07-21 22:38:35 - [TEST_STEP][PASSED] - waitForElementPresent(findTestObject("secondhand-app/MenuBar App/android.widget.TextView - Akun"), 2): Element 'Object Repository/secondhand-app/MenuBar App/android.widget.TextView - Akun' is present

2023-07-21 22:38:35 - [MESSAGE][INFO] - Finding Test Object 'Object Repository/secondhand-app/MenuBar App/android.widget.TextView - Akun'

2023-07-21 22:38:36 - [MESSAGE][INFO] - Checking object

2023-07-21 22:38:36 - [MESSAGE][INFO] - Checking timeout

2023-07-21 22:38:38 - [MESSAGE][PASSED] - Element 'Object Repository/secondhand-app/MenuBar App/android.widget.TextView - Akun' is present

2023-07-21 22:38:38 - [TEST_STEP][PASSED] - tap(findTestObject("secondhand-app/MenuBar App/android.widget.TextView - Akun"), 2): Tapped on element 'Object Repository/secondhand-app/MenuBar App/android.widget.TextView - Akun'

2023-07-21 22:38:38 - [MESSAGE][INFO] - Finding Test Object 'Object Repository/secondhand-app/MenuBar App/android.widget.TextView - Akun'

2023-07-21 22:38:38 - [MESSAGE][INFO] - Checking object

2023-07-21 22:38:38 - [MESSAGE][INFO] - Checking timeout

2023-07-21 22:38:40 - [MESSAGE][PASSED] - Tapped on element 'Object Repository/secondhand-app/MenuBar App/android.widget.TextView - Akun'

2023-07-21 22:38:40 - [MESSAGE][PASSED] - Call Test Case 'Test Cases/secondhand-app/Pages/MenuBar App/Tap Akun' successfully

2023-07-21 22:38:40 - [TEST_STEP][PASSED] - callTestCase(findTestCase("secondhand-app/Pages/My Account/Tap Masuk"), [:], STOP_ON_FAILURE): Call Test Case 'Test Cases/secondhand-app/Pages/My Account/Tap Masuk' successfully

2023-07-21 22:38:40 - [MESSAGE][INFO] - Checking called Test Case

2023-07-21 22:38:40 - [MESSAGE][INFO] - Starting to call Test Case 'Test Cases/secondhand-app/Pages/My Account/Tap Masuk'

2023-07-21 22:38:40 - [TEST_CASE][PASSED] - Test Cases/secondhand-app/Pages/My Account/Tap Masuk: Test Cases/secondhand-app/Pages/My Account/Tap Masuk

2023-07-21 22:38:40 - [TEST_STEP][PASSED] - waitForElementPresent(findTestObject("secondhand-app/Page Account/android.widget.Button - Masuk"), 2): Element 'Object Repository/secondhand-app/Page Account/android.widget.Button - Masuk' is present

2023-07-21 22:38:40 - [MESSAGE][INFO] - Finding Test Object 'Object Repository/secondhand-app/Page Account/android.widget.Button - Masuk'

2023-07-21 22:38:41 - [MESSAGE][INFO] - Checking object

2023-07-21 22:38:41 - [MESSAGE][INFO] - Checking timeout

2023-07-21 22:38:41 - [MESSAGE][PASSED] - Element 'Object Repository/secondhand-app/Page Account/android.widget.Button - Masuk' is present

2023-07-21 22:38:41 - [TEST_STEP][PASSED] - tap(findTestObject("secondhand-app/Page Account/android.widget.Button - Masuk"), 2): Tapped on element 'Object Repository/secondhand-app/Page Account/android.widget.Button - Masuk'

2023-07-21 22:38:41 - [MESSAGE][INFO] - Finding Test Object 'Object Repository/secondhand-app/Page Account/android.widget.Button - Masuk'

2023-07-21 22:38:41 - [MESSAGE][INFO] - Checking object

2023-07-21 22:38:41 - [MESSAGE][INFO] - Checking timeout

2023-07-21 22:38:41 - [MESSAGE][PASSED] - Tapped on element 'Object Repository/secondhand-app/Page Account/android.widget.Button - Masuk'

2023-07-21 22:38:41 - [MESSAGE][PASSED] - Call Test Case 'Test Cases/secondhand-app/Pages/My Account/Tap Masuk' successfully

2023-07-21 22:38:41 - [TEST_STEP][PASSED] - callTestCase(findTestCase("secondhand-app/Pages/User Login/Tap Daftar"), [:], STOP_ON_FAILURE): Call Test Case 'Test Cases/secondhand-app/Pages/User Login/Tap Daftar' successfully

2023-07-21 22:38:41 - [MESSAGE][INFO] - Checking called Test Case

2023-07-21 22:38:41 - [MESSAGE][INFO] - Starting to call Test Case 'Test Cases/secondhand-app/Pages/User Login/Tap Daftar'

2023-07-21 22:38:41 - [TEST_CASE][PASSED] - Test Cases/secondhand-app/Pages/User Login/Tap Daftar: Test Cases/secondhand-app/Pages/User Login/Tap Daftar

2023-07-21 22:38:42 - [TEST_STEP][PASSED] - waitForElementPresent(findTestObject("secondhand-app/Page Login/android.widget.TextView - Daftar"), 2): Element 'Object Repository/secondhand-app/Page Login/android.widget.TextView - Daftar' is present

2023-07-21 22:38:42 - [MESSAGE][INFO] - Finding Test Object 'Object Repository/secondhand-app/Page Login/android.widget.TextView - Daftar'

2023-07-21 22:38:42 - [MESSAGE][INFO] - Checking object

2023-07-21 22:38:42 - [MESSAGE][INFO] - Checking timeout

2023-07-21 22:38:43 - [MESSAGE][PASSED] - Element 'Object Repository/secondhand-app/Page Login/android.widget.TextView - Daftar' is present

2023-07-21 22:38:43 - [TEST_STEP][PASSED] - tap(findTestObject("secondhand-app/Page Login/android.widget.TextView - Daftar"), 2): Tapped on element 'Object Repository/secondhand-app/Page Login/android.widget.TextView - Daftar'

2023-07-21 22:38:43 - [MESSAGE][INFO] - Finding Test Object 'Object Repository/secondhand-app/Page Login/android.widget.TextView - Daftar'

2023-07-21 22:38:43 - [MESSAGE][INFO] - Checking object

2023-07-21 22:38:43 - [MESSAGE][INFO] - Checking timeout

2023-07-21 22:38:43 - [MESSAGE][PASSED] - Tapped on element 'Object Repository/secondhand-app/Page Login/android.widget.TextView - Daftar'

2023-07-21 22:38:43 - [MESSAGE][PASSED] - Call Test Case 'Test Cases/secondhand-app/Pages/User Login/Tap Daftar' successfully

2023-07-21 22:38:43 - [TEST_STEP][PASSED] - callTestCase(findTestCase("secondhand-app/Pages/User Registration/Input Nama"), [:], STOP_ON_FAILURE): Call Test Case 'Test Cases/secondhand-app/Pages/User Registration/Input Nama' successfully

2023-07-21 22:38:43 - [MESSAGE][INFO] - Checking called Test Case

2023-07-21 22:38:43 - [MESSAGE][INFO] - Starting to call Test Case 'Test Cases/secondhand-app/Pages/User Registration/Input Nama'

2023-07-21 22:38:43 - [TEST_CASE][PASSED] - Test Cases/secondhand-app/Pages/User Registration/Input Nama: Test Cases/secondhand-app/Pages/User Registration/Input Nama

2023-07-21 22:38:44 - [TEST_STEP][PASSED] - clearText(findTestObject("secondhand-app/Page Register/android.widget.EditText - Masukkan nama lengkap"), 1): Element 'Object Repository/secondhand-app/Page Register/android.widget.EditText - Masukkan nama lengkap' text is cleared

2023-07-21 22:38:44 - [MESSAGE][INFO] - Finding Test Object 'Object Repository/secondhand-app/Page Register/android.widget.EditText - Masukkan nama lengkap'

2023-07-21 22:38:44 - [MESSAGE][INFO] - Checking object

2023-07-21 22:38:44 - [MESSAGE][INFO] - Checking timeout

2023-07-21 22:38:44 - [MESSAGE][PASSED] - Element 'Object Repository/secondhand-app/Page Register/android.widget.EditText - Masukkan nama lengkap' text is cleared

2023-07-21 22:38:44 - [TEST_STEP][PASSED] - setText(findTestObject("secondhand-app/Page Register/android.widget.EditText - Masukkan nama lengkap"), "Muhammad Rizki", 0): Text 'Muhammad Rizki' has been set to element 'Object Repository/secondhand-app/Page Register/android.widget.EditText - Masukkan nama lengkap'

2023-07-21 22:38:44 - [MESSAGE][INFO] - Finding Test Object 'Object Repository/secondhand-app/Page Register/android.widget.EditText - Masukkan nama lengkap'

2023-07-21 22:38:44 - [MESSAGE][INFO] - Checking object

2023-07-21 22:38:44 - [MESSAGE][INFO] - Checking timeout

2023-07-21 22:38:44 - [MESSAGE][WARNING] - Timeout '0' is invalid. Using default page load timeout: '30'

2023-07-21 22:38:46 - [MESSAGE][PASSED] - Text 'Muhammad Rizki' has been set to element 'Object Repository/secondhand-app/Page Register/android.widget.EditText - Masukkan nama lengkap'

2023-07-21 22:38:46 - [TEST_STEP][PASSED] - takeScreenshot("", STOP_ON_FAILURE): Screenshot is taken

2023-07-21 22:38:46 - [MESSAGE][WARNING] - 

2023-07-21 22:38:46 - [MESSAGE][PASSED] - Screenshot is taken

2023-07-21 22:38:46 - [MESSAGE][PASSED] - Call Test Case 'Test Cases/secondhand-app/Pages/User Registration/Input Nama' successfully

2023-07-21 22:38:46 - [TEST_STEP][PASSED] - callTestCase(findTestCase("secondhand-app/Pages/User Registration/Input Email"), ["email":emailRizkiAppRandom], STOP_ON_FAILURE): Call Test Case 'Test Cases/secondhand-app/Pages/User Registration/Input Email' successfully

2023-07-21 22:38:47 - [MESSAGE][INFO] - Checking called Test Case

2023-07-21 22:38:47 - [MESSAGE][INFO] - Starting to call Test Case 'Test Cases/secondhand-app/Pages/User Registration/Input Email'

2023-07-21 22:38:47 - [TEST_CASE][PASSED] - Test Cases/secondhand-app/Pages/User Registration/Input Email: Test Cases/secondhand-app/Pages/User Registration/Input Email

2023-07-21 22:38:47 - [TEST_STEP][PASSED] - clearText(findTestObject("secondhand-app/Page Register/android.widget.EditText - Masukkan email"), 1): Element 'Object Repository/secondhand-app/Page Register/android.widget.EditText - Masukkan email' text is cleared

2023-07-21 22:38:47 - [MESSAGE][INFO] - Finding Test Object 'Object Repository/secondhand-app/Page Register/android.widget.EditText - Masukkan email'

2023-07-21 22:38:47 - [MESSAGE][INFO] - Checking object

2023-07-21 22:38:47 - [MESSAGE][INFO] - Checking timeout

2023-07-21 22:38:47 - [MESSAGE][PASSED] - Element 'Object Repository/secondhand-app/Page Register/android.widget.EditText - Masukkan email' text is cleared

2023-07-21 22:38:47 - [TEST_STEP][PASSED] - setText(findTestObject("secondhand-app/Page Register/android.widget.EditText - Masukkan email"), email, 0): Text 'mhmdrizki020@gmail.com' has been set to element 'Object Repository/secondhand-app/Page Register/android.widget.EditText - Masukkan email'

2023-07-21 22:38:47 - [MESSAGE][INFO] - Finding Test Object 'Object Repository/secondhand-app/Page Register/android.widget.EditText - Masukkan email'

2023-07-21 22:38:47 - [MESSAGE][INFO] - Checking object

2023-07-21 22:38:47 - [MESSAGE][INFO] - Checking timeout

2023-07-21 22:38:47 - [MESSAGE][WARNING] - Timeout '0' is invalid. Using default page load timeout: '30'

2023-07-21 22:38:50 - [MESSAGE][PASSED] - Text 'mhmdrizki020@gmail.com' has been set to element 'Object Repository/secondhand-app/Page Register/android.widget.EditText - Masukkan email'

2023-07-21 22:38:50 - [TEST_STEP][PASSED] - takeScreenshot(emailRizkiApp, STOP_ON_FAILURE): Screenshot is taken

2023-07-21 22:38:50 - [MESSAGE][PASSED] - Screenshot is taken
[[ATTACHMENT|C:\\Users\\mhmdr\\Desktop\\SQA-Wave9-Kelompok2\\Reports\\20230721_223818\\secondhand-app\\Feature Register\\20230721_223818\\mhmdrizki250@gmail.com]]

2023-07-21 22:38:50 - [MESSAGE][PASSED] - Call Test Case 'Test Cases/secondhand-app/Pages/User Registration/Input Email' successfully

2023-07-21 22:38:50 - [TEST_STEP][PASSED] - callTestCase(findTestCase("secondhand-app/Pages/User Registration/Input Password"), ["password":passwordRizkiApp], STOP_ON_FAILURE): Call Test Case 'Test Cases/secondhand-app/Pages/User Registration/Input Password' successfully

2023-07-21 22:38:50 - [MESSAGE][INFO] - Checking called Test Case

2023-07-21 22:38:50 - [MESSAGE][INFO] - Starting to call Test Case 'Test Cases/secondhand-app/Pages/User Registration/Input Password'

2023-07-21 22:38:50 - [TEST_CASE][PASSED] - Test Cases/secondhand-app/Pages/User Registration/Input Password: Test Cases/secondhand-app/Pages/User Registration/Input Password

2023-07-21 22:38:51 - [TEST_STEP][PASSED] - clearText(findTestObject("secondhand-app/Page Register/android.widget.EditText - Masukkan password"), 1): Element 'Object Repository/secondhand-app/Page Register/android.widget.EditText - Masukkan password' text is cleared

2023-07-21 22:38:51 - [MESSAGE][INFO] - Finding Test Object 'Object Repository/secondhand-app/Page Register/android.widget.EditText - Masukkan password'

2023-07-21 22:38:51 - [MESSAGE][INFO] - Checking object

2023-07-21 22:38:51 - [MESSAGE][INFO] - Checking timeout

2023-07-21 22:38:51 - [MESSAGE][PASSED] - Element 'Object Repository/secondhand-app/Page Register/android.widget.EditText - Masukkan password' text is cleared

2023-07-21 22:38:51 - [TEST_STEP][PASSED] - setText(findTestObject("secondhand-app/Page Register/android.widget.EditText - Masukkan password"), password, 0): Text 'Kiki12345' has been set to element 'Object Repository/secondhand-app/Page Register/android.widget.EditText - Masukkan password'

2023-07-21 22:38:51 - [MESSAGE][INFO] - Finding Test Object 'Object Repository/secondhand-app/Page Register/android.widget.EditText - Masukkan password'

2023-07-21 22:38:51 - [MESSAGE][INFO] - Checking object

2023-07-21 22:38:51 - [MESSAGE][INFO] - Checking timeout

2023-07-21 22:38:51 - [MESSAGE][WARNING] - Timeout '0' is invalid. Using default page load timeout: '30'

2023-07-21 22:38:53 - [MESSAGE][PASSED] - Text 'Kiki12345' has been set to element 'Object Repository/secondhand-app/Page Register/android.widget.EditText - Masukkan password'

2023-07-21 22:38:53 - [TEST_STEP][PASSED] - takeScreenshot("", STOP_ON_FAILURE): Screenshot is taken

2023-07-21 22:38:54 - [MESSAGE][WARNING] - 

2023-07-21 22:38:54 - [MESSAGE][PASSED] - Screenshot is taken

2023-07-21 22:38:54 - [MESSAGE][PASSED] - Call Test Case 'Test Cases/secondhand-app/Pages/User Registration/Input Password' successfully

2023-07-21 22:38:54 - [TEST_STEP][PASSED] - callTestCase(findTestCase("secondhand-app/Pages/User Registration/Input Nomor HP"), [:], STOP_ON_FAILURE): Call Test Case 'Test Cases/secondhand-app/Pages/User Registration/Input Nomor HP' successfully

2023-07-21 22:38:54 - [MESSAGE][INFO] - Checking called Test Case

2023-07-21 22:38:54 - [MESSAGE][INFO] - Starting to call Test Case 'Test Cases/secondhand-app/Pages/User Registration/Input Nomor HP'

2023-07-21 22:38:54 - [TEST_CASE][PASSED] - Test Cases/secondhand-app/Pages/User Registration/Input Nomor HP: Test Cases/secondhand-app/Pages/User Registration/Input Nomor HP

2023-07-21 22:38:54 - [TEST_STEP][PASSED] - clearText(findTestObject("secondhand-app/Page Register/android.widget.EditText - Contoh 08123456789"), 1): Element 'Object Repository/secondhand-app/Page Register/android.widget.EditText - Contoh 08123456789' text is cleared

2023-07-21 22:38:54 - [MESSAGE][INFO] - Finding Test Object 'Object Repository/secondhand-app/Page Register/android.widget.EditText - Contoh 08123456789'

2023-07-21 22:38:54 - [MESSAGE][INFO] - Checking object

2023-07-21 22:38:54 - [MESSAGE][INFO] - Checking timeout

2023-07-21 22:38:54 - [MESSAGE][PASSED] - Element 'Object Repository/secondhand-app/Page Register/android.widget.EditText - Contoh 08123456789' text is cleared

2023-07-21 22:38:54 - [TEST_STEP][PASSED] - setText(findTestObject("secondhand-app/Page Register/android.widget.EditText - Contoh 08123456789"), "081233334444", 0): Text '081233334444' has been set to element 'Object Repository/secondhand-app/Page Register/android.widget.EditText - Contoh 08123456789'

2023-07-21 22:38:54 - [MESSAGE][INFO] - Finding Test Object 'Object Repository/secondhand-app/Page Register/android.widget.EditText - Contoh 08123456789'

2023-07-21 22:38:54 - [MESSAGE][INFO] - Checking object

2023-07-21 22:38:54 - [MESSAGE][INFO] - Checking timeout

2023-07-21 22:38:54 - [MESSAGE][WARNING] - Timeout '0' is invalid. Using default page load timeout: '30'

2023-07-21 22:38:55 - [MESSAGE][PASSED] - Text '081233334444' has been set to element 'Object Repository/secondhand-app/Page Register/android.widget.EditText - Contoh 08123456789'

2023-07-21 22:38:55 - [TEST_STEP][PASSED] - takeScreenshot("", STOP_ON_FAILURE): Screenshot is taken

2023-07-21 22:38:56 - [MESSAGE][WARNING] - 

2023-07-21 22:38:56 - [MESSAGE][PASSED] - Screenshot is taken

2023-07-21 22:38:56 - [MESSAGE][PASSED] - Call Test Case 'Test Cases/secondhand-app/Pages/User Registration/Input Nomor HP' successfully

2023-07-21 22:38:56 - [TEST_STEP][PASSED] - callTestCase(findTestCase("secondhand-app/Pages/User Registration/Input Kota"), [:], STOP_ON_FAILURE): Call Test Case 'Test Cases/secondhand-app/Pages/User Registration/Input Kota' successfully

2023-07-21 22:38:56 - [MESSAGE][INFO] - Checking called Test Case

2023-07-21 22:38:56 - [MESSAGE][INFO] - Starting to call Test Case 'Test Cases/secondhand-app/Pages/User Registration/Input Kota'

2023-07-21 22:38:56 - [TEST_CASE][PASSED] - Test Cases/secondhand-app/Pages/User Registration/Input Kota: Test Cases/secondhand-app/Pages/User Registration/Input Kota

2023-07-21 22:38:56 - [TEST_STEP][PASSED] - clearText(findTestObject("secondhand-app/Page Register/android.widget.EditText - Masukkan kota"), 1): Element 'Object Repository/secondhand-app/Page Register/android.widget.EditText - Masukkan kota' text is cleared

2023-07-21 22:38:56 - [MESSAGE][INFO] - Finding Test Object 'Object Repository/secondhand-app/Page Register/android.widget.EditText - Masukkan kota'

2023-07-21 22:38:56 - [MESSAGE][INFO] - Checking object

2023-07-21 22:38:56 - [MESSAGE][INFO] - Checking timeout

2023-07-21 22:38:57 - [MESSAGE][PASSED] - Element 'Object Repository/secondhand-app/Page Register/android.widget.EditText - Masukkan kota' text is cleared

2023-07-21 22:38:57 - [TEST_STEP][PASSED] - setText(findTestObject("secondhand-app/Page Register/android.widget.EditText - Masukkan kota"), "Tarakan, KalTara", 0): Text 'Tarakan, KalTara' has been set to element 'Object Repository/secondhand-app/Page Register/android.widget.EditText - Masukkan kota'

2023-07-21 22:38:57 - [MESSAGE][INFO] - Finding Test Object 'Object Repository/secondhand-app/Page Register/android.widget.EditText - Masukkan kota'

2023-07-21 22:38:57 - [MESSAGE][INFO] - Checking object

2023-07-21 22:38:57 - [MESSAGE][INFO] - Checking timeout

2023-07-21 22:38:57 - [MESSAGE][WARNING] - Timeout '0' is invalid. Using default page load timeout: '30'

2023-07-21 22:38:58 - [MESSAGE][PASSED] - Text 'Tarakan, KalTara' has been set to element 'Object Repository/secondhand-app/Page Register/android.widget.EditText - Masukkan kota'

2023-07-21 22:38:58 - [TEST_STEP][PASSED] - takeScreenshot("", STOP_ON_FAILURE): Screenshot is taken

2023-07-21 22:38:59 - [MESSAGE][WARNING] - 

2023-07-21 22:38:59 - [MESSAGE][PASSED] - Screenshot is taken

2023-07-21 22:38:59 - [MESSAGE][PASSED] - Call Test Case 'Test Cases/secondhand-app/Pages/User Registration/Input Kota' successfully

2023-07-21 22:38:59 - [TEST_STEP][PASSED] - callTestCase(findTestCase("secondhand-app/Pages/User Registration/Input Alamat"), [:], STOP_ON_FAILURE): Call Test Case 'Test Cases/secondhand-app/Pages/User Registration/Input Alamat' successfully

2023-07-21 22:38:59 - [MESSAGE][INFO] - Checking called Test Case

2023-07-21 22:38:59 - [MESSAGE][INFO] - Starting to call Test Case 'Test Cases/secondhand-app/Pages/User Registration/Input Alamat'

2023-07-21 22:38:59 - [TEST_CASE][PASSED] - Test Cases/secondhand-app/Pages/User Registration/Input Alamat: Test Cases/secondhand-app/Pages/User Registration/Input Alamat

2023-07-21 22:38:59 - [TEST_STEP][PASSED] - clearText(findTestObject("secondhand-app/Page Register/android.widget.EditText - Masukkan alamat"), 1): Element 'Object Repository/secondhand-app/Page Register/android.widget.EditText - Masukkan alamat' text is cleared

2023-07-21 22:38:59 - [MESSAGE][INFO] - Finding Test Object 'Object Repository/secondhand-app/Page Register/android.widget.EditText - Masukkan alamat'

2023-07-21 22:38:59 - [MESSAGE][INFO] - Checking object

2023-07-21 22:38:59 - [MESSAGE][INFO] - Checking timeout

2023-07-21 22:39:00 - [MESSAGE][PASSED] - Element 'Object Repository/secondhand-app/Page Register/android.widget.EditText - Masukkan alamat' text is cleared

2023-07-21 22:39:00 - [TEST_STEP][PASSED] - setText(findTestObject("secondhand-app/Page Register/android.widget.EditText - Masukkan alamat"), "Jl. Kenangan Masa Lalu No.404", 0): Text 'Jl. Kenangan Masa Lalu No.404' has been set to element 'Object Repository/secondhand-app/Page Register/android.widget.EditText - Masukkan alamat'

2023-07-21 22:39:00 - [MESSAGE][INFO] - Finding Test Object 'Object Repository/secondhand-app/Page Register/android.widget.EditText - Masukkan alamat'

2023-07-21 22:39:00 - [MESSAGE][INFO] - Checking object

2023-07-21 22:39:00 - [MESSAGE][INFO] - Checking timeout

2023-07-21 22:39:00 - [MESSAGE][WARNING] - Timeout '0' is invalid. Using default page load timeout: '30'

2023-07-21 22:39:02 - [MESSAGE][PASSED] - Text 'Jl. Kenangan Masa Lalu No.404' has been set to element 'Object Repository/secondhand-app/Page Register/android.widget.EditText - Masukkan alamat'

2023-07-21 22:39:02 - [TEST_STEP][PASSED] - takeScreenshot("", STOP_ON_FAILURE): Screenshot is taken

2023-07-21 22:39:02 - [MESSAGE][WARNING] - 

2023-07-21 22:39:02 - [MESSAGE][PASSED] - Screenshot is taken

2023-07-21 22:39:02 - [MESSAGE][PASSED] - Call Test Case 'Test Cases/secondhand-app/Pages/User Registration/Input Alamat' successfully

2023-07-21 22:39:02 - [TEST_STEP][PASSED] - callTestCase(findTestCase("secondhand-app/Pages/User Registration/Tap Daftar"), [:], STOP_ON_FAILURE): Call Test Case 'Test Cases/secondhand-app/Pages/User Registration/Tap Daftar' successfully

2023-07-21 22:39:02 - [MESSAGE][INFO] - Checking called Test Case

2023-07-21 22:39:02 - [MESSAGE][INFO] - Starting to call Test Case 'Test Cases/secondhand-app/Pages/User Registration/Tap Daftar'

2023-07-21 22:39:03 - [TEST_CASE][PASSED] - Test Cases/secondhand-app/Pages/User Registration/Tap Daftar: Test Cases/secondhand-app/Pages/User Registration/Tap Daftar

2023-07-21 22:39:03 - [TEST_STEP][PASSED] - waitForElementPresent(findTestObject("secondhand-app/Page Register/android.widget.Button - Daftar"), 2): Element 'Object Repository/secondhand-app/Page Register/android.widget.Button - Daftar' is present

2023-07-21 22:39:03 - [MESSAGE][INFO] - Finding Test Object 'Object Repository/secondhand-app/Page Register/android.widget.Button - Daftar'

2023-07-21 22:39:03 - [MESSAGE][INFO] - Checking object

2023-07-21 22:39:03 - [MESSAGE][INFO] - Checking timeout

2023-07-21 22:39:05 - [MESSAGE][PASSED] - Element 'Object Repository/secondhand-app/Page Register/android.widget.Button - Daftar' is present

2023-07-21 22:39:05 - [TEST_STEP][PASSED] - tap(findTestObject("secondhand-app/Page Register/android.widget.Button - Daftar"), 2): Tapped on element 'Object Repository/secondhand-app/Page Register/android.widget.Button - Daftar'

2023-07-21 22:39:05 - [MESSAGE][INFO] - Finding Test Object 'Object Repository/secondhand-app/Page Register/android.widget.Button - Daftar'

2023-07-21 22:39:05 - [MESSAGE][INFO] - Checking object

2023-07-21 22:39:05 - [MESSAGE][INFO] - Checking timeout

2023-07-21 22:39:07 - [MESSAGE][PASSED] - Tapped on element 'Object Repository/secondhand-app/Page Register/android.widget.Button - Daftar'

2023-07-21 22:39:07 - [MESSAGE][PASSED] - Call Test Case 'Test Cases/secondhand-app/Pages/User Registration/Tap Daftar' successfully

2023-07-21 22:39:07 - [TEST_STEP][PASSED] - callTestCase(findTestCase("secondhand-app/Pages/User Logout/Button Logout"), [:], STOP_ON_FAILURE): Call Test Case 'Test Cases/secondhand-app/Pages/User Logout/Button Logout' successfully

2023-07-21 22:39:07 - [MESSAGE][INFO] - Checking called Test Case

2023-07-21 22:39:07 - [MESSAGE][INFO] - Starting to call Test Case 'Test Cases/secondhand-app/Pages/User Logout/Button Logout'

2023-07-21 22:39:07 - [TEST_CASE][PASSED] - Test Cases/secondhand-app/Pages/User Logout/Button Logout: Test Cases/secondhand-app/Pages/User Logout/Button Logout

2023-07-21 22:39:07 - [TEST_STEP][PASSED] - waitForElementPresent(findTestObject("secondhand-app/Page Logout/button logout"), 2): Element 'Object Repository/secondhand-app/Page Logout/button logout' is present

2023-07-21 22:39:07 - [MESSAGE][INFO] - Finding Test Object 'Object Repository/secondhand-app/Page Logout/button logout'

2023-07-21 22:39:07 - [MESSAGE][INFO] - Checking object

2023-07-21 22:39:07 - [MESSAGE][INFO] - Checking timeout

2023-07-21 22:39:09 - [MESSAGE][PASSED] - Element 'Object Repository/secondhand-app/Page Logout/button logout' is present

2023-07-21 22:39:09 - [TEST_STEP][PASSED] - tap(findTestObject("secondhand-app/Page Logout/button logout"), 0): Tapped on element 'Object Repository/secondhand-app/Page Logout/button logout'

2023-07-21 22:39:09 - [MESSAGE][INFO] - Finding Test Object 'Object Repository/secondhand-app/Page Logout/button logout'

2023-07-21 22:39:09 - [MESSAGE][INFO] - Checking object

2023-07-21 22:39:09 - [MESSAGE][INFO] - Checking timeout

2023-07-21 22:39:09 - [MESSAGE][WARNING] - Timeout '0' is invalid. Using default page load timeout: '30'

2023-07-21 22:39:09 - [MESSAGE][PASSED] - Tapped on element 'Object Repository/secondhand-app/Page Logout/button logout'

2023-07-21 22:39:09 - [MESSAGE][PASSED] - Call Test Case 'Test Cases/secondhand-app/Pages/User Logout/Button Logout' successfully]]></system-out>
         <system-err><![CDATA[]]></system-err>
      </testcase>
      <testcase name="Test Cases/secondhand-app/Step Definition/Feature Registration/PR002 - user should not be able to register using already used email" time="40.309" classname="Test Cases/secondhand-app/Step Definition/Feature Registration/PR002 - user should not be able to register using already used email" status="PASSED">
         <system-out><![CDATA[2023-07-21 22:39:09 - [TEST_CASE][PASSED] - Test Cases/secondhand-app/Step Definition/Feature Registration/PR002 - user should not be able to register using already used email: Test Cases/secondhand-app/Step Definition/Feature Registration/PR002 - user should not be able to register using already used email

2023-07-21 22:39:09 - [TEST_STEP][PASSED] - startApplication("androidapp/app-release-second-hand-gcp.apk", false): Started app at: 'C:\Users\mhmdr\Desktop\SQA-Wave9-Kelompok2\androidapp\app-release-second-hand-gcp.apk'

2023-07-21 22:39:09 - [MESSAGE][INFO] - Starting app at: 'C:\Users\mhmdr\Desktop\SQA-Wave9-Kelompok2\androidapp\app-release-second-hand-gcp.apk'

2023-07-21 22:39:20 - [MESSAGE][PASSED] - Started app at: 'C:\Users\mhmdr\Desktop\SQA-Wave9-Kelompok2\androidapp\app-release-second-hand-gcp.apk'

2023-07-21 22:39:20 - [TEST_STEP][PASSED] - callTestCase(findTestCase("secondhand-app/Pages/MenuBar App/Tap Akun"), [:], STOP_ON_FAILURE): Call Test Case 'Test Cases/secondhand-app/Pages/MenuBar App/Tap Akun' successfully

2023-07-21 22:39:20 - [MESSAGE][INFO] - Checking called Test Case

2023-07-21 22:39:20 - [MESSAGE][INFO] - Starting to call Test Case 'Test Cases/secondhand-app/Pages/MenuBar App/Tap Akun'

2023-07-21 22:39:20 - [TEST_CASE][PASSED] - Test Cases/secondhand-app/Pages/MenuBar App/Tap Akun: Test Cases/secondhand-app/Pages/MenuBar App/Tap Akun

2023-07-21 22:39:20 - [TEST_STEP][PASSED] - waitForElementPresent(findTestObject("secondhand-app/MenuBar App/android.widget.TextView - Akun"), 2): Element 'Object Repository/secondhand-app/MenuBar App/android.widget.TextView - Akun' is present

2023-07-21 22:39:20 - [MESSAGE][INFO] - Finding Test Object 'Object Repository/secondhand-app/MenuBar App/android.widget.TextView - Akun'

2023-07-21 22:39:20 - [MESSAGE][INFO] - Checking object

2023-07-21 22:39:20 - [MESSAGE][INFO] - Checking timeout

2023-07-21 22:39:23 - [MESSAGE][PASSED] - Element 'Object Repository/secondhand-app/MenuBar App/android.widget.TextView - Akun' is present

2023-07-21 22:39:23 - [TEST_STEP][PASSED] - tap(findTestObject("secondhand-app/MenuBar App/android.widget.TextView - Akun"), 2): Tapped on element 'Object Repository/secondhand-app/MenuBar App/android.widget.TextView - Akun'

2023-07-21 22:39:23 - [MESSAGE][INFO] - Finding Test Object 'Object Repository/secondhand-app/MenuBar App/android.widget.TextView - Akun'

2023-07-21 22:39:23 - [MESSAGE][INFO] - Checking object

2023-07-21 22:39:23 - [MESSAGE][INFO] - Checking timeout

2023-07-21 22:39:25 - [MESSAGE][PASSED] - Tapped on element 'Object Repository/secondhand-app/MenuBar App/android.widget.TextView - Akun'

2023-07-21 22:39:25 - [MESSAGE][PASSED] - Call Test Case 'Test Cases/secondhand-app/Pages/MenuBar App/Tap Akun' successfully

2023-07-21 22:39:25 - [TEST_STEP][PASSED] - callTestCase(findTestCase("secondhand-app/Pages/My Account/Tap Masuk"), [:], STOP_ON_FAILURE): Call Test Case 'Test Cases/secondhand-app/Pages/My Account/Tap Masuk' successfully

2023-07-21 22:39:25 - [MESSAGE][INFO] - Checking called Test Case

2023-07-21 22:39:25 - [MESSAGE][INFO] - Starting to call Test Case 'Test Cases/secondhand-app/Pages/My Account/Tap Masuk'

2023-07-21 22:39:25 - [TEST_CASE][PASSED] - Test Cases/secondhand-app/Pages/My Account/Tap Masuk: Test Cases/secondhand-app/Pages/My Account/Tap Masuk

2023-07-21 22:39:25 - [TEST_STEP][PASSED] - waitForElementPresent(findTestObject("secondhand-app/Page Account/android.widget.Button - Masuk"), 2): Element 'Object Repository/secondhand-app/Page Account/android.widget.Button - Masuk' is present

2023-07-21 22:39:25 - [MESSAGE][INFO] - Finding Test Object 'Object Repository/secondhand-app/Page Account/android.widget.Button - Masuk'

2023-07-21 22:39:25 - [MESSAGE][INFO] - Checking object

2023-07-21 22:39:25 - [MESSAGE][INFO] - Checking timeout

2023-07-21 22:39:25 - [MESSAGE][PASSED] - Element 'Object Repository/secondhand-app/Page Account/android.widget.Button - Masuk' is present

2023-07-21 22:39:25 - [TEST_STEP][PASSED] - tap(findTestObject("secondhand-app/Page Account/android.widget.Button - Masuk"), 2): Tapped on element 'Object Repository/secondhand-app/Page Account/android.widget.Button - Masuk'

2023-07-21 22:39:25 - [MESSAGE][INFO] - Finding Test Object 'Object Repository/secondhand-app/Page Account/android.widget.Button - Masuk'

2023-07-21 22:39:25 - [MESSAGE][INFO] - Checking object

2023-07-21 22:39:25 - [MESSAGE][INFO] - Checking timeout

2023-07-21 22:39:26 - [MESSAGE][PASSED] - Tapped on element 'Object Repository/secondhand-app/Page Account/android.widget.Button - Masuk'

2023-07-21 22:39:26 - [MESSAGE][PASSED] - Call Test Case 'Test Cases/secondhand-app/Pages/My Account/Tap Masuk' successfully

2023-07-21 22:39:26 - [TEST_STEP][PASSED] - callTestCase(findTestCase("secondhand-app/Pages/User Login/Tap Daftar"), [:], STOP_ON_FAILURE): Call Test Case 'Test Cases/secondhand-app/Pages/User Login/Tap Daftar' successfully

2023-07-21 22:39:26 - [MESSAGE][INFO] - Checking called Test Case

2023-07-21 22:39:26 - [MESSAGE][INFO] - Starting to call Test Case 'Test Cases/secondhand-app/Pages/User Login/Tap Daftar'

2023-07-21 22:39:26 - [TEST_CASE][PASSED] - Test Cases/secondhand-app/Pages/User Login/Tap Daftar: Test Cases/secondhand-app/Pages/User Login/Tap Daftar

2023-07-21 22:39:26 - [TEST_STEP][PASSED] - waitForElementPresent(findTestObject("secondhand-app/Page Login/android.widget.TextView - Daftar"), 2): Element 'Object Repository/secondhand-app/Page Login/android.widget.TextView - Daftar' is present

2023-07-21 22:39:26 - [MESSAGE][INFO] - Finding Test Object 'Object Repository/secondhand-app/Page Login/android.widget.TextView - Daftar'

2023-07-21 22:39:26 - [MESSAGE][INFO] - Checking object

2023-07-21 22:39:26 - [MESSAGE][INFO] - Checking timeout

2023-07-21 22:39:27 - [MESSAGE][PASSED] - Element 'Object Repository/secondhand-app/Page Login/android.widget.TextView - Daftar' is present

2023-07-21 22:39:27 - [TEST_STEP][PASSED] - tap(findTestObject("secondhand-app/Page Login/android.widget.TextView - Daftar"), 2): Tapped on element 'Object Repository/secondhand-app/Page Login/android.widget.TextView - Daftar'

2023-07-21 22:39:27 - [MESSAGE][INFO] - Finding Test Object 'Object Repository/secondhand-app/Page Login/android.widget.TextView - Daftar'

2023-07-21 22:39:27 - [MESSAGE][INFO] - Checking object

2023-07-21 22:39:27 - [MESSAGE][INFO] - Checking timeout

2023-07-21 22:39:27 - [MESSAGE][PASSED] - Tapped on element 'Object Repository/secondhand-app/Page Login/android.widget.TextView - Daftar'

2023-07-21 22:39:27 - [MESSAGE][PASSED] - Call Test Case 'Test Cases/secondhand-app/Pages/User Login/Tap Daftar' successfully

2023-07-21 22:39:27 - [TEST_STEP][PASSED] - callTestCase(findTestCase("secondhand-app/Pages/User Registration/Input Nama"), [:], STOP_ON_FAILURE): Call Test Case 'Test Cases/secondhand-app/Pages/User Registration/Input Nama' successfully

2023-07-21 22:39:27 - [MESSAGE][INFO] - Checking called Test Case

2023-07-21 22:39:27 - [MESSAGE][INFO] - Starting to call Test Case 'Test Cases/secondhand-app/Pages/User Registration/Input Nama'

2023-07-21 22:39:28 - [TEST_CASE][PASSED] - Test Cases/secondhand-app/Pages/User Registration/Input Nama: Test Cases/secondhand-app/Pages/User Registration/Input Nama

2023-07-21 22:39:28 - [TEST_STEP][PASSED] - clearText(findTestObject("secondhand-app/Page Register/android.widget.EditText - Masukkan nama lengkap"), 1): Element 'Object Repository/secondhand-app/Page Register/android.widget.EditText - Masukkan nama lengkap' text is cleared

2023-07-21 22:39:28 - [MESSAGE][INFO] - Finding Test Object 'Object Repository/secondhand-app/Page Register/android.widget.EditText - Masukkan nama lengkap'

2023-07-21 22:39:28 - [MESSAGE][INFO] - Checking object

2023-07-21 22:39:28 - [MESSAGE][INFO] - Checking timeout

2023-07-21 22:39:28 - [MESSAGE][PASSED] - Element 'Object Repository/secondhand-app/Page Register/android.widget.EditText - Masukkan nama lengkap' text is cleared

2023-07-21 22:39:28 - [TEST_STEP][PASSED] - setText(findTestObject("secondhand-app/Page Register/android.widget.EditText - Masukkan nama lengkap"), "Muhammad Rizki", 0): Text 'Muhammad Rizki' has been set to element 'Object Repository/secondhand-app/Page Register/android.widget.EditText - Masukkan nama lengkap'

2023-07-21 22:39:28 - [MESSAGE][INFO] - Finding Test Object 'Object Repository/secondhand-app/Page Register/android.widget.EditText - Masukkan nama lengkap'

2023-07-21 22:39:28 - [MESSAGE][INFO] - Checking object

2023-07-21 22:39:28 - [MESSAGE][INFO] - Checking timeout

2023-07-21 22:39:28 - [MESSAGE][WARNING] - Timeout '0' is invalid. Using default page load timeout: '30'

2023-07-21 22:39:30 - [MESSAGE][PASSED] - Text 'Muhammad Rizki' has been set to element 'Object Repository/secondhand-app/Page Register/android.widget.EditText - Masukkan nama lengkap'

2023-07-21 22:39:30 - [TEST_STEP][PASSED] - takeScreenshot("", STOP_ON_FAILURE): Screenshot is taken

2023-07-21 22:39:31 - [MESSAGE][WARNING] - 

2023-07-21 22:39:31 - [MESSAGE][PASSED] - Screenshot is taken

2023-07-21 22:39:31 - [MESSAGE][PASSED] - Call Test Case 'Test Cases/secondhand-app/Pages/User Registration/Input Nama' successfully

2023-07-21 22:39:31 - [TEST_STEP][PASSED] - callTestCase(findTestCase("secondhand-app/Pages/User Registration/Input Email"), ["email":emailRizkiApp], STOP_ON_FAILURE): Call Test Case 'Test Cases/secondhand-app/Pages/User Registration/Input Email' successfully

2023-07-21 22:39:31 - [MESSAGE][INFO] - Checking called Test Case

2023-07-21 22:39:31 - [MESSAGE][INFO] - Starting to call Test Case 'Test Cases/secondhand-app/Pages/User Registration/Input Email'

2023-07-21 22:39:31 - [TEST_CASE][PASSED] - Test Cases/secondhand-app/Pages/User Registration/Input Email: Test Cases/secondhand-app/Pages/User Registration/Input Email

2023-07-21 22:39:31 - [TEST_STEP][PASSED] - clearText(findTestObject("secondhand-app/Page Register/android.widget.EditText - Masukkan email"), 1): Element 'Object Repository/secondhand-app/Page Register/android.widget.EditText - Masukkan email' text is cleared

2023-07-21 22:39:31 - [MESSAGE][INFO] - Finding Test Object 'Object Repository/secondhand-app/Page Register/android.widget.EditText - Masukkan email'

2023-07-21 22:39:31 - [MESSAGE][INFO] - Checking object

2023-07-21 22:39:31 - [MESSAGE][INFO] - Checking timeout

2023-07-21 22:39:31 - [MESSAGE][PASSED] - Element 'Object Repository/secondhand-app/Page Register/android.widget.EditText - Masukkan email' text is cleared

2023-07-21 22:39:31 - [TEST_STEP][PASSED] - setText(findTestObject("secondhand-app/Page Register/android.widget.EditText - Masukkan email"), email, 0): Text 'mhmdrizki250@gmail.com' has been set to element 'Object Repository/secondhand-app/Page Register/android.widget.EditText - Masukkan email'

2023-07-21 22:39:31 - [MESSAGE][INFO] - Finding Test Object 'Object Repository/secondhand-app/Page Register/android.widget.EditText - Masukkan email'

2023-07-21 22:39:31 - [MESSAGE][INFO] - Checking object

2023-07-21 22:39:31 - [MESSAGE][INFO] - Checking timeout

2023-07-21 22:39:31 - [MESSAGE][WARNING] - Timeout '0' is invalid. Using default page load timeout: '30'

2023-07-21 22:39:33 - [MESSAGE][PASSED] - Text 'mhmdrizki250@gmail.com' has been set to element 'Object Repository/secondhand-app/Page Register/android.widget.EditText - Masukkan email'

2023-07-21 22:39:33 - [TEST_STEP][PASSED] - takeScreenshot(emailRizkiApp, STOP_ON_FAILURE): Screenshot is taken

2023-07-21 22:39:34 - [MESSAGE][PASSED] - Screenshot is taken
[[ATTACHMENT|C:\\Users\\mhmdr\\Desktop\\SQA-Wave9-Kelompok2\\Reports\\20230721_223818\\secondhand-app\\Feature Register\\20230721_223818\\mhmdrizki250@gmail.com]]

2023-07-21 22:39:34 - [MESSAGE][PASSED] - Call Test Case 'Test Cases/secondhand-app/Pages/User Registration/Input Email' successfully

2023-07-21 22:39:34 - [TEST_STEP][PASSED] - callTestCase(findTestCase("secondhand-app/Pages/User Registration/Input Password"), ["password":passwordRizkiApp], STOP_ON_FAILURE): Call Test Case 'Test Cases/secondhand-app/Pages/User Registration/Input Password' successfully

2023-07-21 22:39:34 - [MESSAGE][INFO] - Checking called Test Case

2023-07-21 22:39:34 - [MESSAGE][INFO] - Starting to call Test Case 'Test Cases/secondhand-app/Pages/User Registration/Input Password'

2023-07-21 22:39:34 - [TEST_CASE][PASSED] - Test Cases/secondhand-app/Pages/User Registration/Input Password: Test Cases/secondhand-app/Pages/User Registration/Input Password

2023-07-21 22:39:34 - [TEST_STEP][PASSED] - clearText(findTestObject("secondhand-app/Page Register/android.widget.EditText - Masukkan password"), 1): Element 'Object Repository/secondhand-app/Page Register/android.widget.EditText - Masukkan password' text is cleared

2023-07-21 22:39:34 - [MESSAGE][INFO] - Finding Test Object 'Object Repository/secondhand-app/Page Register/android.widget.EditText - Masukkan password'

2023-07-21 22:39:34 - [MESSAGE][INFO] - Checking object

2023-07-21 22:39:34 - [MESSAGE][INFO] - Checking timeout

2023-07-21 22:39:34 - [MESSAGE][PASSED] - Element 'Object Repository/secondhand-app/Page Register/android.widget.EditText - Masukkan password' text is cleared

2023-07-21 22:39:34 - [TEST_STEP][PASSED] - setText(findTestObject("secondhand-app/Page Register/android.widget.EditText - Masukkan password"), password, 0): Text 'Kiki12345' has been set to element 'Object Repository/secondhand-app/Page Register/android.widget.EditText - Masukkan password'

2023-07-21 22:39:34 - [MESSAGE][INFO] - Finding Test Object 'Object Repository/secondhand-app/Page Register/android.widget.EditText - Masukkan password'

2023-07-21 22:39:34 - [MESSAGE][INFO] - Checking object

2023-07-21 22:39:34 - [MESSAGE][INFO] - Checking timeout

2023-07-21 22:39:34 - [MESSAGE][WARNING] - Timeout '0' is invalid. Using default page load timeout: '30'

2023-07-21 22:39:36 - [MESSAGE][PASSED] - Text 'Kiki12345' has been set to element 'Object Repository/secondhand-app/Page Register/android.widget.EditText - Masukkan password'

2023-07-21 22:39:36 - [TEST_STEP][PASSED] - takeScreenshot("", STOP_ON_FAILURE): Screenshot is taken

2023-07-21 22:39:36 - [MESSAGE][WARNING] - 

2023-07-21 22:39:36 - [MESSAGE][PASSED] - Screenshot is taken

2023-07-21 22:39:36 - [MESSAGE][PASSED] - Call Test Case 'Test Cases/secondhand-app/Pages/User Registration/Input Password' successfully

2023-07-21 22:39:36 - [TEST_STEP][PASSED] - callTestCase(findTestCase("secondhand-app/Pages/User Registration/Input Nomor HP"), [:], STOP_ON_FAILURE): Call Test Case 'Test Cases/secondhand-app/Pages/User Registration/Input Nomor HP' successfully

2023-07-21 22:39:36 - [MESSAGE][INFO] - Checking called Test Case

2023-07-21 22:39:36 - [MESSAGE][INFO] - Starting to call Test Case 'Test Cases/secondhand-app/Pages/User Registration/Input Nomor HP'

2023-07-21 22:39:37 - [TEST_CASE][PASSED] - Test Cases/secondhand-app/Pages/User Registration/Input Nomor HP: Test Cases/secondhand-app/Pages/User Registration/Input Nomor HP

2023-07-21 22:39:37 - [TEST_STEP][PASSED] - clearText(findTestObject("secondhand-app/Page Register/android.widget.EditText - Contoh 08123456789"), 1): Element 'Object Repository/secondhand-app/Page Register/android.widget.EditText - Contoh 08123456789' text is cleared

2023-07-21 22:39:37 - [MESSAGE][INFO] - Finding Test Object 'Object Repository/secondhand-app/Page Register/android.widget.EditText - Contoh 08123456789'

2023-07-21 22:39:37 - [MESSAGE][INFO] - Checking object

2023-07-21 22:39:37 - [MESSAGE][INFO] - Checking timeout

2023-07-21 22:39:37 - [MESSAGE][PASSED] - Element 'Object Repository/secondhand-app/Page Register/android.widget.EditText - Contoh 08123456789' text is cleared

2023-07-21 22:39:37 - [TEST_STEP][PASSED] - setText(findTestObject("secondhand-app/Page Register/android.widget.EditText - Contoh 08123456789"), "081233334444", 0): Text '081233334444' has been set to element 'Object Repository/secondhand-app/Page Register/android.widget.EditText - Contoh 08123456789'

2023-07-21 22:39:37 - [MESSAGE][INFO] - Finding Test Object 'Object Repository/secondhand-app/Page Register/android.widget.EditText - Contoh 08123456789'

2023-07-21 22:39:37 - [MESSAGE][INFO] - Checking object

2023-07-21 22:39:37 - [MESSAGE][INFO] - Checking timeout

2023-07-21 22:39:37 - [MESSAGE][WARNING] - Timeout '0' is invalid. Using default page load timeout: '30'

2023-07-21 22:39:38 - [MESSAGE][PASSED] - Text '081233334444' has been set to element 'Object Repository/secondhand-app/Page Register/android.widget.EditText - Contoh 08123456789'

2023-07-21 22:39:38 - [TEST_STEP][PASSED] - takeScreenshot("", STOP_ON_FAILURE): Screenshot is taken

2023-07-21 22:39:39 - [MESSAGE][WARNING] - 

2023-07-21 22:39:39 - [MESSAGE][PASSED] - Screenshot is taken

2023-07-21 22:39:39 - [MESSAGE][PASSED] - Call Test Case 'Test Cases/secondhand-app/Pages/User Registration/Input Nomor HP' successfully

2023-07-21 22:39:39 - [TEST_STEP][PASSED] - callTestCase(findTestCase("secondhand-app/Pages/User Registration/Input Kota"), [:], STOP_ON_FAILURE): Call Test Case 'Test Cases/secondhand-app/Pages/User Registration/Input Kota' successfully

2023-07-21 22:39:39 - [MESSAGE][INFO] - Checking called Test Case

2023-07-21 22:39:39 - [MESSAGE][INFO] - Starting to call Test Case 'Test Cases/secondhand-app/Pages/User Registration/Input Kota'

2023-07-21 22:39:39 - [TEST_CASE][PASSED] - Test Cases/secondhand-app/Pages/User Registration/Input Kota: Test Cases/secondhand-app/Pages/User Registration/Input Kota

2023-07-21 22:39:39 - [TEST_STEP][PASSED] - clearText(findTestObject("secondhand-app/Page Register/android.widget.EditText - Masukkan kota"), 1): Element 'Object Repository/secondhand-app/Page Register/android.widget.EditText - Masukkan kota' text is cleared

2023-07-21 22:39:39 - [MESSAGE][INFO] - Finding Test Object 'Object Repository/secondhand-app/Page Register/android.widget.EditText - Masukkan kota'

2023-07-21 22:39:39 - [MESSAGE][INFO] - Checking object

2023-07-21 22:39:39 - [MESSAGE][INFO] - Checking timeout

2023-07-21 22:39:39 - [MESSAGE][PASSED] - Element 'Object Repository/secondhand-app/Page Register/android.widget.EditText - Masukkan kota' text is cleared

2023-07-21 22:39:39 - [TEST_STEP][PASSED] - setText(findTestObject("secondhand-app/Page Register/android.widget.EditText - Masukkan kota"), "Tarakan, KalTara", 0): Text 'Tarakan, KalTara' has been set to element 'Object Repository/secondhand-app/Page Register/android.widget.EditText - Masukkan kota'

2023-07-21 22:39:39 - [MESSAGE][INFO] - Finding Test Object 'Object Repository/secondhand-app/Page Register/android.widget.EditText - Masukkan kota'

2023-07-21 22:39:39 - [MESSAGE][INFO] - Checking object

2023-07-21 22:39:39 - [MESSAGE][INFO] - Checking timeout

2023-07-21 22:39:39 - [MESSAGE][WARNING] - Timeout '0' is invalid. Using default page load timeout: '30'

2023-07-21 22:39:41 - [MESSAGE][PASSED] - Text 'Tarakan, KalTara' has been set to element 'Object Repository/secondhand-app/Page Register/android.widget.EditText - Masukkan kota'

2023-07-21 22:39:41 - [TEST_STEP][PASSED] - takeScreenshot("", STOP_ON_FAILURE): Screenshot is taken

2023-07-21 22:39:42 - [MESSAGE][WARNING] - 

2023-07-21 22:39:42 - [MESSAGE][PASSED] - Screenshot is taken

2023-07-21 22:39:42 - [MESSAGE][PASSED] - Call Test Case 'Test Cases/secondhand-app/Pages/User Registration/Input Kota' successfully

2023-07-21 22:39:42 - [TEST_STEP][PASSED] - callTestCase(findTestCase("secondhand-app/Pages/User Registration/Input Alamat"), [:], STOP_ON_FAILURE): Call Test Case 'Test Cases/secondhand-app/Pages/User Registration/Input Alamat' successfully

2023-07-21 22:39:42 - [MESSAGE][INFO] - Checking called Test Case

2023-07-21 22:39:42 - [MESSAGE][INFO] - Starting to call Test Case 'Test Cases/secondhand-app/Pages/User Registration/Input Alamat'

2023-07-21 22:39:42 - [TEST_CASE][PASSED] - Test Cases/secondhand-app/Pages/User Registration/Input Alamat: Test Cases/secondhand-app/Pages/User Registration/Input Alamat

2023-07-21 22:39:42 - [TEST_STEP][PASSED] - clearText(findTestObject("secondhand-app/Page Register/android.widget.EditText - Masukkan alamat"), 1): Element 'Object Repository/secondhand-app/Page Register/android.widget.EditText - Masukkan alamat' text is cleared

2023-07-21 22:39:42 - [MESSAGE][INFO] - Finding Test Object 'Object Repository/secondhand-app/Page Register/android.widget.EditText - Masukkan alamat'

2023-07-21 22:39:42 - [MESSAGE][INFO] - Checking object

2023-07-21 22:39:42 - [MESSAGE][INFO] - Checking timeout

2023-07-21 22:39:42 - [MESSAGE][PASSED] - Element 'Object Repository/secondhand-app/Page Register/android.widget.EditText - Masukkan alamat' text is cleared

2023-07-21 22:39:42 - [TEST_STEP][PASSED] - setText(findTestObject("secondhand-app/Page Register/android.widget.EditText - Masukkan alamat"), "Jl. Kenangan Masa Lalu No.404", 0): Text 'Jl. Kenangan Masa Lalu No.404' has been set to element 'Object Repository/secondhand-app/Page Register/android.widget.EditText - Masukkan alamat'

2023-07-21 22:39:42 - [MESSAGE][INFO] - Finding Test Object 'Object Repository/secondhand-app/Page Register/android.widget.EditText - Masukkan alamat'

2023-07-21 22:39:42 - [MESSAGE][INFO] - Checking object

2023-07-21 22:39:42 - [MESSAGE][INFO] - Checking timeout

2023-07-21 22:39:42 - [MESSAGE][WARNING] - Timeout '0' is invalid. Using default page load timeout: '30'

2023-07-21 22:39:44 - [MESSAGE][PASSED] - Text 'Jl. Kenangan Masa Lalu No.404' has been set to element 'Object Repository/secondhand-app/Page Register/android.widget.EditText - Masukkan alamat'

2023-07-21 22:39:44 - [TEST_STEP][PASSED] - takeScreenshot("", STOP_ON_FAILURE): Screenshot is taken

2023-07-21 22:39:44 - [MESSAGE][WARNING] - 

2023-07-21 22:39:44 - [MESSAGE][PASSED] - Screenshot is taken

2023-07-21 22:39:44 - [MESSAGE][PASSED] - Call Test Case 'Test Cases/secondhand-app/Pages/User Registration/Input Alamat' successfully

2023-07-21 22:39:44 - [TEST_STEP][PASSED] - callTestCase(findTestCase("secondhand-app/Pages/User Registration/Tap Daftar"), [:], STOP_ON_FAILURE): Call Test Case 'Test Cases/secondhand-app/Pages/User Registration/Tap Daftar' successfully

2023-07-21 22:39:44 - [MESSAGE][INFO] - Checking called Test Case

2023-07-21 22:39:44 - [MESSAGE][INFO] - Starting to call Test Case 'Test Cases/secondhand-app/Pages/User Registration/Tap Daftar'

2023-07-21 22:39:45 - [TEST_CASE][PASSED] - Test Cases/secondhand-app/Pages/User Registration/Tap Daftar: Test Cases/secondhand-app/Pages/User Registration/Tap Daftar

2023-07-21 22:39:45 - [TEST_STEP][PASSED] - waitForElementPresent(findTestObject("secondhand-app/Page Register/android.widget.Button - Daftar"), 2): Element 'Object Repository/secondhand-app/Page Register/android.widget.Button - Daftar' is present

2023-07-21 22:39:45 - [MESSAGE][INFO] - Finding Test Object 'Object Repository/secondhand-app/Page Register/android.widget.Button - Daftar'

2023-07-21 22:39:45 - [MESSAGE][INFO] - Checking object

2023-07-21 22:39:45 - [MESSAGE][INFO] - Checking timeout

2023-07-21 22:39:47 - [MESSAGE][PASSED] - Element 'Object Repository/secondhand-app/Page Register/android.widget.Button - Daftar' is present

2023-07-21 22:39:47 - [TEST_STEP][PASSED] - tap(findTestObject("secondhand-app/Page Register/android.widget.Button - Daftar"), 2): Tapped on element 'Object Repository/secondhand-app/Page Register/android.widget.Button - Daftar'

2023-07-21 22:39:47 - [MESSAGE][INFO] - Finding Test Object 'Object Repository/secondhand-app/Page Register/android.widget.Button - Daftar'

2023-07-21 22:39:47 - [MESSAGE][INFO] - Checking object

2023-07-21 22:39:47 - [MESSAGE][INFO] - Checking timeout

2023-07-21 22:39:49 - [MESSAGE][PASSED] - Tapped on element 'Object Repository/secondhand-app/Page Register/android.widget.Button - Daftar'

2023-07-21 22:39:49 - [MESSAGE][PASSED] - Call Test Case 'Test Cases/secondhand-app/Pages/User Registration/Tap Daftar' successfully]]></system-out>
         <system-err><![CDATA[]]></system-err>
      </testcase>
      <testcase name="Test Cases/secondhand-app/Step Definition/Feature Registration/PR003 - user should not be able to register using invalid email" time="43.907" classname="Test Cases/secondhand-app/Step Definition/Feature Registration/PR003 - user should not be able to register using invalid email" status="PASSED">
         <system-out><![CDATA[2023-07-21 22:39:49 - [TEST_CASE][PASSED] - Test Cases/secondhand-app/Step Definition/Feature Registration/PR003 - user should not be able to register using invalid email: Test Cases/secondhand-app/Step Definition/Feature Registration/PR003 - user should not be able to register using invalid email

2023-07-21 22:39:50 - [TEST_STEP][PASSED] - startApplication("androidapp/app-release-second-hand-gcp.apk", false): Started app at: 'C:\Users\mhmdr\Desktop\SQA-Wave9-Kelompok2\androidapp\app-release-second-hand-gcp.apk'

2023-07-21 22:39:50 - [MESSAGE][INFO] - Starting app at: 'C:\Users\mhmdr\Desktop\SQA-Wave9-Kelompok2\androidapp\app-release-second-hand-gcp.apk'

2023-07-21 22:40:00 - [MESSAGE][PASSED] - Started app at: 'C:\Users\mhmdr\Desktop\SQA-Wave9-Kelompok2\androidapp\app-release-second-hand-gcp.apk'

2023-07-21 22:40:00 - [TEST_STEP][PASSED] - callTestCase(findTestCase("secondhand-app/Pages/MenuBar App/Tap Akun"), [:], STOP_ON_FAILURE): Call Test Case 'Test Cases/secondhand-app/Pages/MenuBar App/Tap Akun' successfully

2023-07-21 22:40:00 - [MESSAGE][INFO] - Checking called Test Case

2023-07-21 22:40:00 - [MESSAGE][INFO] - Starting to call Test Case 'Test Cases/secondhand-app/Pages/MenuBar App/Tap Akun'

2023-07-21 22:40:00 - [TEST_CASE][PASSED] - Test Cases/secondhand-app/Pages/MenuBar App/Tap Akun: Test Cases/secondhand-app/Pages/MenuBar App/Tap Akun

2023-07-21 22:40:00 - [TEST_STEP][PASSED] - waitForElementPresent(findTestObject("secondhand-app/MenuBar App/android.widget.TextView - Akun"), 2): Element 'Object Repository/secondhand-app/MenuBar App/android.widget.TextView - Akun' is present

2023-07-21 22:40:00 - [MESSAGE][INFO] - Finding Test Object 'Object Repository/secondhand-app/MenuBar App/android.widget.TextView - Akun'

2023-07-21 22:40:00 - [MESSAGE][INFO] - Checking object

2023-07-21 22:40:00 - [MESSAGE][INFO] - Checking timeout

2023-07-21 22:40:03 - [MESSAGE][PASSED] - Element 'Object Repository/secondhand-app/MenuBar App/android.widget.TextView - Akun' is present

2023-07-21 22:40:03 - [TEST_STEP][PASSED] - tap(findTestObject("secondhand-app/MenuBar App/android.widget.TextView - Akun"), 2): Tapped on element 'Object Repository/secondhand-app/MenuBar App/android.widget.TextView - Akun'

2023-07-21 22:40:03 - [MESSAGE][INFO] - Finding Test Object 'Object Repository/secondhand-app/MenuBar App/android.widget.TextView - Akun'

2023-07-21 22:40:03 - [MESSAGE][INFO] - Checking object

2023-07-21 22:40:03 - [MESSAGE][INFO] - Checking timeout

2023-07-21 22:40:06 - [MESSAGE][PASSED] - Tapped on element 'Object Repository/secondhand-app/MenuBar App/android.widget.TextView - Akun'

2023-07-21 22:40:06 - [MESSAGE][PASSED] - Call Test Case 'Test Cases/secondhand-app/Pages/MenuBar App/Tap Akun' successfully

2023-07-21 22:40:06 - [TEST_STEP][PASSED] - callTestCase(findTestCase("secondhand-app/Pages/My Account/Tap Masuk"), [:], STOP_ON_FAILURE): Call Test Case 'Test Cases/secondhand-app/Pages/My Account/Tap Masuk' successfully

2023-07-21 22:40:06 - [MESSAGE][INFO] - Checking called Test Case

2023-07-21 22:40:06 - [MESSAGE][INFO] - Starting to call Test Case 'Test Cases/secondhand-app/Pages/My Account/Tap Masuk'

2023-07-21 22:40:06 - [TEST_CASE][PASSED] - Test Cases/secondhand-app/Pages/My Account/Tap Masuk: Test Cases/secondhand-app/Pages/My Account/Tap Masuk

2023-07-21 22:40:06 - [TEST_STEP][PASSED] - waitForElementPresent(findTestObject("secondhand-app/Page Account/android.widget.Button - Masuk"), 2): Element 'Object Repository/secondhand-app/Page Account/android.widget.Button - Masuk' is present

2023-07-21 22:40:06 - [MESSAGE][INFO] - Finding Test Object 'Object Repository/secondhand-app/Page Account/android.widget.Button - Masuk'

2023-07-21 22:40:06 - [MESSAGE][INFO] - Checking object

2023-07-21 22:40:06 - [MESSAGE][INFO] - Checking timeout

2023-07-21 22:40:07 - [MESSAGE][PASSED] - Element 'Object Repository/secondhand-app/Page Account/android.widget.Button - Masuk' is present

2023-07-21 22:40:07 - [TEST_STEP][PASSED] - tap(findTestObject("secondhand-app/Page Account/android.widget.Button - Masuk"), 2): Tapped on element 'Object Repository/secondhand-app/Page Account/android.widget.Button - Masuk'

2023-07-21 22:40:07 - [MESSAGE][INFO] - Finding Test Object 'Object Repository/secondhand-app/Page Account/android.widget.Button - Masuk'

2023-07-21 22:40:07 - [MESSAGE][INFO] - Checking object

2023-07-21 22:40:07 - [MESSAGE][INFO] - Checking timeout

2023-07-21 22:40:07 - [MESSAGE][PASSED] - Tapped on element 'Object Repository/secondhand-app/Page Account/android.widget.Button - Masuk'

2023-07-21 22:40:07 - [MESSAGE][PASSED] - Call Test Case 'Test Cases/secondhand-app/Pages/My Account/Tap Masuk' successfully

2023-07-21 22:40:07 - [TEST_STEP][PASSED] - callTestCase(findTestCase("secondhand-app/Pages/User Login/Tap Daftar"), [:], STOP_ON_FAILURE): Call Test Case 'Test Cases/secondhand-app/Pages/User Login/Tap Daftar' successfully

2023-07-21 22:40:07 - [MESSAGE][INFO] - Checking called Test Case

2023-07-21 22:40:07 - [MESSAGE][INFO] - Starting to call Test Case 'Test Cases/secondhand-app/Pages/User Login/Tap Daftar'

2023-07-21 22:40:07 - [TEST_CASE][PASSED] - Test Cases/secondhand-app/Pages/User Login/Tap Daftar: Test Cases/secondhand-app/Pages/User Login/Tap Daftar

2023-07-21 22:40:07 - [TEST_STEP][PASSED] - waitForElementPresent(findTestObject("secondhand-app/Page Login/android.widget.TextView - Daftar"), 2): Element 'Object Repository/secondhand-app/Page Login/android.widget.TextView - Daftar' is present

2023-07-21 22:40:07 - [MESSAGE][INFO] - Finding Test Object 'Object Repository/secondhand-app/Page Login/android.widget.TextView - Daftar'

2023-07-21 22:40:07 - [MESSAGE][INFO] - Checking object

2023-07-21 22:40:07 - [MESSAGE][INFO] - Checking timeout

2023-07-21 22:40:08 - [MESSAGE][PASSED] - Element 'Object Repository/secondhand-app/Page Login/android.widget.TextView - Daftar' is present

2023-07-21 22:40:08 - [TEST_STEP][PASSED] - tap(findTestObject("secondhand-app/Page Login/android.widget.TextView - Daftar"), 2): Tapped on element 'Object Repository/secondhand-app/Page Login/android.widget.TextView - Daftar'

2023-07-21 22:40:08 - [MESSAGE][INFO] - Finding Test Object 'Object Repository/secondhand-app/Page Login/android.widget.TextView - Daftar'

2023-07-21 22:40:08 - [MESSAGE][INFO] - Checking object

2023-07-21 22:40:08 - [MESSAGE][INFO] - Checking timeout

2023-07-21 22:40:09 - [MESSAGE][PASSED] - Tapped on element 'Object Repository/secondhand-app/Page Login/android.widget.TextView - Daftar'

2023-07-21 22:40:09 - [MESSAGE][PASSED] - Call Test Case 'Test Cases/secondhand-app/Pages/User Login/Tap Daftar' successfully

2023-07-21 22:40:09 - [TEST_STEP][PASSED] - callTestCase(findTestCase("secondhand-app/Pages/User Registration/Input Nama"), [:], STOP_ON_FAILURE): Call Test Case 'Test Cases/secondhand-app/Pages/User Registration/Input Nama' successfully

2023-07-21 22:40:09 - [MESSAGE][INFO] - Checking called Test Case

2023-07-21 22:40:09 - [MESSAGE][INFO] - Starting to call Test Case 'Test Cases/secondhand-app/Pages/User Registration/Input Nama'

2023-07-21 22:40:09 - [TEST_CASE][PASSED] - Test Cases/secondhand-app/Pages/User Registration/Input Nama: Test Cases/secondhand-app/Pages/User Registration/Input Nama

2023-07-21 22:40:09 - [TEST_STEP][PASSED] - clearText(findTestObject("secondhand-app/Page Register/android.widget.EditText - Masukkan nama lengkap"), 1): Element 'Object Repository/secondhand-app/Page Register/android.widget.EditText - Masukkan nama lengkap' text is cleared

2023-07-21 22:40:09 - [MESSAGE][INFO] - Finding Test Object 'Object Repository/secondhand-app/Page Register/android.widget.EditText - Masukkan nama lengkap'

2023-07-21 22:40:09 - [MESSAGE][INFO] - Checking object

2023-07-21 22:40:09 - [MESSAGE][INFO] - Checking timeout

2023-07-21 22:40:10 - [MESSAGE][PASSED] - Element 'Object Repository/secondhand-app/Page Register/android.widget.EditText - Masukkan nama lengkap' text is cleared

2023-07-21 22:40:10 - [TEST_STEP][PASSED] - setText(findTestObject("secondhand-app/Page Register/android.widget.EditText - Masukkan nama lengkap"), "Muhammad Rizki", 0): Text 'Muhammad Rizki' has been set to element 'Object Repository/secondhand-app/Page Register/android.widget.EditText - Masukkan nama lengkap'

2023-07-21 22:40:10 - [MESSAGE][INFO] - Finding Test Object 'Object Repository/secondhand-app/Page Register/android.widget.EditText - Masukkan nama lengkap'

2023-07-21 22:40:10 - [MESSAGE][INFO] - Checking object

2023-07-21 22:40:10 - [MESSAGE][INFO] - Checking timeout

2023-07-21 22:40:10 - [MESSAGE][WARNING] - Timeout '0' is invalid. Using default page load timeout: '30'

2023-07-21 22:40:11 - [MESSAGE][PASSED] - Text 'Muhammad Rizki' has been set to element 'Object Repository/secondhand-app/Page Register/android.widget.EditText - Masukkan nama lengkap'

2023-07-21 22:40:11 - [TEST_STEP][PASSED] - takeScreenshot("", STOP_ON_FAILURE): Screenshot is taken

2023-07-21 22:40:12 - [MESSAGE][WARNING] - 

2023-07-21 22:40:12 - [MESSAGE][PASSED] - Screenshot is taken

2023-07-21 22:40:12 - [MESSAGE][PASSED] - Call Test Case 'Test Cases/secondhand-app/Pages/User Registration/Input Nama' successfully

2023-07-21 22:40:12 - [TEST_STEP][PASSED] - callTestCase(findTestCase("secondhand-app/Pages/User Registration/Input Email"), ["email":emailRizkiAppInvalid], STOP_ON_FAILURE): Call Test Case 'Test Cases/secondhand-app/Pages/User Registration/Input Email' successfully

2023-07-21 22:40:12 - [MESSAGE][INFO] - Checking called Test Case

2023-07-21 22:40:12 - [MESSAGE][INFO] - Starting to call Test Case 'Test Cases/secondhand-app/Pages/User Registration/Input Email'

2023-07-21 22:40:12 - [TEST_CASE][PASSED] - Test Cases/secondhand-app/Pages/User Registration/Input Email: Test Cases/secondhand-app/Pages/User Registration/Input Email

2023-07-21 22:40:12 - [TEST_STEP][PASSED] - clearText(findTestObject("secondhand-app/Page Register/android.widget.EditText - Masukkan email"), 1): Element 'Object Repository/secondhand-app/Page Register/android.widget.EditText - Masukkan email' text is cleared

2023-07-21 22:40:12 - [MESSAGE][INFO] - Finding Test Object 'Object Repository/secondhand-app/Page Register/android.widget.EditText - Masukkan email'

2023-07-21 22:40:12 - [MESSAGE][INFO] - Checking object

2023-07-21 22:40:12 - [MESSAGE][INFO] - Checking timeout

2023-07-21 22:40:12 - [MESSAGE][PASSED] - Element 'Object Repository/secondhand-app/Page Register/android.widget.EditText - Masukkan email' text is cleared

2023-07-21 22:40:12 - [TEST_STEP][PASSED] - setText(findTestObject("secondhand-app/Page Register/android.widget.EditText - Masukkan email"), email, 0): Text 'mhmdrizki250gmailcom' has been set to element 'Object Repository/secondhand-app/Page Register/android.widget.EditText - Masukkan email'

2023-07-21 22:40:12 - [MESSAGE][INFO] - Finding Test Object 'Object Repository/secondhand-app/Page Register/android.widget.EditText - Masukkan email'

2023-07-21 22:40:12 - [MESSAGE][INFO] - Checking object

2023-07-21 22:40:12 - [MESSAGE][INFO] - Checking timeout

2023-07-21 22:40:12 - [MESSAGE][WARNING] - Timeout '0' is invalid. Using default page load timeout: '30'

2023-07-21 22:40:14 - [MESSAGE][PASSED] - Text 'mhmdrizki250gmailcom' has been set to element 'Object Repository/secondhand-app/Page Register/android.widget.EditText - Masukkan email'

2023-07-21 22:40:14 - [TEST_STEP][PASSED] - takeScreenshot(emailRizkiApp, STOP_ON_FAILURE): Screenshot is taken

2023-07-21 22:40:15 - [MESSAGE][PASSED] - Screenshot is taken
[[ATTACHMENT|C:\\Users\\mhmdr\\Desktop\\SQA-Wave9-Kelompok2\\Reports\\20230721_223818\\secondhand-app\\Feature Register\\20230721_223818\\mhmdrizki250@gmail.com]]

2023-07-21 22:40:15 - [MESSAGE][PASSED] - Call Test Case 'Test Cases/secondhand-app/Pages/User Registration/Input Email' successfully

2023-07-21 22:40:15 - [TEST_STEP][PASSED] - callTestCase(findTestCase("secondhand-app/Pages/User Registration/Input Password"), ["password":passwordRizkiApp], STOP_ON_FAILURE): Call Test Case 'Test Cases/secondhand-app/Pages/User Registration/Input Password' successfully

2023-07-21 22:40:15 - [MESSAGE][INFO] - Checking called Test Case

2023-07-21 22:40:15 - [MESSAGE][INFO] - Starting to call Test Case 'Test Cases/secondhand-app/Pages/User Registration/Input Password'

2023-07-21 22:40:15 - [TEST_CASE][PASSED] - Test Cases/secondhand-app/Pages/User Registration/Input Password: Test Cases/secondhand-app/Pages/User Registration/Input Password

2023-07-21 22:40:15 - [TEST_STEP][PASSED] - clearText(findTestObject("secondhand-app/Page Register/android.widget.EditText - Masukkan password"), 1): Element 'Object Repository/secondhand-app/Page Register/android.widget.EditText - Masukkan password' text is cleared

2023-07-21 22:40:15 - [MESSAGE][INFO] - Finding Test Object 'Object Repository/secondhand-app/Page Register/android.widget.EditText - Masukkan password'

2023-07-21 22:40:15 - [MESSAGE][INFO] - Checking object

2023-07-21 22:40:15 - [MESSAGE][INFO] - Checking timeout

2023-07-21 22:40:15 - [MESSAGE][PASSED] - Element 'Object Repository/secondhand-app/Page Register/android.widget.EditText - Masukkan password' text is cleared

2023-07-21 22:40:15 - [TEST_STEP][PASSED] - setText(findTestObject("secondhand-app/Page Register/android.widget.EditText - Masukkan password"), password, 0): Text 'Kiki12345' has been set to element 'Object Repository/secondhand-app/Page Register/android.widget.EditText - Masukkan password'

2023-07-21 22:40:15 - [MESSAGE][INFO] - Finding Test Object 'Object Repository/secondhand-app/Page Register/android.widget.EditText - Masukkan password'

2023-07-21 22:40:15 - [MESSAGE][INFO] - Checking object

2023-07-21 22:40:15 - [MESSAGE][INFO] - Checking timeout

2023-07-21 22:40:15 - [MESSAGE][WARNING] - Timeout '0' is invalid. Using default page load timeout: '30'

2023-07-21 22:40:17 - [MESSAGE][PASSED] - Text 'Kiki12345' has been set to element 'Object Repository/secondhand-app/Page Register/android.widget.EditText - Masukkan password'

2023-07-21 22:40:17 - [TEST_STEP][PASSED] - takeScreenshot("", STOP_ON_FAILURE): Screenshot is taken

2023-07-21 22:40:18 - [MESSAGE][WARNING] - 

2023-07-21 22:40:18 - [MESSAGE][PASSED] - Screenshot is taken

2023-07-21 22:40:18 - [MESSAGE][PASSED] - Call Test Case 'Test Cases/secondhand-app/Pages/User Registration/Input Password' successfully

2023-07-21 22:40:18 - [TEST_STEP][PASSED] - callTestCase(findTestCase("secondhand-app/Pages/User Registration/Input Nomor HP"), [:], STOP_ON_FAILURE): Call Test Case 'Test Cases/secondhand-app/Pages/User Registration/Input Nomor HP' successfully

2023-07-21 22:40:18 - [MESSAGE][INFO] - Checking called Test Case

2023-07-21 22:40:18 - [MESSAGE][INFO] - Starting to call Test Case 'Test Cases/secondhand-app/Pages/User Registration/Input Nomor HP'

2023-07-21 22:40:18 - [TEST_CASE][PASSED] - Test Cases/secondhand-app/Pages/User Registration/Input Nomor HP: Test Cases/secondhand-app/Pages/User Registration/Input Nomor HP

2023-07-21 22:40:18 - [TEST_STEP][PASSED] - clearText(findTestObject("secondhand-app/Page Register/android.widget.EditText - Contoh 08123456789"), 1): Element 'Object Repository/secondhand-app/Page Register/android.widget.EditText - Contoh 08123456789' text is cleared

2023-07-21 22:40:18 - [MESSAGE][INFO] - Finding Test Object 'Object Repository/secondhand-app/Page Register/android.widget.EditText - Contoh 08123456789'

2023-07-21 22:40:18 - [MESSAGE][INFO] - Checking object

2023-07-21 22:40:18 - [MESSAGE][INFO] - Checking timeout

2023-07-21 22:40:18 - [MESSAGE][PASSED] - Element 'Object Repository/secondhand-app/Page Register/android.widget.EditText - Contoh 08123456789' text is cleared

2023-07-21 22:40:18 - [TEST_STEP][PASSED] - setText(findTestObject("secondhand-app/Page Register/android.widget.EditText - Contoh 08123456789"), "081233334444", 0): Text '081233334444' has been set to element 'Object Repository/secondhand-app/Page Register/android.widget.EditText - Contoh 08123456789'

2023-07-21 22:40:18 - [MESSAGE][INFO] - Finding Test Object 'Object Repository/secondhand-app/Page Register/android.widget.EditText - Contoh 08123456789'

2023-07-21 22:40:18 - [MESSAGE][INFO] - Checking object

2023-07-21 22:40:18 - [MESSAGE][INFO] - Checking timeout

2023-07-21 22:40:18 - [MESSAGE][WARNING] - Timeout '0' is invalid. Using default page load timeout: '30'

2023-07-21 22:40:20 - [MESSAGE][PASSED] - Text '081233334444' has been set to element 'Object Repository/secondhand-app/Page Register/android.widget.EditText - Contoh 08123456789'

2023-07-21 22:40:20 - [TEST_STEP][PASSED] - takeScreenshot("", STOP_ON_FAILURE): Screenshot is taken

2023-07-21 22:40:21 - [MESSAGE][WARNING] - 

2023-07-21 22:40:21 - [MESSAGE][PASSED] - Screenshot is taken

2023-07-21 22:40:21 - [MESSAGE][PASSED] - Call Test Case 'Test Cases/secondhand-app/Pages/User Registration/Input Nomor HP' successfully

2023-07-21 22:40:21 - [TEST_STEP][PASSED] - callTestCase(findTestCase("secondhand-app/Pages/User Registration/Input Kota"), [:], STOP_ON_FAILURE): Call Test Case 'Test Cases/secondhand-app/Pages/User Registration/Input Kota' successfully

2023-07-21 22:40:21 - [MESSAGE][INFO] - Checking called Test Case

2023-07-21 22:40:21 - [MESSAGE][INFO] - Starting to call Test Case 'Test Cases/secondhand-app/Pages/User Registration/Input Kota'

2023-07-21 22:40:21 - [TEST_CASE][PASSED] - Test Cases/secondhand-app/Pages/User Registration/Input Kota: Test Cases/secondhand-app/Pages/User Registration/Input Kota

2023-07-21 22:40:21 - [TEST_STEP][PASSED] - clearText(findTestObject("secondhand-app/Page Register/android.widget.EditText - Masukkan kota"), 1): Element 'Object Repository/secondhand-app/Page Register/android.widget.EditText - Masukkan kota' text is cleared

2023-07-21 22:40:21 - [MESSAGE][INFO] - Finding Test Object 'Object Repository/secondhand-app/Page Register/android.widget.EditText - Masukkan kota'

2023-07-21 22:40:21 - [MESSAGE][INFO] - Checking object

2023-07-21 22:40:21 - [MESSAGE][INFO] - Checking timeout

2023-07-21 22:40:21 - [MESSAGE][PASSED] - Element 'Object Repository/secondhand-app/Page Register/android.widget.EditText - Masukkan kota' text is cleared

2023-07-21 22:40:21 - [TEST_STEP][PASSED] - setText(findTestObject("secondhand-app/Page Register/android.widget.EditText - Masukkan kota"), "Tarakan, KalTara", 0): Text 'Tarakan, KalTara' has been set to element 'Object Repository/secondhand-app/Page Register/android.widget.EditText - Masukkan kota'

2023-07-21 22:40:21 - [MESSAGE][INFO] - Finding Test Object 'Object Repository/secondhand-app/Page Register/android.widget.EditText - Masukkan kota'

2023-07-21 22:40:21 - [MESSAGE][INFO] - Checking object

2023-07-21 22:40:21 - [MESSAGE][INFO] - Checking timeout

2023-07-21 22:40:21 - [MESSAGE][WARNING] - Timeout '0' is invalid. Using default page load timeout: '30'

2023-07-21 22:40:23 - [MESSAGE][PASSED] - Text 'Tarakan, KalTara' has been set to element 'Object Repository/secondhand-app/Page Register/android.widget.EditText - Masukkan kota'

2023-07-21 22:40:23 - [TEST_STEP][PASSED] - takeScreenshot("", STOP_ON_FAILURE): Screenshot is taken

2023-07-21 22:40:23 - [MESSAGE][WARNING] - 

2023-07-21 22:40:23 - [MESSAGE][PASSED] - Screenshot is taken

2023-07-21 22:40:23 - [MESSAGE][PASSED] - Call Test Case 'Test Cases/secondhand-app/Pages/User Registration/Input Kota' successfully

2023-07-21 22:40:23 - [TEST_STEP][PASSED] - callTestCase(findTestCase("secondhand-app/Pages/User Registration/Input Alamat"), [:], STOP_ON_FAILURE): Call Test Case 'Test Cases/secondhand-app/Pages/User Registration/Input Alamat' successfully

2023-07-21 22:40:23 - [MESSAGE][INFO] - Checking called Test Case

2023-07-21 22:40:23 - [MESSAGE][INFO] - Starting to call Test Case 'Test Cases/secondhand-app/Pages/User Registration/Input Alamat'

2023-07-21 22:40:23 - [TEST_CASE][PASSED] - Test Cases/secondhand-app/Pages/User Registration/Input Alamat: Test Cases/secondhand-app/Pages/User Registration/Input Alamat

2023-07-21 22:40:23 - [TEST_STEP][PASSED] - clearText(findTestObject("secondhand-app/Page Register/android.widget.EditText - Masukkan alamat"), 1): Element 'Object Repository/secondhand-app/Page Register/android.widget.EditText - Masukkan alamat' text is cleared

2023-07-21 22:40:23 - [MESSAGE][INFO] - Finding Test Object 'Object Repository/secondhand-app/Page Register/android.widget.EditText - Masukkan alamat'

2023-07-21 22:40:23 - [MESSAGE][INFO] - Checking object

2023-07-21 22:40:23 - [MESSAGE][INFO] - Checking timeout

2023-07-21 22:40:24 - [MESSAGE][PASSED] - Element 'Object Repository/secondhand-app/Page Register/android.widget.EditText - Masukkan alamat' text is cleared

2023-07-21 22:40:24 - [TEST_STEP][PASSED] - setText(findTestObject("secondhand-app/Page Register/android.widget.EditText - Masukkan alamat"), "Jl. Kenangan Masa Lalu No.404", 0): Text 'Jl. Kenangan Masa Lalu No.404' has been set to element 'Object Repository/secondhand-app/Page Register/android.widget.EditText - Masukkan alamat'

2023-07-21 22:40:24 - [MESSAGE][INFO] - Finding Test Object 'Object Repository/secondhand-app/Page Register/android.widget.EditText - Masukkan alamat'

2023-07-21 22:40:24 - [MESSAGE][INFO] - Checking object

2023-07-21 22:40:24 - [MESSAGE][INFO] - Checking timeout

2023-07-21 22:40:24 - [MESSAGE][WARNING] - Timeout '0' is invalid. Using default page load timeout: '30'

2023-07-21 22:40:26 - [MESSAGE][PASSED] - Text 'Jl. Kenangan Masa Lalu No.404' has been set to element 'Object Repository/secondhand-app/Page Register/android.widget.EditText - Masukkan alamat'

2023-07-21 22:40:26 - [TEST_STEP][PASSED] - takeScreenshot("", STOP_ON_FAILURE): Screenshot is taken

2023-07-21 22:40:26 - [MESSAGE][WARNING] - 

2023-07-21 22:40:26 - [MESSAGE][PASSED] - Screenshot is taken

2023-07-21 22:40:26 - [MESSAGE][PASSED] - Call Test Case 'Test Cases/secondhand-app/Pages/User Registration/Input Alamat' successfully

2023-07-21 22:40:26 - [TEST_STEP][PASSED] - callTestCase(findTestCase("secondhand-app/Pages/User Registration/Tap Daftar"), [:], STOP_ON_FAILURE): Call Test Case 'Test Cases/secondhand-app/Pages/User Registration/Tap Daftar' successfully

2023-07-21 22:40:26 - [MESSAGE][INFO] - Checking called Test Case

2023-07-21 22:40:26 - [MESSAGE][INFO] - Starting to call Test Case 'Test Cases/secondhand-app/Pages/User Registration/Tap Daftar'

2023-07-21 22:40:27 - [TEST_CASE][PASSED] - Test Cases/secondhand-app/Pages/User Registration/Tap Daftar: Test Cases/secondhand-app/Pages/User Registration/Tap Daftar

2023-07-21 22:40:27 - [TEST_STEP][PASSED] - waitForElementPresent(findTestObject("secondhand-app/Page Register/android.widget.Button - Daftar"), 2): Element 'Object Repository/secondhand-app/Page Register/android.widget.Button - Daftar' is present

2023-07-21 22:40:27 - [MESSAGE][INFO] - Finding Test Object 'Object Repository/secondhand-app/Page Register/android.widget.Button - Daftar'

2023-07-21 22:40:27 - [MESSAGE][INFO] - Checking object

2023-07-21 22:40:27 - [MESSAGE][INFO] - Checking timeout

2023-07-21 22:40:29 - [MESSAGE][PASSED] - Element 'Object Repository/secondhand-app/Page Register/android.widget.Button - Daftar' is present

2023-07-21 22:40:29 - [TEST_STEP][PASSED] - tap(findTestObject("secondhand-app/Page Register/android.widget.Button - Daftar"), 2): Tapped on element 'Object Repository/secondhand-app/Page Register/android.widget.Button - Daftar'

2023-07-21 22:40:29 - [MESSAGE][INFO] - Finding Test Object 'Object Repository/secondhand-app/Page Register/android.widget.Button - Daftar'

2023-07-21 22:40:29 - [MESSAGE][INFO] - Checking object

2023-07-21 22:40:29 - [MESSAGE][INFO] - Checking timeout

2023-07-21 22:40:32 - [MESSAGE][PASSED] - Tapped on element 'Object Repository/secondhand-app/Page Register/android.widget.Button - Daftar'

2023-07-21 22:40:32 - [MESSAGE][PASSED] - Call Test Case 'Test Cases/secondhand-app/Pages/User Registration/Tap Daftar' successfully

2023-07-21 22:40:32 - [TEST_STEP][PASSED] - callTestCase(findTestCase("secondhand-app/Pages/User Registration/Read Error Messages - Invalid Email"), ["expected":"Email tidak valid"], STOP_ON_FAILURE): Call Test Case 'Test Cases/secondhand-app/Pages/User Registration/Read Error Messages - Invalid Email' successfully

2023-07-21 22:40:32 - [MESSAGE][INFO] - Checking called Test Case

2023-07-21 22:40:32 - [MESSAGE][INFO] - Starting to call Test Case 'Test Cases/secondhand-app/Pages/User Registration/Read Error Messages - Invalid Email'

2023-07-21 22:40:32 - [TEST_CASE][PASSED] - Test Cases/secondhand-app/Pages/User Registration/Read Error Messages - Invalid Email: Test Cases/secondhand-app/Pages/User Registration/Read Error Messages - Invalid Email

2023-07-21 22:40:32 - [TEST_STEP][PASSED] - waitForElementPresent(findTestObject("secondhand-app/Page Register/android.widget.TextView - Email tidak valid"), 2): Element 'Object Repository/secondhand-app/Page Register/android.widget.TextView - Email tidak valid' is present

2023-07-21 22:40:32 - [MESSAGE][INFO] - Finding Test Object 'Object Repository/secondhand-app/Page Register/android.widget.TextView - Email tidak valid'

2023-07-21 22:40:32 - [MESSAGE][INFO] - Checking object

2023-07-21 22:40:32 - [MESSAGE][INFO] - Checking timeout

2023-07-21 22:40:32 - [MESSAGE][PASSED] - Element 'Object Repository/secondhand-app/Page Register/android.widget.TextView - Email tidak valid' is present

2023-07-21 22:40:32 - [TEST_STEP][PASSED] - errorText = getText(findTestObject("secondhand-app/Page Register/android.widget.TextView - Email tidak valid"), 0): Text of element 'Object Repository/secondhand-app/Page Register/android.widget.TextView - Email tidak valid' is: 'Email tidak valid'

2023-07-21 22:40:32 - [MESSAGE][INFO] - Finding Test Object 'Object Repository/secondhand-app/Page Register/android.widget.TextView - Email tidak valid'

2023-07-21 22:40:32 - [MESSAGE][INFO] - Checking object

2023-07-21 22:40:32 - [MESSAGE][INFO] - Checking timeout

2023-07-21 22:40:32 - [MESSAGE][WARNING] - Timeout '0' is invalid. Using default page load timeout: '30'

2023-07-21 22:40:33 - [MESSAGE][PASSED] - Text of element 'Object Repository/secondhand-app/Page Register/android.widget.TextView - Email tidak valid' is: 'Email tidak valid'

2023-07-21 22:40:33 - [TEST_STEP][PASSED] - logInfo(""): 

2023-07-21 22:40:33 - [MESSAGE][INFO] - 

2023-07-21 22:40:33 - [TEST_STEP][PASSED] - verifyMatch(errorText, expected, false): Actual text 'Email tidak valid' and expected text 'Email tidak valid' are matched 

2023-07-21 22:40:33 - [MESSAGE][INFO] - Matching actual text 'Email tidak valid' with expected text 'Email tidak valid'

2023-07-21 22:40:33 - [MESSAGE][PASSED] - Actual text 'Email tidak valid' and expected text 'Email tidak valid' are matched 

2023-07-21 22:40:33 - [TEST_STEP][PASSED] - takeScreenshot("", STOP_ON_FAILURE): Screenshot is taken

2023-07-21 22:40:33 - [MESSAGE][WARNING] - 

2023-07-21 22:40:33 - [MESSAGE][PASSED] - Screenshot is taken

2023-07-21 22:40:33 - [MESSAGE][PASSED] - Call Test Case 'Test Cases/secondhand-app/Pages/User Registration/Read Error Messages - Invalid Email' successfully]]></system-out>
         <system-err><![CDATA[]]></system-err>
      </testcase>
      <testcase name="Test Cases/secondhand-app/Step Definition/Feature Registration/PR004 - user should not be able to register using blank email" time="44.005" classname="Test Cases/secondhand-app/Step Definition/Feature Registration/PR004 - user should not be able to register using blank email" status="PASSED">
         <system-out><![CDATA[2023-07-21 22:40:33 - [TEST_CASE][PASSED] - Test Cases/secondhand-app/Step Definition/Feature Registration/PR004 - user should not be able to register using blank email: Test Cases/secondhand-app/Step Definition/Feature Registration/PR004 - user should not be able to register using blank email

2023-07-21 22:40:34 - [TEST_STEP][PASSED] - startApplication("androidapp/app-release-second-hand-gcp.apk", false): Started app at: 'C:\Users\mhmdr\Desktop\SQA-Wave9-Kelompok2\androidapp\app-release-second-hand-gcp.apk'

2023-07-21 22:40:34 - [MESSAGE][INFO] - Starting app at: 'C:\Users\mhmdr\Desktop\SQA-Wave9-Kelompok2\androidapp\app-release-second-hand-gcp.apk'

2023-07-21 22:40:44 - [MESSAGE][PASSED] - Started app at: 'C:\Users\mhmdr\Desktop\SQA-Wave9-Kelompok2\androidapp\app-release-second-hand-gcp.apk'

2023-07-21 22:40:44 - [TEST_STEP][PASSED] - callTestCase(findTestCase("secondhand-app/Pages/MenuBar App/Tap Akun"), [:], STOP_ON_FAILURE): Call Test Case 'Test Cases/secondhand-app/Pages/MenuBar App/Tap Akun' successfully

2023-07-21 22:40:44 - [MESSAGE][INFO] - Checking called Test Case

2023-07-21 22:40:44 - [MESSAGE][INFO] - Starting to call Test Case 'Test Cases/secondhand-app/Pages/MenuBar App/Tap Akun'

2023-07-21 22:40:44 - [TEST_CASE][PASSED] - Test Cases/secondhand-app/Pages/MenuBar App/Tap Akun: Test Cases/secondhand-app/Pages/MenuBar App/Tap Akun

2023-07-21 22:40:44 - [TEST_STEP][PASSED] - waitForElementPresent(findTestObject("secondhand-app/MenuBar App/android.widget.TextView - Akun"), 2): Element 'Object Repository/secondhand-app/MenuBar App/android.widget.TextView - Akun' is present

2023-07-21 22:40:44 - [MESSAGE][INFO] - Finding Test Object 'Object Repository/secondhand-app/MenuBar App/android.widget.TextView - Akun'

2023-07-21 22:40:44 - [MESSAGE][INFO] - Checking object

2023-07-21 22:40:44 - [MESSAGE][INFO] - Checking timeout

2023-07-21 22:40:47 - [MESSAGE][PASSED] - Element 'Object Repository/secondhand-app/MenuBar App/android.widget.TextView - Akun' is present

2023-07-21 22:40:47 - [TEST_STEP][PASSED] - tap(findTestObject("secondhand-app/MenuBar App/android.widget.TextView - Akun"), 2): Tapped on element 'Object Repository/secondhand-app/MenuBar App/android.widget.TextView - Akun'

2023-07-21 22:40:47 - [MESSAGE][INFO] - Finding Test Object 'Object Repository/secondhand-app/MenuBar App/android.widget.TextView - Akun'

2023-07-21 22:40:47 - [MESSAGE][INFO] - Checking object

2023-07-21 22:40:47 - [MESSAGE][INFO] - Checking timeout

2023-07-21 22:40:49 - [MESSAGE][PASSED] - Tapped on element 'Object Repository/secondhand-app/MenuBar App/android.widget.TextView - Akun'

2023-07-21 22:40:49 - [MESSAGE][PASSED] - Call Test Case 'Test Cases/secondhand-app/Pages/MenuBar App/Tap Akun' successfully

2023-07-21 22:40:49 - [TEST_STEP][PASSED] - callTestCase(findTestCase("secondhand-app/Pages/My Account/Tap Masuk"), [:], STOP_ON_FAILURE): Call Test Case 'Test Cases/secondhand-app/Pages/My Account/Tap Masuk' successfully

2023-07-21 22:40:49 - [MESSAGE][INFO] - Checking called Test Case

2023-07-21 22:40:49 - [MESSAGE][INFO] - Starting to call Test Case 'Test Cases/secondhand-app/Pages/My Account/Tap Masuk'

2023-07-21 22:40:49 - [TEST_CASE][PASSED] - Test Cases/secondhand-app/Pages/My Account/Tap Masuk: Test Cases/secondhand-app/Pages/My Account/Tap Masuk

2023-07-21 22:40:49 - [TEST_STEP][PASSED] - waitForElementPresent(findTestObject("secondhand-app/Page Account/android.widget.Button - Masuk"), 2): Element 'Object Repository/secondhand-app/Page Account/android.widget.Button - Masuk' is present

2023-07-21 22:40:49 - [MESSAGE][INFO] - Finding Test Object 'Object Repository/secondhand-app/Page Account/android.widget.Button - Masuk'

2023-07-21 22:40:49 - [MESSAGE][INFO] - Checking object

2023-07-21 22:40:49 - [MESSAGE][INFO] - Checking timeout

2023-07-21 22:40:50 - [MESSAGE][PASSED] - Element 'Object Repository/secondhand-app/Page Account/android.widget.Button - Masuk' is present

2023-07-21 22:40:50 - [TEST_STEP][PASSED] - tap(findTestObject("secondhand-app/Page Account/android.widget.Button - Masuk"), 2): Tapped on element 'Object Repository/secondhand-app/Page Account/android.widget.Button - Masuk'

2023-07-21 22:40:50 - [MESSAGE][INFO] - Finding Test Object 'Object Repository/secondhand-app/Page Account/android.widget.Button - Masuk'

2023-07-21 22:40:50 - [MESSAGE][INFO] - Checking object

2023-07-21 22:40:50 - [MESSAGE][INFO] - Checking timeout

2023-07-21 22:40:50 - [MESSAGE][PASSED] - Tapped on element 'Object Repository/secondhand-app/Page Account/android.widget.Button - Masuk'

2023-07-21 22:40:50 - [MESSAGE][PASSED] - Call Test Case 'Test Cases/secondhand-app/Pages/My Account/Tap Masuk' successfully

2023-07-21 22:40:50 - [TEST_STEP][PASSED] - callTestCase(findTestCase("secondhand-app/Pages/User Login/Tap Daftar"), [:], STOP_ON_FAILURE): Call Test Case 'Test Cases/secondhand-app/Pages/User Login/Tap Daftar' successfully

2023-07-21 22:40:50 - [MESSAGE][INFO] - Checking called Test Case

2023-07-21 22:40:50 - [MESSAGE][INFO] - Starting to call Test Case 'Test Cases/secondhand-app/Pages/User Login/Tap Daftar'

2023-07-21 22:40:50 - [TEST_CASE][PASSED] - Test Cases/secondhand-app/Pages/User Login/Tap Daftar: Test Cases/secondhand-app/Pages/User Login/Tap Daftar

2023-07-21 22:40:50 - [TEST_STEP][PASSED] - waitForElementPresent(findTestObject("secondhand-app/Page Login/android.widget.TextView - Daftar"), 2): Element 'Object Repository/secondhand-app/Page Login/android.widget.TextView - Daftar' is present

2023-07-21 22:40:50 - [MESSAGE][INFO] - Finding Test Object 'Object Repository/secondhand-app/Page Login/android.widget.TextView - Daftar'

2023-07-21 22:40:50 - [MESSAGE][INFO] - Checking object

2023-07-21 22:40:50 - [MESSAGE][INFO] - Checking timeout

2023-07-21 22:40:51 - [MESSAGE][PASSED] - Element 'Object Repository/secondhand-app/Page Login/android.widget.TextView - Daftar' is present

2023-07-21 22:40:51 - [TEST_STEP][PASSED] - tap(findTestObject("secondhand-app/Page Login/android.widget.TextView - Daftar"), 2): Tapped on element 'Object Repository/secondhand-app/Page Login/android.widget.TextView - Daftar'

2023-07-21 22:40:51 - [MESSAGE][INFO] - Finding Test Object 'Object Repository/secondhand-app/Page Login/android.widget.TextView - Daftar'

2023-07-21 22:40:51 - [MESSAGE][INFO] - Checking object

2023-07-21 22:40:51 - [MESSAGE][INFO] - Checking timeout

2023-07-21 22:40:52 - [MESSAGE][PASSED] - Tapped on element 'Object Repository/secondhand-app/Page Login/android.widget.TextView - Daftar'

2023-07-21 22:40:52 - [MESSAGE][PASSED] - Call Test Case 'Test Cases/secondhand-app/Pages/User Login/Tap Daftar' successfully

2023-07-21 22:40:52 - [TEST_STEP][PASSED] - callTestCase(findTestCase("secondhand-app/Pages/User Registration/Input Nama"), [:], STOP_ON_FAILURE): Call Test Case 'Test Cases/secondhand-app/Pages/User Registration/Input Nama' successfully

2023-07-21 22:40:52 - [MESSAGE][INFO] - Checking called Test Case

2023-07-21 22:40:52 - [MESSAGE][INFO] - Starting to call Test Case 'Test Cases/secondhand-app/Pages/User Registration/Input Nama'

2023-07-21 22:40:52 - [TEST_CASE][PASSED] - Test Cases/secondhand-app/Pages/User Registration/Input Nama: Test Cases/secondhand-app/Pages/User Registration/Input Nama

2023-07-21 22:40:52 - [TEST_STEP][PASSED] - clearText(findTestObject("secondhand-app/Page Register/android.widget.EditText - Masukkan nama lengkap"), 1): Element 'Object Repository/secondhand-app/Page Register/android.widget.EditText - Masukkan nama lengkap' text is cleared

2023-07-21 22:40:52 - [MESSAGE][INFO] - Finding Test Object 'Object Repository/secondhand-app/Page Register/android.widget.EditText - Masukkan nama lengkap'

2023-07-21 22:40:52 - [MESSAGE][INFO] - Checking object

2023-07-21 22:40:52 - [MESSAGE][INFO] - Checking timeout

2023-07-21 22:40:53 - [MESSAGE][PASSED] - Element 'Object Repository/secondhand-app/Page Register/android.widget.EditText - Masukkan nama lengkap' text is cleared

2023-07-21 22:40:53 - [TEST_STEP][PASSED] - setText(findTestObject("secondhand-app/Page Register/android.widget.EditText - Masukkan nama lengkap"), "Muhammad Rizki", 0): Text 'Muhammad Rizki' has been set to element 'Object Repository/secondhand-app/Page Register/android.widget.EditText - Masukkan nama lengkap'

2023-07-21 22:40:53 - [MESSAGE][INFO] - Finding Test Object 'Object Repository/secondhand-app/Page Register/android.widget.EditText - Masukkan nama lengkap'

2023-07-21 22:40:53 - [MESSAGE][INFO] - Checking object

2023-07-21 22:40:53 - [MESSAGE][INFO] - Checking timeout

2023-07-21 22:40:53 - [MESSAGE][WARNING] - Timeout '0' is invalid. Using default page load timeout: '30'

2023-07-21 22:40:54 - [MESSAGE][PASSED] - Text 'Muhammad Rizki' has been set to element 'Object Repository/secondhand-app/Page Register/android.widget.EditText - Masukkan nama lengkap'

2023-07-21 22:40:54 - [TEST_STEP][PASSED] - takeScreenshot("", STOP_ON_FAILURE): Screenshot is taken

2023-07-21 22:40:55 - [MESSAGE][WARNING] - 

2023-07-21 22:40:55 - [MESSAGE][PASSED] - Screenshot is taken

2023-07-21 22:40:55 - [MESSAGE][PASSED] - Call Test Case 'Test Cases/secondhand-app/Pages/User Registration/Input Nama' successfully

2023-07-21 22:40:55 - [TEST_STEP][PASSED] - callTestCase(findTestCase("secondhand-app/Pages/User Registration/Input Email"), ["email":emailRizkiAppBlank], STOP_ON_FAILURE): Call Test Case 'Test Cases/secondhand-app/Pages/User Registration/Input Email' successfully

2023-07-21 22:40:55 - [MESSAGE][INFO] - Checking called Test Case

2023-07-21 22:40:55 - [MESSAGE][INFO] - Starting to call Test Case 'Test Cases/secondhand-app/Pages/User Registration/Input Email'

2023-07-21 22:40:55 - [TEST_CASE][PASSED] - Test Cases/secondhand-app/Pages/User Registration/Input Email: Test Cases/secondhand-app/Pages/User Registration/Input Email

2023-07-21 22:40:55 - [TEST_STEP][PASSED] - clearText(findTestObject("secondhand-app/Page Register/android.widget.EditText - Masukkan email"), 1): Element 'Object Repository/secondhand-app/Page Register/android.widget.EditText - Masukkan email' text is cleared

2023-07-21 22:40:55 - [MESSAGE][INFO] - Finding Test Object 'Object Repository/secondhand-app/Page Register/android.widget.EditText - Masukkan email'

2023-07-21 22:40:55 - [MESSAGE][INFO] - Checking object

2023-07-21 22:40:55 - [MESSAGE][INFO] - Checking timeout

2023-07-21 22:40:55 - [MESSAGE][PASSED] - Element 'Object Repository/secondhand-app/Page Register/android.widget.EditText - Masukkan email' text is cleared

2023-07-21 22:40:55 - [TEST_STEP][PASSED] - setText(findTestObject("secondhand-app/Page Register/android.widget.EditText - Masukkan email"), email, 0): Text '' has been set to element 'Object Repository/secondhand-app/Page Register/android.widget.EditText - Masukkan email'

2023-07-21 22:40:55 - [MESSAGE][INFO] - Finding Test Object 'Object Repository/secondhand-app/Page Register/android.widget.EditText - Masukkan email'

2023-07-21 22:40:55 - [MESSAGE][INFO] - Checking object

2023-07-21 22:40:55 - [MESSAGE][INFO] - Checking timeout

2023-07-21 22:40:55 - [MESSAGE][WARNING] - Timeout '0' is invalid. Using default page load timeout: '30'

2023-07-21 22:40:57 - [MESSAGE][PASSED] - Text '' has been set to element 'Object Repository/secondhand-app/Page Register/android.widget.EditText - Masukkan email'

2023-07-21 22:40:57 - [TEST_STEP][PASSED] - takeScreenshot(emailRizkiApp, STOP_ON_FAILURE): Screenshot is taken

2023-07-21 22:40:58 - [MESSAGE][PASSED] - Screenshot is taken
[[ATTACHMENT|C:\\Users\\mhmdr\\Desktop\\SQA-Wave9-Kelompok2\\Reports\\20230721_223818\\secondhand-app\\Feature Register\\20230721_223818\\mhmdrizki250@gmail.com]]

2023-07-21 22:40:58 - [MESSAGE][PASSED] - Call Test Case 'Test Cases/secondhand-app/Pages/User Registration/Input Email' successfully

2023-07-21 22:40:58 - [TEST_STEP][PASSED] - callTestCase(findTestCase("secondhand-app/Pages/User Registration/Input Password"), ["password":passwordRizkiApp], STOP_ON_FAILURE): Call Test Case 'Test Cases/secondhand-app/Pages/User Registration/Input Password' successfully

2023-07-21 22:40:58 - [MESSAGE][INFO] - Checking called Test Case

2023-07-21 22:40:58 - [MESSAGE][INFO] - Starting to call Test Case 'Test Cases/secondhand-app/Pages/User Registration/Input Password'

2023-07-21 22:40:58 - [TEST_CASE][PASSED] - Test Cases/secondhand-app/Pages/User Registration/Input Password: Test Cases/secondhand-app/Pages/User Registration/Input Password

2023-07-21 22:40:58 - [TEST_STEP][PASSED] - clearText(findTestObject("secondhand-app/Page Register/android.widget.EditText - Masukkan password"), 1): Element 'Object Repository/secondhand-app/Page Register/android.widget.EditText - Masukkan password' text is cleared

2023-07-21 22:40:58 - [MESSAGE][INFO] - Finding Test Object 'Object Repository/secondhand-app/Page Register/android.widget.EditText - Masukkan password'

2023-07-21 22:40:58 - [MESSAGE][INFO] - Checking object

2023-07-21 22:40:58 - [MESSAGE][INFO] - Checking timeout

2023-07-21 22:40:59 - [MESSAGE][PASSED] - Element 'Object Repository/secondhand-app/Page Register/android.widget.EditText - Masukkan password' text is cleared

2023-07-21 22:40:59 - [TEST_STEP][PASSED] - setText(findTestObject("secondhand-app/Page Register/android.widget.EditText - Masukkan password"), password, 0): Text 'Kiki12345' has been set to element 'Object Repository/secondhand-app/Page Register/android.widget.EditText - Masukkan password'

2023-07-21 22:40:59 - [MESSAGE][INFO] - Finding Test Object 'Object Repository/secondhand-app/Page Register/android.widget.EditText - Masukkan password'

2023-07-21 22:40:59 - [MESSAGE][INFO] - Checking object

2023-07-21 22:40:59 - [MESSAGE][INFO] - Checking timeout

2023-07-21 22:40:59 - [MESSAGE][WARNING] - Timeout '0' is invalid. Using default page load timeout: '30'

2023-07-21 22:41:01 - [MESSAGE][PASSED] - Text 'Kiki12345' has been set to element 'Object Repository/secondhand-app/Page Register/android.widget.EditText - Masukkan password'

2023-07-21 22:41:01 - [TEST_STEP][PASSED] - takeScreenshot("", STOP_ON_FAILURE): Screenshot is taken

2023-07-21 22:41:02 - [MESSAGE][WARNING] - 

2023-07-21 22:41:02 - [MESSAGE][PASSED] - Screenshot is taken

2023-07-21 22:41:02 - [MESSAGE][PASSED] - Call Test Case 'Test Cases/secondhand-app/Pages/User Registration/Input Password' successfully

2023-07-21 22:41:02 - [TEST_STEP][PASSED] - callTestCase(findTestCase("secondhand-app/Pages/User Registration/Input Nomor HP"), [:], STOP_ON_FAILURE): Call Test Case 'Test Cases/secondhand-app/Pages/User Registration/Input Nomor HP' successfully

2023-07-21 22:41:02 - [MESSAGE][INFO] - Checking called Test Case

2023-07-21 22:41:02 - [MESSAGE][INFO] - Starting to call Test Case 'Test Cases/secondhand-app/Pages/User Registration/Input Nomor HP'

2023-07-21 22:41:02 - [TEST_CASE][PASSED] - Test Cases/secondhand-app/Pages/User Registration/Input Nomor HP: Test Cases/secondhand-app/Pages/User Registration/Input Nomor HP

2023-07-21 22:41:02 - [TEST_STEP][PASSED] - clearText(findTestObject("secondhand-app/Page Register/android.widget.EditText - Contoh 08123456789"), 1): Element 'Object Repository/secondhand-app/Page Register/android.widget.EditText - Contoh 08123456789' text is cleared

2023-07-21 22:41:02 - [MESSAGE][INFO] - Finding Test Object 'Object Repository/secondhand-app/Page Register/android.widget.EditText - Contoh 08123456789'

2023-07-21 22:41:02 - [MESSAGE][INFO] - Checking object

2023-07-21 22:41:02 - [MESSAGE][INFO] - Checking timeout

2023-07-21 22:41:02 - [MESSAGE][PASSED] - Element 'Object Repository/secondhand-app/Page Register/android.widget.EditText - Contoh 08123456789' text is cleared

2023-07-21 22:41:02 - [TEST_STEP][PASSED] - setText(findTestObject("secondhand-app/Page Register/android.widget.EditText - Contoh 08123456789"), "081233334444", 0): Text '081233334444' has been set to element 'Object Repository/secondhand-app/Page Register/android.widget.EditText - Contoh 08123456789'

2023-07-21 22:41:02 - [MESSAGE][INFO] - Finding Test Object 'Object Repository/secondhand-app/Page Register/android.widget.EditText - Contoh 08123456789'

2023-07-21 22:41:02 - [MESSAGE][INFO] - Checking object

2023-07-21 22:41:02 - [MESSAGE][INFO] - Checking timeout

2023-07-21 22:41:02 - [MESSAGE][WARNING] - Timeout '0' is invalid. Using default page load timeout: '30'

2023-07-21 22:41:04 - [MESSAGE][PASSED] - Text '081233334444' has been set to element 'Object Repository/secondhand-app/Page Register/android.widget.EditText - Contoh 08123456789'

2023-07-21 22:41:04 - [TEST_STEP][PASSED] - takeScreenshot("", STOP_ON_FAILURE): Screenshot is taken

2023-07-21 22:41:05 - [MESSAGE][WARNING] - 

2023-07-21 22:41:05 - [MESSAGE][PASSED] - Screenshot is taken

2023-07-21 22:41:05 - [MESSAGE][PASSED] - Call Test Case 'Test Cases/secondhand-app/Pages/User Registration/Input Nomor HP' successfully

2023-07-21 22:41:05 - [TEST_STEP][PASSED] - callTestCase(findTestCase("secondhand-app/Pages/User Registration/Input Kota"), [:], STOP_ON_FAILURE): Call Test Case 'Test Cases/secondhand-app/Pages/User Registration/Input Kota' successfully

2023-07-21 22:41:05 - [MESSAGE][INFO] - Checking called Test Case

2023-07-21 22:41:05 - [MESSAGE][INFO] - Starting to call Test Case 'Test Cases/secondhand-app/Pages/User Registration/Input Kota'

2023-07-21 22:41:05 - [TEST_CASE][PASSED] - Test Cases/secondhand-app/Pages/User Registration/Input Kota: Test Cases/secondhand-app/Pages/User Registration/Input Kota

2023-07-21 22:41:05 - [TEST_STEP][PASSED] - clearText(findTestObject("secondhand-app/Page Register/android.widget.EditText - Masukkan kota"), 1): Element 'Object Repository/secondhand-app/Page Register/android.widget.EditText - Masukkan kota' text is cleared

2023-07-21 22:41:05 - [MESSAGE][INFO] - Finding Test Object 'Object Repository/secondhand-app/Page Register/android.widget.EditText - Masukkan kota'

2023-07-21 22:41:05 - [MESSAGE][INFO] - Checking object

2023-07-21 22:41:05 - [MESSAGE][INFO] - Checking timeout

2023-07-21 22:41:05 - [MESSAGE][PASSED] - Element 'Object Repository/secondhand-app/Page Register/android.widget.EditText - Masukkan kota' text is cleared

2023-07-21 22:41:05 - [TEST_STEP][PASSED] - setText(findTestObject("secondhand-app/Page Register/android.widget.EditText - Masukkan kota"), "Tarakan, KalTara", 0): Text 'Tarakan, KalTara' has been set to element 'Object Repository/secondhand-app/Page Register/android.widget.EditText - Masukkan kota'

2023-07-21 22:41:05 - [MESSAGE][INFO] - Finding Test Object 'Object Repository/secondhand-app/Page Register/android.widget.EditText - Masukkan kota'

2023-07-21 22:41:05 - [MESSAGE][INFO] - Checking object

2023-07-21 22:41:05 - [MESSAGE][INFO] - Checking timeout

2023-07-21 22:41:05 - [MESSAGE][WARNING] - Timeout '0' is invalid. Using default page load timeout: '30'

2023-07-21 22:41:07 - [MESSAGE][PASSED] - Text 'Tarakan, KalTara' has been set to element 'Object Repository/secondhand-app/Page Register/android.widget.EditText - Masukkan kota'

2023-07-21 22:41:07 - [TEST_STEP][PASSED] - takeScreenshot("", STOP_ON_FAILURE): Screenshot is taken

2023-07-21 22:41:08 - [MESSAGE][WARNING] - 

2023-07-21 22:41:08 - [MESSAGE][PASSED] - Screenshot is taken

2023-07-21 22:41:08 - [MESSAGE][PASSED] - Call Test Case 'Test Cases/secondhand-app/Pages/User Registration/Input Kota' successfully

2023-07-21 22:41:08 - [TEST_STEP][PASSED] - callTestCase(findTestCase("secondhand-app/Pages/User Registration/Input Alamat"), [:], STOP_ON_FAILURE): Call Test Case 'Test Cases/secondhand-app/Pages/User Registration/Input Alamat' successfully

2023-07-21 22:41:08 - [MESSAGE][INFO] - Checking called Test Case

2023-07-21 22:41:08 - [MESSAGE][INFO] - Starting to call Test Case 'Test Cases/secondhand-app/Pages/User Registration/Input Alamat'

2023-07-21 22:41:08 - [TEST_CASE][PASSED] - Test Cases/secondhand-app/Pages/User Registration/Input Alamat: Test Cases/secondhand-app/Pages/User Registration/Input Alamat

2023-07-21 22:41:08 - [TEST_STEP][PASSED] - clearText(findTestObject("secondhand-app/Page Register/android.widget.EditText - Masukkan alamat"), 1): Element 'Object Repository/secondhand-app/Page Register/android.widget.EditText - Masukkan alamat' text is cleared

2023-07-21 22:41:08 - [MESSAGE][INFO] - Finding Test Object 'Object Repository/secondhand-app/Page Register/android.widget.EditText - Masukkan alamat'

2023-07-21 22:41:08 - [MESSAGE][INFO] - Checking object

2023-07-21 22:41:08 - [MESSAGE][INFO] - Checking timeout

2023-07-21 22:41:08 - [MESSAGE][PASSED] - Element 'Object Repository/secondhand-app/Page Register/android.widget.EditText - Masukkan alamat' text is cleared

2023-07-21 22:41:08 - [TEST_STEP][PASSED] - setText(findTestObject("secondhand-app/Page Register/android.widget.EditText - Masukkan alamat"), "Jl. Kenangan Masa Lalu No.404", 0): Text 'Jl. Kenangan Masa Lalu No.404' has been set to element 'Object Repository/secondhand-app/Page Register/android.widget.EditText - Masukkan alamat'

2023-07-21 22:41:08 - [MESSAGE][INFO] - Finding Test Object 'Object Repository/secondhand-app/Page Register/android.widget.EditText - Masukkan alamat'

2023-07-21 22:41:08 - [MESSAGE][INFO] - Checking object

2023-07-21 22:41:08 - [MESSAGE][INFO] - Checking timeout

2023-07-21 22:41:08 - [MESSAGE][WARNING] - Timeout '0' is invalid. Using default page load timeout: '30'

2023-07-21 22:41:10 - [MESSAGE][PASSED] - Text 'Jl. Kenangan Masa Lalu No.404' has been set to element 'Object Repository/secondhand-app/Page Register/android.widget.EditText - Masukkan alamat'

2023-07-21 22:41:10 - [TEST_STEP][PASSED] - takeScreenshot("", STOP_ON_FAILURE): Screenshot is taken

2023-07-21 22:41:11 - [MESSAGE][WARNING] - 

2023-07-21 22:41:11 - [MESSAGE][PASSED] - Screenshot is taken

2023-07-21 22:41:11 - [MESSAGE][PASSED] - Call Test Case 'Test Cases/secondhand-app/Pages/User Registration/Input Alamat' successfully

2023-07-21 22:41:11 - [TEST_STEP][PASSED] - callTestCase(findTestCase("secondhand-app/Pages/User Registration/Tap Daftar"), [:], STOP_ON_FAILURE): Call Test Case 'Test Cases/secondhand-app/Pages/User Registration/Tap Daftar' successfully

2023-07-21 22:41:11 - [MESSAGE][INFO] - Checking called Test Case

2023-07-21 22:41:11 - [MESSAGE][INFO] - Starting to call Test Case 'Test Cases/secondhand-app/Pages/User Registration/Tap Daftar'

2023-07-21 22:41:11 - [TEST_CASE][PASSED] - Test Cases/secondhand-app/Pages/User Registration/Tap Daftar: Test Cases/secondhand-app/Pages/User Registration/Tap Daftar

2023-07-21 22:41:11 - [TEST_STEP][PASSED] - waitForElementPresent(findTestObject("secondhand-app/Page Register/android.widget.Button - Daftar"), 2): Element 'Object Repository/secondhand-app/Page Register/android.widget.Button - Daftar' is present

2023-07-21 22:41:11 - [MESSAGE][INFO] - Finding Test Object 'Object Repository/secondhand-app/Page Register/android.widget.Button - Daftar'

2023-07-21 22:41:11 - [MESSAGE][INFO] - Checking object

2023-07-21 22:41:11 - [MESSAGE][INFO] - Checking timeout

2023-07-21 22:41:13 - [MESSAGE][PASSED] - Element 'Object Repository/secondhand-app/Page Register/android.widget.Button - Daftar' is present

2023-07-21 22:41:13 - [TEST_STEP][PASSED] - tap(findTestObject("secondhand-app/Page Register/android.widget.Button - Daftar"), 2): Tapped on element 'Object Repository/secondhand-app/Page Register/android.widget.Button - Daftar'

2023-07-21 22:41:13 - [MESSAGE][INFO] - Finding Test Object 'Object Repository/secondhand-app/Page Register/android.widget.Button - Daftar'

2023-07-21 22:41:13 - [MESSAGE][INFO] - Checking object

2023-07-21 22:41:13 - [MESSAGE][INFO] - Checking timeout

2023-07-21 22:41:15 - [MESSAGE][PASSED] - Tapped on element 'Object Repository/secondhand-app/Page Register/android.widget.Button - Daftar'

2023-07-21 22:41:15 - [MESSAGE][PASSED] - Call Test Case 'Test Cases/secondhand-app/Pages/User Registration/Tap Daftar' successfully

2023-07-21 22:41:15 - [TEST_STEP][PASSED] - callTestCase(findTestCase("secondhand-app/Pages/User Registration/Read Error Messages - Blank Email"), ["expected":"Email tidak boleh kosong"], STOP_ON_FAILURE): Call Test Case 'Test Cases/secondhand-app/Pages/User Registration/Read Error Messages - Blank Email' successfully

2023-07-21 22:41:15 - [MESSAGE][INFO] - Checking called Test Case

2023-07-21 22:41:15 - [MESSAGE][INFO] - Starting to call Test Case 'Test Cases/secondhand-app/Pages/User Registration/Read Error Messages - Blank Email'

2023-07-21 22:41:15 - [TEST_CASE][PASSED] - Test Cases/secondhand-app/Pages/User Registration/Read Error Messages - Blank Email: Test Cases/secondhand-app/Pages/User Registration/Read Error Messages - Blank Email

2023-07-21 22:41:16 - [TEST_STEP][PASSED] - waitForElementPresent(findTestObject("secondhand-app/Page Register/android.widget.TextView - Email tidak boleh kosong"), 2): Element 'Object Repository/secondhand-app/Page Register/android.widget.TextView - Email tidak boleh kosong' is present

2023-07-21 22:41:16 - [MESSAGE][INFO] - Finding Test Object 'Object Repository/secondhand-app/Page Register/android.widget.TextView - Email tidak boleh kosong'

2023-07-21 22:41:16 - [MESSAGE][INFO] - Checking object

2023-07-21 22:41:16 - [MESSAGE][INFO] - Checking timeout

2023-07-21 22:41:16 - [MESSAGE][PASSED] - Element 'Object Repository/secondhand-app/Page Register/android.widget.TextView - Email tidak boleh kosong' is present

2023-07-21 22:41:16 - [TEST_STEP][PASSED] - errorText = getText(findTestObject("secondhand-app/Page Register/android.widget.TextView - Email tidak boleh kosong"), 0): Text of element 'Object Repository/secondhand-app/Page Register/android.widget.TextView - Email tidak boleh kosong' is: 'Email tidak boleh kosong'

2023-07-21 22:41:16 - [MESSAGE][INFO] - Finding Test Object 'Object Repository/secondhand-app/Page Register/android.widget.TextView - Email tidak boleh kosong'

2023-07-21 22:41:16 - [MESSAGE][INFO] - Checking object

2023-07-21 22:41:16 - [MESSAGE][INFO] - Checking timeout

2023-07-21 22:41:16 - [MESSAGE][WARNING] - Timeout '0' is invalid. Using default page load timeout: '30'

2023-07-21 22:41:17 - [MESSAGE][PASSED] - Text of element 'Object Repository/secondhand-app/Page Register/android.widget.TextView - Email tidak boleh kosong' is: 'Email tidak boleh kosong'

2023-07-21 22:41:17 - [TEST_STEP][PASSED] - logInfo(""): 

2023-07-21 22:41:17 - [MESSAGE][INFO] - 

2023-07-21 22:41:17 - [TEST_STEP][PASSED] - verifyMatch(errorText, expected, false): Actual text 'Email tidak boleh kosong' and expected text 'Email tidak boleh kosong' are matched 

2023-07-21 22:41:17 - [MESSAGE][INFO] - Matching actual text 'Email tidak boleh kosong' with expected text 'Email tidak boleh kosong'

2023-07-21 22:41:17 - [MESSAGE][PASSED] - Actual text 'Email tidak boleh kosong' and expected text 'Email tidak boleh kosong' are matched 

2023-07-21 22:41:17 - [TEST_STEP][PASSED] - takeScreenshot("", STOP_ON_FAILURE): Screenshot is taken

2023-07-21 22:41:17 - [MESSAGE][WARNING] - 

2023-07-21 22:41:17 - [MESSAGE][PASSED] - Screenshot is taken

2023-07-21 22:41:17 - [MESSAGE][PASSED] - Call Test Case 'Test Cases/secondhand-app/Pages/User Registration/Read Error Messages - Blank Email' successfully]]></system-out>
         <system-err><![CDATA[]]></system-err>
      </testcase>
      <system-out><![CDATA[2023-07-21 22:38:20 - [TEST_SUITE][PASSED] - Feature Register: Test Cases/secondhand-app/Step Definition/Feature Registration/PR004 - user should not be able to register using blank email]]></system-out>
      <system-err><![CDATA[]]></system-err>
   </testsuite>
</testsuites>
