<?xml version="1.0" encoding="UTF-8"?>
<testsuites name="Feature Detail Product" time="59.567" tests="2" failures="0" errors="0">
   <testsuite name="Feature Detail Product" tests="2" failures="0" errors="0" time="59.567" skipped="0" timestamp="2023-07-24 11:44:45" hostname="mhmdr - LAPTOP-A3L3V09Q" id="Test Suites/secondhand-app/Feature Detail Product">
      <properties>
         <property name="deviceName" value="samsung SM-A725F (Android 13)"/>
         <property name="devicePlatform" value=""/>
         <property name="logFolder" value="C:\\Users\\mhmdr\\Desktop\\SQA-Wave9-Kelompok2\\Reports\\20230724_114443\\secondhand-app\\Feature Detail Product\\20230724_114443"/>
         <property name="logFiles" value="C:\\Users\\mhmdr\\Desktop\\SQA-Wave9-Kelompok2\\Reports\\20230724_114443\\secondhand-app\\Feature Detail Product\\20230724_114443\\appium.log, C:\\Users\\mhmdr\\Desktop\\SQA-Wave9-Kelompok2\\Reports\\20230724_114443\\secondhand-app\\Feature Detail Product\\20230724_114443\\execution0.log"/>
         <property name="attachments" value="C:\\Users\\mhmdr\\Desktop\\SQA-Wave9-Kelompok2\\Reports\\20230724_114443\\secondhand-app\\Feature Detail Product\\20230724_114443\\screenshot, C:\\Users\\mhmdr\\Desktop\\SQA-Wave9-Kelompok2\\Reports\\20230724_114443\\secondhand-app\\Feature Detail Product\\20230724_114443\\screenshot, C:\\Users\\mhmdr\\Desktop\\SQA-Wave9-Kelompok2\\Reports\\20230724_114443\\secondhand-app\\Feature Detail Product\\20230724_114443\\screenshot, C:\\Users\\mhmdr\\Desktop\\SQA-Wave9-Kelompok2\\Reports\\20230724_114443\\secondhand-app\\Feature Detail Product\\20230724_114443\\screenshot"/>
         <property name="hostName" value="mhmdr - LAPTOP-A3L3V09Q"/>
         <property name="os" value="Windows 11 64bit"/>
         <property name="appiumServerStatus" value="{&quot;value&quot;:{&quot;build&quot;:{&quot;version&quot;:&quot;1.22.3&quot;}},&quot;sessionId&quot;:null,&quot;status&quot;:0}"/>
         <property name="katalonVersion" value="8.6.5.208"/>
         <property name="deviceOS" value="Android"/>
         <property name="appiumVersion" value="1.22.3"/>
         <property name="deviceModel" value="SM-A725F"/>
         <property name="hostAddress" value="192.168.1.4"/>
         <property name="deviceManufacturer" value="samsung"/>
         <property name="deviceId" value="RR8R30DEY9E"/>
         <property name="deviceName" value="samsung SM-A725F (Android 13)"/>
         <property name="deviceOSVersion" value="13"/>
      </properties>
      <testcase name="Test Cases/secondhand-app/Step Definition/Feature Detail Product/PDP001 - user should be able to see detail product" time="33.62" classname="Test Cases/secondhand-app/Step Definition/Feature Detail Product/PDP001 - user should be able to see detail product" status="PASSED">
         <system-out><![CDATA[2023-07-24 11:44:45 - [TEST_CASE][PASSED] - Test Cases/secondhand-app/Step Definition/Feature Detail Product/PDP001 - user should be able to see detail product: Test Cases/secondhand-app/Step Definition/Feature Detail Product/PDP001 - user should be able to see detail product

2023-07-24 11:44:46 - [TEST_STEP][PASSED] - startApplication("androidapp/app-release-second-hand-gcp.apk", false): Started app at: 'C:\Users\mhmdr\Desktop\SQA-Wave9-Kelompok2\androidapp\app-release-second-hand-gcp.apk'

2023-07-24 11:44:46 - [MESSAGE][INFO] - Starting app at: 'C:\Users\mhmdr\Desktop\SQA-Wave9-Kelompok2\androidapp\app-release-second-hand-gcp.apk'

2023-07-24 11:44:46 - [MESSAGE][INFO] - Detected NodeJS location: "C:\Program Files\nodejs\node.exe"

2023-07-24 11:44:47 - [MESSAGE][INFO] - Appium server started on port 53,242

2023-07-24 11:44:58 - [MESSAGE][PASSED] - Started app at: 'C:\Users\mhmdr\Desktop\SQA-Wave9-Kelompok2\androidapp\app-release-second-hand-gcp.apk'

2023-07-24 11:44:58 - [TEST_STEP][PASSED] - callTestCase(findTestCase("secondhand-app/Pages/MenuBar App/Tap Akun"), [:], STOP_ON_FAILURE): Call Test Case 'Test Cases/secondhand-app/Pages/MenuBar App/Tap Akun' successfully

2023-07-24 11:44:58 - [MESSAGE][INFO] - Checking called Test Case

2023-07-24 11:44:58 - [MESSAGE][INFO] - Starting to call Test Case 'Test Cases/secondhand-app/Pages/MenuBar App/Tap Akun'

2023-07-24 11:44:58 - [TEST_CASE][PASSED] - Test Cases/secondhand-app/Pages/MenuBar App/Tap Akun: Test Cases/secondhand-app/Pages/MenuBar App/Tap Akun

2023-07-24 11:44:58 - [TEST_STEP][PASSED] - waitForElementPresent(findTestObject("secondhand-app/MenuBar App/android.widget.TextView - Akun"), 2): Element 'Object Repository/secondhand-app/MenuBar App/android.widget.TextView - Akun' is present

2023-07-24 11:44:58 - [MESSAGE][INFO] - Finding Test Object 'Object Repository/secondhand-app/MenuBar App/android.widget.TextView - Akun'

2023-07-24 11:44:58 - [MESSAGE][INFO] - Checking object

2023-07-24 11:44:58 - [MESSAGE][INFO] - Checking timeout

2023-07-24 11:45:01 - [MESSAGE][PASSED] - Element 'Object Repository/secondhand-app/MenuBar App/android.widget.TextView - Akun' is present

2023-07-24 11:45:01 - [TEST_STEP][PASSED] - tap(findTestObject("secondhand-app/MenuBar App/android.widget.TextView - Akun"), 2): Tapped on element 'Object Repository/secondhand-app/MenuBar App/android.widget.TextView - Akun'

2023-07-24 11:45:01 - [MESSAGE][INFO] - Finding Test Object 'Object Repository/secondhand-app/MenuBar App/android.widget.TextView - Akun'

2023-07-24 11:45:01 - [MESSAGE][INFO] - Checking object

2023-07-24 11:45:01 - [MESSAGE][INFO] - Checking timeout

2023-07-24 11:45:04 - [MESSAGE][PASSED] - Tapped on element 'Object Repository/secondhand-app/MenuBar App/android.widget.TextView - Akun'

2023-07-24 11:45:04 - [MESSAGE][PASSED] - Call Test Case 'Test Cases/secondhand-app/Pages/MenuBar App/Tap Akun' successfully

2023-07-24 11:45:04 - [TEST_STEP][PASSED] - callTestCase(findTestCase("secondhand-app/Pages/My Account/Tap Masuk"), [:], STOP_ON_FAILURE): Call Test Case 'Test Cases/secondhand-app/Pages/My Account/Tap Masuk' successfully

2023-07-24 11:45:04 - [MESSAGE][INFO] - Checking called Test Case

2023-07-24 11:45:04 - [MESSAGE][INFO] - Starting to call Test Case 'Test Cases/secondhand-app/Pages/My Account/Tap Masuk'

2023-07-24 11:45:04 - [TEST_CASE][PASSED] - Test Cases/secondhand-app/Pages/My Account/Tap Masuk: Test Cases/secondhand-app/Pages/My Account/Tap Masuk

2023-07-24 11:45:04 - [TEST_STEP][PASSED] - waitForElementPresent(findTestObject("secondhand-app/Page Account/android.widget.Button - Masuk"), 2): Element 'Object Repository/secondhand-app/Page Account/android.widget.Button - Masuk' is present

2023-07-24 11:45:04 - [MESSAGE][INFO] - Finding Test Object 'Object Repository/secondhand-app/Page Account/android.widget.Button - Masuk'

2023-07-24 11:45:04 - [MESSAGE][INFO] - Checking object

2023-07-24 11:45:04 - [MESSAGE][INFO] - Checking timeout

2023-07-24 11:45:05 - [MESSAGE][PASSED] - Element 'Object Repository/secondhand-app/Page Account/android.widget.Button - Masuk' is present

2023-07-24 11:45:05 - [TEST_STEP][PASSED] - tap(findTestObject("secondhand-app/Page Account/android.widget.Button - Masuk"), 2): Tapped on element 'Object Repository/secondhand-app/Page Account/android.widget.Button - Masuk'

2023-07-24 11:45:05 - [MESSAGE][INFO] - Finding Test Object 'Object Repository/secondhand-app/Page Account/android.widget.Button - Masuk'

2023-07-24 11:45:05 - [MESSAGE][INFO] - Checking object

2023-07-24 11:45:05 - [MESSAGE][INFO] - Checking timeout

2023-07-24 11:45:05 - [MESSAGE][PASSED] - Tapped on element 'Object Repository/secondhand-app/Page Account/android.widget.Button - Masuk'

2023-07-24 11:45:05 - [MESSAGE][PASSED] - Call Test Case 'Test Cases/secondhand-app/Pages/My Account/Tap Masuk' successfully

2023-07-24 11:45:05 - [TEST_STEP][PASSED] - callTestCase(findTestCase("secondhand-app/Pages/User Login/Input Email - Rizki Valid"), [:], STOP_ON_FAILURE): Call Test Case 'Test Cases/secondhand-app/Pages/User Login/Input Email - Rizki Valid' successfully

2023-07-24 11:45:05 - [MESSAGE][INFO] - Checking called Test Case

2023-07-24 11:45:05 - [MESSAGE][INFO] - Starting to call Test Case 'Test Cases/secondhand-app/Pages/User Login/Input Email - Rizki Valid'

2023-07-24 11:45:05 - [TEST_CASE][PASSED] - Test Cases/secondhand-app/Pages/User Login/Input Email - Rizki Valid: Test Cases/secondhand-app/Pages/User Login/Input Email - Rizki Valid

2023-07-24 11:45:05 - [TEST_STEP][PASSED] - clearText(findTestObject("secondhand-app/Page Login/android.widget.EditText - Masukkan email"), 1): Element 'Object Repository/secondhand-app/Page Login/android.widget.EditText - Masukkan email' text is cleared

2023-07-24 11:45:05 - [MESSAGE][INFO] - Finding Test Object 'Object Repository/secondhand-app/Page Login/android.widget.EditText - Masukkan email'

2023-07-24 11:45:05 - [MESSAGE][INFO] - Checking object

2023-07-24 11:45:05 - [MESSAGE][INFO] - Checking timeout

2023-07-24 11:45:06 - [MESSAGE][PASSED] - Element 'Object Repository/secondhand-app/Page Login/android.widget.EditText - Masukkan email' text is cleared

2023-07-24 11:45:06 - [TEST_STEP][PASSED] - setText(findTestObject("secondhand-app/Page Login/android.widget.EditText - Masukkan email"), "mhmdrizki250@gmail.com", 0): Text 'mhmdrizki250@gmail.com' has been set to element 'Object Repository/secondhand-app/Page Login/android.widget.EditText - Masukkan email'

2023-07-24 11:45:06 - [MESSAGE][INFO] - Finding Test Object 'Object Repository/secondhand-app/Page Login/android.widget.EditText - Masukkan email'

2023-07-24 11:45:06 - [MESSAGE][INFO] - Checking object

2023-07-24 11:45:06 - [MESSAGE][INFO] - Checking timeout

2023-07-24 11:45:06 - [MESSAGE][WARNING] - Timeout '0' is invalid. Using default page load timeout: '30'

2023-07-24 11:45:08 - [MESSAGE][PASSED] - Text 'mhmdrizki250@gmail.com' has been set to element 'Object Repository/secondhand-app/Page Login/android.widget.EditText - Masukkan email'

2023-07-24 11:45:08 - [TEST_STEP][PASSED] - takeScreenshot("screenshot", STOP_ON_FAILURE): Screenshot is taken

2023-07-24 11:45:09 - [MESSAGE][PASSED] - Screenshot is taken
[[ATTACHMENT|C:\\Users\\mhmdr\\Desktop\\SQA-Wave9-Kelompok2\\Reports\\20230724_114443\\secondhand-app\\Feature Detail Product\\20230724_114443\\screenshot]]

2023-07-24 11:45:09 - [MESSAGE][PASSED] - Call Test Case 'Test Cases/secondhand-app/Pages/User Login/Input Email - Rizki Valid' successfully

2023-07-24 11:45:09 - [TEST_STEP][PASSED] - callTestCase(findTestCase("secondhand-app/Pages/User Login/Input Password - Rizki Valid"), [:], STOP_ON_FAILURE): Call Test Case 'Test Cases/secondhand-app/Pages/User Login/Input Password - Rizki Valid' successfully

2023-07-24 11:45:09 - [MESSAGE][INFO] - Checking called Test Case

2023-07-24 11:45:09 - [MESSAGE][INFO] - Starting to call Test Case 'Test Cases/secondhand-app/Pages/User Login/Input Password - Rizki Valid'

2023-07-24 11:45:09 - [TEST_CASE][PASSED] - Test Cases/secondhand-app/Pages/User Login/Input Password - Rizki Valid: Test Cases/secondhand-app/Pages/User Login/Input Password - Rizki Valid

2023-07-24 11:45:09 - [TEST_STEP][PASSED] - clearText(findTestObject("secondhand-app/Page Login/android.widget.EditText - Masukkan password"), 1): Element 'Object Repository/secondhand-app/Page Login/android.widget.EditText - Masukkan password' text is cleared

2023-07-24 11:45:09 - [MESSAGE][INFO] - Finding Test Object 'Object Repository/secondhand-app/Page Login/android.widget.EditText - Masukkan password'

2023-07-24 11:45:09 - [MESSAGE][INFO] - Checking object

2023-07-24 11:45:09 - [MESSAGE][INFO] - Checking timeout

2023-07-24 11:45:09 - [MESSAGE][PASSED] - Element 'Object Repository/secondhand-app/Page Login/android.widget.EditText - Masukkan password' text is cleared

2023-07-24 11:45:09 - [TEST_STEP][PASSED] - setText(findTestObject("secondhand-app/Page Login/android.widget.EditText - Masukkan password"), "Kiki12345", 0): Text 'Kiki12345' has been set to element 'Object Repository/secondhand-app/Page Login/android.widget.EditText - Masukkan password'

2023-07-24 11:45:09 - [MESSAGE][INFO] - Finding Test Object 'Object Repository/secondhand-app/Page Login/android.widget.EditText - Masukkan password'

2023-07-24 11:45:09 - [MESSAGE][INFO] - Checking object

2023-07-24 11:45:09 - [MESSAGE][INFO] - Checking timeout

2023-07-24 11:45:09 - [MESSAGE][WARNING] - Timeout '0' is invalid. Using default page load timeout: '30'

2023-07-24 11:45:11 - [MESSAGE][PASSED] - Text 'Kiki12345' has been set to element 'Object Repository/secondhand-app/Page Login/android.widget.EditText - Masukkan password'

2023-07-24 11:45:11 - [TEST_STEP][PASSED] - takeScreenshot("screenshot", STOP_ON_FAILURE): Screenshot is taken

2023-07-24 11:45:11 - [MESSAGE][PASSED] - Screenshot is taken
[[ATTACHMENT|C:\\Users\\mhmdr\\Desktop\\SQA-Wave9-Kelompok2\\Reports\\20230724_114443\\secondhand-app\\Feature Detail Product\\20230724_114443\\screenshot]]

2023-07-24 11:45:11 - [MESSAGE][PASSED] - Call Test Case 'Test Cases/secondhand-app/Pages/User Login/Input Password - Rizki Valid' successfully

2023-07-24 11:45:11 - [TEST_STEP][PASSED] - callTestCase(findTestCase("secondhand-app/Pages/User Login/Tap Masuk"), [:], STOP_ON_FAILURE): Call Test Case 'Test Cases/secondhand-app/Pages/User Login/Tap Masuk' successfully

2023-07-24 11:45:11 - [MESSAGE][INFO] - Checking called Test Case

2023-07-24 11:45:11 - [MESSAGE][INFO] - Starting to call Test Case 'Test Cases/secondhand-app/Pages/User Login/Tap Masuk'

2023-07-24 11:45:11 - [TEST_CASE][PASSED] - Test Cases/secondhand-app/Pages/User Login/Tap Masuk: Test Cases/secondhand-app/Pages/User Login/Tap Masuk

2023-07-24 11:45:12 - [TEST_STEP][PASSED] - waitForElementPresent(findTestObject("secondhand-app/Page Login/android.widget.Button - Masuk"), 1): Element 'Object Repository/secondhand-app/Page Login/android.widget.Button - Masuk' is present

2023-07-24 11:45:12 - [MESSAGE][INFO] - Finding Test Object 'Object Repository/secondhand-app/Page Login/android.widget.Button - Masuk'

2023-07-24 11:45:12 - [MESSAGE][INFO] - Checking object

2023-07-24 11:45:12 - [MESSAGE][INFO] - Checking timeout

2023-07-24 11:45:12 - [MESSAGE][PASSED] - Element 'Object Repository/secondhand-app/Page Login/android.widget.Button - Masuk' is present

2023-07-24 11:45:12 - [TEST_STEP][PASSED] - tap(findTestObject("secondhand-app/Page Login/android.widget.Button - Masuk"), 1): Tapped on element 'Object Repository/secondhand-app/Page Login/android.widget.Button - Masuk'

2023-07-24 11:45:12 - [MESSAGE][INFO] - Finding Test Object 'Object Repository/secondhand-app/Page Login/android.widget.Button - Masuk'

2023-07-24 11:45:12 - [MESSAGE][INFO] - Checking object

2023-07-24 11:45:12 - [MESSAGE][INFO] - Checking timeout

2023-07-24 11:45:13 - [MESSAGE][PASSED] - Tapped on element 'Object Repository/secondhand-app/Page Login/android.widget.Button - Masuk'

2023-07-24 11:45:13 - [MESSAGE][PASSED] - Call Test Case 'Test Cases/secondhand-app/Pages/User Login/Tap Masuk' successfully

2023-07-24 11:45:13 - [TEST_STEP][PASSED] - callTestCase(findTestCase("secondhand-app/Pages/My Account - Login/Tap Daftar Jual Saya"), [:], STOP_ON_FAILURE): Call Test Case 'Test Cases/secondhand-app/Pages/My Account - Login/Tap Daftar Jual Saya' successfully

2023-07-24 11:45:13 - [MESSAGE][INFO] - Checking called Test Case

2023-07-24 11:45:13 - [MESSAGE][INFO] - Starting to call Test Case 'Test Cases/secondhand-app/Pages/My Account - Login/Tap Daftar Jual Saya'

2023-07-24 11:45:13 - [TEST_CASE][PASSED] - Test Cases/secondhand-app/Pages/My Account - Login/Tap Daftar Jual Saya: Test Cases/secondhand-app/Pages/My Account - Login/Tap Daftar Jual Saya

2023-07-24 11:45:13 - [TEST_STEP][PASSED] - waitForElementPresent(findTestObject("secondhand-app/Page Account/android.widget.TextView - Daftar Jual Saya"), 2): Element 'Object Repository/secondhand-app/Page Account/android.widget.TextView - Daftar Jual Saya' is present

2023-07-24 11:45:13 - [MESSAGE][INFO] - Finding Test Object 'Object Repository/secondhand-app/Page Account/android.widget.TextView - Daftar Jual Saya'

2023-07-24 11:45:14 - [MESSAGE][INFO] - Checking object

2023-07-24 11:45:14 - [MESSAGE][INFO] - Checking timeout

2023-07-24 11:45:14 - [MESSAGE][PASSED] - Element 'Object Repository/secondhand-app/Page Account/android.widget.TextView - Daftar Jual Saya' is present

2023-07-24 11:45:14 - [TEST_STEP][PASSED] - tap(findTestObject("secondhand-app/Page Account/android.widget.TextView - Daftar Jual Saya"), 0): Tapped on element 'Object Repository/secondhand-app/Page Account/android.widget.TextView - Daftar Jual Saya'

2023-07-24 11:45:14 - [MESSAGE][INFO] - Finding Test Object 'Object Repository/secondhand-app/Page Account/android.widget.TextView - Daftar Jual Saya'

2023-07-24 11:45:14 - [MESSAGE][INFO] - Checking object

2023-07-24 11:45:14 - [MESSAGE][INFO] - Checking timeout

2023-07-24 11:45:14 - [MESSAGE][WARNING] - Timeout '0' is invalid. Using default page load timeout: '30'

2023-07-24 11:45:14 - [MESSAGE][PASSED] - Tapped on element 'Object Repository/secondhand-app/Page Account/android.widget.TextView - Daftar Jual Saya'

2023-07-24 11:45:14 - [MESSAGE][PASSED] - Call Test Case 'Test Cases/secondhand-app/Pages/My Account - Login/Tap Daftar Jual Saya' successfully

2023-07-24 11:45:14 - [TEST_STEP][PASSED] - callTestCase(findTestCase("secondhand-app/Pages/Detail Product/Tap Product"), [:], STOP_ON_FAILURE): Call Test Case 'Test Cases/secondhand-app/Pages/Detail Product/Tap Product' successfully

2023-07-24 11:45:14 - [MESSAGE][INFO] - Checking called Test Case

2023-07-24 11:45:14 - [MESSAGE][INFO] - Starting to call Test Case 'Test Cases/secondhand-app/Pages/Detail Product/Tap Product'

2023-07-24 11:45:14 - [TEST_CASE][PASSED] - Test Cases/secondhand-app/Pages/Detail Product/Tap Product: Test Cases/secondhand-app/Pages/Detail Product/Tap Product

2023-07-24 11:45:14 - [TEST_STEP][PASSED] - waitForElementPresent(findTestObject("secondhand-app/Page Daftar Jual Saya/android.widget.TextView - Produk"), 5): Element 'Object Repository/secondhand-app/Page Daftar Jual Saya/android.widget.TextView - Produk' is present

2023-07-24 11:45:14 - [MESSAGE][INFO] - Finding Test Object 'Object Repository/secondhand-app/Page Daftar Jual Saya/android.widget.TextView - Produk'

2023-07-24 11:45:14 - [MESSAGE][INFO] - Checking object

2023-07-24 11:45:14 - [MESSAGE][INFO] - Checking timeout

2023-07-24 11:45:15 - [MESSAGE][PASSED] - Element 'Object Repository/secondhand-app/Page Daftar Jual Saya/android.widget.TextView - Produk' is present

2023-07-24 11:45:15 - [TEST_STEP][PASSED] - tap(findTestObject("secondhand-app/Page Daftar Jual Saya/android.widget.TextView - Produk"), 0): Tapped on element 'Object Repository/secondhand-app/Page Daftar Jual Saya/android.widget.TextView - Produk'

2023-07-24 11:45:15 - [MESSAGE][INFO] - Finding Test Object 'Object Repository/secondhand-app/Page Daftar Jual Saya/android.widget.TextView - Produk'

2023-07-24 11:45:15 - [MESSAGE][INFO] - Checking object

2023-07-24 11:45:15 - [MESSAGE][INFO] - Checking timeout

2023-07-24 11:45:15 - [MESSAGE][WARNING] - Timeout '0' is invalid. Using default page load timeout: '30'

2023-07-24 11:45:16 - [MESSAGE][PASSED] - Tapped on element 'Object Repository/secondhand-app/Page Daftar Jual Saya/android.widget.TextView - Produk'

2023-07-24 11:45:16 - [MESSAGE][PASSED] - Call Test Case 'Test Cases/secondhand-app/Pages/Detail Product/Tap Product' successfully

2023-07-24 11:45:16 - [TEST_STEP][PASSED] - callTestCase(findTestCase("secondhand-app/Pages/Detail Product/Tap Button Back"), [:], STOP_ON_FAILURE): Call Test Case 'Test Cases/secondhand-app/Pages/Detail Product/Tap Button Back' successfully

2023-07-24 11:45:16 - [MESSAGE][INFO] - Checking called Test Case

2023-07-24 11:45:16 - [MESSAGE][INFO] - Starting to call Test Case 'Test Cases/secondhand-app/Pages/Detail Product/Tap Button Back'

2023-07-24 11:45:16 - [TEST_CASE][PASSED] - Test Cases/secondhand-app/Pages/Detail Product/Tap Button Back: Test Cases/secondhand-app/Pages/Detail Product/Tap Button Back

2023-07-24 11:45:16 - [TEST_STEP][PASSED] - waitForElementPresent(findTestObject("secondhand-app/Page Daftar Jual Saya/Button Back"), 5): Element 'Object Repository/secondhand-app/Page Daftar Jual Saya/Button Back' is present

2023-07-24 11:45:16 - [MESSAGE][INFO] - Finding Test Object 'Object Repository/secondhand-app/Page Daftar Jual Saya/Button Back'

2023-07-24 11:45:16 - [MESSAGE][INFO] - Checking object

2023-07-24 11:45:16 - [MESSAGE][INFO] - Checking timeout

2023-07-24 11:45:16 - [MESSAGE][PASSED] - Element 'Object Repository/secondhand-app/Page Daftar Jual Saya/Button Back' is present

2023-07-24 11:45:16 - [TEST_STEP][PASSED] - tap(findTestObject("secondhand-app/Page Daftar Jual Saya/Button Back"), 0): Tapped on element 'Object Repository/secondhand-app/Page Daftar Jual Saya/Button Back'

2023-07-24 11:45:16 - [MESSAGE][INFO] - Finding Test Object 'Object Repository/secondhand-app/Page Daftar Jual Saya/Button Back'

2023-07-24 11:45:16 - [MESSAGE][INFO] - Checking object

2023-07-24 11:45:16 - [MESSAGE][INFO] - Checking timeout

2023-07-24 11:45:16 - [MESSAGE][WARNING] - Timeout '0' is invalid. Using default page load timeout: '30'

2023-07-24 11:45:17 - [MESSAGE][PASSED] - Tapped on element 'Object Repository/secondhand-app/Page Daftar Jual Saya/Button Back'

2023-07-24 11:45:17 - [MESSAGE][PASSED] - Call Test Case 'Test Cases/secondhand-app/Pages/Detail Product/Tap Button Back' successfully

2023-07-24 11:45:17 - [TEST_STEP][PASSED] - callTestCase(findTestCase("secondhand-app/Pages/User Logout/Button Logout"), [:], STOP_ON_FAILURE): Call Test Case 'Test Cases/secondhand-app/Pages/User Logout/Button Logout' successfully

2023-07-24 11:45:17 - [MESSAGE][INFO] - Checking called Test Case

2023-07-24 11:45:17 - [MESSAGE][INFO] - Starting to call Test Case 'Test Cases/secondhand-app/Pages/User Logout/Button Logout'

2023-07-24 11:45:17 - [TEST_CASE][PASSED] - Test Cases/secondhand-app/Pages/User Logout/Button Logout: Test Cases/secondhand-app/Pages/User Logout/Button Logout

2023-07-24 11:45:17 - [TEST_STEP][PASSED] - waitForElementPresent(findTestObject("secondhand-app/Page Logout/button logout"), 2): Element 'Object Repository/secondhand-app/Page Logout/button logout' is present

2023-07-24 11:45:17 - [MESSAGE][INFO] - Finding Test Object 'Object Repository/secondhand-app/Page Logout/button logout'

2023-07-24 11:45:17 - [MESSAGE][INFO] - Checking object

2023-07-24 11:45:17 - [MESSAGE][INFO] - Checking timeout

2023-07-24 11:45:18 - [MESSAGE][PASSED] - Element 'Object Repository/secondhand-app/Page Logout/button logout' is present

2023-07-24 11:45:18 - [TEST_STEP][PASSED] - tap(findTestObject("secondhand-app/Page Logout/button logout"), 0): Tapped on element 'Object Repository/secondhand-app/Page Logout/button logout'

2023-07-24 11:45:18 - [MESSAGE][INFO] - Finding Test Object 'Object Repository/secondhand-app/Page Logout/button logout'

2023-07-24 11:45:18 - [MESSAGE][INFO] - Checking object

2023-07-24 11:45:18 - [MESSAGE][INFO] - Checking timeout

2023-07-24 11:45:18 - [MESSAGE][WARNING] - Timeout '0' is invalid. Using default page load timeout: '30'

2023-07-24 11:45:18 - [MESSAGE][PASSED] - Tapped on element 'Object Repository/secondhand-app/Page Logout/button logout'

2023-07-24 11:45:18 - [MESSAGE][PASSED] - Call Test Case 'Test Cases/secondhand-app/Pages/User Logout/Button Logout' successfully

2023-07-24 11:45:18 - [TEST_STEP][PASSED] - closeApplication(): Close app successfully

2023-07-24 11:45:19 - [MESSAGE][PASSED] - Close app successfully]]></system-out>
         <system-err><![CDATA[]]></system-err>
      </testcase>
      <testcase name="Test Cases/secondhand-app/Step Definition/Feature Detail Product/PDP002 - user should not be able to see detail with not tap Daftar Jual Saya" time="25.753" classname="Test Cases/secondhand-app/Step Definition/Feature Detail Product/PDP002 - user should not be able to see detail with not tap Daftar Jual Saya" status="PASSED">
         <system-out><![CDATA[2023-07-24 11:45:19 - [TEST_CASE][PASSED] - Test Cases/secondhand-app/Step Definition/Feature Detail Product/PDP002 - user should not be able to see detail with not tap Daftar Jual Saya: Test Cases/secondhand-app/Step Definition/Feature Detail Product/PDP002 - user should not be able to see detail with not tap Daftar Jual Saya

2023-07-24 11:45:19 - [TEST_STEP][PASSED] - startApplication("androidapp/app-release-second-hand-gcp.apk", false): Started app at: 'C:\Users\mhmdr\Desktop\SQA-Wave9-Kelompok2\androidapp\app-release-second-hand-gcp.apk'

2023-07-24 11:45:19 - [MESSAGE][INFO] - Starting app at: 'C:\Users\mhmdr\Desktop\SQA-Wave9-Kelompok2\androidapp\app-release-second-hand-gcp.apk'

2023-07-24 11:45:19 - [MESSAGE][INFO] - Detected NodeJS location: "C:\Program Files\nodejs\node.exe"

2023-07-24 11:45:20 - [MESSAGE][INFO] - Appium server started on port 53,432

2023-07-24 11:45:30 - [MESSAGE][PASSED] - Started app at: 'C:\Users\mhmdr\Desktop\SQA-Wave9-Kelompok2\androidapp\app-release-second-hand-gcp.apk'

2023-07-24 11:45:30 - [TEST_STEP][PASSED] - callTestCase(findTestCase("secondhand-app/Pages/MenuBar App/Tap Akun"), [:], STOP_ON_FAILURE): Call Test Case 'Test Cases/secondhand-app/Pages/MenuBar App/Tap Akun' successfully

2023-07-24 11:45:30 - [MESSAGE][INFO] - Checking called Test Case

2023-07-24 11:45:30 - [MESSAGE][INFO] - Starting to call Test Case 'Test Cases/secondhand-app/Pages/MenuBar App/Tap Akun'

2023-07-24 11:45:30 - [TEST_CASE][PASSED] - Test Cases/secondhand-app/Pages/MenuBar App/Tap Akun: Test Cases/secondhand-app/Pages/MenuBar App/Tap Akun

2023-07-24 11:45:30 - [TEST_STEP][PASSED] - waitForElementPresent(findTestObject("secondhand-app/MenuBar App/android.widget.TextView - Akun"), 2): Element 'Object Repository/secondhand-app/MenuBar App/android.widget.TextView - Akun' is present

2023-07-24 11:45:30 - [MESSAGE][INFO] - Finding Test Object 'Object Repository/secondhand-app/MenuBar App/android.widget.TextView - Akun'

2023-07-24 11:45:30 - [MESSAGE][INFO] - Checking object

2023-07-24 11:45:30 - [MESSAGE][INFO] - Checking timeout

2023-07-24 11:45:32 - [MESSAGE][PASSED] - Element 'Object Repository/secondhand-app/MenuBar App/android.widget.TextView - Akun' is present

2023-07-24 11:45:32 - [TEST_STEP][PASSED] - tap(findTestObject("secondhand-app/MenuBar App/android.widget.TextView - Akun"), 2): Tapped on element 'Object Repository/secondhand-app/MenuBar App/android.widget.TextView - Akun'

2023-07-24 11:45:32 - [MESSAGE][INFO] - Finding Test Object 'Object Repository/secondhand-app/MenuBar App/android.widget.TextView - Akun'

2023-07-24 11:45:32 - [MESSAGE][INFO] - Checking object

2023-07-24 11:45:32 - [MESSAGE][INFO] - Checking timeout

2023-07-24 11:45:35 - [MESSAGE][PASSED] - Tapped on element 'Object Repository/secondhand-app/MenuBar App/android.widget.TextView - Akun'

2023-07-24 11:45:35 - [MESSAGE][PASSED] - Call Test Case 'Test Cases/secondhand-app/Pages/MenuBar App/Tap Akun' successfully

2023-07-24 11:45:35 - [TEST_STEP][PASSED] - callTestCase(findTestCase("secondhand-app/Pages/My Account/Tap Masuk"), [:], STOP_ON_FAILURE): Call Test Case 'Test Cases/secondhand-app/Pages/My Account/Tap Masuk' successfully

2023-07-24 11:45:35 - [MESSAGE][INFO] - Checking called Test Case

2023-07-24 11:45:35 - [MESSAGE][INFO] - Starting to call Test Case 'Test Cases/secondhand-app/Pages/My Account/Tap Masuk'

2023-07-24 11:45:35 - [TEST_CASE][PASSED] - Test Cases/secondhand-app/Pages/My Account/Tap Masuk: Test Cases/secondhand-app/Pages/My Account/Tap Masuk

2023-07-24 11:45:35 - [TEST_STEP][PASSED] - waitForElementPresent(findTestObject("secondhand-app/Page Account/android.widget.Button - Masuk"), 2): Element 'Object Repository/secondhand-app/Page Account/android.widget.Button - Masuk' is present

2023-07-24 11:45:35 - [MESSAGE][INFO] - Finding Test Object 'Object Repository/secondhand-app/Page Account/android.widget.Button - Masuk'

2023-07-24 11:45:35 - [MESSAGE][INFO] - Checking object

2023-07-24 11:45:35 - [MESSAGE][INFO] - Checking timeout

2023-07-24 11:45:35 - [MESSAGE][PASSED] - Element 'Object Repository/secondhand-app/Page Account/android.widget.Button - Masuk' is present

2023-07-24 11:45:35 - [TEST_STEP][PASSED] - tap(findTestObject("secondhand-app/Page Account/android.widget.Button - Masuk"), 2): Tapped on element 'Object Repository/secondhand-app/Page Account/android.widget.Button - Masuk'

2023-07-24 11:45:35 - [MESSAGE][INFO] - Finding Test Object 'Object Repository/secondhand-app/Page Account/android.widget.Button - Masuk'

2023-07-24 11:45:35 - [MESSAGE][INFO] - Checking object

2023-07-24 11:45:35 - [MESSAGE][INFO] - Checking timeout

2023-07-24 11:45:36 - [MESSAGE][PASSED] - Tapped on element 'Object Repository/secondhand-app/Page Account/android.widget.Button - Masuk'

2023-07-24 11:45:36 - [MESSAGE][PASSED] - Call Test Case 'Test Cases/secondhand-app/Pages/My Account/Tap Masuk' successfully

2023-07-24 11:45:36 - [TEST_STEP][PASSED] - callTestCase(findTestCase("secondhand-app/Pages/User Login/Input Email - Rizki Valid"), [:], STOP_ON_FAILURE): Call Test Case 'Test Cases/secondhand-app/Pages/User Login/Input Email - Rizki Valid' successfully

2023-07-24 11:45:36 - [MESSAGE][INFO] - Checking called Test Case

2023-07-24 11:45:36 - [MESSAGE][INFO] - Starting to call Test Case 'Test Cases/secondhand-app/Pages/User Login/Input Email - Rizki Valid'

2023-07-24 11:45:36 - [TEST_CASE][PASSED] - Test Cases/secondhand-app/Pages/User Login/Input Email - Rizki Valid: Test Cases/secondhand-app/Pages/User Login/Input Email - Rizki Valid

2023-07-24 11:45:36 - [TEST_STEP][PASSED] - clearText(findTestObject("secondhand-app/Page Login/android.widget.EditText - Masukkan email"), 1): Element 'Object Repository/secondhand-app/Page Login/android.widget.EditText - Masukkan email' text is cleared

2023-07-24 11:45:36 - [MESSAGE][INFO] - Finding Test Object 'Object Repository/secondhand-app/Page Login/android.widget.EditText - Masukkan email'

2023-07-24 11:45:36 - [MESSAGE][INFO] - Checking object

2023-07-24 11:45:36 - [MESSAGE][INFO] - Checking timeout

2023-07-24 11:45:37 - [MESSAGE][PASSED] - Element 'Object Repository/secondhand-app/Page Login/android.widget.EditText - Masukkan email' text is cleared

2023-07-24 11:45:37 - [TEST_STEP][PASSED] - setText(findTestObject("secondhand-app/Page Login/android.widget.EditText - Masukkan email"), "mhmdrizki250@gmail.com", 0): Text 'mhmdrizki250@gmail.com' has been set to element 'Object Repository/secondhand-app/Page Login/android.widget.EditText - Masukkan email'

2023-07-24 11:45:37 - [MESSAGE][INFO] - Finding Test Object 'Object Repository/secondhand-app/Page Login/android.widget.EditText - Masukkan email'

2023-07-24 11:45:37 - [MESSAGE][INFO] - Checking object

2023-07-24 11:45:37 - [MESSAGE][INFO] - Checking timeout

2023-07-24 11:45:37 - [MESSAGE][WARNING] - Timeout '0' is invalid. Using default page load timeout: '30'

2023-07-24 11:45:38 - [MESSAGE][PASSED] - Text 'mhmdrizki250@gmail.com' has been set to element 'Object Repository/secondhand-app/Page Login/android.widget.EditText - Masukkan email'

2023-07-24 11:45:38 - [TEST_STEP][PASSED] - takeScreenshot("screenshot", STOP_ON_FAILURE): Screenshot is taken

2023-07-24 11:45:39 - [MESSAGE][PASSED] - Screenshot is taken
[[ATTACHMENT|C:\\Users\\mhmdr\\Desktop\\SQA-Wave9-Kelompok2\\Reports\\20230724_114443\\secondhand-app\\Feature Detail Product\\20230724_114443\\screenshot]]

2023-07-24 11:45:39 - [MESSAGE][PASSED] - Call Test Case 'Test Cases/secondhand-app/Pages/User Login/Input Email - Rizki Valid' successfully

2023-07-24 11:45:39 - [TEST_STEP][PASSED] - callTestCase(findTestCase("secondhand-app/Pages/User Login/Input Password - Rizki Valid"), [:], STOP_ON_FAILURE): Call Test Case 'Test Cases/secondhand-app/Pages/User Login/Input Password - Rizki Valid' successfully

2023-07-24 11:45:39 - [MESSAGE][INFO] - Checking called Test Case

2023-07-24 11:45:39 - [MESSAGE][INFO] - Starting to call Test Case 'Test Cases/secondhand-app/Pages/User Login/Input Password - Rizki Valid'

2023-07-24 11:45:39 - [TEST_CASE][PASSED] - Test Cases/secondhand-app/Pages/User Login/Input Password - Rizki Valid: Test Cases/secondhand-app/Pages/User Login/Input Password - Rizki Valid

2023-07-24 11:45:39 - [TEST_STEP][PASSED] - clearText(findTestObject("secondhand-app/Page Login/android.widget.EditText - Masukkan password"), 1): Element 'Object Repository/secondhand-app/Page Login/android.widget.EditText - Masukkan password' text is cleared

2023-07-24 11:45:39 - [MESSAGE][INFO] - Finding Test Object 'Object Repository/secondhand-app/Page Login/android.widget.EditText - Masukkan password'

2023-07-24 11:45:39 - [MESSAGE][INFO] - Checking object

2023-07-24 11:45:39 - [MESSAGE][INFO] - Checking timeout

2023-07-24 11:45:39 - [MESSAGE][PASSED] - Element 'Object Repository/secondhand-app/Page Login/android.widget.EditText - Masukkan password' text is cleared

2023-07-24 11:45:39 - [TEST_STEP][PASSED] - setText(findTestObject("secondhand-app/Page Login/android.widget.EditText - Masukkan password"), "Kiki12345", 0): Text 'Kiki12345' has been set to element 'Object Repository/secondhand-app/Page Login/android.widget.EditText - Masukkan password'

2023-07-24 11:45:39 - [MESSAGE][INFO] - Finding Test Object 'Object Repository/secondhand-app/Page Login/android.widget.EditText - Masukkan password'

2023-07-24 11:45:39 - [MESSAGE][INFO] - Checking object

2023-07-24 11:45:39 - [MESSAGE][INFO] - Checking timeout

2023-07-24 11:45:39 - [MESSAGE][WARNING] - Timeout '0' is invalid. Using default page load timeout: '30'

2023-07-24 11:45:41 - [MESSAGE][PASSED] - Text 'Kiki12345' has been set to element 'Object Repository/secondhand-app/Page Login/android.widget.EditText - Masukkan password'

2023-07-24 11:45:41 - [TEST_STEP][PASSED] - takeScreenshot("screenshot", STOP_ON_FAILURE): Screenshot is taken

2023-07-24 11:45:42 - [MESSAGE][PASSED] - Screenshot is taken
[[ATTACHMENT|C:\\Users\\mhmdr\\Desktop\\SQA-Wave9-Kelompok2\\Reports\\20230724_114443\\secondhand-app\\Feature Detail Product\\20230724_114443\\screenshot]]

2023-07-24 11:45:42 - [MESSAGE][PASSED] - Call Test Case 'Test Cases/secondhand-app/Pages/User Login/Input Password - Rizki Valid' successfully

2023-07-24 11:45:42 - [TEST_STEP][PASSED] - callTestCase(findTestCase("secondhand-app/Pages/User Login/Tap Masuk"), [:], STOP_ON_FAILURE): Call Test Case 'Test Cases/secondhand-app/Pages/User Login/Tap Masuk' successfully

2023-07-24 11:45:42 - [MESSAGE][INFO] - Checking called Test Case

2023-07-24 11:45:42 - [MESSAGE][INFO] - Starting to call Test Case 'Test Cases/secondhand-app/Pages/User Login/Tap Masuk'

2023-07-24 11:45:42 - [TEST_CASE][PASSED] - Test Cases/secondhand-app/Pages/User Login/Tap Masuk: Test Cases/secondhand-app/Pages/User Login/Tap Masuk

2023-07-24 11:45:42 - [TEST_STEP][PASSED] - waitForElementPresent(findTestObject("secondhand-app/Page Login/android.widget.Button - Masuk"), 1): Element 'Object Repository/secondhand-app/Page Login/android.widget.Button - Masuk' is present

2023-07-24 11:45:42 - [MESSAGE][INFO] - Finding Test Object 'Object Repository/secondhand-app/Page Login/android.widget.Button - Masuk'

2023-07-24 11:45:42 - [MESSAGE][INFO] - Checking object

2023-07-24 11:45:42 - [MESSAGE][INFO] - Checking timeout

2023-07-24 11:45:42 - [MESSAGE][PASSED] - Element 'Object Repository/secondhand-app/Page Login/android.widget.Button - Masuk' is present

2023-07-24 11:45:42 - [TEST_STEP][PASSED] - tap(findTestObject("secondhand-app/Page Login/android.widget.Button - Masuk"), 1): Tapped on element 'Object Repository/secondhand-app/Page Login/android.widget.Button - Masuk'

2023-07-24 11:45:42 - [MESSAGE][INFO] - Finding Test Object 'Object Repository/secondhand-app/Page Login/android.widget.Button - Masuk'

2023-07-24 11:45:42 - [MESSAGE][INFO] - Checking object

2023-07-24 11:45:42 - [MESSAGE][INFO] - Checking timeout

2023-07-24 11:45:44 - [MESSAGE][PASSED] - Tapped on element 'Object Repository/secondhand-app/Page Login/android.widget.Button - Masuk'

2023-07-24 11:45:44 - [MESSAGE][PASSED] - Call Test Case 'Test Cases/secondhand-app/Pages/User Login/Tap Masuk' successfully

2023-07-24 11:45:44 - [TEST_STEP][PASSED] - callTestCase(findTestCase("secondhand-app/Pages/User Logout/Button Logout"), [:], STOP_ON_FAILURE): Call Test Case 'Test Cases/secondhand-app/Pages/User Logout/Button Logout' successfully

2023-07-24 11:45:44 - [MESSAGE][INFO] - Checking called Test Case

2023-07-24 11:45:44 - [MESSAGE][INFO] - Starting to call Test Case 'Test Cases/secondhand-app/Pages/User Logout/Button Logout'

2023-07-24 11:45:44 - [TEST_CASE][PASSED] - Test Cases/secondhand-app/Pages/User Logout/Button Logout: Test Cases/secondhand-app/Pages/User Logout/Button Logout

2023-07-24 11:45:44 - [TEST_STEP][PASSED] - waitForElementPresent(findTestObject("secondhand-app/Page Logout/button logout"), 2): Element 'Object Repository/secondhand-app/Page Logout/button logout' is present

2023-07-24 11:45:44 - [MESSAGE][INFO] - Finding Test Object 'Object Repository/secondhand-app/Page Logout/button logout'

2023-07-24 11:45:44 - [MESSAGE][INFO] - Checking object

2023-07-24 11:45:44 - [MESSAGE][INFO] - Checking timeout

2023-07-24 11:45:44 - [MESSAGE][PASSED] - Element 'Object Repository/secondhand-app/Page Logout/button logout' is present

2023-07-24 11:45:44 - [TEST_STEP][PASSED] - tap(findTestObject("secondhand-app/Page Logout/button logout"), 0): Tapped on element 'Object Repository/secondhand-app/Page Logout/button logout'

2023-07-24 11:45:44 - [MESSAGE][INFO] - Finding Test Object 'Object Repository/secondhand-app/Page Logout/button logout'

2023-07-24 11:45:44 - [MESSAGE][INFO] - Checking object

2023-07-24 11:45:44 - [MESSAGE][INFO] - Checking timeout

2023-07-24 11:45:44 - [MESSAGE][WARNING] - Timeout '0' is invalid. Using default page load timeout: '30'

2023-07-24 11:45:44 - [MESSAGE][PASSED] - Tapped on element 'Object Repository/secondhand-app/Page Logout/button logout'

2023-07-24 11:45:44 - [MESSAGE][PASSED] - Call Test Case 'Test Cases/secondhand-app/Pages/User Logout/Button Logout' successfully

2023-07-24 11:45:44 - [TEST_STEP][PASSED] - closeApplication(): Close app successfully

2023-07-24 11:45:45 - [MESSAGE][PASSED] - Close app successfully]]></system-out>
         <system-err><![CDATA[]]></system-err>
      </testcase>
      <system-out><![CDATA[2023-07-24 11:44:45 - [TEST_SUITE][PASSED] - Feature Detail Product: Test Cases/secondhand-app/Step Definition/Feature Detail Product/PDP002 - user should not be able to see detail with not tap Daftar Jual Saya]]></system-out>
      <system-err><![CDATA[]]></system-err>
   </testsuite>
</testsuites>
