<?xml version="1.0" encoding="UTF-8"?>
<testsuites name="Feature Register" time="176.764" tests="4" failures="0" errors="0">
   <testsuite name="Feature Register" tests="4" failures="0" errors="0" time="176.764" skipped="0" timestamp="2023-07-24 12:35:10" hostname="mhmdr - LAPTOP-A3L3V09Q" id="Test Suites/secondhand-app/Feature Register">
      <properties>
         <property name="deviceName" value="samsung SM-A725F (Android 13)"/>
         <property name="devicePlatform" value=""/>
         <property name="logFolder" value="C:\\Users\\mhmdr\\Desktop\\SQA-Wave9-Kelompok2\\Reports\\20230724_123507\\secondhand-app\\Feature Register\\20230724_123507"/>
         <property name="logFiles" value="C:\\Users\\mhmdr\\Desktop\\SQA-Wave9-Kelompok2\\Reports\\20230724_123507\\secondhand-app\\Feature Register\\20230724_123507\\appium.log, C:\\Users\\mhmdr\\Desktop\\SQA-Wave9-Kelompok2\\Reports\\20230724_123507\\secondhand-app\\Feature Register\\20230724_123507\\execution0.log"/>
         <property name="attachments" value="C:\\Users\\mhmdr\\Desktop\\SQA-Wave9-Kelompok2\\Reports\\20230724_123507\\secondhand-app\\Feature Register\\20230724_123507\\screenshot, C:\\Users\\mhmdr\\Desktop\\SQA-Wave9-Kelompok2\\Reports\\20230724_123507\\secondhand-app\\Feature Register\\20230724_123507\\screenshot, C:\\Users\\mhmdr\\Desktop\\SQA-Wave9-Kelompok2\\Reports\\20230724_123507\\secondhand-app\\Feature Register\\20230724_123507\\screenshot, C:\\Users\\mhmdr\\Desktop\\SQA-Wave9-Kelompok2\\Reports\\20230724_123507\\secondhand-app\\Feature Register\\20230724_123507\\screenshot, C:\\Users\\mhmdr\\Desktop\\SQA-Wave9-Kelompok2\\Reports\\20230724_123507\\secondhand-app\\Feature Register\\20230724_123507\\screenshot, C:\\Users\\mhmdr\\Desktop\\SQA-Wave9-Kelompok2\\Reports\\20230724_123507\\secondhand-app\\Feature Register\\20230724_123507\\screenshot, C:\\Users\\mhmdr\\Desktop\\SQA-Wave9-Kelompok2\\Reports\\20230724_123507\\secondhand-app\\Feature Register\\20230724_123507\\screenshot, C:\\Users\\mhmdr\\Desktop\\SQA-Wave9-Kelompok2\\Reports\\20230724_123507\\secondhand-app\\Feature Register\\20230724_123507\\screenshot, C:\\Users\\mhmdr\\Desktop\\SQA-Wave9-Kelompok2\\Reports\\20230724_123507\\secondhand-app\\Feature Register\\20230724_123507\\screenshot, C:\\Users\\mhmdr\\Desktop\\SQA-Wave9-Kelompok2\\Reports\\20230724_123507\\secondhand-app\\Feature Register\\20230724_123507\\screenshot, C:\\Users\\mhmdr\\Desktop\\SQA-Wave9-Kelompok2\\Reports\\20230724_123507\\secondhand-app\\Feature Register\\20230724_123507\\screenshot, C:\\Users\\mhmdr\\Desktop\\SQA-Wave9-Kelompok2\\Reports\\20230724_123507\\secondhand-app\\Feature Register\\20230724_123507\\screenshot, C:\\Users\\mhmdr\\Desktop\\SQA-Wave9-Kelompok2\\Reports\\20230724_123507\\secondhand-app\\Feature Register\\20230724_123507\\screenshot, C:\\Users\\mhmdr\\Desktop\\SQA-Wave9-Kelompok2\\Reports\\20230724_123507\\secondhand-app\\Feature Register\\20230724_123507\\screenshot, C:\\Users\\mhmdr\\Desktop\\SQA-Wave9-Kelompok2\\Reports\\20230724_123507\\secondhand-app\\Feature Register\\20230724_123507\\screenshot, C:\\Users\\mhmdr\\Desktop\\SQA-Wave9-Kelompok2\\Reports\\20230724_123507\\secondhand-app\\Feature Register\\20230724_123507\\screenshot, C:\\Users\\mhmdr\\Desktop\\SQA-Wave9-Kelompok2\\Reports\\20230724_123507\\secondhand-app\\Feature Register\\20230724_123507\\screenshot, C:\\Users\\mhmdr\\Desktop\\SQA-Wave9-Kelompok2\\Reports\\20230724_123507\\secondhand-app\\Feature Register\\20230724_123507\\screenshot, C:\\Users\\mhmdr\\Desktop\\SQA-Wave9-Kelompok2\\Reports\\20230724_123507\\secondhand-app\\Feature Register\\20230724_123507\\screenshot, C:\\Users\\mhmdr\\Desktop\\SQA-Wave9-Kelompok2\\Reports\\20230724_123507\\secondhand-app\\Feature Register\\20230724_123507\\screenshot, C:\\Users\\mhmdr\\Desktop\\SQA-Wave9-Kelompok2\\Reports\\20230724_123507\\secondhand-app\\Feature Register\\20230724_123507\\screenshot, C:\\Users\\mhmdr\\Desktop\\SQA-Wave9-Kelompok2\\Reports\\20230724_123507\\secondhand-app\\Feature Register\\20230724_123507\\screenshot, C:\\Users\\mhmdr\\Desktop\\SQA-Wave9-Kelompok2\\Reports\\20230724_123507\\secondhand-app\\Feature Register\\20230724_123507\\screenshot, C:\\Users\\mhmdr\\Desktop\\SQA-Wave9-Kelompok2\\Reports\\20230724_123507\\secondhand-app\\Feature Register\\20230724_123507\\screenshot, C:\\Users\\mhmdr\\Desktop\\SQA-Wave9-Kelompok2\\Reports\\20230724_123507\\secondhand-app\\Feature Register\\20230724_123507\\screenshot, C:\\Users\\mhmdr\\Desktop\\SQA-Wave9-Kelompok2\\Reports\\20230724_123507\\secondhand-app\\Feature Register\\20230724_123507\\screenshot"/>
         <property name="hostName" value="mhmdr - LAPTOP-A3L3V09Q"/>
         <property name="os" value="Windows 11 64bit"/>
         <property name="appiumServerStatus" value="{&quot;value&quot;:{&quot;build&quot;:{&quot;version&quot;:&quot;1.22.3&quot;}},&quot;sessionId&quot;:null,&quot;status&quot;:0}"/>
         <property name="katalonVersion" value="8.6.5.208"/>
         <property name="deviceOS" value="Android"/>
         <property name="appiumVersion" value="1.22.3"/>
         <property name="deviceModel" value="SM-A725F"/>
         <property name="hostAddress" value="192.168.1.4"/>
         <property name="deviceManufacturer" value="samsung"/>
         <property name="deviceId" value="RR8R30DEY9E"/>
         <property name="deviceName" value="samsung SM-A725F (Android 13)"/>
         <property name="deviceOSVersion" value="13"/>
      </properties>
      <testcase name="Test Cases/secondhand-app/Step Definition/Feature Registration/PR001 - user should be able to register with valid credential" time="47.367" classname="Test Cases/secondhand-app/Step Definition/Feature Registration/PR001 - user should be able to register with valid credential" status="PASSED">
         <system-out><![CDATA[2023-07-24 12:35:10 - [TEST_CASE][PASSED] - Test Cases/secondhand-app/Step Definition/Feature Registration/PR001 - user should be able to register with valid credential: Test Cases/secondhand-app/Step Definition/Feature Registration/PR001 - user should be able to register with valid credential

2023-07-24 12:35:10 - [TEST_STEP][PASSED] - startApplication("androidapp/app-release-second-hand-gcp.apk", false): Started app at: 'C:\Users\mhmdr\Desktop\SQA-Wave9-Kelompok2\androidapp\app-release-second-hand-gcp.apk'

2023-07-24 12:35:10 - [MESSAGE][INFO] - Starting app at: 'C:\Users\mhmdr\Desktop\SQA-Wave9-Kelompok2\androidapp\app-release-second-hand-gcp.apk'

2023-07-24 12:35:10 - [MESSAGE][INFO] - Detected NodeJS location: "C:\Program Files\nodejs\node.exe"

2023-07-24 12:35:11 - [MESSAGE][INFO] - Appium server started on port 58,442

2023-07-24 12:35:23 - [MESSAGE][PASSED] - Started app at: 'C:\Users\mhmdr\Desktop\SQA-Wave9-Kelompok2\androidapp\app-release-second-hand-gcp.apk'

2023-07-24 12:35:23 - [TEST_STEP][PASSED] - callTestCase(findTestCase("secondhand-app/Pages/MenuBar App/Tap Akun"), [:], STOP_ON_FAILURE): Call Test Case 'Test Cases/secondhand-app/Pages/MenuBar App/Tap Akun' successfully

2023-07-24 12:35:23 - [MESSAGE][INFO] - Checking called Test Case

2023-07-24 12:35:23 - [MESSAGE][INFO] - Starting to call Test Case 'Test Cases/secondhand-app/Pages/MenuBar App/Tap Akun'

2023-07-24 12:35:23 - [TEST_CASE][PASSED] - Test Cases/secondhand-app/Pages/MenuBar App/Tap Akun: Test Cases/secondhand-app/Pages/MenuBar App/Tap Akun

2023-07-24 12:35:23 - [TEST_STEP][PASSED] - waitForElementPresent(findTestObject("secondhand-app/MenuBar App/android.widget.TextView - Akun"), 2): Element 'Object Repository/secondhand-app/MenuBar App/android.widget.TextView - Akun' is present

2023-07-24 12:35:23 - [MESSAGE][INFO] - Finding Test Object 'Object Repository/secondhand-app/MenuBar App/android.widget.TextView - Akun'

2023-07-24 12:35:23 - [MESSAGE][INFO] - Checking object

2023-07-24 12:35:23 - [MESSAGE][INFO] - Checking timeout

2023-07-24 12:35:26 - [MESSAGE][PASSED] - Element 'Object Repository/secondhand-app/MenuBar App/android.widget.TextView - Akun' is present

2023-07-24 12:35:26 - [TEST_STEP][PASSED] - tap(findTestObject("secondhand-app/MenuBar App/android.widget.TextView - Akun"), 2): Tapped on element 'Object Repository/secondhand-app/MenuBar App/android.widget.TextView - Akun'

2023-07-24 12:35:26 - [MESSAGE][INFO] - Finding Test Object 'Object Repository/secondhand-app/MenuBar App/android.widget.TextView - Akun'

2023-07-24 12:35:26 - [MESSAGE][INFO] - Checking object

2023-07-24 12:35:26 - [MESSAGE][INFO] - Checking timeout

2023-07-24 12:35:28 - [MESSAGE][PASSED] - Tapped on element 'Object Repository/secondhand-app/MenuBar App/android.widget.TextView - Akun'

2023-07-24 12:35:28 - [MESSAGE][PASSED] - Call Test Case 'Test Cases/secondhand-app/Pages/MenuBar App/Tap Akun' successfully

2023-07-24 12:35:28 - [TEST_STEP][PASSED] - callTestCase(findTestCase("secondhand-app/Pages/My Account/Tap Masuk"), [:], STOP_ON_FAILURE): Call Test Case 'Test Cases/secondhand-app/Pages/My Account/Tap Masuk' successfully

2023-07-24 12:35:28 - [MESSAGE][INFO] - Checking called Test Case

2023-07-24 12:35:28 - [MESSAGE][INFO] - Starting to call Test Case 'Test Cases/secondhand-app/Pages/My Account/Tap Masuk'

2023-07-24 12:35:28 - [TEST_CASE][PASSED] - Test Cases/secondhand-app/Pages/My Account/Tap Masuk: Test Cases/secondhand-app/Pages/My Account/Tap Masuk

2023-07-24 12:35:28 - [TEST_STEP][PASSED] - waitForElementPresent(findTestObject("secondhand-app/Page Account/android.widget.Button - Masuk"), 2): Element 'Object Repository/secondhand-app/Page Account/android.widget.Button - Masuk' is present

2023-07-24 12:35:28 - [MESSAGE][INFO] - Finding Test Object 'Object Repository/secondhand-app/Page Account/android.widget.Button - Masuk'

2023-07-24 12:35:28 - [MESSAGE][INFO] - Checking object

2023-07-24 12:35:28 - [MESSAGE][INFO] - Checking timeout

2023-07-24 12:35:29 - [MESSAGE][PASSED] - Element 'Object Repository/secondhand-app/Page Account/android.widget.Button - Masuk' is present

2023-07-24 12:35:29 - [TEST_STEP][PASSED] - tap(findTestObject("secondhand-app/Page Account/android.widget.Button - Masuk"), 2): Tapped on element 'Object Repository/secondhand-app/Page Account/android.widget.Button - Masuk'

2023-07-24 12:35:29 - [MESSAGE][INFO] - Finding Test Object 'Object Repository/secondhand-app/Page Account/android.widget.Button - Masuk'

2023-07-24 12:35:29 - [MESSAGE][INFO] - Checking object

2023-07-24 12:35:29 - [MESSAGE][INFO] - Checking timeout

2023-07-24 12:35:29 - [MESSAGE][PASSED] - Tapped on element 'Object Repository/secondhand-app/Page Account/android.widget.Button - Masuk'

2023-07-24 12:35:29 - [MESSAGE][PASSED] - Call Test Case 'Test Cases/secondhand-app/Pages/My Account/Tap Masuk' successfully

2023-07-24 12:35:29 - [TEST_STEP][PASSED] - callTestCase(findTestCase("secondhand-app/Pages/User Login/Tap Daftar"), [:], STOP_ON_FAILURE): Call Test Case 'Test Cases/secondhand-app/Pages/User Login/Tap Daftar' successfully

2023-07-24 12:35:29 - [MESSAGE][INFO] - Checking called Test Case

2023-07-24 12:35:29 - [MESSAGE][INFO] - Starting to call Test Case 'Test Cases/secondhand-app/Pages/User Login/Tap Daftar'

2023-07-24 12:35:29 - [TEST_CASE][PASSED] - Test Cases/secondhand-app/Pages/User Login/Tap Daftar: Test Cases/secondhand-app/Pages/User Login/Tap Daftar

2023-07-24 12:35:29 - [TEST_STEP][PASSED] - waitForElementPresent(findTestObject("secondhand-app/Page Login/android.widget.TextView - Daftar"), 2): Element 'Object Repository/secondhand-app/Page Login/android.widget.TextView - Daftar' is present

2023-07-24 12:35:29 - [MESSAGE][INFO] - Finding Test Object 'Object Repository/secondhand-app/Page Login/android.widget.TextView - Daftar'

2023-07-24 12:35:29 - [MESSAGE][INFO] - Checking object

2023-07-24 12:35:29 - [MESSAGE][INFO] - Checking timeout

2023-07-24 12:35:30 - [MESSAGE][PASSED] - Element 'Object Repository/secondhand-app/Page Login/android.widget.TextView - Daftar' is present

2023-07-24 12:35:30 - [TEST_STEP][PASSED] - tap(findTestObject("secondhand-app/Page Login/android.widget.TextView - Daftar"), 2): Tapped on element 'Object Repository/secondhand-app/Page Login/android.widget.TextView - Daftar'

2023-07-24 12:35:30 - [MESSAGE][INFO] - Finding Test Object 'Object Repository/secondhand-app/Page Login/android.widget.TextView - Daftar'

2023-07-24 12:35:30 - [MESSAGE][INFO] - Checking object

2023-07-24 12:35:30 - [MESSAGE][INFO] - Checking timeout

2023-07-24 12:35:30 - [MESSAGE][PASSED] - Tapped on element 'Object Repository/secondhand-app/Page Login/android.widget.TextView - Daftar'

2023-07-24 12:35:30 - [MESSAGE][PASSED] - Call Test Case 'Test Cases/secondhand-app/Pages/User Login/Tap Daftar' successfully

2023-07-24 12:35:30 - [TEST_STEP][PASSED] - callTestCase(findTestCase("secondhand-app/Pages/User Registration/Input Nama"), [:], STOP_ON_FAILURE): Call Test Case 'Test Cases/secondhand-app/Pages/User Registration/Input Nama' successfully

2023-07-24 12:35:30 - [MESSAGE][INFO] - Checking called Test Case

2023-07-24 12:35:30 - [MESSAGE][INFO] - Starting to call Test Case 'Test Cases/secondhand-app/Pages/User Registration/Input Nama'

2023-07-24 12:35:31 - [TEST_CASE][PASSED] - Test Cases/secondhand-app/Pages/User Registration/Input Nama: Test Cases/secondhand-app/Pages/User Registration/Input Nama

2023-07-24 12:35:31 - [TEST_STEP][PASSED] - clearText(findTestObject("secondhand-app/Page Register/android.widget.EditText - Masukkan nama lengkap"), 1): Element 'Object Repository/secondhand-app/Page Register/android.widget.EditText - Masukkan nama lengkap' text is cleared

2023-07-24 12:35:31 - [MESSAGE][INFO] - Finding Test Object 'Object Repository/secondhand-app/Page Register/android.widget.EditText - Masukkan nama lengkap'

2023-07-24 12:35:31 - [MESSAGE][INFO] - Checking object

2023-07-24 12:35:31 - [MESSAGE][INFO] - Checking timeout

2023-07-24 12:35:31 - [MESSAGE][PASSED] - Element 'Object Repository/secondhand-app/Page Register/android.widget.EditText - Masukkan nama lengkap' text is cleared

2023-07-24 12:35:31 - [TEST_STEP][PASSED] - setText(findTestObject("secondhand-app/Page Register/android.widget.EditText - Masukkan nama lengkap"), "Muhammad Rizki", 0): Text 'Muhammad Rizki' has been set to element 'Object Repository/secondhand-app/Page Register/android.widget.EditText - Masukkan nama lengkap'

2023-07-24 12:35:31 - [MESSAGE][INFO] - Finding Test Object 'Object Repository/secondhand-app/Page Register/android.widget.EditText - Masukkan nama lengkap'

2023-07-24 12:35:31 - [MESSAGE][INFO] - Checking object

2023-07-24 12:35:31 - [MESSAGE][INFO] - Checking timeout

2023-07-24 12:35:31 - [MESSAGE][WARNING] - Timeout '0' is invalid. Using default page load timeout: '30'

2023-07-24 12:35:33 - [MESSAGE][PASSED] - Text 'Muhammad Rizki' has been set to element 'Object Repository/secondhand-app/Page Register/android.widget.EditText - Masukkan nama lengkap'

2023-07-24 12:35:33 - [TEST_STEP][PASSED] - takeScreenshot("screenshot", STOP_ON_FAILURE): Screenshot is taken

2023-07-24 12:35:34 - [MESSAGE][PASSED] - Screenshot is taken
[[ATTACHMENT|C:\\Users\\mhmdr\\Desktop\\SQA-Wave9-Kelompok2\\Reports\\20230724_123507\\secondhand-app\\Feature Register\\20230724_123507\\screenshot]]

2023-07-24 12:35:34 - [MESSAGE][PASSED] - Call Test Case 'Test Cases/secondhand-app/Pages/User Registration/Input Nama' successfully

2023-07-24 12:35:34 - [TEST_STEP][PASSED] - callTestCase(findTestCase("secondhand-app/Pages/User Registration/Input Email - Rizki Valid Random"), [:], STOP_ON_FAILURE): Call Test Case 'Test Cases/secondhand-app/Pages/User Registration/Input Email - Rizki Valid Random' successfully

2023-07-24 12:35:34 - [MESSAGE][INFO] - Checking called Test Case

2023-07-24 12:35:34 - [MESSAGE][INFO] - Starting to call Test Case 'Test Cases/secondhand-app/Pages/User Registration/Input Email - Rizki Valid Random'

2023-07-24 12:35:34 - [TEST_CASE][PASSED] - Test Cases/secondhand-app/Pages/User Registration/Input Email - Rizki Valid Random: Test Cases/secondhand-app/Pages/User Registration/Input Email - Rizki Valid Random

2023-07-24 12:35:34 - [TEST_STEP][PASSED] - clearText(findTestObject("secondhand-app/Page Register/android.widget.EditText - Masukkan email"), 1): Element 'Object Repository/secondhand-app/Page Register/android.widget.EditText - Masukkan email' text is cleared

2023-07-24 12:35:34 - [MESSAGE][INFO] - Finding Test Object 'Object Repository/secondhand-app/Page Register/android.widget.EditText - Masukkan email'

2023-07-24 12:35:34 - [MESSAGE][INFO] - Checking object

2023-07-24 12:35:34 - [MESSAGE][INFO] - Checking timeout

2023-07-24 12:35:35 - [MESSAGE][PASSED] - Element 'Object Repository/secondhand-app/Page Register/android.widget.EditText - Masukkan email' text is cleared

2023-07-24 12:35:35 - [TEST_STEP][PASSED] - setText(findTestObject("secondhand-app/Page Register/android.widget.EditText - Masukkan email"), "mhmdrizki60@gmail.com", 0): Text 'mhmdrizki60@gmail.com' has been set to element 'Object Repository/secondhand-app/Page Register/android.widget.EditText - Masukkan email'

2023-07-24 12:35:35 - [MESSAGE][INFO] - Finding Test Object 'Object Repository/secondhand-app/Page Register/android.widget.EditText - Masukkan email'

2023-07-24 12:35:35 - [MESSAGE][INFO] - Checking object

2023-07-24 12:35:35 - [MESSAGE][INFO] - Checking timeout

2023-07-24 12:35:35 - [MESSAGE][WARNING] - Timeout '0' is invalid. Using default page load timeout: '30'

2023-07-24 12:35:36 - [MESSAGE][PASSED] - Text 'mhmdrizki60@gmail.com' has been set to element 'Object Repository/secondhand-app/Page Register/android.widget.EditText - Masukkan email'

2023-07-24 12:35:36 - [TEST_STEP][PASSED] - takeScreenshot("screenshot", STOP_ON_FAILURE): Screenshot is taken

2023-07-24 12:35:37 - [MESSAGE][PASSED] - Screenshot is taken
[[ATTACHMENT|C:\\Users\\mhmdr\\Desktop\\SQA-Wave9-Kelompok2\\Reports\\20230724_123507\\secondhand-app\\Feature Register\\20230724_123507\\screenshot]]

2023-07-24 12:35:37 - [MESSAGE][PASSED] - Call Test Case 'Test Cases/secondhand-app/Pages/User Registration/Input Email - Rizki Valid Random' successfully

2023-07-24 12:35:37 - [TEST_STEP][PASSED] - callTestCase(findTestCase("secondhand-app/Pages/User Registration/Input Password - Rizki Valid"), [:], STOP_ON_FAILURE): Call Test Case 'Test Cases/secondhand-app/Pages/User Registration/Input Password - Rizki Valid' successfully

2023-07-24 12:35:37 - [MESSAGE][INFO] - Checking called Test Case

2023-07-24 12:35:37 - [MESSAGE][INFO] - Starting to call Test Case 'Test Cases/secondhand-app/Pages/User Registration/Input Password - Rizki Valid'

2023-07-24 12:35:37 - [TEST_CASE][PASSED] - Test Cases/secondhand-app/Pages/User Registration/Input Password - Rizki Valid: Test Cases/secondhand-app/Pages/User Registration/Input Password - Rizki Valid

2023-07-24 12:35:37 - [TEST_STEP][PASSED] - clearText(findTestObject("secondhand-app/Page Register/android.widget.EditText - Masukkan password"), 1): Element 'Object Repository/secondhand-app/Page Register/android.widget.EditText - Masukkan password' text is cleared

2023-07-24 12:35:37 - [MESSAGE][INFO] - Finding Test Object 'Object Repository/secondhand-app/Page Register/android.widget.EditText - Masukkan password'

2023-07-24 12:35:37 - [MESSAGE][INFO] - Checking object

2023-07-24 12:35:37 - [MESSAGE][INFO] - Checking timeout

2023-07-24 12:35:38 - [MESSAGE][PASSED] - Element 'Object Repository/secondhand-app/Page Register/android.widget.EditText - Masukkan password' text is cleared

2023-07-24 12:35:38 - [TEST_STEP][PASSED] - setText(findTestObject("secondhand-app/Page Register/android.widget.EditText - Masukkan password"), "Kiki12345", 0): Text 'Kiki12345' has been set to element 'Object Repository/secondhand-app/Page Register/android.widget.EditText - Masukkan password'

2023-07-24 12:35:38 - [MESSAGE][INFO] - Finding Test Object 'Object Repository/secondhand-app/Page Register/android.widget.EditText - Masukkan password'

2023-07-24 12:35:38 - [MESSAGE][INFO] - Checking object

2023-07-24 12:35:38 - [MESSAGE][INFO] - Checking timeout

2023-07-24 12:35:38 - [MESSAGE][WARNING] - Timeout '0' is invalid. Using default page load timeout: '30'

2023-07-24 12:35:39 - [MESSAGE][PASSED] - Text 'Kiki12345' has been set to element 'Object Repository/secondhand-app/Page Register/android.widget.EditText - Masukkan password'

2023-07-24 12:35:39 - [TEST_STEP][PASSED] - takeScreenshot("screenshot", STOP_ON_FAILURE): Screenshot is taken

2023-07-24 12:35:40 - [MESSAGE][PASSED] - Screenshot is taken
[[ATTACHMENT|C:\\Users\\mhmdr\\Desktop\\SQA-Wave9-Kelompok2\\Reports\\20230724_123507\\secondhand-app\\Feature Register\\20230724_123507\\screenshot]]

2023-07-24 12:35:40 - [MESSAGE][PASSED] - Call Test Case 'Test Cases/secondhand-app/Pages/User Registration/Input Password - Rizki Valid' successfully

2023-07-24 12:35:40 - [TEST_STEP][PASSED] - callTestCase(findTestCase("secondhand-app/Pages/User Registration/Input Nomor HP"), [:], STOP_ON_FAILURE): Call Test Case 'Test Cases/secondhand-app/Pages/User Registration/Input Nomor HP' successfully

2023-07-24 12:35:40 - [MESSAGE][INFO] - Checking called Test Case

2023-07-24 12:35:40 - [MESSAGE][INFO] - Starting to call Test Case 'Test Cases/secondhand-app/Pages/User Registration/Input Nomor HP'

2023-07-24 12:35:40 - [TEST_CASE][PASSED] - Test Cases/secondhand-app/Pages/User Registration/Input Nomor HP: Test Cases/secondhand-app/Pages/User Registration/Input Nomor HP

2023-07-24 12:35:40 - [TEST_STEP][PASSED] - clearText(findTestObject("secondhand-app/Page Register/android.widget.EditText - Contoh 08123456789"), 1): Element 'Object Repository/secondhand-app/Page Register/android.widget.EditText - Contoh 08123456789' text is cleared

2023-07-24 12:35:40 - [MESSAGE][INFO] - Finding Test Object 'Object Repository/secondhand-app/Page Register/android.widget.EditText - Contoh 08123456789'

2023-07-24 12:35:40 - [MESSAGE][INFO] - Checking object

2023-07-24 12:35:40 - [MESSAGE][INFO] - Checking timeout

2023-07-24 12:35:41 - [MESSAGE][PASSED] - Element 'Object Repository/secondhand-app/Page Register/android.widget.EditText - Contoh 08123456789' text is cleared

2023-07-24 12:35:41 - [TEST_STEP][PASSED] - setText(findTestObject("secondhand-app/Page Register/android.widget.EditText - Contoh 08123456789"), "081233334444", 0): Text '081233334444' has been set to element 'Object Repository/secondhand-app/Page Register/android.widget.EditText - Contoh 08123456789'

2023-07-24 12:35:41 - [MESSAGE][INFO] - Finding Test Object 'Object Repository/secondhand-app/Page Register/android.widget.EditText - Contoh 08123456789'

2023-07-24 12:35:41 - [MESSAGE][INFO] - Checking object

2023-07-24 12:35:41 - [MESSAGE][INFO] - Checking timeout

2023-07-24 12:35:41 - [MESSAGE][WARNING] - Timeout '0' is invalid. Using default page load timeout: '30'

2023-07-24 12:35:42 - [MESSAGE][PASSED] - Text '081233334444' has been set to element 'Object Repository/secondhand-app/Page Register/android.widget.EditText - Contoh 08123456789'

2023-07-24 12:35:42 - [TEST_STEP][PASSED] - takeScreenshot("screenshot", STOP_ON_FAILURE): Screenshot is taken

2023-07-24 12:35:43 - [MESSAGE][PASSED] - Screenshot is taken
[[ATTACHMENT|C:\\Users\\mhmdr\\Desktop\\SQA-Wave9-Kelompok2\\Reports\\20230724_123507\\secondhand-app\\Feature Register\\20230724_123507\\screenshot]]

2023-07-24 12:35:43 - [MESSAGE][PASSED] - Call Test Case 'Test Cases/secondhand-app/Pages/User Registration/Input Nomor HP' successfully

2023-07-24 12:35:43 - [TEST_STEP][PASSED] - callTestCase(findTestCase("secondhand-app/Pages/User Registration/Input Kota"), [:], STOP_ON_FAILURE): Call Test Case 'Test Cases/secondhand-app/Pages/User Registration/Input Kota' successfully

2023-07-24 12:35:43 - [MESSAGE][INFO] - Checking called Test Case

2023-07-24 12:35:43 - [MESSAGE][INFO] - Starting to call Test Case 'Test Cases/secondhand-app/Pages/User Registration/Input Kota'

2023-07-24 12:35:43 - [TEST_CASE][PASSED] - Test Cases/secondhand-app/Pages/User Registration/Input Kota: Test Cases/secondhand-app/Pages/User Registration/Input Kota

2023-07-24 12:35:43 - [TEST_STEP][PASSED] - clearText(findTestObject("secondhand-app/Page Register/android.widget.EditText - Masukkan kota"), 1): Element 'Object Repository/secondhand-app/Page Register/android.widget.EditText - Masukkan kota' text is cleared

2023-07-24 12:35:43 - [MESSAGE][INFO] - Finding Test Object 'Object Repository/secondhand-app/Page Register/android.widget.EditText - Masukkan kota'

2023-07-24 12:35:43 - [MESSAGE][INFO] - Checking object

2023-07-24 12:35:43 - [MESSAGE][INFO] - Checking timeout

2023-07-24 12:35:44 - [MESSAGE][PASSED] - Element 'Object Repository/secondhand-app/Page Register/android.widget.EditText - Masukkan kota' text is cleared

2023-07-24 12:35:44 - [TEST_STEP][PASSED] - setText(findTestObject("secondhand-app/Page Register/android.widget.EditText - Masukkan kota"), "Tarakan, KalTara", 0): Text 'Tarakan, KalTara' has been set to element 'Object Repository/secondhand-app/Page Register/android.widget.EditText - Masukkan kota'

2023-07-24 12:35:44 - [MESSAGE][INFO] - Finding Test Object 'Object Repository/secondhand-app/Page Register/android.widget.EditText - Masukkan kota'

2023-07-24 12:35:44 - [MESSAGE][INFO] - Checking object

2023-07-24 12:35:44 - [MESSAGE][INFO] - Checking timeout

2023-07-24 12:35:44 - [MESSAGE][WARNING] - Timeout '0' is invalid. Using default page load timeout: '30'

2023-07-24 12:35:46 - [MESSAGE][PASSED] - Text 'Tarakan, KalTara' has been set to element 'Object Repository/secondhand-app/Page Register/android.widget.EditText - Masukkan kota'

2023-07-24 12:35:46 - [TEST_STEP][PASSED] - takeScreenshot("screenshot", STOP_ON_FAILURE): Screenshot is taken

2023-07-24 12:35:46 - [MESSAGE][PASSED] - Screenshot is taken
[[ATTACHMENT|C:\\Users\\mhmdr\\Desktop\\SQA-Wave9-Kelompok2\\Reports\\20230724_123507\\secondhand-app\\Feature Register\\20230724_123507\\screenshot]]

2023-07-24 12:35:46 - [MESSAGE][PASSED] - Call Test Case 'Test Cases/secondhand-app/Pages/User Registration/Input Kota' successfully

2023-07-24 12:35:46 - [TEST_STEP][PASSED] - callTestCase(findTestCase("secondhand-app/Pages/User Registration/Input Alamat"), [:], STOP_ON_FAILURE): Call Test Case 'Test Cases/secondhand-app/Pages/User Registration/Input Alamat' successfully

2023-07-24 12:35:46 - [MESSAGE][INFO] - Checking called Test Case

2023-07-24 12:35:46 - [MESSAGE][INFO] - Starting to call Test Case 'Test Cases/secondhand-app/Pages/User Registration/Input Alamat'

2023-07-24 12:35:46 - [TEST_CASE][PASSED] - Test Cases/secondhand-app/Pages/User Registration/Input Alamat: Test Cases/secondhand-app/Pages/User Registration/Input Alamat

2023-07-24 12:35:47 - [TEST_STEP][PASSED] - clearText(findTestObject("secondhand-app/Page Register/android.widget.EditText - Masukkan alamat"), 1): Element 'Object Repository/secondhand-app/Page Register/android.widget.EditText - Masukkan alamat' text is cleared

2023-07-24 12:35:47 - [MESSAGE][INFO] - Finding Test Object 'Object Repository/secondhand-app/Page Register/android.widget.EditText - Masukkan alamat'

2023-07-24 12:35:47 - [MESSAGE][INFO] - Checking object

2023-07-24 12:35:47 - [MESSAGE][INFO] - Checking timeout

2023-07-24 12:35:47 - [MESSAGE][PASSED] - Element 'Object Repository/secondhand-app/Page Register/android.widget.EditText - Masukkan alamat' text is cleared

2023-07-24 12:35:47 - [TEST_STEP][PASSED] - setText(findTestObject("secondhand-app/Page Register/android.widget.EditText - Masukkan alamat"), "Jl. Kenangan Masa Lalu No.404", 0): Text 'Jl. Kenangan Masa Lalu No.404' has been set to element 'Object Repository/secondhand-app/Page Register/android.widget.EditText - Masukkan alamat'

2023-07-24 12:35:47 - [MESSAGE][INFO] - Finding Test Object 'Object Repository/secondhand-app/Page Register/android.widget.EditText - Masukkan alamat'

2023-07-24 12:35:47 - [MESSAGE][INFO] - Checking object

2023-07-24 12:35:47 - [MESSAGE][INFO] - Checking timeout

2023-07-24 12:35:47 - [MESSAGE][WARNING] - Timeout '0' is invalid. Using default page load timeout: '30'

2023-07-24 12:35:49 - [MESSAGE][PASSED] - Text 'Jl. Kenangan Masa Lalu No.404' has been set to element 'Object Repository/secondhand-app/Page Register/android.widget.EditText - Masukkan alamat'

2023-07-24 12:35:49 - [TEST_STEP][PASSED] - takeScreenshot("screenshot", STOP_ON_FAILURE): Screenshot is taken

2023-07-24 12:35:50 - [MESSAGE][PASSED] - Screenshot is taken
[[ATTACHMENT|C:\\Users\\mhmdr\\Desktop\\SQA-Wave9-Kelompok2\\Reports\\20230724_123507\\secondhand-app\\Feature Register\\20230724_123507\\screenshot]]

2023-07-24 12:35:50 - [MESSAGE][PASSED] - Call Test Case 'Test Cases/secondhand-app/Pages/User Registration/Input Alamat' successfully

2023-07-24 12:35:50 - [TEST_STEP][PASSED] - callTestCase(findTestCase("secondhand-app/Pages/User Registration/Tap Daftar"), [:], STOP_ON_FAILURE): Call Test Case 'Test Cases/secondhand-app/Pages/User Registration/Tap Daftar' successfully

2023-07-24 12:35:50 - [MESSAGE][INFO] - Checking called Test Case

2023-07-24 12:35:50 - [MESSAGE][INFO] - Starting to call Test Case 'Test Cases/secondhand-app/Pages/User Registration/Tap Daftar'

2023-07-24 12:35:50 - [TEST_CASE][PASSED] - Test Cases/secondhand-app/Pages/User Registration/Tap Daftar: Test Cases/secondhand-app/Pages/User Registration/Tap Daftar

2023-07-24 12:35:50 - [TEST_STEP][PASSED] - waitForElementPresent(findTestObject("secondhand-app/Page Register/android.widget.Button - Daftar"), 2): Element 'Object Repository/secondhand-app/Page Register/android.widget.Button - Daftar' is present

2023-07-24 12:35:50 - [MESSAGE][INFO] - Finding Test Object 'Object Repository/secondhand-app/Page Register/android.widget.Button - Daftar'

2023-07-24 12:35:50 - [MESSAGE][INFO] - Checking object

2023-07-24 12:35:50 - [MESSAGE][INFO] - Checking timeout

2023-07-24 12:35:52 - [MESSAGE][PASSED] - Element 'Object Repository/secondhand-app/Page Register/android.widget.Button - Daftar' is present

2023-07-24 12:35:52 - [TEST_STEP][PASSED] - tap(findTestObject("secondhand-app/Page Register/android.widget.Button - Daftar"), 2): Tapped on element 'Object Repository/secondhand-app/Page Register/android.widget.Button - Daftar'

2023-07-24 12:35:52 - [MESSAGE][INFO] - Finding Test Object 'Object Repository/secondhand-app/Page Register/android.widget.Button - Daftar'

2023-07-24 12:35:52 - [MESSAGE][INFO] - Checking object

2023-07-24 12:35:52 - [MESSAGE][INFO] - Checking timeout

2023-07-24 12:35:55 - [MESSAGE][PASSED] - Tapped on element 'Object Repository/secondhand-app/Page Register/android.widget.Button - Daftar'

2023-07-24 12:35:55 - [MESSAGE][PASSED] - Call Test Case 'Test Cases/secondhand-app/Pages/User Registration/Tap Daftar' successfully

2023-07-24 12:35:55 - [TEST_STEP][PASSED] - callTestCase(findTestCase("secondhand-app/Pages/User Logout/Button Logout"), [:], STOP_ON_FAILURE): Call Test Case 'Test Cases/secondhand-app/Pages/User Logout/Button Logout' successfully

2023-07-24 12:35:55 - [MESSAGE][INFO] - Checking called Test Case

2023-07-24 12:35:55 - [MESSAGE][INFO] - Starting to call Test Case 'Test Cases/secondhand-app/Pages/User Logout/Button Logout'

2023-07-24 12:35:55 - [TEST_CASE][PASSED] - Test Cases/secondhand-app/Pages/User Logout/Button Logout: Test Cases/secondhand-app/Pages/User Logout/Button Logout

2023-07-24 12:35:55 - [TEST_STEP][PASSED] - waitForElementPresent(findTestObject("secondhand-app/Page Logout/button logout"), 2): Element 'Object Repository/secondhand-app/Page Logout/button logout' is present

2023-07-24 12:35:55 - [MESSAGE][INFO] - Finding Test Object 'Object Repository/secondhand-app/Page Logout/button logout'

2023-07-24 12:35:55 - [MESSAGE][INFO] - Checking object

2023-07-24 12:35:55 - [MESSAGE][INFO] - Checking timeout

2023-07-24 12:35:56 - [MESSAGE][PASSED] - Element 'Object Repository/secondhand-app/Page Logout/button logout' is present

2023-07-24 12:35:56 - [TEST_STEP][PASSED] - tap(findTestObject("secondhand-app/Page Logout/button logout"), 0): Tapped on element 'Object Repository/secondhand-app/Page Logout/button logout'

2023-07-24 12:35:56 - [MESSAGE][INFO] - Finding Test Object 'Object Repository/secondhand-app/Page Logout/button logout'

2023-07-24 12:35:56 - [MESSAGE][INFO] - Checking object

2023-07-24 12:35:56 - [MESSAGE][INFO] - Checking timeout

2023-07-24 12:35:56 - [MESSAGE][WARNING] - Timeout '0' is invalid. Using default page load timeout: '30'

2023-07-24 12:35:57 - [MESSAGE][PASSED] - Tapped on element 'Object Repository/secondhand-app/Page Logout/button logout'

2023-07-24 12:35:57 - [MESSAGE][PASSED] - Call Test Case 'Test Cases/secondhand-app/Pages/User Logout/Button Logout' successfully]]></system-out>
         <system-err><![CDATA[]]></system-err>
      </testcase>
      <testcase name="Test Cases/secondhand-app/Step Definition/Feature Registration/PR002 - user should not be able to register using already used email" time="39.852" classname="Test Cases/secondhand-app/Step Definition/Feature Registration/PR002 - user should not be able to register using already used email" status="PASSED">
         <system-out><![CDATA[2023-07-24 12:35:57 - [TEST_CASE][PASSED] - Test Cases/secondhand-app/Step Definition/Feature Registration/PR002 - user should not be able to register using already used email: Test Cases/secondhand-app/Step Definition/Feature Registration/PR002 - user should not be able to register using already used email

2023-07-24 12:35:57 - [TEST_STEP][PASSED] - startApplication("androidapp/app-release-second-hand-gcp.apk", false): Started app at: 'C:\Users\mhmdr\Desktop\SQA-Wave9-Kelompok2\androidapp\app-release-second-hand-gcp.apk'

2023-07-24 12:35:57 - [MESSAGE][INFO] - Starting app at: 'C:\Users\mhmdr\Desktop\SQA-Wave9-Kelompok2\androidapp\app-release-second-hand-gcp.apk'

2023-07-24 12:36:07 - [MESSAGE][PASSED] - Started app at: 'C:\Users\mhmdr\Desktop\SQA-Wave9-Kelompok2\androidapp\app-release-second-hand-gcp.apk'

2023-07-24 12:36:07 - [TEST_STEP][PASSED] - callTestCase(findTestCase("secondhand-app/Pages/MenuBar App/Tap Akun"), [:], STOP_ON_FAILURE): Call Test Case 'Test Cases/secondhand-app/Pages/MenuBar App/Tap Akun' successfully

2023-07-24 12:36:07 - [MESSAGE][INFO] - Checking called Test Case

2023-07-24 12:36:07 - [MESSAGE][INFO] - Starting to call Test Case 'Test Cases/secondhand-app/Pages/MenuBar App/Tap Akun'

2023-07-24 12:36:07 - [TEST_CASE][PASSED] - Test Cases/secondhand-app/Pages/MenuBar App/Tap Akun: Test Cases/secondhand-app/Pages/MenuBar App/Tap Akun

2023-07-24 12:36:07 - [TEST_STEP][PASSED] - waitForElementPresent(findTestObject("secondhand-app/MenuBar App/android.widget.TextView - Akun"), 2): Element 'Object Repository/secondhand-app/MenuBar App/android.widget.TextView - Akun' is present

2023-07-24 12:36:07 - [MESSAGE][INFO] - Finding Test Object 'Object Repository/secondhand-app/MenuBar App/android.widget.TextView - Akun'

2023-07-24 12:36:07 - [MESSAGE][INFO] - Checking object

2023-07-24 12:36:07 - [MESSAGE][INFO] - Checking timeout

2023-07-24 12:36:09 - [MESSAGE][PASSED] - Element 'Object Repository/secondhand-app/MenuBar App/android.widget.TextView - Akun' is present

2023-07-24 12:36:09 - [TEST_STEP][PASSED] - tap(findTestObject("secondhand-app/MenuBar App/android.widget.TextView - Akun"), 2): Tapped on element 'Object Repository/secondhand-app/MenuBar App/android.widget.TextView - Akun'

2023-07-24 12:36:09 - [MESSAGE][INFO] - Finding Test Object 'Object Repository/secondhand-app/MenuBar App/android.widget.TextView - Akun'

2023-07-24 12:36:09 - [MESSAGE][INFO] - Checking object

2023-07-24 12:36:09 - [MESSAGE][INFO] - Checking timeout

2023-07-24 12:36:11 - [MESSAGE][PASSED] - Tapped on element 'Object Repository/secondhand-app/MenuBar App/android.widget.TextView - Akun'

2023-07-24 12:36:11 - [MESSAGE][PASSED] - Call Test Case 'Test Cases/secondhand-app/Pages/MenuBar App/Tap Akun' successfully

2023-07-24 12:36:11 - [TEST_STEP][PASSED] - callTestCase(findTestCase("secondhand-app/Pages/My Account/Tap Masuk"), [:], STOP_ON_FAILURE): Call Test Case 'Test Cases/secondhand-app/Pages/My Account/Tap Masuk' successfully

2023-07-24 12:36:11 - [MESSAGE][INFO] - Checking called Test Case

2023-07-24 12:36:11 - [MESSAGE][INFO] - Starting to call Test Case 'Test Cases/secondhand-app/Pages/My Account/Tap Masuk'

2023-07-24 12:36:11 - [TEST_CASE][PASSED] - Test Cases/secondhand-app/Pages/My Account/Tap Masuk: Test Cases/secondhand-app/Pages/My Account/Tap Masuk

2023-07-24 12:36:11 - [TEST_STEP][PASSED] - waitForElementPresent(findTestObject("secondhand-app/Page Account/android.widget.Button - Masuk"), 2): Element 'Object Repository/secondhand-app/Page Account/android.widget.Button - Masuk' is present

2023-07-24 12:36:11 - [MESSAGE][INFO] - Finding Test Object 'Object Repository/secondhand-app/Page Account/android.widget.Button - Masuk'

2023-07-24 12:36:11 - [MESSAGE][INFO] - Checking object

2023-07-24 12:36:11 - [MESSAGE][INFO] - Checking timeout

2023-07-24 12:36:12 - [MESSAGE][PASSED] - Element 'Object Repository/secondhand-app/Page Account/android.widget.Button - Masuk' is present

2023-07-24 12:36:12 - [TEST_STEP][PASSED] - tap(findTestObject("secondhand-app/Page Account/android.widget.Button - Masuk"), 2): Tapped on element 'Object Repository/secondhand-app/Page Account/android.widget.Button - Masuk'

2023-07-24 12:36:12 - [MESSAGE][INFO] - Finding Test Object 'Object Repository/secondhand-app/Page Account/android.widget.Button - Masuk'

2023-07-24 12:36:12 - [MESSAGE][INFO] - Checking object

2023-07-24 12:36:12 - [MESSAGE][INFO] - Checking timeout

2023-07-24 12:36:12 - [MESSAGE][PASSED] - Tapped on element 'Object Repository/secondhand-app/Page Account/android.widget.Button - Masuk'

2023-07-24 12:36:12 - [MESSAGE][PASSED] - Call Test Case 'Test Cases/secondhand-app/Pages/My Account/Tap Masuk' successfully

2023-07-24 12:36:12 - [TEST_STEP][PASSED] - callTestCase(findTestCase("secondhand-app/Pages/User Login/Tap Daftar"), [:], STOP_ON_FAILURE): Call Test Case 'Test Cases/secondhand-app/Pages/User Login/Tap Daftar' successfully

2023-07-24 12:36:12 - [MESSAGE][INFO] - Checking called Test Case

2023-07-24 12:36:12 - [MESSAGE][INFO] - Starting to call Test Case 'Test Cases/secondhand-app/Pages/User Login/Tap Daftar'

2023-07-24 12:36:12 - [TEST_CASE][PASSED] - Test Cases/secondhand-app/Pages/User Login/Tap Daftar: Test Cases/secondhand-app/Pages/User Login/Tap Daftar

2023-07-24 12:36:12 - [TEST_STEP][PASSED] - waitForElementPresent(findTestObject("secondhand-app/Page Login/android.widget.TextView - Daftar"), 2): Element 'Object Repository/secondhand-app/Page Login/android.widget.TextView - Daftar' is present

2023-07-24 12:36:12 - [MESSAGE][INFO] - Finding Test Object 'Object Repository/secondhand-app/Page Login/android.widget.TextView - Daftar'

2023-07-24 12:36:12 - [MESSAGE][INFO] - Checking object

2023-07-24 12:36:12 - [MESSAGE][INFO] - Checking timeout

2023-07-24 12:36:14 - [MESSAGE][PASSED] - Element 'Object Repository/secondhand-app/Page Login/android.widget.TextView - Daftar' is present

2023-07-24 12:36:14 - [TEST_STEP][PASSED] - tap(findTestObject("secondhand-app/Page Login/android.widget.TextView - Daftar"), 2): Tapped on element 'Object Repository/secondhand-app/Page Login/android.widget.TextView - Daftar'

2023-07-24 12:36:14 - [MESSAGE][INFO] - Finding Test Object 'Object Repository/secondhand-app/Page Login/android.widget.TextView - Daftar'

2023-07-24 12:36:14 - [MESSAGE][INFO] - Checking object

2023-07-24 12:36:14 - [MESSAGE][INFO] - Checking timeout

2023-07-24 12:36:14 - [MESSAGE][PASSED] - Tapped on element 'Object Repository/secondhand-app/Page Login/android.widget.TextView - Daftar'

2023-07-24 12:36:14 - [MESSAGE][PASSED] - Call Test Case 'Test Cases/secondhand-app/Pages/User Login/Tap Daftar' successfully

2023-07-24 12:36:14 - [TEST_STEP][PASSED] - callTestCase(findTestCase("secondhand-app/Pages/User Registration/Input Nama"), [:], STOP_ON_FAILURE): Call Test Case 'Test Cases/secondhand-app/Pages/User Registration/Input Nama' successfully

2023-07-24 12:36:14 - [MESSAGE][INFO] - Checking called Test Case

2023-07-24 12:36:14 - [MESSAGE][INFO] - Starting to call Test Case 'Test Cases/secondhand-app/Pages/User Registration/Input Nama'

2023-07-24 12:36:14 - [TEST_CASE][PASSED] - Test Cases/secondhand-app/Pages/User Registration/Input Nama: Test Cases/secondhand-app/Pages/User Registration/Input Nama

2023-07-24 12:36:14 - [TEST_STEP][PASSED] - clearText(findTestObject("secondhand-app/Page Register/android.widget.EditText - Masukkan nama lengkap"), 1): Element 'Object Repository/secondhand-app/Page Register/android.widget.EditText - Masukkan nama lengkap' text is cleared

2023-07-24 12:36:14 - [MESSAGE][INFO] - Finding Test Object 'Object Repository/secondhand-app/Page Register/android.widget.EditText - Masukkan nama lengkap'

2023-07-24 12:36:14 - [MESSAGE][INFO] - Checking object

2023-07-24 12:36:14 - [MESSAGE][INFO] - Checking timeout

2023-07-24 12:36:15 - [MESSAGE][PASSED] - Element 'Object Repository/secondhand-app/Page Register/android.widget.EditText - Masukkan nama lengkap' text is cleared

2023-07-24 12:36:15 - [TEST_STEP][PASSED] - setText(findTestObject("secondhand-app/Page Register/android.widget.EditText - Masukkan nama lengkap"), "Muhammad Rizki", 0): Text 'Muhammad Rizki' has been set to element 'Object Repository/secondhand-app/Page Register/android.widget.EditText - Masukkan nama lengkap'

2023-07-24 12:36:15 - [MESSAGE][INFO] - Finding Test Object 'Object Repository/secondhand-app/Page Register/android.widget.EditText - Masukkan nama lengkap'

2023-07-24 12:36:15 - [MESSAGE][INFO] - Checking object

2023-07-24 12:36:15 - [MESSAGE][INFO] - Checking timeout

2023-07-24 12:36:15 - [MESSAGE][WARNING] - Timeout '0' is invalid. Using default page load timeout: '30'

2023-07-24 12:36:17 - [MESSAGE][PASSED] - Text 'Muhammad Rizki' has been set to element 'Object Repository/secondhand-app/Page Register/android.widget.EditText - Masukkan nama lengkap'

2023-07-24 12:36:17 - [TEST_STEP][PASSED] - takeScreenshot("screenshot", STOP_ON_FAILURE): Screenshot is taken

2023-07-24 12:36:17 - [MESSAGE][PASSED] - Screenshot is taken
[[ATTACHMENT|C:\\Users\\mhmdr\\Desktop\\SQA-Wave9-Kelompok2\\Reports\\20230724_123507\\secondhand-app\\Feature Register\\20230724_123507\\screenshot]]

2023-07-24 12:36:17 - [MESSAGE][PASSED] - Call Test Case 'Test Cases/secondhand-app/Pages/User Registration/Input Nama' successfully

2023-07-24 12:36:17 - [TEST_STEP][PASSED] - callTestCase(findTestCase("secondhand-app/Pages/User Registration/Input Email - Rizki Valid"), [:], STOP_ON_FAILURE): Call Test Case 'Test Cases/secondhand-app/Pages/User Registration/Input Email - Rizki Valid' successfully

2023-07-24 12:36:17 - [MESSAGE][INFO] - Checking called Test Case

2023-07-24 12:36:17 - [MESSAGE][INFO] - Starting to call Test Case 'Test Cases/secondhand-app/Pages/User Registration/Input Email - Rizki Valid'

2023-07-24 12:36:18 - [TEST_CASE][PASSED] - Test Cases/secondhand-app/Pages/User Registration/Input Email - Rizki Valid: Test Cases/secondhand-app/Pages/User Registration/Input Email - Rizki Valid

2023-07-24 12:36:18 - [TEST_STEP][PASSED] - clearText(findTestObject("secondhand-app/Page Register/android.widget.EditText - Masukkan email"), 1): Element 'Object Repository/secondhand-app/Page Register/android.widget.EditText - Masukkan email' text is cleared

2023-07-24 12:36:18 - [MESSAGE][INFO] - Finding Test Object 'Object Repository/secondhand-app/Page Register/android.widget.EditText - Masukkan email'

2023-07-24 12:36:18 - [MESSAGE][INFO] - Checking object

2023-07-24 12:36:18 - [MESSAGE][INFO] - Checking timeout

2023-07-24 12:36:18 - [MESSAGE][PASSED] - Element 'Object Repository/secondhand-app/Page Register/android.widget.EditText - Masukkan email' text is cleared

2023-07-24 12:36:18 - [TEST_STEP][PASSED] - setText(findTestObject("secondhand-app/Page Register/android.widget.EditText - Masukkan email"), "mhmdrizki250@gmail.com", 0): Text 'mhmdrizki250@gmail.com' has been set to element 'Object Repository/secondhand-app/Page Register/android.widget.EditText - Masukkan email'

2023-07-24 12:36:18 - [MESSAGE][INFO] - Finding Test Object 'Object Repository/secondhand-app/Page Register/android.widget.EditText - Masukkan email'

2023-07-24 12:36:18 - [MESSAGE][INFO] - Checking object

2023-07-24 12:36:18 - [MESSAGE][INFO] - Checking timeout

2023-07-24 12:36:18 - [MESSAGE][WARNING] - Timeout '0' is invalid. Using default page load timeout: '30'

2023-07-24 12:36:19 - [MESSAGE][PASSED] - Text 'mhmdrizki250@gmail.com' has been set to element 'Object Repository/secondhand-app/Page Register/android.widget.EditText - Masukkan email'

2023-07-24 12:36:19 - [TEST_STEP][PASSED] - takeScreenshot("screenshot", STOP_ON_FAILURE): Screenshot is taken

2023-07-24 12:36:20 - [MESSAGE][PASSED] - Screenshot is taken
[[ATTACHMENT|C:\\Users\\mhmdr\\Desktop\\SQA-Wave9-Kelompok2\\Reports\\20230724_123507\\secondhand-app\\Feature Register\\20230724_123507\\screenshot]]

2023-07-24 12:36:20 - [MESSAGE][PASSED] - Call Test Case 'Test Cases/secondhand-app/Pages/User Registration/Input Email - Rizki Valid' successfully

2023-07-24 12:36:20 - [TEST_STEP][PASSED] - callTestCase(findTestCase("secondhand-app/Pages/User Registration/Input Password - Rizki Valid"), [:], STOP_ON_FAILURE): Call Test Case 'Test Cases/secondhand-app/Pages/User Registration/Input Password - Rizki Valid' successfully

2023-07-24 12:36:20 - [MESSAGE][INFO] - Checking called Test Case

2023-07-24 12:36:20 - [MESSAGE][INFO] - Starting to call Test Case 'Test Cases/secondhand-app/Pages/User Registration/Input Password - Rizki Valid'

2023-07-24 12:36:20 - [TEST_CASE][PASSED] - Test Cases/secondhand-app/Pages/User Registration/Input Password - Rizki Valid: Test Cases/secondhand-app/Pages/User Registration/Input Password - Rizki Valid

2023-07-24 12:36:20 - [TEST_STEP][PASSED] - clearText(findTestObject("secondhand-app/Page Register/android.widget.EditText - Masukkan password"), 1): Element 'Object Repository/secondhand-app/Page Register/android.widget.EditText - Masukkan password' text is cleared

2023-07-24 12:36:20 - [MESSAGE][INFO] - Finding Test Object 'Object Repository/secondhand-app/Page Register/android.widget.EditText - Masukkan password'

2023-07-24 12:36:20 - [MESSAGE][INFO] - Checking object

2023-07-24 12:36:20 - [MESSAGE][INFO] - Checking timeout

2023-07-24 12:36:21 - [MESSAGE][PASSED] - Element 'Object Repository/secondhand-app/Page Register/android.widget.EditText - Masukkan password' text is cleared

2023-07-24 12:36:21 - [TEST_STEP][PASSED] - setText(findTestObject("secondhand-app/Page Register/android.widget.EditText - Masukkan password"), "Kiki12345", 0): Text 'Kiki12345' has been set to element 'Object Repository/secondhand-app/Page Register/android.widget.EditText - Masukkan password'

2023-07-24 12:36:21 - [MESSAGE][INFO] - Finding Test Object 'Object Repository/secondhand-app/Page Register/android.widget.EditText - Masukkan password'

2023-07-24 12:36:21 - [MESSAGE][INFO] - Checking object

2023-07-24 12:36:21 - [MESSAGE][INFO] - Checking timeout

2023-07-24 12:36:21 - [MESSAGE][WARNING] - Timeout '0' is invalid. Using default page load timeout: '30'

2023-07-24 12:36:23 - [MESSAGE][PASSED] - Text 'Kiki12345' has been set to element 'Object Repository/secondhand-app/Page Register/android.widget.EditText - Masukkan password'

2023-07-24 12:36:23 - [TEST_STEP][PASSED] - takeScreenshot("screenshot", STOP_ON_FAILURE): Screenshot is taken

2023-07-24 12:36:23 - [MESSAGE][PASSED] - Screenshot is taken
[[ATTACHMENT|C:\\Users\\mhmdr\\Desktop\\SQA-Wave9-Kelompok2\\Reports\\20230724_123507\\secondhand-app\\Feature Register\\20230724_123507\\screenshot]]

2023-07-24 12:36:23 - [MESSAGE][PASSED] - Call Test Case 'Test Cases/secondhand-app/Pages/User Registration/Input Password - Rizki Valid' successfully

2023-07-24 12:36:23 - [TEST_STEP][PASSED] - callTestCase(findTestCase("secondhand-app/Pages/User Registration/Input Nomor HP"), [:], STOP_ON_FAILURE): Call Test Case 'Test Cases/secondhand-app/Pages/User Registration/Input Nomor HP' successfully

2023-07-24 12:36:23 - [MESSAGE][INFO] - Checking called Test Case

2023-07-24 12:36:23 - [MESSAGE][INFO] - Starting to call Test Case 'Test Cases/secondhand-app/Pages/User Registration/Input Nomor HP'

2023-07-24 12:36:23 - [TEST_CASE][PASSED] - Test Cases/secondhand-app/Pages/User Registration/Input Nomor HP: Test Cases/secondhand-app/Pages/User Registration/Input Nomor HP

2023-07-24 12:36:23 - [TEST_STEP][PASSED] - clearText(findTestObject("secondhand-app/Page Register/android.widget.EditText - Contoh 08123456789"), 1): Element 'Object Repository/secondhand-app/Page Register/android.widget.EditText - Contoh 08123456789' text is cleared

2023-07-24 12:36:23 - [MESSAGE][INFO] - Finding Test Object 'Object Repository/secondhand-app/Page Register/android.widget.EditText - Contoh 08123456789'

2023-07-24 12:36:23 - [MESSAGE][INFO] - Checking object

2023-07-24 12:36:23 - [MESSAGE][INFO] - Checking timeout

2023-07-24 12:36:24 - [MESSAGE][PASSED] - Element 'Object Repository/secondhand-app/Page Register/android.widget.EditText - Contoh 08123456789' text is cleared

2023-07-24 12:36:24 - [TEST_STEP][PASSED] - setText(findTestObject("secondhand-app/Page Register/android.widget.EditText - Contoh 08123456789"), "081233334444", 0): Text '081233334444' has been set to element 'Object Repository/secondhand-app/Page Register/android.widget.EditText - Contoh 08123456789'

2023-07-24 12:36:24 - [MESSAGE][INFO] - Finding Test Object 'Object Repository/secondhand-app/Page Register/android.widget.EditText - Contoh 08123456789'

2023-07-24 12:36:24 - [MESSAGE][INFO] - Checking object

2023-07-24 12:36:24 - [MESSAGE][INFO] - Checking timeout

2023-07-24 12:36:24 - [MESSAGE][WARNING] - Timeout '0' is invalid. Using default page load timeout: '30'

2023-07-24 12:36:26 - [MESSAGE][PASSED] - Text '081233334444' has been set to element 'Object Repository/secondhand-app/Page Register/android.widget.EditText - Contoh 08123456789'

2023-07-24 12:36:26 - [TEST_STEP][PASSED] - takeScreenshot("screenshot", STOP_ON_FAILURE): Screenshot is taken

2023-07-24 12:36:26 - [MESSAGE][PASSED] - Screenshot is taken
[[ATTACHMENT|C:\\Users\\mhmdr\\Desktop\\SQA-Wave9-Kelompok2\\Reports\\20230724_123507\\secondhand-app\\Feature Register\\20230724_123507\\screenshot]]

2023-07-24 12:36:26 - [MESSAGE][PASSED] - Call Test Case 'Test Cases/secondhand-app/Pages/User Registration/Input Nomor HP' successfully

2023-07-24 12:36:26 - [TEST_STEP][PASSED] - callTestCase(findTestCase("secondhand-app/Pages/User Registration/Input Kota"), [:], STOP_ON_FAILURE): Call Test Case 'Test Cases/secondhand-app/Pages/User Registration/Input Kota' successfully

2023-07-24 12:36:26 - [MESSAGE][INFO] - Checking called Test Case

2023-07-24 12:36:26 - [MESSAGE][INFO] - Starting to call Test Case 'Test Cases/secondhand-app/Pages/User Registration/Input Kota'

2023-07-24 12:36:26 - [TEST_CASE][PASSED] - Test Cases/secondhand-app/Pages/User Registration/Input Kota: Test Cases/secondhand-app/Pages/User Registration/Input Kota

2023-07-24 12:36:26 - [TEST_STEP][PASSED] - clearText(findTestObject("secondhand-app/Page Register/android.widget.EditText - Masukkan kota"), 1): Element 'Object Repository/secondhand-app/Page Register/android.widget.EditText - Masukkan kota' text is cleared

2023-07-24 12:36:26 - [MESSAGE][INFO] - Finding Test Object 'Object Repository/secondhand-app/Page Register/android.widget.EditText - Masukkan kota'

2023-07-24 12:36:26 - [MESSAGE][INFO] - Checking object

2023-07-24 12:36:26 - [MESSAGE][INFO] - Checking timeout

2023-07-24 12:36:27 - [MESSAGE][PASSED] - Element 'Object Repository/secondhand-app/Page Register/android.widget.EditText - Masukkan kota' text is cleared

2023-07-24 12:36:27 - [TEST_STEP][PASSED] - setText(findTestObject("secondhand-app/Page Register/android.widget.EditText - Masukkan kota"), "Tarakan, KalTara", 0): Text 'Tarakan, KalTara' has been set to element 'Object Repository/secondhand-app/Page Register/android.widget.EditText - Masukkan kota'

2023-07-24 12:36:27 - [MESSAGE][INFO] - Finding Test Object 'Object Repository/secondhand-app/Page Register/android.widget.EditText - Masukkan kota'

2023-07-24 12:36:27 - [MESSAGE][INFO] - Checking object

2023-07-24 12:36:27 - [MESSAGE][INFO] - Checking timeout

2023-07-24 12:36:27 - [MESSAGE][WARNING] - Timeout '0' is invalid. Using default page load timeout: '30'

2023-07-24 12:36:28 - [MESSAGE][PASSED] - Text 'Tarakan, KalTara' has been set to element 'Object Repository/secondhand-app/Page Register/android.widget.EditText - Masukkan kota'

2023-07-24 12:36:28 - [TEST_STEP][PASSED] - takeScreenshot("screenshot", STOP_ON_FAILURE): Screenshot is taken

2023-07-24 12:36:29 - [MESSAGE][PASSED] - Screenshot is taken
[[ATTACHMENT|C:\\Users\\mhmdr\\Desktop\\SQA-Wave9-Kelompok2\\Reports\\20230724_123507\\secondhand-app\\Feature Register\\20230724_123507\\screenshot]]

2023-07-24 12:36:29 - [MESSAGE][PASSED] - Call Test Case 'Test Cases/secondhand-app/Pages/User Registration/Input Kota' successfully

2023-07-24 12:36:29 - [TEST_STEP][PASSED] - callTestCase(findTestCase("secondhand-app/Pages/User Registration/Input Alamat"), [:], STOP_ON_FAILURE): Call Test Case 'Test Cases/secondhand-app/Pages/User Registration/Input Alamat' successfully

2023-07-24 12:36:29 - [MESSAGE][INFO] - Checking called Test Case

2023-07-24 12:36:29 - [MESSAGE][INFO] - Starting to call Test Case 'Test Cases/secondhand-app/Pages/User Registration/Input Alamat'

2023-07-24 12:36:29 - [TEST_CASE][PASSED] - Test Cases/secondhand-app/Pages/User Registration/Input Alamat: Test Cases/secondhand-app/Pages/User Registration/Input Alamat

2023-07-24 12:36:29 - [TEST_STEP][PASSED] - clearText(findTestObject("secondhand-app/Page Register/android.widget.EditText - Masukkan alamat"), 1): Element 'Object Repository/secondhand-app/Page Register/android.widget.EditText - Masukkan alamat' text is cleared

2023-07-24 12:36:29 - [MESSAGE][INFO] - Finding Test Object 'Object Repository/secondhand-app/Page Register/android.widget.EditText - Masukkan alamat'

2023-07-24 12:36:29 - [MESSAGE][INFO] - Checking object

2023-07-24 12:36:29 - [MESSAGE][INFO] - Checking timeout

2023-07-24 12:36:29 - [MESSAGE][PASSED] - Element 'Object Repository/secondhand-app/Page Register/android.widget.EditText - Masukkan alamat' text is cleared

2023-07-24 12:36:29 - [TEST_STEP][PASSED] - setText(findTestObject("secondhand-app/Page Register/android.widget.EditText - Masukkan alamat"), "Jl. Kenangan Masa Lalu No.404", 0): Text 'Jl. Kenangan Masa Lalu No.404' has been set to element 'Object Repository/secondhand-app/Page Register/android.widget.EditText - Masukkan alamat'

2023-07-24 12:36:29 - [MESSAGE][INFO] - Finding Test Object 'Object Repository/secondhand-app/Page Register/android.widget.EditText - Masukkan alamat'

2023-07-24 12:36:30 - [MESSAGE][INFO] - Checking object

2023-07-24 12:36:30 - [MESSAGE][INFO] - Checking timeout

2023-07-24 12:36:30 - [MESSAGE][WARNING] - Timeout '0' is invalid. Using default page load timeout: '30'

2023-07-24 12:36:31 - [MESSAGE][PASSED] - Text 'Jl. Kenangan Masa Lalu No.404' has been set to element 'Object Repository/secondhand-app/Page Register/android.widget.EditText - Masukkan alamat'

2023-07-24 12:36:31 - [TEST_STEP][PASSED] - takeScreenshot("screenshot", STOP_ON_FAILURE): Screenshot is taken

2023-07-24 12:36:32 - [MESSAGE][PASSED] - Screenshot is taken
[[ATTACHMENT|C:\\Users\\mhmdr\\Desktop\\SQA-Wave9-Kelompok2\\Reports\\20230724_123507\\secondhand-app\\Feature Register\\20230724_123507\\screenshot]]

2023-07-24 12:36:32 - [MESSAGE][PASSED] - Call Test Case 'Test Cases/secondhand-app/Pages/User Registration/Input Alamat' successfully

2023-07-24 12:36:32 - [TEST_STEP][PASSED] - callTestCase(findTestCase("secondhand-app/Pages/User Registration/Tap Daftar"), [:], STOP_ON_FAILURE): Call Test Case 'Test Cases/secondhand-app/Pages/User Registration/Tap Daftar' successfully

2023-07-24 12:36:32 - [MESSAGE][INFO] - Checking called Test Case

2023-07-24 12:36:32 - [MESSAGE][INFO] - Starting to call Test Case 'Test Cases/secondhand-app/Pages/User Registration/Tap Daftar'

2023-07-24 12:36:32 - [TEST_CASE][PASSED] - Test Cases/secondhand-app/Pages/User Registration/Tap Daftar: Test Cases/secondhand-app/Pages/User Registration/Tap Daftar

2023-07-24 12:36:32 - [TEST_STEP][PASSED] - waitForElementPresent(findTestObject("secondhand-app/Page Register/android.widget.Button - Daftar"), 2): Element 'Object Repository/secondhand-app/Page Register/android.widget.Button - Daftar' is present

2023-07-24 12:36:32 - [MESSAGE][INFO] - Finding Test Object 'Object Repository/secondhand-app/Page Register/android.widget.Button - Daftar'

2023-07-24 12:36:32 - [MESSAGE][INFO] - Checking object

2023-07-24 12:36:32 - [MESSAGE][INFO] - Checking timeout

2023-07-24 12:36:34 - [MESSAGE][PASSED] - Element 'Object Repository/secondhand-app/Page Register/android.widget.Button - Daftar' is present

2023-07-24 12:36:34 - [TEST_STEP][PASSED] - tap(findTestObject("secondhand-app/Page Register/android.widget.Button - Daftar"), 2): Tapped on element 'Object Repository/secondhand-app/Page Register/android.widget.Button - Daftar'

2023-07-24 12:36:34 - [MESSAGE][INFO] - Finding Test Object 'Object Repository/secondhand-app/Page Register/android.widget.Button - Daftar'

2023-07-24 12:36:34 - [MESSAGE][INFO] - Checking object

2023-07-24 12:36:34 - [MESSAGE][INFO] - Checking timeout

2023-07-24 12:36:37 - [MESSAGE][PASSED] - Tapped on element 'Object Repository/secondhand-app/Page Register/android.widget.Button - Daftar'

2023-07-24 12:36:37 - [MESSAGE][PASSED] - Call Test Case 'Test Cases/secondhand-app/Pages/User Registration/Tap Daftar' successfully]]></system-out>
         <system-err><![CDATA[]]></system-err>
      </testcase>
      <testcase name="Test Cases/secondhand-app/Step Definition/Feature Registration/PR003 - user should not be able to register using invalid email" time="45.178" classname="Test Cases/secondhand-app/Step Definition/Feature Registration/PR003 - user should not be able to register using invalid email" status="PASSED">
         <system-out><![CDATA[2023-07-24 12:36:37 - [TEST_CASE][PASSED] - Test Cases/secondhand-app/Step Definition/Feature Registration/PR003 - user should not be able to register using invalid email: Test Cases/secondhand-app/Step Definition/Feature Registration/PR003 - user should not be able to register using invalid email

2023-07-24 12:36:37 - [TEST_STEP][PASSED] - startApplication("androidapp/app-release-second-hand-gcp.apk", false): Started app at: 'C:\Users\mhmdr\Desktop\SQA-Wave9-Kelompok2\androidapp\app-release-second-hand-gcp.apk'

2023-07-24 12:36:37 - [MESSAGE][INFO] - Starting app at: 'C:\Users\mhmdr\Desktop\SQA-Wave9-Kelompok2\androidapp\app-release-second-hand-gcp.apk'

2023-07-24 12:36:47 - [MESSAGE][PASSED] - Started app at: 'C:\Users\mhmdr\Desktop\SQA-Wave9-Kelompok2\androidapp\app-release-second-hand-gcp.apk'

2023-07-24 12:36:47 - [TEST_STEP][PASSED] - callTestCase(findTestCase("secondhand-app/Pages/MenuBar App/Tap Akun"), [:], STOP_ON_FAILURE): Call Test Case 'Test Cases/secondhand-app/Pages/MenuBar App/Tap Akun' successfully

2023-07-24 12:36:47 - [MESSAGE][INFO] - Checking called Test Case

2023-07-24 12:36:47 - [MESSAGE][INFO] - Starting to call Test Case 'Test Cases/secondhand-app/Pages/MenuBar App/Tap Akun'

2023-07-24 12:36:47 - [TEST_CASE][PASSED] - Test Cases/secondhand-app/Pages/MenuBar App/Tap Akun: Test Cases/secondhand-app/Pages/MenuBar App/Tap Akun

2023-07-24 12:36:47 - [TEST_STEP][PASSED] - waitForElementPresent(findTestObject("secondhand-app/MenuBar App/android.widget.TextView - Akun"), 2): Element 'Object Repository/secondhand-app/MenuBar App/android.widget.TextView - Akun' is present

2023-07-24 12:36:47 - [MESSAGE][INFO] - Finding Test Object 'Object Repository/secondhand-app/MenuBar App/android.widget.TextView - Akun'

2023-07-24 12:36:47 - [MESSAGE][INFO] - Checking object

2023-07-24 12:36:47 - [MESSAGE][INFO] - Checking timeout

2023-07-24 12:36:50 - [MESSAGE][PASSED] - Element 'Object Repository/secondhand-app/MenuBar App/android.widget.TextView - Akun' is present

2023-07-24 12:36:50 - [TEST_STEP][PASSED] - tap(findTestObject("secondhand-app/MenuBar App/android.widget.TextView - Akun"), 2): Tapped on element 'Object Repository/secondhand-app/MenuBar App/android.widget.TextView - Akun'

2023-07-24 12:36:50 - [MESSAGE][INFO] - Finding Test Object 'Object Repository/secondhand-app/MenuBar App/android.widget.TextView - Akun'

2023-07-24 12:36:50 - [MESSAGE][INFO] - Checking object

2023-07-24 12:36:50 - [MESSAGE][INFO] - Checking timeout

2023-07-24 12:36:54 - [MESSAGE][PASSED] - Tapped on element 'Object Repository/secondhand-app/MenuBar App/android.widget.TextView - Akun'

2023-07-24 12:36:54 - [MESSAGE][PASSED] - Call Test Case 'Test Cases/secondhand-app/Pages/MenuBar App/Tap Akun' successfully

2023-07-24 12:36:54 - [TEST_STEP][PASSED] - callTestCase(findTestCase("secondhand-app/Pages/My Account/Tap Masuk"), [:], STOP_ON_FAILURE): Call Test Case 'Test Cases/secondhand-app/Pages/My Account/Tap Masuk' successfully

2023-07-24 12:36:54 - [MESSAGE][INFO] - Checking called Test Case

2023-07-24 12:36:54 - [MESSAGE][INFO] - Starting to call Test Case 'Test Cases/secondhand-app/Pages/My Account/Tap Masuk'

2023-07-24 12:36:54 - [TEST_CASE][PASSED] - Test Cases/secondhand-app/Pages/My Account/Tap Masuk: Test Cases/secondhand-app/Pages/My Account/Tap Masuk

2023-07-24 12:36:54 - [TEST_STEP][PASSED] - waitForElementPresent(findTestObject("secondhand-app/Page Account/android.widget.Button - Masuk"), 2): Element 'Object Repository/secondhand-app/Page Account/android.widget.Button - Masuk' is present

2023-07-24 12:36:54 - [MESSAGE][INFO] - Finding Test Object 'Object Repository/secondhand-app/Page Account/android.widget.Button - Masuk'

2023-07-24 12:36:54 - [MESSAGE][INFO] - Checking object

2023-07-24 12:36:54 - [MESSAGE][INFO] - Checking timeout

2023-07-24 12:36:54 - [MESSAGE][PASSED] - Element 'Object Repository/secondhand-app/Page Account/android.widget.Button - Masuk' is present

2023-07-24 12:36:54 - [TEST_STEP][PASSED] - tap(findTestObject("secondhand-app/Page Account/android.widget.Button - Masuk"), 2): Tapped on element 'Object Repository/secondhand-app/Page Account/android.widget.Button - Masuk'

2023-07-24 12:36:54 - [MESSAGE][INFO] - Finding Test Object 'Object Repository/secondhand-app/Page Account/android.widget.Button - Masuk'

2023-07-24 12:36:54 - [MESSAGE][INFO] - Checking object

2023-07-24 12:36:54 - [MESSAGE][INFO] - Checking timeout

2023-07-24 12:36:54 - [MESSAGE][PASSED] - Tapped on element 'Object Repository/secondhand-app/Page Account/android.widget.Button - Masuk'

2023-07-24 12:36:54 - [MESSAGE][PASSED] - Call Test Case 'Test Cases/secondhand-app/Pages/My Account/Tap Masuk' successfully

2023-07-24 12:36:54 - [TEST_STEP][PASSED] - callTestCase(findTestCase("secondhand-app/Pages/User Login/Tap Daftar"), [:], STOP_ON_FAILURE): Call Test Case 'Test Cases/secondhand-app/Pages/User Login/Tap Daftar' successfully

2023-07-24 12:36:54 - [MESSAGE][INFO] - Checking called Test Case

2023-07-24 12:36:54 - [MESSAGE][INFO] - Starting to call Test Case 'Test Cases/secondhand-app/Pages/User Login/Tap Daftar'

2023-07-24 12:36:54 - [TEST_CASE][PASSED] - Test Cases/secondhand-app/Pages/User Login/Tap Daftar: Test Cases/secondhand-app/Pages/User Login/Tap Daftar

2023-07-24 12:36:54 - [TEST_STEP][PASSED] - waitForElementPresent(findTestObject("secondhand-app/Page Login/android.widget.TextView - Daftar"), 2): Element 'Object Repository/secondhand-app/Page Login/android.widget.TextView - Daftar' is present

2023-07-24 12:36:54 - [MESSAGE][INFO] - Finding Test Object 'Object Repository/secondhand-app/Page Login/android.widget.TextView - Daftar'

2023-07-24 12:36:54 - [MESSAGE][INFO] - Checking object

2023-07-24 12:36:54 - [MESSAGE][INFO] - Checking timeout

2023-07-24 12:36:56 - [MESSAGE][PASSED] - Element 'Object Repository/secondhand-app/Page Login/android.widget.TextView - Daftar' is present

2023-07-24 12:36:56 - [TEST_STEP][PASSED] - tap(findTestObject("secondhand-app/Page Login/android.widget.TextView - Daftar"), 2): Tapped on element 'Object Repository/secondhand-app/Page Login/android.widget.TextView - Daftar'

2023-07-24 12:36:56 - [MESSAGE][INFO] - Finding Test Object 'Object Repository/secondhand-app/Page Login/android.widget.TextView - Daftar'

2023-07-24 12:36:56 - [MESSAGE][INFO] - Checking object

2023-07-24 12:36:56 - [MESSAGE][INFO] - Checking timeout

2023-07-24 12:36:56 - [MESSAGE][PASSED] - Tapped on element 'Object Repository/secondhand-app/Page Login/android.widget.TextView - Daftar'

2023-07-24 12:36:56 - [MESSAGE][PASSED] - Call Test Case 'Test Cases/secondhand-app/Pages/User Login/Tap Daftar' successfully

2023-07-24 12:36:56 - [TEST_STEP][PASSED] - callTestCase(findTestCase("secondhand-app/Pages/User Registration/Input Nama"), [:], STOP_ON_FAILURE): Call Test Case 'Test Cases/secondhand-app/Pages/User Registration/Input Nama' successfully

2023-07-24 12:36:56 - [MESSAGE][INFO] - Checking called Test Case

2023-07-24 12:36:56 - [MESSAGE][INFO] - Starting to call Test Case 'Test Cases/secondhand-app/Pages/User Registration/Input Nama'

2023-07-24 12:36:56 - [TEST_CASE][PASSED] - Test Cases/secondhand-app/Pages/User Registration/Input Nama: Test Cases/secondhand-app/Pages/User Registration/Input Nama

2023-07-24 12:36:56 - [TEST_STEP][PASSED] - clearText(findTestObject("secondhand-app/Page Register/android.widget.EditText - Masukkan nama lengkap"), 1): Element 'Object Repository/secondhand-app/Page Register/android.widget.EditText - Masukkan nama lengkap' text is cleared

2023-07-24 12:36:56 - [MESSAGE][INFO] - Finding Test Object 'Object Repository/secondhand-app/Page Register/android.widget.EditText - Masukkan nama lengkap'

2023-07-24 12:36:56 - [MESSAGE][INFO] - Checking object

2023-07-24 12:36:56 - [MESSAGE][INFO] - Checking timeout

2023-07-24 12:36:57 - [MESSAGE][PASSED] - Element 'Object Repository/secondhand-app/Page Register/android.widget.EditText - Masukkan nama lengkap' text is cleared

2023-07-24 12:36:57 - [TEST_STEP][PASSED] - setText(findTestObject("secondhand-app/Page Register/android.widget.EditText - Masukkan nama lengkap"), "Muhammad Rizki", 0): Text 'Muhammad Rizki' has been set to element 'Object Repository/secondhand-app/Page Register/android.widget.EditText - Masukkan nama lengkap'

2023-07-24 12:36:57 - [MESSAGE][INFO] - Finding Test Object 'Object Repository/secondhand-app/Page Register/android.widget.EditText - Masukkan nama lengkap'

2023-07-24 12:36:57 - [MESSAGE][INFO] - Checking object

2023-07-24 12:36:57 - [MESSAGE][INFO] - Checking timeout

2023-07-24 12:36:57 - [MESSAGE][WARNING] - Timeout '0' is invalid. Using default page load timeout: '30'

2023-07-24 12:36:59 - [MESSAGE][PASSED] - Text 'Muhammad Rizki' has been set to element 'Object Repository/secondhand-app/Page Register/android.widget.EditText - Masukkan nama lengkap'

2023-07-24 12:36:59 - [TEST_STEP][PASSED] - takeScreenshot("screenshot", STOP_ON_FAILURE): Screenshot is taken

2023-07-24 12:36:59 - [MESSAGE][PASSED] - Screenshot is taken
[[ATTACHMENT|C:\\Users\\mhmdr\\Desktop\\SQA-Wave9-Kelompok2\\Reports\\20230724_123507\\secondhand-app\\Feature Register\\20230724_123507\\screenshot]]

2023-07-24 12:36:59 - [MESSAGE][PASSED] - Call Test Case 'Test Cases/secondhand-app/Pages/User Registration/Input Nama' successfully

2023-07-24 12:36:59 - [TEST_STEP][PASSED] - callTestCase(findTestCase("secondhand-app/Pages/User Registration/Input Email - Rizki Invalid"), [:], STOP_ON_FAILURE): Call Test Case 'Test Cases/secondhand-app/Pages/User Registration/Input Email - Rizki Invalid' successfully

2023-07-24 12:36:59 - [MESSAGE][INFO] - Checking called Test Case

2023-07-24 12:36:59 - [MESSAGE][INFO] - Starting to call Test Case 'Test Cases/secondhand-app/Pages/User Registration/Input Email - Rizki Invalid'

2023-07-24 12:36:59 - [TEST_CASE][PASSED] - Test Cases/secondhand-app/Pages/User Registration/Input Email - Rizki Invalid: Test Cases/secondhand-app/Pages/User Registration/Input Email - Rizki Invalid

2023-07-24 12:37:00 - [TEST_STEP][PASSED] - clearText(findTestObject("secondhand-app/Page Register/android.widget.EditText - Masukkan email"), 1): Element 'Object Repository/secondhand-app/Page Register/android.widget.EditText - Masukkan email' text is cleared

2023-07-24 12:37:00 - [MESSAGE][INFO] - Finding Test Object 'Object Repository/secondhand-app/Page Register/android.widget.EditText - Masukkan email'

2023-07-24 12:37:00 - [MESSAGE][INFO] - Checking object

2023-07-24 12:37:00 - [MESSAGE][INFO] - Checking timeout

2023-07-24 12:37:01 - [MESSAGE][PASSED] - Element 'Object Repository/secondhand-app/Page Register/android.widget.EditText - Masukkan email' text is cleared

2023-07-24 12:37:01 - [TEST_STEP][PASSED] - setText(findTestObject("secondhand-app/Page Register/android.widget.EditText - Masukkan email"), "mhmdrizki250gmailcom", 0): Text 'mhmdrizki250gmailcom' has been set to element 'Object Repository/secondhand-app/Page Register/android.widget.EditText - Masukkan email'

2023-07-24 12:37:01 - [MESSAGE][INFO] - Finding Test Object 'Object Repository/secondhand-app/Page Register/android.widget.EditText - Masukkan email'

2023-07-24 12:37:01 - [MESSAGE][INFO] - Checking object

2023-07-24 12:37:01 - [MESSAGE][INFO] - Checking timeout

2023-07-24 12:37:01 - [MESSAGE][WARNING] - Timeout '0' is invalid. Using default page load timeout: '30'

2023-07-24 12:37:02 - [MESSAGE][PASSED] - Text 'mhmdrizki250gmailcom' has been set to element 'Object Repository/secondhand-app/Page Register/android.widget.EditText - Masukkan email'

2023-07-24 12:37:02 - [TEST_STEP][PASSED] - takeScreenshot("screenshot", STOP_ON_FAILURE): Screenshot is taken

2023-07-24 12:37:03 - [MESSAGE][PASSED] - Screenshot is taken
[[ATTACHMENT|C:\\Users\\mhmdr\\Desktop\\SQA-Wave9-Kelompok2\\Reports\\20230724_123507\\secondhand-app\\Feature Register\\20230724_123507\\screenshot]]

2023-07-24 12:37:03 - [MESSAGE][PASSED] - Call Test Case 'Test Cases/secondhand-app/Pages/User Registration/Input Email - Rizki Invalid' successfully

2023-07-24 12:37:03 - [TEST_STEP][PASSED] - callTestCase(findTestCase("secondhand-app/Pages/User Registration/Input Password - Rizki Valid"), [:], STOP_ON_FAILURE): Call Test Case 'Test Cases/secondhand-app/Pages/User Registration/Input Password - Rizki Valid' successfully

2023-07-24 12:37:03 - [MESSAGE][INFO] - Checking called Test Case

2023-07-24 12:37:03 - [MESSAGE][INFO] - Starting to call Test Case 'Test Cases/secondhand-app/Pages/User Registration/Input Password - Rizki Valid'

2023-07-24 12:37:03 - [TEST_CASE][PASSED] - Test Cases/secondhand-app/Pages/User Registration/Input Password - Rizki Valid: Test Cases/secondhand-app/Pages/User Registration/Input Password - Rizki Valid

2023-07-24 12:37:03 - [TEST_STEP][PASSED] - clearText(findTestObject("secondhand-app/Page Register/android.widget.EditText - Masukkan password"), 1): Element 'Object Repository/secondhand-app/Page Register/android.widget.EditText - Masukkan password' text is cleared

2023-07-24 12:37:03 - [MESSAGE][INFO] - Finding Test Object 'Object Repository/secondhand-app/Page Register/android.widget.EditText - Masukkan password'

2023-07-24 12:37:03 - [MESSAGE][INFO] - Checking object

2023-07-24 12:37:03 - [MESSAGE][INFO] - Checking timeout

2023-07-24 12:37:03 - [MESSAGE][PASSED] - Element 'Object Repository/secondhand-app/Page Register/android.widget.EditText - Masukkan password' text is cleared

2023-07-24 12:37:03 - [TEST_STEP][PASSED] - setText(findTestObject("secondhand-app/Page Register/android.widget.EditText - Masukkan password"), "Kiki12345", 0): Text 'Kiki12345' has been set to element 'Object Repository/secondhand-app/Page Register/android.widget.EditText - Masukkan password'

2023-07-24 12:37:03 - [MESSAGE][INFO] - Finding Test Object 'Object Repository/secondhand-app/Page Register/android.widget.EditText - Masukkan password'

2023-07-24 12:37:03 - [MESSAGE][INFO] - Checking object

2023-07-24 12:37:03 - [MESSAGE][INFO] - Checking timeout

2023-07-24 12:37:03 - [MESSAGE][WARNING] - Timeout '0' is invalid. Using default page load timeout: '30'

2023-07-24 12:37:05 - [MESSAGE][PASSED] - Text 'Kiki12345' has been set to element 'Object Repository/secondhand-app/Page Register/android.widget.EditText - Masukkan password'

2023-07-24 12:37:05 - [TEST_STEP][PASSED] - takeScreenshot("screenshot", STOP_ON_FAILURE): Screenshot is taken

2023-07-24 12:37:06 - [MESSAGE][PASSED] - Screenshot is taken
[[ATTACHMENT|C:\\Users\\mhmdr\\Desktop\\SQA-Wave9-Kelompok2\\Reports\\20230724_123507\\secondhand-app\\Feature Register\\20230724_123507\\screenshot]]

2023-07-24 12:37:06 - [MESSAGE][PASSED] - Call Test Case 'Test Cases/secondhand-app/Pages/User Registration/Input Password - Rizki Valid' successfully

2023-07-24 12:37:06 - [TEST_STEP][PASSED] - callTestCase(findTestCase("secondhand-app/Pages/User Registration/Input Nomor HP"), [:], STOP_ON_FAILURE): Call Test Case 'Test Cases/secondhand-app/Pages/User Registration/Input Nomor HP' successfully

2023-07-24 12:37:06 - [MESSAGE][INFO] - Checking called Test Case

2023-07-24 12:37:06 - [MESSAGE][INFO] - Starting to call Test Case 'Test Cases/secondhand-app/Pages/User Registration/Input Nomor HP'

2023-07-24 12:37:06 - [TEST_CASE][PASSED] - Test Cases/secondhand-app/Pages/User Registration/Input Nomor HP: Test Cases/secondhand-app/Pages/User Registration/Input Nomor HP

2023-07-24 12:37:06 - [TEST_STEP][PASSED] - clearText(findTestObject("secondhand-app/Page Register/android.widget.EditText - Contoh 08123456789"), 1): Element 'Object Repository/secondhand-app/Page Register/android.widget.EditText - Contoh 08123456789' text is cleared

2023-07-24 12:37:06 - [MESSAGE][INFO] - Finding Test Object 'Object Repository/secondhand-app/Page Register/android.widget.EditText - Contoh 08123456789'

2023-07-24 12:37:06 - [MESSAGE][INFO] - Checking object

2023-07-24 12:37:06 - [MESSAGE][INFO] - Checking timeout

2023-07-24 12:37:06 - [MESSAGE][PASSED] - Element 'Object Repository/secondhand-app/Page Register/android.widget.EditText - Contoh 08123456789' text is cleared

2023-07-24 12:37:06 - [TEST_STEP][PASSED] - setText(findTestObject("secondhand-app/Page Register/android.widget.EditText - Contoh 08123456789"), "081233334444", 0): Text '081233334444' has been set to element 'Object Repository/secondhand-app/Page Register/android.widget.EditText - Contoh 08123456789'

2023-07-24 12:37:06 - [MESSAGE][INFO] - Finding Test Object 'Object Repository/secondhand-app/Page Register/android.widget.EditText - Contoh 08123456789'

2023-07-24 12:37:06 - [MESSAGE][INFO] - Checking object

2023-07-24 12:37:06 - [MESSAGE][INFO] - Checking timeout

2023-07-24 12:37:06 - [MESSAGE][WARNING] - Timeout '0' is invalid. Using default page load timeout: '30'

2023-07-24 12:37:08 - [MESSAGE][PASSED] - Text '081233334444' has been set to element 'Object Repository/secondhand-app/Page Register/android.widget.EditText - Contoh 08123456789'

2023-07-24 12:37:08 - [TEST_STEP][PASSED] - takeScreenshot("screenshot", STOP_ON_FAILURE): Screenshot is taken

2023-07-24 12:37:09 - [MESSAGE][PASSED] - Screenshot is taken
[[ATTACHMENT|C:\\Users\\mhmdr\\Desktop\\SQA-Wave9-Kelompok2\\Reports\\20230724_123507\\secondhand-app\\Feature Register\\20230724_123507\\screenshot]]

2023-07-24 12:37:09 - [MESSAGE][PASSED] - Call Test Case 'Test Cases/secondhand-app/Pages/User Registration/Input Nomor HP' successfully

2023-07-24 12:37:09 - [TEST_STEP][PASSED] - callTestCase(findTestCase("secondhand-app/Pages/User Registration/Input Kota"), [:], STOP_ON_FAILURE): Call Test Case 'Test Cases/secondhand-app/Pages/User Registration/Input Kota' successfully

2023-07-24 12:37:09 - [MESSAGE][INFO] - Checking called Test Case

2023-07-24 12:37:09 - [MESSAGE][INFO] - Starting to call Test Case 'Test Cases/secondhand-app/Pages/User Registration/Input Kota'

2023-07-24 12:37:09 - [TEST_CASE][PASSED] - Test Cases/secondhand-app/Pages/User Registration/Input Kota: Test Cases/secondhand-app/Pages/User Registration/Input Kota

2023-07-24 12:37:09 - [TEST_STEP][PASSED] - clearText(findTestObject("secondhand-app/Page Register/android.widget.EditText - Masukkan kota"), 1): Element 'Object Repository/secondhand-app/Page Register/android.widget.EditText - Masukkan kota' text is cleared

2023-07-24 12:37:09 - [MESSAGE][INFO] - Finding Test Object 'Object Repository/secondhand-app/Page Register/android.widget.EditText - Masukkan kota'

2023-07-24 12:37:09 - [MESSAGE][INFO] - Checking object

2023-07-24 12:37:09 - [MESSAGE][INFO] - Checking timeout

2023-07-24 12:37:10 - [MESSAGE][PASSED] - Element 'Object Repository/secondhand-app/Page Register/android.widget.EditText - Masukkan kota' text is cleared

2023-07-24 12:37:10 - [TEST_STEP][PASSED] - setText(findTestObject("secondhand-app/Page Register/android.widget.EditText - Masukkan kota"), "Tarakan, KalTara", 0): Text 'Tarakan, KalTara' has been set to element 'Object Repository/secondhand-app/Page Register/android.widget.EditText - Masukkan kota'

2023-07-24 12:37:10 - [MESSAGE][INFO] - Finding Test Object 'Object Repository/secondhand-app/Page Register/android.widget.EditText - Masukkan kota'

2023-07-24 12:37:10 - [MESSAGE][INFO] - Checking object

2023-07-24 12:37:10 - [MESSAGE][INFO] - Checking timeout

2023-07-24 12:37:10 - [MESSAGE][WARNING] - Timeout '0' is invalid. Using default page load timeout: '30'

2023-07-24 12:37:11 - [MESSAGE][PASSED] - Text 'Tarakan, KalTara' has been set to element 'Object Repository/secondhand-app/Page Register/android.widget.EditText - Masukkan kota'

2023-07-24 12:37:11 - [TEST_STEP][PASSED] - takeScreenshot("screenshot", STOP_ON_FAILURE): Screenshot is taken

2023-07-24 12:37:12 - [MESSAGE][PASSED] - Screenshot is taken
[[ATTACHMENT|C:\\Users\\mhmdr\\Desktop\\SQA-Wave9-Kelompok2\\Reports\\20230724_123507\\secondhand-app\\Feature Register\\20230724_123507\\screenshot]]

2023-07-24 12:37:12 - [MESSAGE][PASSED] - Call Test Case 'Test Cases/secondhand-app/Pages/User Registration/Input Kota' successfully

2023-07-24 12:37:12 - [TEST_STEP][PASSED] - callTestCase(findTestCase("secondhand-app/Pages/User Registration/Input Alamat"), [:], STOP_ON_FAILURE): Call Test Case 'Test Cases/secondhand-app/Pages/User Registration/Input Alamat' successfully

2023-07-24 12:37:12 - [MESSAGE][INFO] - Checking called Test Case

2023-07-24 12:37:12 - [MESSAGE][INFO] - Starting to call Test Case 'Test Cases/secondhand-app/Pages/User Registration/Input Alamat'

2023-07-24 12:37:12 - [TEST_CASE][PASSED] - Test Cases/secondhand-app/Pages/User Registration/Input Alamat: Test Cases/secondhand-app/Pages/User Registration/Input Alamat

2023-07-24 12:37:12 - [TEST_STEP][PASSED] - clearText(findTestObject("secondhand-app/Page Register/android.widget.EditText - Masukkan alamat"), 1): Element 'Object Repository/secondhand-app/Page Register/android.widget.EditText - Masukkan alamat' text is cleared

2023-07-24 12:37:12 - [MESSAGE][INFO] - Finding Test Object 'Object Repository/secondhand-app/Page Register/android.widget.EditText - Masukkan alamat'

2023-07-24 12:37:12 - [MESSAGE][INFO] - Checking object

2023-07-24 12:37:12 - [MESSAGE][INFO] - Checking timeout

2023-07-24 12:37:13 - [MESSAGE][PASSED] - Element 'Object Repository/secondhand-app/Page Register/android.widget.EditText - Masukkan alamat' text is cleared

2023-07-24 12:37:13 - [TEST_STEP][PASSED] - setText(findTestObject("secondhand-app/Page Register/android.widget.EditText - Masukkan alamat"), "Jl. Kenangan Masa Lalu No.404", 0): Text 'Jl. Kenangan Masa Lalu No.404' has been set to element 'Object Repository/secondhand-app/Page Register/android.widget.EditText - Masukkan alamat'

2023-07-24 12:37:13 - [MESSAGE][INFO] - Finding Test Object 'Object Repository/secondhand-app/Page Register/android.widget.EditText - Masukkan alamat'

2023-07-24 12:37:13 - [MESSAGE][INFO] - Checking object

2023-07-24 12:37:13 - [MESSAGE][INFO] - Checking timeout

2023-07-24 12:37:13 - [MESSAGE][WARNING] - Timeout '0' is invalid. Using default page load timeout: '30'

2023-07-24 12:37:14 - [MESSAGE][PASSED] - Text 'Jl. Kenangan Masa Lalu No.404' has been set to element 'Object Repository/secondhand-app/Page Register/android.widget.EditText - Masukkan alamat'

2023-07-24 12:37:14 - [TEST_STEP][PASSED] - takeScreenshot("screenshot", STOP_ON_FAILURE): Screenshot is taken

2023-07-24 12:37:15 - [MESSAGE][PASSED] - Screenshot is taken
[[ATTACHMENT|C:\\Users\\mhmdr\\Desktop\\SQA-Wave9-Kelompok2\\Reports\\20230724_123507\\secondhand-app\\Feature Register\\20230724_123507\\screenshot]]

2023-07-24 12:37:15 - [MESSAGE][PASSED] - Call Test Case 'Test Cases/secondhand-app/Pages/User Registration/Input Alamat' successfully

2023-07-24 12:37:15 - [TEST_STEP][PASSED] - callTestCase(findTestCase("secondhand-app/Pages/User Registration/Tap Daftar"), [:], STOP_ON_FAILURE): Call Test Case 'Test Cases/secondhand-app/Pages/User Registration/Tap Daftar' successfully

2023-07-24 12:37:15 - [MESSAGE][INFO] - Checking called Test Case

2023-07-24 12:37:15 - [MESSAGE][INFO] - Starting to call Test Case 'Test Cases/secondhand-app/Pages/User Registration/Tap Daftar'

2023-07-24 12:37:15 - [TEST_CASE][PASSED] - Test Cases/secondhand-app/Pages/User Registration/Tap Daftar: Test Cases/secondhand-app/Pages/User Registration/Tap Daftar

2023-07-24 12:37:15 - [TEST_STEP][PASSED] - waitForElementPresent(findTestObject("secondhand-app/Page Register/android.widget.Button - Daftar"), 2): Element 'Object Repository/secondhand-app/Page Register/android.widget.Button - Daftar' is present

2023-07-24 12:37:15 - [MESSAGE][INFO] - Finding Test Object 'Object Repository/secondhand-app/Page Register/android.widget.Button - Daftar'

2023-07-24 12:37:15 - [MESSAGE][INFO] - Checking object

2023-07-24 12:37:15 - [MESSAGE][INFO] - Checking timeout

2023-07-24 12:37:17 - [MESSAGE][PASSED] - Element 'Object Repository/secondhand-app/Page Register/android.widget.Button - Daftar' is present

2023-07-24 12:37:17 - [TEST_STEP][PASSED] - tap(findTestObject("secondhand-app/Page Register/android.widget.Button - Daftar"), 2): Tapped on element 'Object Repository/secondhand-app/Page Register/android.widget.Button - Daftar'

2023-07-24 12:37:17 - [MESSAGE][INFO] - Finding Test Object 'Object Repository/secondhand-app/Page Register/android.widget.Button - Daftar'

2023-07-24 12:37:17 - [MESSAGE][INFO] - Checking object

2023-07-24 12:37:17 - [MESSAGE][INFO] - Checking timeout

2023-07-24 12:37:20 - [MESSAGE][PASSED] - Tapped on element 'Object Repository/secondhand-app/Page Register/android.widget.Button - Daftar'

2023-07-24 12:37:20 - [MESSAGE][PASSED] - Call Test Case 'Test Cases/secondhand-app/Pages/User Registration/Tap Daftar' successfully

2023-07-24 12:37:20 - [TEST_STEP][PASSED] - callTestCase(findTestCase("secondhand-app/Pages/User Registration/Read Error Messages - Invalid Email"), ["expected":"Email tidak valid"], STOP_ON_FAILURE): Call Test Case 'Test Cases/secondhand-app/Pages/User Registration/Read Error Messages - Invalid Email' successfully

2023-07-24 12:37:20 - [MESSAGE][INFO] - Checking called Test Case

2023-07-24 12:37:20 - [MESSAGE][INFO] - Starting to call Test Case 'Test Cases/secondhand-app/Pages/User Registration/Read Error Messages - Invalid Email'

2023-07-24 12:37:20 - [TEST_CASE][PASSED] - Test Cases/secondhand-app/Pages/User Registration/Read Error Messages - Invalid Email: Test Cases/secondhand-app/Pages/User Registration/Read Error Messages - Invalid Email

2023-07-24 12:37:21 - [TEST_STEP][PASSED] - waitForElementPresent(findTestObject("secondhand-app/Page Register/android.widget.TextView - Email tidak valid"), 2): Element 'Object Repository/secondhand-app/Page Register/android.widget.TextView - Email tidak valid' is present

2023-07-24 12:37:21 - [MESSAGE][INFO] - Finding Test Object 'Object Repository/secondhand-app/Page Register/android.widget.TextView - Email tidak valid'

2023-07-24 12:37:21 - [MESSAGE][INFO] - Checking object

2023-07-24 12:37:21 - [MESSAGE][INFO] - Checking timeout

2023-07-24 12:37:21 - [MESSAGE][PASSED] - Element 'Object Repository/secondhand-app/Page Register/android.widget.TextView - Email tidak valid' is present

2023-07-24 12:37:21 - [TEST_STEP][PASSED] - errorText = getText(findTestObject("secondhand-app/Page Register/android.widget.TextView - Email tidak valid"), 0): Text of element 'Object Repository/secondhand-app/Page Register/android.widget.TextView - Email tidak valid' is: 'Email tidak valid'

2023-07-24 12:37:21 - [MESSAGE][INFO] - Finding Test Object 'Object Repository/secondhand-app/Page Register/android.widget.TextView - Email tidak valid'

2023-07-24 12:37:21 - [MESSAGE][INFO] - Checking object

2023-07-24 12:37:21 - [MESSAGE][INFO] - Checking timeout

2023-07-24 12:37:21 - [MESSAGE][WARNING] - Timeout '0' is invalid. Using default page load timeout: '30'

2023-07-24 12:37:21 - [MESSAGE][PASSED] - Text of element 'Object Repository/secondhand-app/Page Register/android.widget.TextView - Email tidak valid' is: 'Email tidak valid'

2023-07-24 12:37:21 - [TEST_STEP][PASSED] - logInfo(""): 

2023-07-24 12:37:21 - [MESSAGE][INFO] - 

2023-07-24 12:37:21 - [TEST_STEP][PASSED] - verifyMatch(errorText, expected, false): Actual text 'Email tidak valid' and expected text 'Email tidak valid' are matched 

2023-07-24 12:37:21 - [MESSAGE][INFO] - Matching actual text 'Email tidak valid' with expected text 'Email tidak valid'

2023-07-24 12:37:21 - [MESSAGE][PASSED] - Actual text 'Email tidak valid' and expected text 'Email tidak valid' are matched 

2023-07-24 12:37:21 - [TEST_STEP][PASSED] - takeScreenshot("screenshot", STOP_ON_FAILURE): Screenshot is taken

2023-07-24 12:37:22 - [MESSAGE][PASSED] - Screenshot is taken
[[ATTACHMENT|C:\\Users\\mhmdr\\Desktop\\SQA-Wave9-Kelompok2\\Reports\\20230724_123507\\secondhand-app\\Feature Register\\20230724_123507\\screenshot]]

2023-07-24 12:37:22 - [MESSAGE][PASSED] - Call Test Case 'Test Cases/secondhand-app/Pages/User Registration/Read Error Messages - Invalid Email' successfully]]></system-out>
         <system-err><![CDATA[]]></system-err>
      </testcase>
      <testcase name="Test Cases/secondhand-app/Step Definition/Feature Registration/PR004 - user should not be able to register using blank email" time="44.169" classname="Test Cases/secondhand-app/Step Definition/Feature Registration/PR004 - user should not be able to register using blank email" status="PASSED">
         <system-out><![CDATA[2023-07-24 12:37:22 - [TEST_CASE][PASSED] - Test Cases/secondhand-app/Step Definition/Feature Registration/PR004 - user should not be able to register using blank email: Test Cases/secondhand-app/Step Definition/Feature Registration/PR004 - user should not be able to register using blank email

2023-07-24 12:37:22 - [TEST_STEP][PASSED] - startApplication("androidapp/app-release-second-hand-gcp.apk", false): Started app at: 'C:\Users\mhmdr\Desktop\SQA-Wave9-Kelompok2\androidapp\app-release-second-hand-gcp.apk'

2023-07-24 12:37:22 - [MESSAGE][INFO] - Starting app at: 'C:\Users\mhmdr\Desktop\SQA-Wave9-Kelompok2\androidapp\app-release-second-hand-gcp.apk'

2023-07-24 12:37:32 - [MESSAGE][PASSED] - Started app at: 'C:\Users\mhmdr\Desktop\SQA-Wave9-Kelompok2\androidapp\app-release-second-hand-gcp.apk'

2023-07-24 12:37:32 - [TEST_STEP][PASSED] - callTestCase(findTestCase("secondhand-app/Pages/MenuBar App/Tap Akun"), [:], STOP_ON_FAILURE): Call Test Case 'Test Cases/secondhand-app/Pages/MenuBar App/Tap Akun' successfully

2023-07-24 12:37:32 - [MESSAGE][INFO] - Checking called Test Case

2023-07-24 12:37:32 - [MESSAGE][INFO] - Starting to call Test Case 'Test Cases/secondhand-app/Pages/MenuBar App/Tap Akun'

2023-07-24 12:37:32 - [TEST_CASE][PASSED] - Test Cases/secondhand-app/Pages/MenuBar App/Tap Akun: Test Cases/secondhand-app/Pages/MenuBar App/Tap Akun

2023-07-24 12:37:32 - [TEST_STEP][PASSED] - waitForElementPresent(findTestObject("secondhand-app/MenuBar App/android.widget.TextView - Akun"), 2): Element 'Object Repository/secondhand-app/MenuBar App/android.widget.TextView - Akun' is present

2023-07-24 12:37:32 - [MESSAGE][INFO] - Finding Test Object 'Object Repository/secondhand-app/MenuBar App/android.widget.TextView - Akun'

2023-07-24 12:37:32 - [MESSAGE][INFO] - Checking object

2023-07-24 12:37:32 - [MESSAGE][INFO] - Checking timeout

2023-07-24 12:37:35 - [MESSAGE][PASSED] - Element 'Object Repository/secondhand-app/MenuBar App/android.widget.TextView - Akun' is present

2023-07-24 12:37:35 - [TEST_STEP][PASSED] - tap(findTestObject("secondhand-app/MenuBar App/android.widget.TextView - Akun"), 2): Tapped on element 'Object Repository/secondhand-app/MenuBar App/android.widget.TextView - Akun'

2023-07-24 12:37:35 - [MESSAGE][INFO] - Finding Test Object 'Object Repository/secondhand-app/MenuBar App/android.widget.TextView - Akun'

2023-07-24 12:37:35 - [MESSAGE][INFO] - Checking object

2023-07-24 12:37:35 - [MESSAGE][INFO] - Checking timeout

2023-07-24 12:37:37 - [MESSAGE][PASSED] - Tapped on element 'Object Repository/secondhand-app/MenuBar App/android.widget.TextView - Akun'

2023-07-24 12:37:37 - [MESSAGE][PASSED] - Call Test Case 'Test Cases/secondhand-app/Pages/MenuBar App/Tap Akun' successfully

2023-07-24 12:37:37 - [TEST_STEP][PASSED] - callTestCase(findTestCase("secondhand-app/Pages/My Account/Tap Masuk"), [:], STOP_ON_FAILURE): Call Test Case 'Test Cases/secondhand-app/Pages/My Account/Tap Masuk' successfully

2023-07-24 12:37:37 - [MESSAGE][INFO] - Checking called Test Case

2023-07-24 12:37:37 - [MESSAGE][INFO] - Starting to call Test Case 'Test Cases/secondhand-app/Pages/My Account/Tap Masuk'

2023-07-24 12:37:37 - [TEST_CASE][PASSED] - Test Cases/secondhand-app/Pages/My Account/Tap Masuk: Test Cases/secondhand-app/Pages/My Account/Tap Masuk

2023-07-24 12:37:37 - [TEST_STEP][PASSED] - waitForElementPresent(findTestObject("secondhand-app/Page Account/android.widget.Button - Masuk"), 2): Element 'Object Repository/secondhand-app/Page Account/android.widget.Button - Masuk' is present

2023-07-24 12:37:37 - [MESSAGE][INFO] - Finding Test Object 'Object Repository/secondhand-app/Page Account/android.widget.Button - Masuk'

2023-07-24 12:37:37 - [MESSAGE][INFO] - Checking object

2023-07-24 12:37:37 - [MESSAGE][INFO] - Checking timeout

2023-07-24 12:37:38 - [MESSAGE][PASSED] - Element 'Object Repository/secondhand-app/Page Account/android.widget.Button - Masuk' is present

2023-07-24 12:37:38 - [TEST_STEP][PASSED] - tap(findTestObject("secondhand-app/Page Account/android.widget.Button - Masuk"), 2): Tapped on element 'Object Repository/secondhand-app/Page Account/android.widget.Button - Masuk'

2023-07-24 12:37:38 - [MESSAGE][INFO] - Finding Test Object 'Object Repository/secondhand-app/Page Account/android.widget.Button - Masuk'

2023-07-24 12:37:38 - [MESSAGE][INFO] - Checking object

2023-07-24 12:37:38 - [MESSAGE][INFO] - Checking timeout

2023-07-24 12:37:38 - [MESSAGE][PASSED] - Tapped on element 'Object Repository/secondhand-app/Page Account/android.widget.Button - Masuk'

2023-07-24 12:37:38 - [MESSAGE][PASSED] - Call Test Case 'Test Cases/secondhand-app/Pages/My Account/Tap Masuk' successfully

2023-07-24 12:37:38 - [TEST_STEP][PASSED] - callTestCase(findTestCase("secondhand-app/Pages/User Login/Tap Daftar"), [:], STOP_ON_FAILURE): Call Test Case 'Test Cases/secondhand-app/Pages/User Login/Tap Daftar' successfully

2023-07-24 12:37:38 - [MESSAGE][INFO] - Checking called Test Case

2023-07-24 12:37:38 - [MESSAGE][INFO] - Starting to call Test Case 'Test Cases/secondhand-app/Pages/User Login/Tap Daftar'

2023-07-24 12:37:38 - [TEST_CASE][PASSED] - Test Cases/secondhand-app/Pages/User Login/Tap Daftar: Test Cases/secondhand-app/Pages/User Login/Tap Daftar

2023-07-24 12:37:38 - [TEST_STEP][PASSED] - waitForElementPresent(findTestObject("secondhand-app/Page Login/android.widget.TextView - Daftar"), 2): Element 'Object Repository/secondhand-app/Page Login/android.widget.TextView - Daftar' is present

2023-07-24 12:37:38 - [MESSAGE][INFO] - Finding Test Object 'Object Repository/secondhand-app/Page Login/android.widget.TextView - Daftar'

2023-07-24 12:37:38 - [MESSAGE][INFO] - Checking object

2023-07-24 12:37:38 - [MESSAGE][INFO] - Checking timeout

2023-07-24 12:37:40 - [MESSAGE][PASSED] - Element 'Object Repository/secondhand-app/Page Login/android.widget.TextView - Daftar' is present

2023-07-24 12:37:40 - [TEST_STEP][PASSED] - tap(findTestObject("secondhand-app/Page Login/android.widget.TextView - Daftar"), 2): Tapped on element 'Object Repository/secondhand-app/Page Login/android.widget.TextView - Daftar'

2023-07-24 12:37:40 - [MESSAGE][INFO] - Finding Test Object 'Object Repository/secondhand-app/Page Login/android.widget.TextView - Daftar'

2023-07-24 12:37:40 - [MESSAGE][INFO] - Checking object

2023-07-24 12:37:40 - [MESSAGE][INFO] - Checking timeout

2023-07-24 12:37:40 - [MESSAGE][PASSED] - Tapped on element 'Object Repository/secondhand-app/Page Login/android.widget.TextView - Daftar'

2023-07-24 12:37:40 - [MESSAGE][PASSED] - Call Test Case 'Test Cases/secondhand-app/Pages/User Login/Tap Daftar' successfully

2023-07-24 12:37:40 - [TEST_STEP][PASSED] - callTestCase(findTestCase("secondhand-app/Pages/User Registration/Input Nama"), [:], STOP_ON_FAILURE): Call Test Case 'Test Cases/secondhand-app/Pages/User Registration/Input Nama' successfully

2023-07-24 12:37:40 - [MESSAGE][INFO] - Checking called Test Case

2023-07-24 12:37:40 - [MESSAGE][INFO] - Starting to call Test Case 'Test Cases/secondhand-app/Pages/User Registration/Input Nama'

2023-07-24 12:37:40 - [TEST_CASE][PASSED] - Test Cases/secondhand-app/Pages/User Registration/Input Nama: Test Cases/secondhand-app/Pages/User Registration/Input Nama

2023-07-24 12:37:40 - [TEST_STEP][PASSED] - clearText(findTestObject("secondhand-app/Page Register/android.widget.EditText - Masukkan nama lengkap"), 1): Element 'Object Repository/secondhand-app/Page Register/android.widget.EditText - Masukkan nama lengkap' text is cleared

2023-07-24 12:37:40 - [MESSAGE][INFO] - Finding Test Object 'Object Repository/secondhand-app/Page Register/android.widget.EditText - Masukkan nama lengkap'

2023-07-24 12:37:40 - [MESSAGE][INFO] - Checking object

2023-07-24 12:37:40 - [MESSAGE][INFO] - Checking timeout

2023-07-24 12:37:41 - [MESSAGE][PASSED] - Element 'Object Repository/secondhand-app/Page Register/android.widget.EditText - Masukkan nama lengkap' text is cleared

2023-07-24 12:37:41 - [TEST_STEP][PASSED] - setText(findTestObject("secondhand-app/Page Register/android.widget.EditText - Masukkan nama lengkap"), "Muhammad Rizki", 0): Text 'Muhammad Rizki' has been set to element 'Object Repository/secondhand-app/Page Register/android.widget.EditText - Masukkan nama lengkap'

2023-07-24 12:37:41 - [MESSAGE][INFO] - Finding Test Object 'Object Repository/secondhand-app/Page Register/android.widget.EditText - Masukkan nama lengkap'

2023-07-24 12:37:41 - [MESSAGE][INFO] - Checking object

2023-07-24 12:37:41 - [MESSAGE][INFO] - Checking timeout

2023-07-24 12:37:41 - [MESSAGE][WARNING] - Timeout '0' is invalid. Using default page load timeout: '30'

2023-07-24 12:37:43 - [MESSAGE][PASSED] - Text 'Muhammad Rizki' has been set to element 'Object Repository/secondhand-app/Page Register/android.widget.EditText - Masukkan nama lengkap'

2023-07-24 12:37:43 - [TEST_STEP][PASSED] - takeScreenshot("screenshot", STOP_ON_FAILURE): Screenshot is taken

2023-07-24 12:37:43 - [MESSAGE][PASSED] - Screenshot is taken
[[ATTACHMENT|C:\\Users\\mhmdr\\Desktop\\SQA-Wave9-Kelompok2\\Reports\\20230724_123507\\secondhand-app\\Feature Register\\20230724_123507\\screenshot]]

2023-07-24 12:37:43 - [MESSAGE][PASSED] - Call Test Case 'Test Cases/secondhand-app/Pages/User Registration/Input Nama' successfully

2023-07-24 12:37:43 - [TEST_STEP][PASSED] - callTestCase(findTestCase("secondhand-app/Pages/User Registration/Input Email - Rizki Blank"), [:], STOP_ON_FAILURE): Call Test Case 'Test Cases/secondhand-app/Pages/User Registration/Input Email - Rizki Blank' successfully

2023-07-24 12:37:43 - [MESSAGE][INFO] - Checking called Test Case

2023-07-24 12:37:43 - [MESSAGE][INFO] - Starting to call Test Case 'Test Cases/secondhand-app/Pages/User Registration/Input Email - Rizki Blank'

2023-07-24 12:37:43 - [TEST_CASE][PASSED] - Test Cases/secondhand-app/Pages/User Registration/Input Email - Rizki Blank: Test Cases/secondhand-app/Pages/User Registration/Input Email - Rizki Blank

2023-07-24 12:37:43 - [TEST_STEP][PASSED] - clearText(findTestObject("secondhand-app/Page Register/android.widget.EditText - Masukkan email"), 1): Element 'Object Repository/secondhand-app/Page Register/android.widget.EditText - Masukkan email' text is cleared

2023-07-24 12:37:43 - [MESSAGE][INFO] - Finding Test Object 'Object Repository/secondhand-app/Page Register/android.widget.EditText - Masukkan email'

2023-07-24 12:37:43 - [MESSAGE][INFO] - Checking object

2023-07-24 12:37:43 - [MESSAGE][INFO] - Checking timeout

2023-07-24 12:37:44 - [MESSAGE][PASSED] - Element 'Object Repository/secondhand-app/Page Register/android.widget.EditText - Masukkan email' text is cleared

2023-07-24 12:37:44 - [TEST_STEP][PASSED] - setText(findTestObject("secondhand-app/Page Register/android.widget.EditText - Masukkan email"), "", 0): Text '' has been set to element 'Object Repository/secondhand-app/Page Register/android.widget.EditText - Masukkan email'

2023-07-24 12:37:44 - [MESSAGE][INFO] - Finding Test Object 'Object Repository/secondhand-app/Page Register/android.widget.EditText - Masukkan email'

2023-07-24 12:37:44 - [MESSAGE][INFO] - Checking object

2023-07-24 12:37:44 - [MESSAGE][INFO] - Checking timeout

2023-07-24 12:37:44 - [MESSAGE][WARNING] - Timeout '0' is invalid. Using default page load timeout: '30'

2023-07-24 12:37:46 - [MESSAGE][PASSED] - Text '' has been set to element 'Object Repository/secondhand-app/Page Register/android.widget.EditText - Masukkan email'

2023-07-24 12:37:46 - [TEST_STEP][PASSED] - takeScreenshot("screenshot", STOP_ON_FAILURE): Screenshot is taken

2023-07-24 12:37:46 - [MESSAGE][PASSED] - Screenshot is taken
[[ATTACHMENT|C:\\Users\\mhmdr\\Desktop\\SQA-Wave9-Kelompok2\\Reports\\20230724_123507\\secondhand-app\\Feature Register\\20230724_123507\\screenshot]]

2023-07-24 12:37:47 - [MESSAGE][PASSED] - Call Test Case 'Test Cases/secondhand-app/Pages/User Registration/Input Email - Rizki Blank' successfully

2023-07-24 12:37:47 - [TEST_STEP][PASSED] - callTestCase(findTestCase("secondhand-app/Pages/User Registration/Input Password - Rizki Valid"), [:], STOP_ON_FAILURE): Call Test Case 'Test Cases/secondhand-app/Pages/User Registration/Input Password - Rizki Valid' successfully

2023-07-24 12:37:47 - [MESSAGE][INFO] - Checking called Test Case

2023-07-24 12:37:47 - [MESSAGE][INFO] - Starting to call Test Case 'Test Cases/secondhand-app/Pages/User Registration/Input Password - Rizki Valid'

2023-07-24 12:37:47 - [TEST_CASE][PASSED] - Test Cases/secondhand-app/Pages/User Registration/Input Password - Rizki Valid: Test Cases/secondhand-app/Pages/User Registration/Input Password - Rizki Valid

2023-07-24 12:37:47 - [TEST_STEP][PASSED] - clearText(findTestObject("secondhand-app/Page Register/android.widget.EditText - Masukkan password"), 1): Element 'Object Repository/secondhand-app/Page Register/android.widget.EditText - Masukkan password' text is cleared

2023-07-24 12:37:47 - [MESSAGE][INFO] - Finding Test Object 'Object Repository/secondhand-app/Page Register/android.widget.EditText - Masukkan password'

2023-07-24 12:37:47 - [MESSAGE][INFO] - Checking object

2023-07-24 12:37:47 - [MESSAGE][INFO] - Checking timeout

2023-07-24 12:37:47 - [MESSAGE][PASSED] - Element 'Object Repository/secondhand-app/Page Register/android.widget.EditText - Masukkan password' text is cleared

2023-07-24 12:37:47 - [TEST_STEP][PASSED] - setText(findTestObject("secondhand-app/Page Register/android.widget.EditText - Masukkan password"), "Kiki12345", 0): Text 'Kiki12345' has been set to element 'Object Repository/secondhand-app/Page Register/android.widget.EditText - Masukkan password'

2023-07-24 12:37:47 - [MESSAGE][INFO] - Finding Test Object 'Object Repository/secondhand-app/Page Register/android.widget.EditText - Masukkan password'

2023-07-24 12:37:47 - [MESSAGE][INFO] - Checking object

2023-07-24 12:37:47 - [MESSAGE][INFO] - Checking timeout

2023-07-24 12:37:47 - [MESSAGE][WARNING] - Timeout '0' is invalid. Using default page load timeout: '30'

2023-07-24 12:37:49 - [MESSAGE][PASSED] - Text 'Kiki12345' has been set to element 'Object Repository/secondhand-app/Page Register/android.widget.EditText - Masukkan password'

2023-07-24 12:37:49 - [TEST_STEP][PASSED] - takeScreenshot("screenshot", STOP_ON_FAILURE): Screenshot is taken

2023-07-24 12:37:50 - [MESSAGE][PASSED] - Screenshot is taken
[[ATTACHMENT|C:\\Users\\mhmdr\\Desktop\\SQA-Wave9-Kelompok2\\Reports\\20230724_123507\\secondhand-app\\Feature Register\\20230724_123507\\screenshot]]

2023-07-24 12:37:50 - [MESSAGE][PASSED] - Call Test Case 'Test Cases/secondhand-app/Pages/User Registration/Input Password - Rizki Valid' successfully

2023-07-24 12:37:50 - [TEST_STEP][PASSED] - callTestCase(findTestCase("secondhand-app/Pages/User Registration/Input Nomor HP"), [:], STOP_ON_FAILURE): Call Test Case 'Test Cases/secondhand-app/Pages/User Registration/Input Nomor HP' successfully

2023-07-24 12:37:50 - [MESSAGE][INFO] - Checking called Test Case

2023-07-24 12:37:50 - [MESSAGE][INFO] - Starting to call Test Case 'Test Cases/secondhand-app/Pages/User Registration/Input Nomor HP'

2023-07-24 12:37:50 - [TEST_CASE][PASSED] - Test Cases/secondhand-app/Pages/User Registration/Input Nomor HP: Test Cases/secondhand-app/Pages/User Registration/Input Nomor HP

2023-07-24 12:37:50 - [TEST_STEP][PASSED] - clearText(findTestObject("secondhand-app/Page Register/android.widget.EditText - Contoh 08123456789"), 1): Element 'Object Repository/secondhand-app/Page Register/android.widget.EditText - Contoh 08123456789' text is cleared

2023-07-24 12:37:50 - [MESSAGE][INFO] - Finding Test Object 'Object Repository/secondhand-app/Page Register/android.widget.EditText - Contoh 08123456789'

2023-07-24 12:37:50 - [MESSAGE][INFO] - Checking object

2023-07-24 12:37:50 - [MESSAGE][INFO] - Checking timeout

2023-07-24 12:37:50 - [MESSAGE][PASSED] - Element 'Object Repository/secondhand-app/Page Register/android.widget.EditText - Contoh 08123456789' text is cleared

2023-07-24 12:37:50 - [TEST_STEP][PASSED] - setText(findTestObject("secondhand-app/Page Register/android.widget.EditText - Contoh 08123456789"), "081233334444", 0): Text '081233334444' has been set to element 'Object Repository/secondhand-app/Page Register/android.widget.EditText - Contoh 08123456789'

2023-07-24 12:37:50 - [MESSAGE][INFO] - Finding Test Object 'Object Repository/secondhand-app/Page Register/android.widget.EditText - Contoh 08123456789'

2023-07-24 12:37:50 - [MESSAGE][INFO] - Checking object

2023-07-24 12:37:50 - [MESSAGE][INFO] - Checking timeout

2023-07-24 12:37:50 - [MESSAGE][WARNING] - Timeout '0' is invalid. Using default page load timeout: '30'

2023-07-24 12:37:52 - [MESSAGE][PASSED] - Text '081233334444' has been set to element 'Object Repository/secondhand-app/Page Register/android.widget.EditText - Contoh 08123456789'

2023-07-24 12:37:52 - [TEST_STEP][PASSED] - takeScreenshot("screenshot", STOP_ON_FAILURE): Screenshot is taken

2023-07-24 12:37:53 - [MESSAGE][PASSED] - Screenshot is taken
[[ATTACHMENT|C:\\Users\\mhmdr\\Desktop\\SQA-Wave9-Kelompok2\\Reports\\20230724_123507\\secondhand-app\\Feature Register\\20230724_123507\\screenshot]]

2023-07-24 12:37:53 - [MESSAGE][PASSED] - Call Test Case 'Test Cases/secondhand-app/Pages/User Registration/Input Nomor HP' successfully

2023-07-24 12:37:53 - [TEST_STEP][PASSED] - callTestCase(findTestCase("secondhand-app/Pages/User Registration/Input Kota"), [:], STOP_ON_FAILURE): Call Test Case 'Test Cases/secondhand-app/Pages/User Registration/Input Kota' successfully

2023-07-24 12:37:53 - [MESSAGE][INFO] - Checking called Test Case

2023-07-24 12:37:53 - [MESSAGE][INFO] - Starting to call Test Case 'Test Cases/secondhand-app/Pages/User Registration/Input Kota'

2023-07-24 12:37:53 - [TEST_CASE][PASSED] - Test Cases/secondhand-app/Pages/User Registration/Input Kota: Test Cases/secondhand-app/Pages/User Registration/Input Kota

2023-07-24 12:37:53 - [TEST_STEP][PASSED] - clearText(findTestObject("secondhand-app/Page Register/android.widget.EditText - Masukkan kota"), 1): Element 'Object Repository/secondhand-app/Page Register/android.widget.EditText - Masukkan kota' text is cleared

2023-07-24 12:37:53 - [MESSAGE][INFO] - Finding Test Object 'Object Repository/secondhand-app/Page Register/android.widget.EditText - Masukkan kota'

2023-07-24 12:37:53 - [MESSAGE][INFO] - Checking object

2023-07-24 12:37:53 - [MESSAGE][INFO] - Checking timeout

2023-07-24 12:37:54 - [MESSAGE][PASSED] - Element 'Object Repository/secondhand-app/Page Register/android.widget.EditText - Masukkan kota' text is cleared

2023-07-24 12:37:54 - [TEST_STEP][PASSED] - setText(findTestObject("secondhand-app/Page Register/android.widget.EditText - Masukkan kota"), "Tarakan, KalTara", 0): Text 'Tarakan, KalTara' has been set to element 'Object Repository/secondhand-app/Page Register/android.widget.EditText - Masukkan kota'

2023-07-24 12:37:54 - [MESSAGE][INFO] - Finding Test Object 'Object Repository/secondhand-app/Page Register/android.widget.EditText - Masukkan kota'

2023-07-24 12:37:54 - [MESSAGE][INFO] - Checking object

2023-07-24 12:37:54 - [MESSAGE][INFO] - Checking timeout

2023-07-24 12:37:54 - [MESSAGE][WARNING] - Timeout '0' is invalid. Using default page load timeout: '30'

2023-07-24 12:37:55 - [MESSAGE][PASSED] - Text 'Tarakan, KalTara' has been set to element 'Object Repository/secondhand-app/Page Register/android.widget.EditText - Masukkan kota'

2023-07-24 12:37:55 - [TEST_STEP][PASSED] - takeScreenshot("screenshot", STOP_ON_FAILURE): Screenshot is taken

2023-07-24 12:37:56 - [MESSAGE][PASSED] - Screenshot is taken
[[ATTACHMENT|C:\\Users\\mhmdr\\Desktop\\SQA-Wave9-Kelompok2\\Reports\\20230724_123507\\secondhand-app\\Feature Register\\20230724_123507\\screenshot]]

2023-07-24 12:37:56 - [MESSAGE][PASSED] - Call Test Case 'Test Cases/secondhand-app/Pages/User Registration/Input Kota' successfully

2023-07-24 12:37:56 - [TEST_STEP][PASSED] - callTestCase(findTestCase("secondhand-app/Pages/User Registration/Input Alamat"), [:], STOP_ON_FAILURE): Call Test Case 'Test Cases/secondhand-app/Pages/User Registration/Input Alamat' successfully

2023-07-24 12:37:56 - [MESSAGE][INFO] - Checking called Test Case

2023-07-24 12:37:56 - [MESSAGE][INFO] - Starting to call Test Case 'Test Cases/secondhand-app/Pages/User Registration/Input Alamat'

2023-07-24 12:37:56 - [TEST_CASE][PASSED] - Test Cases/secondhand-app/Pages/User Registration/Input Alamat: Test Cases/secondhand-app/Pages/User Registration/Input Alamat

2023-07-24 12:37:56 - [TEST_STEP][PASSED] - clearText(findTestObject("secondhand-app/Page Register/android.widget.EditText - Masukkan alamat"), 1): Element 'Object Repository/secondhand-app/Page Register/android.widget.EditText - Masukkan alamat' text is cleared

2023-07-24 12:37:56 - [MESSAGE][INFO] - Finding Test Object 'Object Repository/secondhand-app/Page Register/android.widget.EditText - Masukkan alamat'

2023-07-24 12:37:56 - [MESSAGE][INFO] - Checking object

2023-07-24 12:37:56 - [MESSAGE][INFO] - Checking timeout

2023-07-24 12:37:57 - [MESSAGE][PASSED] - Element 'Object Repository/secondhand-app/Page Register/android.widget.EditText - Masukkan alamat' text is cleared

2023-07-24 12:37:57 - [TEST_STEP][PASSED] - setText(findTestObject("secondhand-app/Page Register/android.widget.EditText - Masukkan alamat"), "Jl. Kenangan Masa Lalu No.404", 0): Text 'Jl. Kenangan Masa Lalu No.404' has been set to element 'Object Repository/secondhand-app/Page Register/android.widget.EditText - Masukkan alamat'

2023-07-24 12:37:57 - [MESSAGE][INFO] - Finding Test Object 'Object Repository/secondhand-app/Page Register/android.widget.EditText - Masukkan alamat'

2023-07-24 12:37:57 - [MESSAGE][INFO] - Checking object

2023-07-24 12:37:57 - [MESSAGE][INFO] - Checking timeout

2023-07-24 12:37:57 - [MESSAGE][WARNING] - Timeout '0' is invalid. Using default page load timeout: '30'

2023-07-24 12:37:58 - [MESSAGE][PASSED] - Text 'Jl. Kenangan Masa Lalu No.404' has been set to element 'Object Repository/secondhand-app/Page Register/android.widget.EditText - Masukkan alamat'

2023-07-24 12:37:58 - [TEST_STEP][PASSED] - takeScreenshot("screenshot", STOP_ON_FAILURE): Screenshot is taken

2023-07-24 12:37:59 - [MESSAGE][PASSED] - Screenshot is taken
[[ATTACHMENT|C:\\Users\\mhmdr\\Desktop\\SQA-Wave9-Kelompok2\\Reports\\20230724_123507\\secondhand-app\\Feature Register\\20230724_123507\\screenshot]]

2023-07-24 12:37:59 - [MESSAGE][PASSED] - Call Test Case 'Test Cases/secondhand-app/Pages/User Registration/Input Alamat' successfully

2023-07-24 12:37:59 - [TEST_STEP][PASSED] - callTestCase(findTestCase("secondhand-app/Pages/User Registration/Tap Daftar"), [:], STOP_ON_FAILURE): Call Test Case 'Test Cases/secondhand-app/Pages/User Registration/Tap Daftar' successfully

2023-07-24 12:37:59 - [MESSAGE][INFO] - Checking called Test Case

2023-07-24 12:37:59 - [MESSAGE][INFO] - Starting to call Test Case 'Test Cases/secondhand-app/Pages/User Registration/Tap Daftar'

2023-07-24 12:37:59 - [TEST_CASE][PASSED] - Test Cases/secondhand-app/Pages/User Registration/Tap Daftar: Test Cases/secondhand-app/Pages/User Registration/Tap Daftar

2023-07-24 12:37:59 - [TEST_STEP][PASSED] - waitForElementPresent(findTestObject("secondhand-app/Page Register/android.widget.Button - Daftar"), 2): Element 'Object Repository/secondhand-app/Page Register/android.widget.Button - Daftar' is present

2023-07-24 12:37:59 - [MESSAGE][INFO] - Finding Test Object 'Object Repository/secondhand-app/Page Register/android.widget.Button - Daftar'

2023-07-24 12:37:59 - [MESSAGE][INFO] - Checking object

2023-07-24 12:37:59 - [MESSAGE][INFO] - Checking timeout

2023-07-24 12:38:01 - [MESSAGE][PASSED] - Element 'Object Repository/secondhand-app/Page Register/android.widget.Button - Daftar' is present

2023-07-24 12:38:01 - [TEST_STEP][PASSED] - tap(findTestObject("secondhand-app/Page Register/android.widget.Button - Daftar"), 2): Tapped on element 'Object Repository/secondhand-app/Page Register/android.widget.Button - Daftar'

2023-07-24 12:38:01 - [MESSAGE][INFO] - Finding Test Object 'Object Repository/secondhand-app/Page Register/android.widget.Button - Daftar'

2023-07-24 12:38:01 - [MESSAGE][INFO] - Checking object

2023-07-24 12:38:01 - [MESSAGE][INFO] - Checking timeout

2023-07-24 12:38:04 - [MESSAGE][PASSED] - Tapped on element 'Object Repository/secondhand-app/Page Register/android.widget.Button - Daftar'

2023-07-24 12:38:04 - [MESSAGE][PASSED] - Call Test Case 'Test Cases/secondhand-app/Pages/User Registration/Tap Daftar' successfully

2023-07-24 12:38:04 - [TEST_STEP][PASSED] - callTestCase(findTestCase("secondhand-app/Pages/User Registration/Read Error Messages - Blank Email"), ["expected":"Email tidak boleh kosong"], STOP_ON_FAILURE): Call Test Case 'Test Cases/secondhand-app/Pages/User Registration/Read Error Messages - Blank Email' successfully

2023-07-24 12:38:04 - [MESSAGE][INFO] - Checking called Test Case

2023-07-24 12:38:04 - [MESSAGE][INFO] - Starting to call Test Case 'Test Cases/secondhand-app/Pages/User Registration/Read Error Messages - Blank Email'

2023-07-24 12:38:04 - [TEST_CASE][PASSED] - Test Cases/secondhand-app/Pages/User Registration/Read Error Messages - Blank Email: Test Cases/secondhand-app/Pages/User Registration/Read Error Messages - Blank Email

2023-07-24 12:38:04 - [TEST_STEP][PASSED] - waitForElementPresent(findTestObject("secondhand-app/Page Register/android.widget.TextView - Email tidak boleh kosong"), 2): Element 'Object Repository/secondhand-app/Page Register/android.widget.TextView - Email tidak boleh kosong' is present

2023-07-24 12:38:04 - [MESSAGE][INFO] - Finding Test Object 'Object Repository/secondhand-app/Page Register/android.widget.TextView - Email tidak boleh kosong'

2023-07-24 12:38:04 - [MESSAGE][INFO] - Checking object

2023-07-24 12:38:04 - [MESSAGE][INFO] - Checking timeout

2023-07-24 12:38:05 - [MESSAGE][PASSED] - Element 'Object Repository/secondhand-app/Page Register/android.widget.TextView - Email tidak boleh kosong' is present

2023-07-24 12:38:05 - [TEST_STEP][PASSED] - errorText = getText(findTestObject("secondhand-app/Page Register/android.widget.TextView - Email tidak boleh kosong"), 0): Text of element 'Object Repository/secondhand-app/Page Register/android.widget.TextView - Email tidak boleh kosong' is: 'Email tidak boleh kosong'

2023-07-24 12:38:05 - [MESSAGE][INFO] - Finding Test Object 'Object Repository/secondhand-app/Page Register/android.widget.TextView - Email tidak boleh kosong'

2023-07-24 12:38:05 - [MESSAGE][INFO] - Checking object

2023-07-24 12:38:05 - [MESSAGE][INFO] - Checking timeout

2023-07-24 12:38:05 - [MESSAGE][WARNING] - Timeout '0' is invalid. Using default page load timeout: '30'

2023-07-24 12:38:06 - [MESSAGE][PASSED] - Text of element 'Object Repository/secondhand-app/Page Register/android.widget.TextView - Email tidak boleh kosong' is: 'Email tidak boleh kosong'

2023-07-24 12:38:06 - [TEST_STEP][PASSED] - logInfo(""): 

2023-07-24 12:38:06 - [MESSAGE][INFO] - 

2023-07-24 12:38:06 - [TEST_STEP][PASSED] - verifyMatch(errorText, expected, false): Actual text 'Email tidak boleh kosong' and expected text 'Email tidak boleh kosong' are matched 

2023-07-24 12:38:06 - [MESSAGE][INFO] - Matching actual text 'Email tidak boleh kosong' with expected text 'Email tidak boleh kosong'

2023-07-24 12:38:06 - [MESSAGE][PASSED] - Actual text 'Email tidak boleh kosong' and expected text 'Email tidak boleh kosong' are matched 

2023-07-24 12:38:06 - [TEST_STEP][PASSED] - takeScreenshot("screenshot", STOP_ON_FAILURE): Screenshot is taken

2023-07-24 12:38:06 - [MESSAGE][PASSED] - Screenshot is taken
[[ATTACHMENT|C:\\Users\\mhmdr\\Desktop\\SQA-Wave9-Kelompok2\\Reports\\20230724_123507\\secondhand-app\\Feature Register\\20230724_123507\\screenshot]]

2023-07-24 12:38:06 - [MESSAGE][PASSED] - Call Test Case 'Test Cases/secondhand-app/Pages/User Registration/Read Error Messages - Blank Email' successfully]]></system-out>
         <system-err><![CDATA[]]></system-err>
      </testcase>
      <system-out><![CDATA[2023-07-24 12:35:10 - [TEST_SUITE][PASSED] - Feature Register: Test Cases/secondhand-app/Step Definition/Feature Registration/PR004 - user should not be able to register using blank email]]></system-out>
      <system-err><![CDATA[]]></system-err>
   </testsuite>
</testsuites>
