<?xml version="1.0" encoding="UTF-8"?>
<testsuites name="Feature Homepage Category" time="26.297" tests="2" failures="0" errors="0">
   <testsuite name="Feature Homepage Category" tests="2" failures="0" errors="0" time="26.297" skipped="0" timestamp="2023-07-24 09:32:34" hostname="mhmdr - LAPTOP-A3L3V09Q" id="Test Suites/secondhand-web/Feature Homepage Category">
      <properties>
         <property name="deviceName" value=""/>
         <property name="devicePlatform" value=""/>
         <property name="logFolder" value="C:\\Users\\mhmdr\\Desktop\\SQA-Wave9-Kelompok2\\Reports\\20230724_093231\\secondhand-web\\Feature Homepage Category\\20230724_093232"/>
         <property name="logFiles" value="C:\\Users\\mhmdr\\Desktop\\SQA-Wave9-Kelompok2\\Reports\\20230724_093231\\secondhand-web\\Feature Homepage Category\\20230724_093232\\execution0.log"/>
         <property name="attachments" value="C:\\Users\\mhmdr\\Desktop\\SQA-Wave9-Kelompok2\\Reports\\20230724_093231\\secondhand-web\\Feature Homepage Category\\20230724_093232\\1690165962398.png, C:\\Users\\mhmdr\\Desktop\\SQA-Wave9-Kelompok2\\Reports\\20230724_093231\\secondhand-web\\Feature Homepage Category\\20230724_093232\\1690165964518.png, C:\\Users\\mhmdr\\Desktop\\SQA-Wave9-Kelompok2\\Reports\\20230724_093231\\secondhand-web\\Feature Homepage Category\\20230724_093232\\1690165967935.png, C:\\Users\\mhmdr\\Desktop\\SQA-Wave9-Kelompok2\\Reports\\20230724_093231\\secondhand-web\\Feature Homepage Category\\20230724_093232\\1690165968620.png, C:\\Users\\mhmdr\\Desktop\\SQA-Wave9-Kelompok2\\Reports\\20230724_093231\\secondhand-web\\Feature Homepage Category\\20230724_093232\\1690165974576.png, C:\\Users\\mhmdr\\Desktop\\SQA-Wave9-Kelompok2\\Reports\\20230724_093231\\secondhand-web\\Feature Homepage Category\\20230724_093232\\1690165976618.png, C:\\Users\\mhmdr\\Desktop\\SQA-Wave9-Kelompok2\\Reports\\20230724_093231\\secondhand-web\\Feature Homepage Category\\20230724_093232\\1690165979105.png, C:\\Users\\mhmdr\\Desktop\\SQA-Wave9-Kelompok2\\Reports\\20230724_093231\\secondhand-web\\Feature Homepage Category\\20230724_093232\\1690165979900.png"/>
         <property name="hostName" value="mhmdr - LAPTOP-A3L3V09Q"/>
         <property name="os" value="Windows 11 64bit"/>
         <property name="katalonVersion" value="8.6.5.208"/>
         <property name="browser" value="Chrome 115.0.0.0"/>
         <property name="hostAddress" value="192.168.1.4"/>
         <property name="sessionId" value="78be91b77c4addcb5557c0e829d38499"/>
         <property name="seleniumVersion" value="3.141.59"/>
         <property name="proxyInformation" value="ProxyInformation { proxyOption=NO_PROXY, proxyServerType=HTTP, username=, password=********, proxyServerAddress=, proxyServerPort=0, executionList=&quot;&quot;, isApplyToDesiredCapabilities=true }"/>
         <property name="platform" value="Windows 11"/>
      </properties>
      <testcase name="Test Cases/secondhand-web/Step Definition/Feature Homepage - Category/PROCAT001 - user should be able to search category product" time="14.809" classname="Test Cases/secondhand-web/Step Definition/Feature Homepage - Category/PROCAT001 - user should be able to search category product" status="PASSED">
         <system-out><![CDATA[2023-07-24 09:32:34 - [TEST_CASE][PASSED] - Test Cases/secondhand-web/Step Definition/Feature Homepage - Category/PROCAT001 - user should be able to search category product: Test Cases/secondhand-web/Step Definition/Feature Homepage - Category/PROCAT001 - user should be able to search category product

2023-07-24 09:32:35 - [TEST_STEP][PASSED] - callTestCase(findTestCase("secondhand-web/Common/Launch Web"), [:], STOP_ON_FAILURE): Call Test Case 'Test Cases/secondhand-web/Common/Launch Web' successfully

2023-07-24 09:32:35 - [MESSAGE][INFO] - Checking called Test Case

2023-07-24 09:32:35 - [MESSAGE][INFO] - Starting to call Test Case 'Test Cases/secondhand-web/Common/Launch Web'

2023-07-24 09:32:35 - [TEST_CASE][PASSED] - Test Cases/secondhand-web/Common/Launch Web: Test Cases/secondhand-web/Common/Launch Web

2023-07-24 09:32:35 - [TEST_STEP][PASSED] - openBrowser(""): Browser is opened with url: ''

2023-07-24 09:32:35 - [MESSAGE][INFO] - Opening browser

2023-07-24 09:32:35 - [MESSAGE][INFO] - Starting 'Chrome' driver

2023-07-24 09:32:35 - [MESSAGE][INFO] - Action delay is set to 0 milliseconds

2023-07-24 09:32:37 - [MESSAGE][PASSED] - Browser is opened with url: ''

2023-07-24 09:32:37 - [TEST_STEP][PASSED] - maximizeWindow(): Current window maximized

2023-07-24 09:32:37 - [MESSAGE][INFO] - Maximizing current window

2023-07-24 09:32:37 - [MESSAGE][PASSED] - Current window maximized

2023-07-24 09:32:37 - [MESSAGE][PASSED] - Call Test Case 'Test Cases/secondhand-web/Common/Launch Web' successfully

2023-07-24 09:32:37 - [TEST_STEP][PASSED] - callTestCase(findTestCase("secondhand-web/Common/Navigate To Web"), [:], STOP_ON_FAILURE): Call Test Case 'Test Cases/secondhand-web/Common/Navigate To Web' successfully

2023-07-24 09:32:37 - [MESSAGE][INFO] - Checking called Test Case

2023-07-24 09:32:37 - [MESSAGE][INFO] - Starting to call Test Case 'Test Cases/secondhand-web/Common/Navigate To Web'

2023-07-24 09:32:37 - [TEST_CASE][PASSED] - Test Cases/secondhand-web/Common/Navigate To Web: Test Cases/secondhand-web/Common/Navigate To Web

2023-07-24 09:32:38 - [TEST_STEP][PASSED] - navigateToUrl(baseUrl): Navigate to 'https://secondhand.binaracademy.org/' successfully

2023-07-24 09:32:38 - [MESSAGE][INFO] - Checking url

2023-07-24 09:32:38 - [MESSAGE][INFO] - Navigating to 'https://secondhand.binaracademy.org/'

2023-07-24 09:32:39 - [MESSAGE][PASSED] - Navigate to 'https://secondhand.binaracademy.org/' successfully

2023-07-24 09:32:39 - [MESSAGE][PASSED] - Call Test Case 'Test Cases/secondhand-web/Common/Navigate To Web' successfully

2023-07-24 09:32:39 - [TEST_STEP][PASSED] - callTestCase(findTestCase("secondhand-web/Pages/User Login/Click Button Masuk"), [:], STOP_ON_FAILURE): Call Test Case 'Test Cases/secondhand-web/Pages/User Login/Click Button Masuk' successfully

2023-07-24 09:32:39 - [MESSAGE][INFO] - Checking called Test Case

2023-07-24 09:32:39 - [MESSAGE][INFO] - Starting to call Test Case 'Test Cases/secondhand-web/Pages/User Login/Click Button Masuk'

2023-07-24 09:32:39 - [TEST_CASE][PASSED] - Test Cases/secondhand-web/Pages/User Login/Click Button Masuk: Test Cases/secondhand-web/Pages/User Login/Click Button Masuk

2023-07-24 09:32:40 - [TEST_STEP][PASSED] - verifyElementVisible(findTestObject("secondhand-web/Login/Click Button Masuk"), STOP_ON_FAILURE): Object 'Object Repository/secondhand-web/Login/Click Button Masuk' is visible

2023-07-24 09:32:40 - [MESSAGE][INFO] - Finding Test Object 'Object Repository/secondhand-web/Login/Click Button Masuk'

2023-07-24 09:32:40 - [MESSAGE][INFO] - Checking object

2023-07-24 09:32:40 - [MESSAGE][INFO] - Finding web element from Test Object's properties

2023-07-24 09:32:40 - [MESSAGE][INFO] - Checking timeout

2023-07-24 09:32:40 - [MESSAGE][INFO] - Finding web element with id: 'Object Repository/secondhand-web/Login/Click Button Masuk' located by 'By.xpath: //div[@id='navbarSupportedContent']/div/a' in '30' second(s)

2023-07-24 09:32:40 - [MESSAGE][INFO] - Smart Wait Function is triggered

2023-07-24 09:32:40 - [MESSAGE][INFO] - Found 1 web elements with id: 'Object Repository/secondhand-web/Login/Click Button Masuk' located by 'By.xpath: //div[@id='navbarSupportedContent']/div/a' in '30' second(s)

2023-07-24 09:32:40 - [MESSAGE][PASSED] - Object 'Object Repository/secondhand-web/Login/Click Button Masuk' is visible

2023-07-24 09:32:40 - [TEST_STEP][PASSED] - click(findTestObject("secondhand-web/Login/Click Button Masuk")): Object: 'Object Repository/secondhand-web/Login/Click Button Masuk' is clicked on

2023-07-24 09:32:40 - [MESSAGE][INFO] - Finding Test Object 'Object Repository/secondhand-web/Login/Click Button Masuk'

2023-07-24 09:32:40 - [MESSAGE][INFO] - Checking object

2023-07-24 09:32:40 - [MESSAGE][INFO] - Checking timeout

2023-07-24 09:32:40 - [MESSAGE][INFO] - Finding web element from Test Object's properties

2023-07-24 09:32:40 - [MESSAGE][INFO] - Checking timeout

2023-07-24 09:32:40 - [MESSAGE][INFO] - Finding web element with id: 'Object Repository/secondhand-web/Login/Click Button Masuk' located by 'By.xpath: //div[@id='navbarSupportedContent']/div/a' in '30' second(s)

2023-07-24 09:32:40 - [MESSAGE][INFO] - Smart Wait Function is triggered

2023-07-24 09:32:40 - [MESSAGE][INFO] - Found 1 web elements with id: 'Object Repository/secondhand-web/Login/Click Button Masuk' located by 'By.xpath: //div[@id='navbarSupportedContent']/div/a' in '30' second(s)

2023-07-24 09:32:40 - [MESSAGE][INFO] - Clicking on object: 'Object Repository/secondhand-web/Login/Click Button Masuk'

2023-07-24 09:32:40 - [MESSAGE][PASSED] - Object: 'Object Repository/secondhand-web/Login/Click Button Masuk' is clicked on

2023-07-24 09:32:40 - [MESSAGE][PASSED] - Call Test Case 'Test Cases/secondhand-web/Pages/User Login/Click Button Masuk' successfully

2023-07-24 09:32:40 - [TEST_STEP][PASSED] - callTestCase(findTestCase("secondhand-web/Pages/User Login/Input Email"), ["email":emailRizki], STOP_ON_FAILURE): Call Test Case 'Test Cases/secondhand-web/Pages/User Login/Input Email' successfully

2023-07-24 09:32:40 - [MESSAGE][INFO] - Checking called Test Case

2023-07-24 09:32:40 - [MESSAGE][INFO] - Starting to call Test Case 'Test Cases/secondhand-web/Pages/User Login/Input Email'

2023-07-24 09:32:40 - [TEST_CASE][PASSED] - Test Cases/secondhand-web/Pages/User Login/Input Email: Test Cases/secondhand-web/Pages/User Login/Input Email

2023-07-24 09:32:41 - [TEST_STEP][PASSED] - waitForElementVisible(findTestObject("secondhand-web/Login/Input_email"), 3): Object 'Object Repository/secondhand-web/Login/Input_email' is visible

2023-07-24 09:32:41 - [MESSAGE][INFO] - Finding Test Object 'Object Repository/secondhand-web/Login/Input_email'

2023-07-24 09:32:41 - [MESSAGE][INFO] - Checking object

2023-07-24 09:32:41 - [MESSAGE][INFO] - Checking timeout

2023-07-24 09:32:41 - [MESSAGE][INFO] - Finding web element from Test Object's properties

2023-07-24 09:32:41 - [MESSAGE][INFO] - Checking timeout

2023-07-24 09:32:41 - [MESSAGE][INFO] - Finding web element with id: 'Object Repository/secondhand-web/Login/Input_email' located by 'By.xpath: //input[@id='user_email']' in '3' second(s)

2023-07-24 09:32:41 - [MESSAGE][INFO] - Smart Wait Function is triggered

2023-07-24 09:32:41 - [MESSAGE][INFO] - Found 1 web elements with id: 'Object Repository/secondhand-web/Login/Input_email' located by 'By.xpath: //input[@id='user_email']' in '3' second(s)

2023-07-24 09:32:41 - [MESSAGE][PASSED] - Object 'Object Repository/secondhand-web/Login/Input_email' is visible

2023-07-24 09:32:41 - [TEST_STEP][PASSED] - setText(findTestObject("secondhand-web/Login/Input_email"), email): Text 'mhmdrizki250@gmail.com' is set on object 'Object Repository/secondhand-web/Login/Input_email'

2023-07-24 09:32:41 - [MESSAGE][INFO] - Finding Test Object 'Object Repository/secondhand-web/Login/Input_email'

2023-07-24 09:32:41 - [MESSAGE][INFO] - Checking object

2023-07-24 09:32:41 - [MESSAGE][INFO] - Checking text

2023-07-24 09:32:41 - [MESSAGE][INFO] - Finding web element from Test Object's properties

2023-07-24 09:32:41 - [MESSAGE][INFO] - Checking timeout

2023-07-24 09:32:41 - [MESSAGE][INFO] - Finding web element with id: 'Object Repository/secondhand-web/Login/Input_email' located by 'By.xpath: //input[@id='user_email']' in '30' second(s)

2023-07-24 09:32:41 - [MESSAGE][INFO] - Smart Wait Function is triggered

2023-07-24 09:32:41 - [MESSAGE][INFO] - Found 1 web elements with id: 'Object Repository/secondhand-web/Login/Input_email' located by 'By.xpath: //input[@id='user_email']' in '30' second(s)

2023-07-24 09:32:41 - [MESSAGE][INFO] - Clearing text of object 'Object Repository/secondhand-web/Login/Input_email'

2023-07-24 09:32:41 - [MESSAGE][INFO] - Finding web element from Test Object's properties

2023-07-24 09:32:41 - [MESSAGE][INFO] - Checking timeout

2023-07-24 09:32:41 - [MESSAGE][INFO] - Finding web element with id: 'Object Repository/secondhand-web/Login/Input_email' located by 'By.xpath: //input[@id='user_email']' in '30' second(s)

2023-07-24 09:32:41 - [MESSAGE][INFO] - Smart Wait Function is triggered

2023-07-24 09:32:42 - [MESSAGE][INFO] - Found 1 web elements with id: 'Object Repository/secondhand-web/Login/Input_email' located by 'By.xpath: //input[@id='user_email']' in '30' second(s)

2023-07-24 09:32:42 - [MESSAGE][INFO] - Setting text of object 'Object Repository/secondhand-web/Login/Input_email' to value 'mhmdrizki250@gmail.com'

2023-07-24 09:32:42 - [MESSAGE][PASSED] - Text 'mhmdrizki250@gmail.com' is set on object 'Object Repository/secondhand-web/Login/Input_email'

2023-07-24 09:32:42 - [TEST_STEP][PASSED] - takeScreenshot(): Taking screenshot successfully

2023-07-24 09:32:42 - [MESSAGE][INFO] - Smart Wait Function is triggered

2023-07-24 09:32:43 - [MESSAGE][PASSED] - Taking screenshot successfully
[[ATTACHMENT|C:\\Users\\mhmdr\\Desktop\\SQA-Wave9-Kelompok2\\Reports\\20230724_093231\\secondhand-web\\Feature Homepage Category\\20230724_093232\\1690165962398.png]]

2023-07-24 09:32:43 - [MESSAGE][PASSED] - Call Test Case 'Test Cases/secondhand-web/Pages/User Login/Input Email' successfully

2023-07-24 09:32:43 - [TEST_STEP][PASSED] - callTestCase(findTestCase("secondhand-web/Pages/User Login/Input Password"), ["password":passwordRizki], STOP_ON_FAILURE): Call Test Case 'Test Cases/secondhand-web/Pages/User Login/Input Password' successfully

2023-07-24 09:32:43 - [MESSAGE][INFO] - Checking called Test Case

2023-07-24 09:32:43 - [MESSAGE][INFO] - Starting to call Test Case 'Test Cases/secondhand-web/Pages/User Login/Input Password'

2023-07-24 09:32:43 - [TEST_CASE][PASSED] - Test Cases/secondhand-web/Pages/User Login/Input Password: Test Cases/secondhand-web/Pages/User Login/Input Password

2023-07-24 09:32:43 - [TEST_STEP][PASSED] - waitForElementVisible(findTestObject("secondhand-web/Login/Input_password"), 3): Object 'Object Repository/secondhand-web/Login/Input_password' is visible

2023-07-24 09:32:43 - [MESSAGE][INFO] - Finding Test Object 'Object Repository/secondhand-web/Login/Input_password'

2023-07-24 09:32:43 - [MESSAGE][INFO] - Checking object

2023-07-24 09:32:43 - [MESSAGE][INFO] - Checking timeout

2023-07-24 09:32:43 - [MESSAGE][INFO] - Finding web element from Test Object's properties

2023-07-24 09:32:43 - [MESSAGE][INFO] - Checking timeout

2023-07-24 09:32:43 - [MESSAGE][INFO] - Finding web element with id: 'Object Repository/secondhand-web/Login/Input_password' located by 'By.xpath: //input[@id='user_password']' in '3' second(s)

2023-07-24 09:32:43 - [MESSAGE][INFO] - Smart Wait Function is triggered

2023-07-24 09:32:43 - [MESSAGE][INFO] - Found 1 web elements with id: 'Object Repository/secondhand-web/Login/Input_password' located by 'By.xpath: //input[@id='user_password']' in '3' second(s)

2023-07-24 09:32:43 - [MESSAGE][PASSED] - Object 'Object Repository/secondhand-web/Login/Input_password' is visible

2023-07-24 09:32:43 - [TEST_STEP][PASSED] - setText(findTestObject("secondhand-web/Login/Input_password"), password): Text 'Kiki123456789' is set on object 'Object Repository/secondhand-web/Login/Input_password'

2023-07-24 09:32:43 - [MESSAGE][INFO] - Finding Test Object 'Object Repository/secondhand-web/Login/Input_password'

2023-07-24 09:32:43 - [MESSAGE][INFO] - Checking object

2023-07-24 09:32:43 - [MESSAGE][INFO] - Checking text

2023-07-24 09:32:43 - [MESSAGE][INFO] - Finding web element from Test Object's properties

2023-07-24 09:32:43 - [MESSAGE][INFO] - Checking timeout

2023-07-24 09:32:43 - [MESSAGE][INFO] - Finding web element with id: 'Object Repository/secondhand-web/Login/Input_password' located by 'By.xpath: //input[@id='user_password']' in '30' second(s)

2023-07-24 09:32:43 - [MESSAGE][INFO] - Smart Wait Function is triggered

2023-07-24 09:32:43 - [MESSAGE][INFO] - Found 1 web elements with id: 'Object Repository/secondhand-web/Login/Input_password' located by 'By.xpath: //input[@id='user_password']' in '30' second(s)

2023-07-24 09:32:43 - [MESSAGE][INFO] - Clearing text of object 'Object Repository/secondhand-web/Login/Input_password'

2023-07-24 09:32:43 - [MESSAGE][INFO] - Finding web element from Test Object's properties

2023-07-24 09:32:43 - [MESSAGE][INFO] - Checking timeout

2023-07-24 09:32:43 - [MESSAGE][INFO] - Finding web element with id: 'Object Repository/secondhand-web/Login/Input_password' located by 'By.xpath: //input[@id='user_password']' in '30' second(s)

2023-07-24 09:32:43 - [MESSAGE][INFO] - Smart Wait Function is triggered

2023-07-24 09:32:44 - [MESSAGE][INFO] - Found 1 web elements with id: 'Object Repository/secondhand-web/Login/Input_password' located by 'By.xpath: //input[@id='user_password']' in '30' second(s)

2023-07-24 09:32:44 - [MESSAGE][INFO] - Setting text of object 'Object Repository/secondhand-web/Login/Input_password' to value 'Kiki123456789'

2023-07-24 09:32:44 - [MESSAGE][PASSED] - Text 'Kiki123456789' is set on object 'Object Repository/secondhand-web/Login/Input_password'

2023-07-24 09:32:44 - [TEST_STEP][PASSED] - takeScreenshot(): Taking screenshot successfully

2023-07-24 09:32:44 - [MESSAGE][INFO] - Smart Wait Function is triggered

2023-07-24 09:32:45 - [MESSAGE][PASSED] - Taking screenshot successfully
[[ATTACHMENT|C:\\Users\\mhmdr\\Desktop\\SQA-Wave9-Kelompok2\\Reports\\20230724_093231\\secondhand-web\\Feature Homepage Category\\20230724_093232\\1690165964518.png]]

2023-07-24 09:32:45 - [MESSAGE][PASSED] - Call Test Case 'Test Cases/secondhand-web/Pages/User Login/Input Password' successfully

2023-07-24 09:32:45 - [TEST_STEP][PASSED] - callTestCase(findTestCase("secondhand-web/Pages/User Login/Button Masuk"), [:], STOP_ON_FAILURE): Call Test Case 'Test Cases/secondhand-web/Pages/User Login/Button Masuk' successfully

2023-07-24 09:32:45 - [MESSAGE][INFO] - Checking called Test Case

2023-07-24 09:32:45 - [MESSAGE][INFO] - Starting to call Test Case 'Test Cases/secondhand-web/Pages/User Login/Button Masuk'

2023-07-24 09:32:45 - [TEST_CASE][PASSED] - Test Cases/secondhand-web/Pages/User Login/Button Masuk: Test Cases/secondhand-web/Pages/User Login/Button Masuk

2023-07-24 09:32:45 - [TEST_STEP][PASSED] - verifyElementVisible(findTestObject("secondhand-web/Login/Button Masuk"), STOP_ON_FAILURE): Object 'Object Repository/secondhand-web/Login/Button Masuk' is visible

2023-07-24 09:32:45 - [MESSAGE][INFO] - Finding Test Object 'Object Repository/secondhand-web/Login/Button Masuk'

2023-07-24 09:32:45 - [MESSAGE][INFO] - Checking object

2023-07-24 09:32:45 - [MESSAGE][INFO] - Finding web element from Test Object's properties

2023-07-24 09:32:45 - [MESSAGE][INFO] - Checking timeout

2023-07-24 09:32:45 - [MESSAGE][INFO] - Finding web element with id: 'Object Repository/secondhand-web/Login/Button Masuk' located by 'By.xpath: //input[@name='commit']' in '30' second(s)

2023-07-24 09:32:45 - [MESSAGE][INFO] - Smart Wait Function is triggered

2023-07-24 09:32:45 - [MESSAGE][INFO] - Found 1 web elements with id: 'Object Repository/secondhand-web/Login/Button Masuk' located by 'By.xpath: //input[@name='commit']' in '30' second(s)

2023-07-24 09:32:45 - [MESSAGE][PASSED] - Object 'Object Repository/secondhand-web/Login/Button Masuk' is visible

2023-07-24 09:32:45 - [TEST_STEP][PASSED] - click(findTestObject("secondhand-web/Login/Button Masuk")): Object: 'Object Repository/secondhand-web/Login/Button Masuk' is clicked on

2023-07-24 09:32:45 - [MESSAGE][INFO] - Finding Test Object 'Object Repository/secondhand-web/Login/Button Masuk'

2023-07-24 09:32:45 - [MESSAGE][INFO] - Checking object

2023-07-24 09:32:45 - [MESSAGE][INFO] - Checking timeout

2023-07-24 09:32:45 - [MESSAGE][INFO] - Finding web element from Test Object's properties

2023-07-24 09:32:45 - [MESSAGE][INFO] - Checking timeout

2023-07-24 09:32:45 - [MESSAGE][INFO] - Finding web element with id: 'Object Repository/secondhand-web/Login/Button Masuk' located by 'By.xpath: //input[@name='commit']' in '30' second(s)

2023-07-24 09:32:45 - [MESSAGE][INFO] - Smart Wait Function is triggered

2023-07-24 09:32:45 - [MESSAGE][INFO] - Found 1 web elements with id: 'Object Repository/secondhand-web/Login/Button Masuk' located by 'By.xpath: //input[@name='commit']' in '30' second(s)

2023-07-24 09:32:45 - [MESSAGE][INFO] - Clicking on object: 'Object Repository/secondhand-web/Login/Button Masuk'

2023-07-24 09:32:46 - [MESSAGE][PASSED] - Object: 'Object Repository/secondhand-web/Login/Button Masuk' is clicked on

2023-07-24 09:32:46 - [MESSAGE][PASSED] - Call Test Case 'Test Cases/secondhand-web/Pages/User Login/Button Masuk' successfully

2023-07-24 09:32:46 - [TEST_STEP][PASSED] - callTestCase(findTestCase("secondhand-web/Pages/Homepage - Category/Category - Baju"), [:], STOP_ON_FAILURE): Call Test Case 'Test Cases/secondhand-web/Pages/Homepage - Category/Category - Baju' successfully

2023-07-24 09:32:46 - [MESSAGE][INFO] - Checking called Test Case

2023-07-24 09:32:46 - [MESSAGE][INFO] - Starting to call Test Case 'Test Cases/secondhand-web/Pages/Homepage - Category/Category - Baju'

2023-07-24 09:32:46 - [TEST_CASE][PASSED] - Test Cases/secondhand-web/Pages/Homepage - Category/Category - Baju: Test Cases/secondhand-web/Pages/Homepage - Category/Category - Baju

2023-07-24 09:32:46 - [TEST_STEP][PASSED] - waitForElementVisible(findTestObject("secondhand-web/Homepage - Category/a_Baju"), 1): Object 'Object Repository/secondhand-web/Homepage - Category/a_Baju' is visible

2023-07-24 09:32:46 - [MESSAGE][INFO] - Finding Test Object 'Object Repository/secondhand-web/Homepage - Category/a_Baju'

2023-07-24 09:32:46 - [MESSAGE][INFO] - Checking object

2023-07-24 09:32:46 - [MESSAGE][INFO] - Checking timeout

2023-07-24 09:32:46 - [MESSAGE][INFO] - Finding web element from Test Object's properties

2023-07-24 09:32:46 - [MESSAGE][INFO] - Checking timeout

2023-07-24 09:32:46 - [MESSAGE][INFO] - Finding web element with id: 'Object Repository/secondhand-web/Homepage - Category/a_Baju' located by 'By.xpath: //*/text()[normalize-space(.)='Baju']/parent::*' in '1' second(s)

2023-07-24 09:32:46 - [MESSAGE][INFO] - Smart Wait Function is triggered

2023-07-24 09:32:46 - [MESSAGE][INFO] - Found 3 web elements with id: 'Object Repository/secondhand-web/Homepage - Category/a_Baju' located by 'By.xpath: //*/text()[normalize-space(.)='Baju']/parent::*' in '1' second(s)

2023-07-24 09:32:46 - [MESSAGE][PASSED] - Object 'Object Repository/secondhand-web/Homepage - Category/a_Baju' is visible

2023-07-24 09:32:46 - [TEST_STEP][PASSED] - scrollToPosition(555, 555): Browser is scrolled to position x = 555, y = 555

2023-07-24 09:32:46 - [MESSAGE][INFO] - Checking x

2023-07-24 09:32:46 - [MESSAGE][INFO] - Checking y

2023-07-24 09:32:46 - [MESSAGE][INFO] - Scrolling to position x = 555, y = 555

2023-07-24 09:32:46 - [MESSAGE][PASSED] - Browser is scrolled to position x = 555, y = 555

2023-07-24 09:32:46 - [TEST_STEP][PASSED] - click(findTestObject("secondhand-web/Homepage - Category/a_Baju")): Object: 'Object Repository/secondhand-web/Homepage - Category/a_Baju' is clicked on

2023-07-24 09:32:46 - [MESSAGE][INFO] - Finding Test Object 'Object Repository/secondhand-web/Homepage - Category/a_Baju'

2023-07-24 09:32:47 - [MESSAGE][INFO] - Checking object

2023-07-24 09:32:47 - [MESSAGE][INFO] - Checking timeout

2023-07-24 09:32:47 - [MESSAGE][INFO] - Finding web element from Test Object's properties

2023-07-24 09:32:47 - [MESSAGE][INFO] - Checking timeout

2023-07-24 09:32:47 - [MESSAGE][INFO] - Finding web element with id: 'Object Repository/secondhand-web/Homepage - Category/a_Baju' located by 'By.xpath: //*/text()[normalize-space(.)='Baju']/parent::*' in '30' second(s)

2023-07-24 09:32:47 - [MESSAGE][INFO] - Smart Wait Function is triggered

2023-07-24 09:32:47 - [MESSAGE][INFO] - Found 3 web elements with id: 'Object Repository/secondhand-web/Homepage - Category/a_Baju' located by 'By.xpath: //*/text()[normalize-space(.)='Baju']/parent::*' in '30' second(s)

2023-07-24 09:32:47 - [MESSAGE][INFO] - Clicking on object: 'Object Repository/secondhand-web/Homepage - Category/a_Baju'

2023-07-24 09:32:47 - [MESSAGE][PASSED] - Object: 'Object Repository/secondhand-web/Homepage - Category/a_Baju' is clicked on

2023-07-24 09:32:47 - [TEST_STEP][PASSED] - takeScreenshot(): Taking screenshot successfully

2023-07-24 09:32:47 - [MESSAGE][INFO] - Smart Wait Function is triggered

2023-07-24 09:32:48 - [MESSAGE][PASSED] - Taking screenshot successfully
[[ATTACHMENT|C:\\Users\\mhmdr\\Desktop\\SQA-Wave9-Kelompok2\\Reports\\20230724_093231\\secondhand-web\\Feature Homepage Category\\20230724_093232\\1690165967935.png]]

2023-07-24 09:32:48 - [TEST_STEP][PASSED] - scrollToElement(findTestObject("secondhand-web/Homepage/Prod Col 2"), 3): Scroll to object 'Object Repository/secondhand-web/Homepage/Prod Col 2' successfully

2023-07-24 09:32:48 - [MESSAGE][INFO] - Finding Test Object 'Object Repository/secondhand-web/Homepage/Prod Col 2'

2023-07-24 09:32:48 - [MESSAGE][INFO] - Checking object

2023-07-24 09:32:48 - [MESSAGE][INFO] - Checking timeout

2023-07-24 09:32:48 - [MESSAGE][INFO] - Finding web element from Test Object's properties

2023-07-24 09:32:48 - [MESSAGE][INFO] - Checking timeout

2023-07-24 09:32:48 - [MESSAGE][INFO] - Finding web element with id: 'Object Repository/secondhand-web/Homepage/Prod Col 2' located by 'By.xpath: //div[@id='products']/div[5]/a/div' in '30' second(s)

2023-07-24 09:32:48 - [MESSAGE][INFO] - Smart Wait Function is triggered

2023-07-24 09:32:48 - [MESSAGE][INFO] - Found 1 web elements with id: 'Object Repository/secondhand-web/Homepage/Prod Col 2' located by 'By.xpath: //div[@id='products']/div[5]/a/div' in '30' second(s)

2023-07-24 09:32:48 - [MESSAGE][INFO] - Scrolling to object 'Object Repository/secondhand-web/Homepage/Prod Col 2'

2023-07-24 09:32:48 - [MESSAGE][PASSED] - Scroll to object 'Object Repository/secondhand-web/Homepage/Prod Col 2' successfully

2023-07-24 09:32:48 - [TEST_STEP][PASSED] - takeScreenshot(): Taking screenshot successfully

2023-07-24 09:32:48 - [MESSAGE][INFO] - Smart Wait Function is triggered

2023-07-24 09:32:48 - [MESSAGE][PASSED] - Taking screenshot successfully
[[ATTACHMENT|C:\\Users\\mhmdr\\Desktop\\SQA-Wave9-Kelompok2\\Reports\\20230724_093231\\secondhand-web\\Feature Homepage Category\\20230724_093232\\1690165968620.png]]

2023-07-24 09:32:48 - [MESSAGE][PASSED] - Call Test Case 'Test Cases/secondhand-web/Pages/Homepage - Category/Category - Baju' successfully

2023-07-24 09:32:48 - [TEST_STEP][PASSED] - callTestCase(findTestCase("secondhand-web/Common/Close Web"), [:], STOP_ON_FAILURE): Call Test Case 'Test Cases/secondhand-web/Common/Close Web' successfully

2023-07-24 09:32:48 - [MESSAGE][INFO] - Checking called Test Case

2023-07-24 09:32:48 - [MESSAGE][INFO] - Starting to call Test Case 'Test Cases/secondhand-web/Common/Close Web'

2023-07-24 09:32:48 - [TEST_CASE][PASSED] - Test Cases/secondhand-web/Common/Close Web: Test Cases/secondhand-web/Common/Close Web

2023-07-24 09:32:48 - [TEST_STEP][PASSED] - closeBrowser(): Browser is closed

2023-07-24 09:32:49 - [MESSAGE][INFO] - Closing browser

2023-07-24 09:32:49 - [MESSAGE][PASSED] - Browser is closed

2023-07-24 09:32:49 - [MESSAGE][PASSED] - Call Test Case 'Test Cases/secondhand-web/Common/Close Web' successfully]]></system-out>
         <system-err><![CDATA[]]></system-err>
      </testcase>
      <testcase name="Test Cases/secondhand-web/Step Definition/Feature Homepage - Category/PROCAT002 - user should not be able to product with no select category" time="11.309" classname="Test Cases/secondhand-web/Step Definition/Feature Homepage - Category/PROCAT002 - user should not be able to product with no select category" status="PASSED">
         <system-out><![CDATA[2023-07-24 09:32:49 - [TEST_CASE][PASSED] - Test Cases/secondhand-web/Step Definition/Feature Homepage - Category/PROCAT002 - user should not be able to product with no select category: Test Cases/secondhand-web/Step Definition/Feature Homepage - Category/PROCAT002 - user should not be able to product with no select category

2023-07-24 09:32:49 - [TEST_STEP][PASSED] - callTestCase(findTestCase("secondhand-web/Common/Launch Web"), [:], STOP_ON_FAILURE): Call Test Case 'Test Cases/secondhand-web/Common/Launch Web' successfully

2023-07-24 09:32:49 - [MESSAGE][INFO] - Checking called Test Case

2023-07-24 09:32:49 - [MESSAGE][INFO] - Starting to call Test Case 'Test Cases/secondhand-web/Common/Launch Web'

2023-07-24 09:32:49 - [TEST_CASE][PASSED] - Test Cases/secondhand-web/Common/Launch Web: Test Cases/secondhand-web/Common/Launch Web

2023-07-24 09:32:49 - [TEST_STEP][PASSED] - openBrowser(""): Browser is opened with url: ''

2023-07-24 09:32:49 - [MESSAGE][INFO] - Opening browser

2023-07-24 09:32:49 - [MESSAGE][INFO] - Starting 'Chrome' driver

2023-07-24 09:32:49 - [MESSAGE][INFO] - Action delay is set to 0 milliseconds

2023-07-24 09:32:51 - [MESSAGE][PASSED] - Browser is opened with url: ''

2023-07-24 09:32:51 - [TEST_STEP][PASSED] - maximizeWindow(): Current window maximized

2023-07-24 09:32:51 - [MESSAGE][INFO] - Maximizing current window

2023-07-24 09:32:51 - [MESSAGE][PASSED] - Current window maximized

2023-07-24 09:32:51 - [MESSAGE][PASSED] - Call Test Case 'Test Cases/secondhand-web/Common/Launch Web' successfully

2023-07-24 09:32:51 - [TEST_STEP][PASSED] - callTestCase(findTestCase("secondhand-web/Common/Navigate To Web"), [:], STOP_ON_FAILURE): Call Test Case 'Test Cases/secondhand-web/Common/Navigate To Web' successfully

2023-07-24 09:32:51 - [MESSAGE][INFO] - Checking called Test Case

2023-07-24 09:32:51 - [MESSAGE][INFO] - Starting to call Test Case 'Test Cases/secondhand-web/Common/Navigate To Web'

2023-07-24 09:32:51 - [TEST_CASE][PASSED] - Test Cases/secondhand-web/Common/Navigate To Web: Test Cases/secondhand-web/Common/Navigate To Web

2023-07-24 09:32:51 - [TEST_STEP][PASSED] - navigateToUrl(baseUrl): Navigate to 'https://secondhand.binaracademy.org/' successfully

2023-07-24 09:32:51 - [MESSAGE][INFO] - Checking url

2023-07-24 09:32:51 - [MESSAGE][INFO] - Navigating to 'https://secondhand.binaracademy.org/'

2023-07-24 09:32:52 - [MESSAGE][PASSED] - Navigate to 'https://secondhand.binaracademy.org/' successfully

2023-07-24 09:32:52 - [MESSAGE][PASSED] - Call Test Case 'Test Cases/secondhand-web/Common/Navigate To Web' successfully

2023-07-24 09:32:52 - [TEST_STEP][PASSED] - callTestCase(findTestCase("secondhand-web/Pages/User Login/Click Button Masuk"), [:], STOP_ON_FAILURE): Call Test Case 'Test Cases/secondhand-web/Pages/User Login/Click Button Masuk' successfully

2023-07-24 09:32:52 - [MESSAGE][INFO] - Checking called Test Case

2023-07-24 09:32:52 - [MESSAGE][INFO] - Starting to call Test Case 'Test Cases/secondhand-web/Pages/User Login/Click Button Masuk'

2023-07-24 09:32:52 - [TEST_CASE][PASSED] - Test Cases/secondhand-web/Pages/User Login/Click Button Masuk: Test Cases/secondhand-web/Pages/User Login/Click Button Masuk

2023-07-24 09:32:52 - [TEST_STEP][PASSED] - verifyElementVisible(findTestObject("secondhand-web/Login/Click Button Masuk"), STOP_ON_FAILURE): Object 'Object Repository/secondhand-web/Login/Click Button Masuk' is visible

2023-07-24 09:32:52 - [MESSAGE][INFO] - Finding Test Object 'Object Repository/secondhand-web/Login/Click Button Masuk'

2023-07-24 09:32:52 - [MESSAGE][INFO] - Checking object

2023-07-24 09:32:52 - [MESSAGE][INFO] - Finding web element from Test Object's properties

2023-07-24 09:32:52 - [MESSAGE][INFO] - Checking timeout

2023-07-24 09:32:52 - [MESSAGE][INFO] - Finding web element with id: 'Object Repository/secondhand-web/Login/Click Button Masuk' located by 'By.xpath: //div[@id='navbarSupportedContent']/div/a' in '30' second(s)

2023-07-24 09:32:52 - [MESSAGE][INFO] - Smart Wait Function is triggered

2023-07-24 09:32:52 - [MESSAGE][INFO] - Found 1 web elements with id: 'Object Repository/secondhand-web/Login/Click Button Masuk' located by 'By.xpath: //div[@id='navbarSupportedContent']/div/a' in '30' second(s)

2023-07-24 09:32:52 - [MESSAGE][PASSED] - Object 'Object Repository/secondhand-web/Login/Click Button Masuk' is visible

2023-07-24 09:32:52 - [TEST_STEP][PASSED] - click(findTestObject("secondhand-web/Login/Click Button Masuk")): Object: 'Object Repository/secondhand-web/Login/Click Button Masuk' is clicked on

2023-07-24 09:32:52 - [MESSAGE][INFO] - Finding Test Object 'Object Repository/secondhand-web/Login/Click Button Masuk'

2023-07-24 09:32:52 - [MESSAGE][INFO] - Checking object

2023-07-24 09:32:52 - [MESSAGE][INFO] - Checking timeout

2023-07-24 09:32:52 - [MESSAGE][INFO] - Finding web element from Test Object's properties

2023-07-24 09:32:52 - [MESSAGE][INFO] - Checking timeout

2023-07-24 09:32:52 - [MESSAGE][INFO] - Finding web element with id: 'Object Repository/secondhand-web/Login/Click Button Masuk' located by 'By.xpath: //div[@id='navbarSupportedContent']/div/a' in '30' second(s)

2023-07-24 09:32:52 - [MESSAGE][INFO] - Smart Wait Function is triggered

2023-07-24 09:32:53 - [MESSAGE][INFO] - Found 1 web elements with id: 'Object Repository/secondhand-web/Login/Click Button Masuk' located by 'By.xpath: //div[@id='navbarSupportedContent']/div/a' in '30' second(s)

2023-07-24 09:32:53 - [MESSAGE][INFO] - Clicking on object: 'Object Repository/secondhand-web/Login/Click Button Masuk'

2023-07-24 09:32:53 - [MESSAGE][PASSED] - Object: 'Object Repository/secondhand-web/Login/Click Button Masuk' is clicked on

2023-07-24 09:32:53 - [MESSAGE][PASSED] - Call Test Case 'Test Cases/secondhand-web/Pages/User Login/Click Button Masuk' successfully

2023-07-24 09:32:53 - [TEST_STEP][PASSED] - callTestCase(findTestCase("secondhand-web/Pages/User Login/Input Email"), ["email":emailRizki], STOP_ON_FAILURE): Call Test Case 'Test Cases/secondhand-web/Pages/User Login/Input Email' successfully

2023-07-24 09:32:53 - [MESSAGE][INFO] - Checking called Test Case

2023-07-24 09:32:53 - [MESSAGE][INFO] - Starting to call Test Case 'Test Cases/secondhand-web/Pages/User Login/Input Email'

2023-07-24 09:32:53 - [TEST_CASE][PASSED] - Test Cases/secondhand-web/Pages/User Login/Input Email: Test Cases/secondhand-web/Pages/User Login/Input Email

2023-07-24 09:32:53 - [TEST_STEP][PASSED] - waitForElementVisible(findTestObject("secondhand-web/Login/Input_email"), 3): Object 'Object Repository/secondhand-web/Login/Input_email' is visible

2023-07-24 09:32:53 - [MESSAGE][INFO] - Finding Test Object 'Object Repository/secondhand-web/Login/Input_email'

2023-07-24 09:32:53 - [MESSAGE][INFO] - Checking object

2023-07-24 09:32:53 - [MESSAGE][INFO] - Checking timeout

2023-07-24 09:32:53 - [MESSAGE][INFO] - Finding web element from Test Object's properties

2023-07-24 09:32:53 - [MESSAGE][INFO] - Checking timeout

2023-07-24 09:32:53 - [MESSAGE][INFO] - Finding web element with id: 'Object Repository/secondhand-web/Login/Input_email' located by 'By.xpath: //input[@id='user_email']' in '3' second(s)

2023-07-24 09:32:53 - [MESSAGE][INFO] - Smart Wait Function is triggered

2023-07-24 09:32:53 - [MESSAGE][INFO] - Found 1 web elements with id: 'Object Repository/secondhand-web/Login/Input_email' located by 'By.xpath: //input[@id='user_email']' in '3' second(s)

2023-07-24 09:32:53 - [MESSAGE][PASSED] - Object 'Object Repository/secondhand-web/Login/Input_email' is visible

2023-07-24 09:32:53 - [TEST_STEP][PASSED] - setText(findTestObject("secondhand-web/Login/Input_email"), email): Text 'mhmdrizki250@gmail.com' is set on object 'Object Repository/secondhand-web/Login/Input_email'

2023-07-24 09:32:53 - [MESSAGE][INFO] - Finding Test Object 'Object Repository/secondhand-web/Login/Input_email'

2023-07-24 09:32:53 - [MESSAGE][INFO] - Checking object

2023-07-24 09:32:53 - [MESSAGE][INFO] - Checking text

2023-07-24 09:32:53 - [MESSAGE][INFO] - Finding web element from Test Object's properties

2023-07-24 09:32:53 - [MESSAGE][INFO] - Checking timeout

2023-07-24 09:32:53 - [MESSAGE][INFO] - Finding web element with id: 'Object Repository/secondhand-web/Login/Input_email' located by 'By.xpath: //input[@id='user_email']' in '30' second(s)

2023-07-24 09:32:53 - [MESSAGE][INFO] - Smart Wait Function is triggered

2023-07-24 09:32:53 - [MESSAGE][INFO] - Found 1 web elements with id: 'Object Repository/secondhand-web/Login/Input_email' located by 'By.xpath: //input[@id='user_email']' in '30' second(s)

2023-07-24 09:32:53 - [MESSAGE][INFO] - Clearing text of object 'Object Repository/secondhand-web/Login/Input_email'

2023-07-24 09:32:54 - [MESSAGE][INFO] - Finding web element from Test Object's properties

2023-07-24 09:32:54 - [MESSAGE][INFO] - Checking timeout

2023-07-24 09:32:54 - [MESSAGE][INFO] - Finding web element with id: 'Object Repository/secondhand-web/Login/Input_email' located by 'By.xpath: //input[@id='user_email']' in '30' second(s)

2023-07-24 09:32:54 - [MESSAGE][INFO] - Smart Wait Function is triggered

2023-07-24 09:32:54 - [MESSAGE][INFO] - Found 1 web elements with id: 'Object Repository/secondhand-web/Login/Input_email' located by 'By.xpath: //input[@id='user_email']' in '30' second(s)

2023-07-24 09:32:54 - [MESSAGE][INFO] - Setting text of object 'Object Repository/secondhand-web/Login/Input_email' to value 'mhmdrizki250@gmail.com'

2023-07-24 09:32:54 - [MESSAGE][PASSED] - Text 'mhmdrizki250@gmail.com' is set on object 'Object Repository/secondhand-web/Login/Input_email'

2023-07-24 09:32:54 - [TEST_STEP][PASSED] - takeScreenshot(): Taking screenshot successfully

2023-07-24 09:32:54 - [MESSAGE][INFO] - Smart Wait Function is triggered

2023-07-24 09:32:55 - [MESSAGE][PASSED] - Taking screenshot successfully
[[ATTACHMENT|C:\\Users\\mhmdr\\Desktop\\SQA-Wave9-Kelompok2\\Reports\\20230724_093231\\secondhand-web\\Feature Homepage Category\\20230724_093232\\1690165974576.png]]

2023-07-24 09:32:55 - [MESSAGE][PASSED] - Call Test Case 'Test Cases/secondhand-web/Pages/User Login/Input Email' successfully

2023-07-24 09:32:55 - [TEST_STEP][PASSED] - callTestCase(findTestCase("secondhand-web/Pages/User Login/Input Password"), ["password":passwordRizki], STOP_ON_FAILURE): Call Test Case 'Test Cases/secondhand-web/Pages/User Login/Input Password' successfully

2023-07-24 09:32:55 - [MESSAGE][INFO] - Checking called Test Case

2023-07-24 09:32:55 - [MESSAGE][INFO] - Starting to call Test Case 'Test Cases/secondhand-web/Pages/User Login/Input Password'

2023-07-24 09:32:55 - [TEST_CASE][PASSED] - Test Cases/secondhand-web/Pages/User Login/Input Password: Test Cases/secondhand-web/Pages/User Login/Input Password

2023-07-24 09:32:55 - [TEST_STEP][PASSED] - waitForElementVisible(findTestObject("secondhand-web/Login/Input_password"), 3): Object 'Object Repository/secondhand-web/Login/Input_password' is visible

2023-07-24 09:32:55 - [MESSAGE][INFO] - Finding Test Object 'Object Repository/secondhand-web/Login/Input_password'

2023-07-24 09:32:55 - [MESSAGE][INFO] - Checking object

2023-07-24 09:32:55 - [MESSAGE][INFO] - Checking timeout

2023-07-24 09:32:55 - [MESSAGE][INFO] - Finding web element from Test Object's properties

2023-07-24 09:32:55 - [MESSAGE][INFO] - Checking timeout

2023-07-24 09:32:55 - [MESSAGE][INFO] - Finding web element with id: 'Object Repository/secondhand-web/Login/Input_password' located by 'By.xpath: //input[@id='user_password']' in '3' second(s)

2023-07-24 09:32:55 - [MESSAGE][INFO] - Smart Wait Function is triggered

2023-07-24 09:32:55 - [MESSAGE][INFO] - Found 1 web elements with id: 'Object Repository/secondhand-web/Login/Input_password' located by 'By.xpath: //input[@id='user_password']' in '3' second(s)

2023-07-24 09:32:55 - [MESSAGE][PASSED] - Object 'Object Repository/secondhand-web/Login/Input_password' is visible

2023-07-24 09:32:55 - [TEST_STEP][PASSED] - setText(findTestObject("secondhand-web/Login/Input_password"), password): Text 'Kiki123456789' is set on object 'Object Repository/secondhand-web/Login/Input_password'

2023-07-24 09:32:55 - [MESSAGE][INFO] - Finding Test Object 'Object Repository/secondhand-web/Login/Input_password'

2023-07-24 09:32:55 - [MESSAGE][INFO] - Checking object

2023-07-24 09:32:55 - [MESSAGE][INFO] - Checking text

2023-07-24 09:32:55 - [MESSAGE][INFO] - Finding web element from Test Object's properties

2023-07-24 09:32:55 - [MESSAGE][INFO] - Checking timeout

2023-07-24 09:32:55 - [MESSAGE][INFO] - Finding web element with id: 'Object Repository/secondhand-web/Login/Input_password' located by 'By.xpath: //input[@id='user_password']' in '30' second(s)

2023-07-24 09:32:55 - [MESSAGE][INFO] - Smart Wait Function is triggered

2023-07-24 09:32:56 - [MESSAGE][INFO] - Found 1 web elements with id: 'Object Repository/secondhand-web/Login/Input_password' located by 'By.xpath: //input[@id='user_password']' in '30' second(s)

2023-07-24 09:32:56 - [MESSAGE][INFO] - Clearing text of object 'Object Repository/secondhand-web/Login/Input_password'

2023-07-24 09:32:56 - [MESSAGE][INFO] - Finding web element from Test Object's properties

2023-07-24 09:32:56 - [MESSAGE][INFO] - Checking timeout

2023-07-24 09:32:56 - [MESSAGE][INFO] - Finding web element with id: 'Object Repository/secondhand-web/Login/Input_password' located by 'By.xpath: //input[@id='user_password']' in '30' second(s)

2023-07-24 09:32:56 - [MESSAGE][INFO] - Smart Wait Function is triggered

2023-07-24 09:32:56 - [MESSAGE][INFO] - Found 1 web elements with id: 'Object Repository/secondhand-web/Login/Input_password' located by 'By.xpath: //input[@id='user_password']' in '30' second(s)

2023-07-24 09:32:56 - [MESSAGE][INFO] - Setting text of object 'Object Repository/secondhand-web/Login/Input_password' to value 'Kiki123456789'

2023-07-24 09:32:56 - [MESSAGE][PASSED] - Text 'Kiki123456789' is set on object 'Object Repository/secondhand-web/Login/Input_password'

2023-07-24 09:32:56 - [TEST_STEP][PASSED] - takeScreenshot(): Taking screenshot successfully

2023-07-24 09:32:56 - [MESSAGE][INFO] - Smart Wait Function is triggered

2023-07-24 09:32:57 - [MESSAGE][PASSED] - Taking screenshot successfully
[[ATTACHMENT|C:\\Users\\mhmdr\\Desktop\\SQA-Wave9-Kelompok2\\Reports\\20230724_093231\\secondhand-web\\Feature Homepage Category\\20230724_093232\\1690165976618.png]]

2023-07-24 09:32:57 - [MESSAGE][PASSED] - Call Test Case 'Test Cases/secondhand-web/Pages/User Login/Input Password' successfully

2023-07-24 09:32:57 - [TEST_STEP][PASSED] - callTestCase(findTestCase("secondhand-web/Pages/User Login/Button Masuk"), [:], STOP_ON_FAILURE): Call Test Case 'Test Cases/secondhand-web/Pages/User Login/Button Masuk' successfully

2023-07-24 09:32:57 - [MESSAGE][INFO] - Checking called Test Case

2023-07-24 09:32:57 - [MESSAGE][INFO] - Starting to call Test Case 'Test Cases/secondhand-web/Pages/User Login/Button Masuk'

2023-07-24 09:32:57 - [TEST_CASE][PASSED] - Test Cases/secondhand-web/Pages/User Login/Button Masuk: Test Cases/secondhand-web/Pages/User Login/Button Masuk

2023-07-24 09:32:57 - [TEST_STEP][PASSED] - verifyElementVisible(findTestObject("secondhand-web/Login/Button Masuk"), STOP_ON_FAILURE): Object 'Object Repository/secondhand-web/Login/Button Masuk' is visible

2023-07-24 09:32:57 - [MESSAGE][INFO] - Finding Test Object 'Object Repository/secondhand-web/Login/Button Masuk'

2023-07-24 09:32:57 - [MESSAGE][INFO] - Checking object

2023-07-24 09:32:57 - [MESSAGE][INFO] - Finding web element from Test Object's properties

2023-07-24 09:32:57 - [MESSAGE][INFO] - Checking timeout

2023-07-24 09:32:57 - [MESSAGE][INFO] - Finding web element with id: 'Object Repository/secondhand-web/Login/Button Masuk' located by 'By.xpath: //input[@name='commit']' in '30' second(s)

2023-07-24 09:32:57 - [MESSAGE][INFO] - Smart Wait Function is triggered

2023-07-24 09:32:57 - [MESSAGE][INFO] - Found 1 web elements with id: 'Object Repository/secondhand-web/Login/Button Masuk' located by 'By.xpath: //input[@name='commit']' in '30' second(s)

2023-07-24 09:32:57 - [MESSAGE][PASSED] - Object 'Object Repository/secondhand-web/Login/Button Masuk' is visible

2023-07-24 09:32:57 - [TEST_STEP][PASSED] - click(findTestObject("secondhand-web/Login/Button Masuk")): Object: 'Object Repository/secondhand-web/Login/Button Masuk' is clicked on

2023-07-24 09:32:57 - [MESSAGE][INFO] - Finding Test Object 'Object Repository/secondhand-web/Login/Button Masuk'

2023-07-24 09:32:57 - [MESSAGE][INFO] - Checking object

2023-07-24 09:32:57 - [MESSAGE][INFO] - Checking timeout

2023-07-24 09:32:57 - [MESSAGE][INFO] - Finding web element from Test Object's properties

2023-07-24 09:32:57 - [MESSAGE][INFO] - Checking timeout

2023-07-24 09:32:57 - [MESSAGE][INFO] - Finding web element with id: 'Object Repository/secondhand-web/Login/Button Masuk' located by 'By.xpath: //input[@name='commit']' in '30' second(s)

2023-07-24 09:32:57 - [MESSAGE][INFO] - Smart Wait Function is triggered

2023-07-24 09:32:57 - [MESSAGE][INFO] - Found 1 web elements with id: 'Object Repository/secondhand-web/Login/Button Masuk' located by 'By.xpath: //input[@name='commit']' in '30' second(s)

2023-07-24 09:32:57 - [MESSAGE][INFO] - Clicking on object: 'Object Repository/secondhand-web/Login/Button Masuk'

2023-07-24 09:32:57 - [MESSAGE][PASSED] - Object: 'Object Repository/secondhand-web/Login/Button Masuk' is clicked on

2023-07-24 09:32:57 - [MESSAGE][PASSED] - Call Test Case 'Test Cases/secondhand-web/Pages/User Login/Button Masuk' successfully

2023-07-24 09:32:57 - [TEST_STEP][PASSED] - callTestCase(findTestCase("secondhand-web/Pages/Homepage - Category/Category - No Select Category"), [:], STOP_ON_FAILURE): Call Test Case 'Test Cases/secondhand-web/Pages/Homepage - Category/Category - No Select Category' successfully

2023-07-24 09:32:57 - [MESSAGE][INFO] - Checking called Test Case

2023-07-24 09:32:57 - [MESSAGE][INFO] - Starting to call Test Case 'Test Cases/secondhand-web/Pages/Homepage - Category/Category - No Select Category'

2023-07-24 09:32:58 - [TEST_CASE][PASSED] - Test Cases/secondhand-web/Pages/Homepage - Category/Category - No Select Category: Test Cases/secondhand-web/Pages/Homepage - Category/Category - No Select Category

2023-07-24 09:32:58 - [TEST_STEP][PASSED] - waitForElementVisible(findTestObject("secondhand-web/Homepage - Category/a_Baju"), 1): Object 'Object Repository/secondhand-web/Homepage - Category/a_Baju' is visible

2023-07-24 09:32:58 - [MESSAGE][INFO] - Finding Test Object 'Object Repository/secondhand-web/Homepage - Category/a_Baju'

2023-07-24 09:32:58 - [MESSAGE][INFO] - Checking object

2023-07-24 09:32:58 - [MESSAGE][INFO] - Checking timeout

2023-07-24 09:32:58 - [MESSAGE][INFO] - Finding web element from Test Object's properties

2023-07-24 09:32:58 - [MESSAGE][INFO] - Checking timeout

2023-07-24 09:32:58 - [MESSAGE][INFO] - Finding web element with id: 'Object Repository/secondhand-web/Homepage - Category/a_Baju' located by 'By.xpath: //*/text()[normalize-space(.)='Baju']/parent::*' in '1' second(s)

2023-07-24 09:32:58 - [MESSAGE][INFO] - Smart Wait Function is triggered

2023-07-24 09:32:58 - [MESSAGE][INFO] - Found 3 web elements with id: 'Object Repository/secondhand-web/Homepage - Category/a_Baju' located by 'By.xpath: //*/text()[normalize-space(.)='Baju']/parent::*' in '1' second(s)

2023-07-24 09:32:58 - [MESSAGE][PASSED] - Object 'Object Repository/secondhand-web/Homepage - Category/a_Baju' is visible

2023-07-24 09:32:58 - [TEST_STEP][PASSED] - scrollToPosition(555, 555): Browser is scrolled to position x = 555, y = 555

2023-07-24 09:32:58 - [MESSAGE][INFO] - Checking x

2023-07-24 09:32:58 - [MESSAGE][INFO] - Checking y

2023-07-24 09:32:58 - [MESSAGE][INFO] - Scrolling to position x = 555, y = 555

2023-07-24 09:32:58 - [MESSAGE][PASSED] - Browser is scrolled to position x = 555, y = 555

2023-07-24 09:32:58 - [TEST_STEP][PASSED] - takeScreenshot(): Taking screenshot successfully

2023-07-24 09:32:58 - [MESSAGE][INFO] - Smart Wait Function is triggered

2023-07-24 09:32:59 - [MESSAGE][PASSED] - Taking screenshot successfully
[[ATTACHMENT|C:\\Users\\mhmdr\\Desktop\\SQA-Wave9-Kelompok2\\Reports\\20230724_093231\\secondhand-web\\Feature Homepage Category\\20230724_093232\\1690165979105.png]]

2023-07-24 09:32:59 - [TEST_STEP][PASSED] - scrollToElement(findTestObject("secondhand-web/Homepage/Prod Col 2"), 3): Scroll to object 'Object Repository/secondhand-web/Homepage/Prod Col 2' successfully

2023-07-24 09:32:59 - [MESSAGE][INFO] - Finding Test Object 'Object Repository/secondhand-web/Homepage/Prod Col 2'

2023-07-24 09:32:59 - [MESSAGE][INFO] - Checking object

2023-07-24 09:32:59 - [MESSAGE][INFO] - Checking timeout

2023-07-24 09:32:59 - [MESSAGE][INFO] - Finding web element from Test Object's properties

2023-07-24 09:32:59 - [MESSAGE][INFO] - Checking timeout

2023-07-24 09:32:59 - [MESSAGE][INFO] - Finding web element with id: 'Object Repository/secondhand-web/Homepage/Prod Col 2' located by 'By.xpath: //div[@id='products']/div[5]/a/div' in '30' second(s)

2023-07-24 09:32:59 - [MESSAGE][INFO] - Smart Wait Function is triggered

2023-07-24 09:32:59 - [MESSAGE][INFO] - Found 1 web elements with id: 'Object Repository/secondhand-web/Homepage/Prod Col 2' located by 'By.xpath: //div[@id='products']/div[5]/a/div' in '30' second(s)

2023-07-24 09:32:59 - [MESSAGE][INFO] - Scrolling to object 'Object Repository/secondhand-web/Homepage/Prod Col 2'

2023-07-24 09:32:59 - [MESSAGE][PASSED] - Scroll to object 'Object Repository/secondhand-web/Homepage/Prod Col 2' successfully

2023-07-24 09:32:59 - [TEST_STEP][PASSED] - takeScreenshot(): Taking screenshot successfully

2023-07-24 09:32:59 - [MESSAGE][INFO] - Smart Wait Function is triggered

2023-07-24 09:33:00 - [MESSAGE][PASSED] - Taking screenshot successfully
[[ATTACHMENT|C:\\Users\\mhmdr\\Desktop\\SQA-Wave9-Kelompok2\\Reports\\20230724_093231\\secondhand-web\\Feature Homepage Category\\20230724_093232\\1690165979900.png]]

2023-07-24 09:33:00 - [MESSAGE][PASSED] - Call Test Case 'Test Cases/secondhand-web/Pages/Homepage - Category/Category - No Select Category' successfully

2023-07-24 09:33:00 - [TEST_STEP][PASSED] - callTestCase(findTestCase("secondhand-web/Common/Close Web"), [:], STOP_ON_FAILURE): Call Test Case 'Test Cases/secondhand-web/Common/Close Web' successfully

2023-07-24 09:33:00 - [MESSAGE][INFO] - Checking called Test Case

2023-07-24 09:33:00 - [MESSAGE][INFO] - Starting to call Test Case 'Test Cases/secondhand-web/Common/Close Web'

2023-07-24 09:33:00 - [TEST_CASE][PASSED] - Test Cases/secondhand-web/Common/Close Web: Test Cases/secondhand-web/Common/Close Web

2023-07-24 09:33:00 - [TEST_STEP][PASSED] - closeBrowser(): Browser is closed

2023-07-24 09:33:00 - [MESSAGE][INFO] - Closing browser

2023-07-24 09:33:00 - [MESSAGE][PASSED] - Browser is closed

2023-07-24 09:33:00 - [MESSAGE][PASSED] - Call Test Case 'Test Cases/secondhand-web/Common/Close Web' successfully]]></system-out>
         <system-err><![CDATA[]]></system-err>
      </testcase>
      <system-out><![CDATA[2023-07-24 09:32:34 - [TEST_SUITE][PASSED] - Feature Homepage Category: Test Cases/secondhand-web/Step Definition/Feature Homepage - Category/PROCAT002 - user should not be able to product with no select category]]></system-out>
      <system-err><![CDATA[]]></system-err>
   </testsuite>
</testsuites>
