<?xml version="1.0" encoding="UTF-8"?>
<testsuites name="Feature Edit Profile" time="239.51" tests="7" failures="0" errors="0">
   <testsuite name="Feature Edit Profile" tests="7" failures="0" errors="0" time="239.51" skipped="0" timestamp="2023-07-23 09:32:14" hostname="user - LAPTOP-905USH3S" id="Test Suites/secondhand-app/Feature Edit Profile">
      <properties>
         <property name="deviceName" value="samsung SM-A536E (Android 13)"/>
         <property name="devicePlatform" value=""/>
         <property name="logFolder" value="D:\\Binar Academy\\Platinum Challenge\\SQA-Wave9-Kelompok2\\Reports\\20230723_093209\\secondhand-app\\Feature Edit Profile\\20230723_093209"/>
         <property name="logFiles" value="D:\\Binar Academy\\Platinum Challenge\\SQA-Wave9-Kelompok2\\Reports\\20230723_093209\\secondhand-app\\Feature Edit Profile\\20230723_093209\\appium.log, D:\\Binar Academy\\Platinum Challenge\\SQA-Wave9-Kelompok2\\Reports\\20230723_093209\\secondhand-app\\Feature Edit Profile\\20230723_093209\\execution0.log"/>
         <property name="attachments" value=""/>
         <property name="hostName" value="user - LAPTOP-905USH3S"/>
         <property name="os" value="Windows 11 64bit"/>
         <property name="appiumServerStatus" value="{&quot;value&quot;:{&quot;build&quot;:{&quot;version&quot;:&quot;1.22.3&quot;}},&quot;sessionId&quot;:null,&quot;status&quot;:0}"/>
         <property name="katalonVersion" value="8.6.5.208"/>
         <property name="deviceOS" value="Android"/>
         <property name="appiumVersion" value="1.22.3"/>
         <property name="deviceModel" value="SM-A536E"/>
         <property name="hostAddress" value="192.168.100.244"/>
         <property name="deviceManufacturer" value="samsung"/>
         <property name="deviceId" value="RRCT702B4BM"/>
         <property name="deviceName" value="samsung SM-A536E (Android 13)"/>
         <property name="deviceOSVersion" value="13"/>
      </properties>
      <testcase name="Test Cases/secondhand-app/Step Definition/Feature Edit Profile/ACC001 - user should be able to update account with valid Name input" time="41.086" classname="Test Cases/secondhand-app/Step Definition/Feature Edit Profile/ACC001 - user should be able to update account with valid Name input" status="PASSED">
         <system-out><![CDATA[2023-07-23 09:32:15 - [TEST_CASE][PASSED] - Test Cases/secondhand-app/Step Definition/Feature Edit Profile/ACC001 - user should be able to update account with valid Name input: Test Cases/secondhand-app/Step Definition/Feature Edit Profile/ACC001 - user should be able to update account with valid Name input

2023-07-23 09:32:15 - [TEST_STEP][PASSED] - startApplication("androidapp/app-release-second-hand-gcp.apk", false): Started app at: 'D:\Binar Academy\Platinum Challenge\SQA-Wave9-Kelompok2\androidapp\app-release-second-hand-gcp.apk'

2023-07-23 09:32:16 - [MESSAGE][INFO] - Starting app at: 'D:\Binar Academy\Platinum Challenge\SQA-Wave9-Kelompok2\androidapp\app-release-second-hand-gcp.apk'

2023-07-23 09:32:16 - [MESSAGE][INFO] - Detected NodeJS location: "C:\Program Files\nodejs\node.exe"

2023-07-23 09:32:18 - [MESSAGE][INFO] - Appium server started on port 55,512

2023-07-23 09:32:38 - [MESSAGE][PASSED] - Started app at: 'D:\Binar Academy\Platinum Challenge\SQA-Wave9-Kelompok2\androidapp\app-release-second-hand-gcp.apk'

2023-07-23 09:32:38 - [TEST_STEP][PASSED] - callTestCase(findTestCase("secondhand-app/Pages/MenuBar App/Tap Akun"), [:], STOP_ON_FAILURE): Call Test Case 'Test Cases/secondhand-app/Pages/MenuBar App/Tap Akun' successfully

2023-07-23 09:32:38 - [MESSAGE][INFO] - Checking called Test Case

2023-07-23 09:32:38 - [MESSAGE][INFO] - Starting to call Test Case 'Test Cases/secondhand-app/Pages/MenuBar App/Tap Akun'

2023-07-23 09:32:38 - [TEST_CASE][PASSED] - Test Cases/secondhand-app/Pages/MenuBar App/Tap Akun: Test Cases/secondhand-app/Pages/MenuBar App/Tap Akun

2023-07-23 09:32:38 - [TEST_STEP][PASSED] - waitForElementPresent(findTestObject("secondhand-app/MenuBar App/android.widget.TextView - Akun"), 2): Element 'Object Repository/secondhand-app/MenuBar App/android.widget.TextView - Akun' is present

2023-07-23 09:32:38 - [MESSAGE][INFO] - Finding Test Object 'Object Repository/secondhand-app/MenuBar App/android.widget.TextView - Akun'

2023-07-23 09:32:38 - [MESSAGE][INFO] - Checking object

2023-07-23 09:32:38 - [MESSAGE][INFO] - Checking timeout

2023-07-23 09:32:41 - [MESSAGE][PASSED] - Element 'Object Repository/secondhand-app/MenuBar App/android.widget.TextView - Akun' is present

2023-07-23 09:32:41 - [TEST_STEP][PASSED] - tap(findTestObject("secondhand-app/MenuBar App/android.widget.TextView - Akun"), 2): Tapped on element 'Object Repository/secondhand-app/MenuBar App/android.widget.TextView - Akun'

2023-07-23 09:32:41 - [MESSAGE][INFO] - Finding Test Object 'Object Repository/secondhand-app/MenuBar App/android.widget.TextView - Akun'

2023-07-23 09:32:41 - [MESSAGE][INFO] - Checking object

2023-07-23 09:32:41 - [MESSAGE][INFO] - Checking timeout

2023-07-23 09:32:44 - [MESSAGE][PASSED] - Tapped on element 'Object Repository/secondhand-app/MenuBar App/android.widget.TextView - Akun'

2023-07-23 09:32:44 - [MESSAGE][PASSED] - Call Test Case 'Test Cases/secondhand-app/Pages/MenuBar App/Tap Akun' successfully

2023-07-23 09:32:44 - [TEST_STEP][PASSED] - callTestCase(findTestCase("secondhand-app/Pages/Edit Profile/Tap button edit in account page"), [:], STOP_ON_FAILURE): Call Test Case 'Test Cases/secondhand-app/Pages/Edit Profile/Tap button edit in account page' successfully

2023-07-23 09:32:44 - [MESSAGE][INFO] - Checking called Test Case

2023-07-23 09:32:44 - [MESSAGE][INFO] - Starting to call Test Case 'Test Cases/secondhand-app/Pages/Edit Profile/Tap button edit in account page'

2023-07-23 09:32:44 - [TEST_CASE][PASSED] - Test Cases/secondhand-app/Pages/Edit Profile/Tap button edit in account page: Test Cases/secondhand-app/Pages/Edit Profile/Tap button edit in account page

2023-07-23 09:32:45 - [TEST_STEP][PASSED] - waitForElementPresent(findTestObject("secondhand-app/Page Edit Profile/button edit in account"), 3): Element 'Object Repository/secondhand-app/Page Edit Profile/button edit in account' is present

2023-07-23 09:32:45 - [MESSAGE][INFO] - Finding Test Object 'Object Repository/secondhand-app/Page Edit Profile/button edit in account'

2023-07-23 09:32:45 - [MESSAGE][INFO] - Checking object

2023-07-23 09:32:45 - [MESSAGE][INFO] - Checking timeout

2023-07-23 09:32:45 - [MESSAGE][PASSED] - Element 'Object Repository/secondhand-app/Page Edit Profile/button edit in account' is present

2023-07-23 09:32:45 - [TEST_STEP][PASSED] - tap(findTestObject("secondhand-app/Page Edit Profile/button edit in account"), 3): Tapped on element 'Object Repository/secondhand-app/Page Edit Profile/button edit in account'

2023-07-23 09:32:45 - [MESSAGE][INFO] - Finding Test Object 'Object Repository/secondhand-app/Page Edit Profile/button edit in account'

2023-07-23 09:32:45 - [MESSAGE][INFO] - Checking object

2023-07-23 09:32:45 - [MESSAGE][INFO] - Checking timeout

2023-07-23 09:32:45 - [MESSAGE][PASSED] - Tapped on element 'Object Repository/secondhand-app/Page Edit Profile/button edit in account'

2023-07-23 09:32:45 - [MESSAGE][PASSED] - Call Test Case 'Test Cases/secondhand-app/Pages/Edit Profile/Tap button edit in account page' successfully

2023-07-23 09:32:45 - [TEST_STEP][PASSED] - callTestCase(findTestCase("secondhand-app/Pages/Edit Profile/Edit Name"), ["name":unameOktaSeller], STOP_ON_FAILURE): Call Test Case 'Test Cases/secondhand-app/Pages/Edit Profile/Edit Name' successfully

2023-07-23 09:32:46 - [MESSAGE][INFO] - Checking called Test Case

2023-07-23 09:32:46 - [MESSAGE][INFO] - Starting to call Test Case 'Test Cases/secondhand-app/Pages/Edit Profile/Edit Name'

2023-07-23 09:32:46 - [TEST_CASE][PASSED] - Test Cases/secondhand-app/Pages/Edit Profile/Edit Name: Test Cases/secondhand-app/Pages/Edit Profile/Edit Name

2023-07-23 09:32:46 - [TEST_STEP][PASSED] - tap(findTestObject("secondhand-app/Page Edit Profile/text name"), 5): Tapped on element 'Object Repository/secondhand-app/Page Edit Profile/text name'

2023-07-23 09:32:46 - [MESSAGE][INFO] - Finding Test Object 'Object Repository/secondhand-app/Page Edit Profile/text name'

2023-07-23 09:32:47 - [MESSAGE][INFO] - Checking object

2023-07-23 09:32:47 - [MESSAGE][INFO] - Checking timeout

2023-07-23 09:32:47 - [MESSAGE][PASSED] - Tapped on element 'Object Repository/secondhand-app/Page Edit Profile/text name'

2023-07-23 09:32:47 - [TEST_STEP][PASSED] - waitForElementPresent(findTestObject("secondhand-app/Page Edit Profile/input name"), 5): Element 'Object Repository/secondhand-app/Page Edit Profile/input name' is present

2023-07-23 09:32:47 - [MESSAGE][INFO] - Finding Test Object 'Object Repository/secondhand-app/Page Edit Profile/input name'

2023-07-23 09:32:47 - [MESSAGE][INFO] - Checking object

2023-07-23 09:32:47 - [MESSAGE][INFO] - Checking timeout

2023-07-23 09:32:48 - [MESSAGE][PASSED] - Element 'Object Repository/secondhand-app/Page Edit Profile/input name' is present

2023-07-23 09:32:48 - [TEST_STEP][PASSED] - tap(findTestObject("secondhand-app/Page Edit Profile/input name"), 5): Tapped on element 'Object Repository/secondhand-app/Page Edit Profile/input name'

2023-07-23 09:32:48 - [MESSAGE][INFO] - Finding Test Object 'Object Repository/secondhand-app/Page Edit Profile/input name'

2023-07-23 09:32:48 - [MESSAGE][INFO] - Checking object

2023-07-23 09:32:48 - [MESSAGE][INFO] - Checking timeout

2023-07-23 09:32:48 - [MESSAGE][PASSED] - Tapped on element 'Object Repository/secondhand-app/Page Edit Profile/input name'

2023-07-23 09:32:48 - [TEST_STEP][PASSED] - clearText(findTestObject("secondhand-app/Page Edit Profile/input name"), 5): Element 'Object Repository/secondhand-app/Page Edit Profile/input name' text is cleared

2023-07-23 09:32:48 - [MESSAGE][INFO] - Finding Test Object 'Object Repository/secondhand-app/Page Edit Profile/input name'

2023-07-23 09:32:48 - [MESSAGE][INFO] - Checking object

2023-07-23 09:32:48 - [MESSAGE][INFO] - Checking timeout

2023-07-23 09:32:50 - [MESSAGE][PASSED] - Element 'Object Repository/secondhand-app/Page Edit Profile/input name' text is cleared

2023-07-23 09:32:50 - [TEST_STEP][PASSED] - setText(findTestObject("secondhand-app/Page Edit Profile/set nama"), name, 0): Text 'Oktavia DPP_Seller' has been set to element 'Object Repository/secondhand-app/Page Edit Profile/set nama'

2023-07-23 09:32:50 - [MESSAGE][INFO] - Finding Test Object 'Object Repository/secondhand-app/Page Edit Profile/set nama'

2023-07-23 09:32:50 - [MESSAGE][INFO] - Checking object

2023-07-23 09:32:50 - [MESSAGE][INFO] - Checking timeout

2023-07-23 09:32:50 - [MESSAGE][WARNING] - Timeout '0' is invalid. Using default page load timeout: '30'

2023-07-23 09:32:52 - [MESSAGE][PASSED] - Text 'Oktavia DPP_Seller' has been set to element 'Object Repository/secondhand-app/Page Edit Profile/set nama'

2023-07-23 09:32:52 - [TEST_STEP][PASSED] - pressBack(): Press back button successfully

2023-07-23 09:32:53 - [MESSAGE][PASSED] - Press back button successfully

2023-07-23 09:32:53 - [TEST_STEP][PASSED] - tap(findTestObject("secondhand-app/Page Edit Profile/button simpan"), 2): Tapped on element 'Object Repository/secondhand-app/Page Edit Profile/button simpan'

2023-07-23 09:32:53 - [MESSAGE][INFO] - Finding Test Object 'Object Repository/secondhand-app/Page Edit Profile/button simpan'

2023-07-23 09:32:53 - [MESSAGE][INFO] - Checking object

2023-07-23 09:32:53 - [MESSAGE][INFO] - Checking timeout

2023-07-23 09:32:54 - [MESSAGE][PASSED] - Tapped on element 'Object Repository/secondhand-app/Page Edit Profile/button simpan'

2023-07-23 09:32:54 - [TEST_STEP][PASSED] - takeScreenshot("", STOP_ON_FAILURE): Screenshot is taken

2023-07-23 09:32:55 - [MESSAGE][WARNING] - 

2023-07-23 09:32:55 - [MESSAGE][PASSED] - Screenshot is taken

2023-07-23 09:32:55 - [MESSAGE][PASSED] - Call Test Case 'Test Cases/secondhand-app/Pages/Edit Profile/Edit Name' successfully

2023-07-23 09:32:55 - [TEST_STEP][PASSED] - closeApplication(): Close app successfully

2023-07-23 09:32:56 - [MESSAGE][PASSED] - Close app successfully]]></system-out>
         <system-err><![CDATA[]]></system-err>
      </testcase>
      <testcase name="Test Cases/secondhand-app/Step Definition/Feature Edit Profile/ACC002 - user should be able to update account with valid No Hp input" time="33.006" classname="Test Cases/secondhand-app/Step Definition/Feature Edit Profile/ACC002 - user should be able to update account with valid No Hp input" status="PASSED">
         <system-out><![CDATA[2023-07-23 09:32:56 - [TEST_CASE][PASSED] - Test Cases/secondhand-app/Step Definition/Feature Edit Profile/ACC002 - user should be able to update account with valid No Hp input: Test Cases/secondhand-app/Step Definition/Feature Edit Profile/ACC002 - user should be able to update account with valid No Hp input

2023-07-23 09:32:56 - [TEST_STEP][PASSED] - startApplication("androidapp/app-release-second-hand-gcp.apk", false): Started app at: 'D:\Binar Academy\Platinum Challenge\SQA-Wave9-Kelompok2\androidapp\app-release-second-hand-gcp.apk'

2023-07-23 09:32:56 - [MESSAGE][INFO] - Starting app at: 'D:\Binar Academy\Platinum Challenge\SQA-Wave9-Kelompok2\androidapp\app-release-second-hand-gcp.apk'

2023-07-23 09:32:57 - [MESSAGE][INFO] - Detected NodeJS location: "C:\Program Files\nodejs\node.exe"

2023-07-23 09:32:59 - [MESSAGE][INFO] - Appium server started on port 55,627

2023-07-23 09:33:12 - [MESSAGE][PASSED] - Started app at: 'D:\Binar Academy\Platinum Challenge\SQA-Wave9-Kelompok2\androidapp\app-release-second-hand-gcp.apk'

2023-07-23 09:33:12 - [TEST_STEP][PASSED] - callTestCase(findTestCase("secondhand-app/Pages/MenuBar App/Tap Akun"), [:], STOP_ON_FAILURE): Call Test Case 'Test Cases/secondhand-app/Pages/MenuBar App/Tap Akun' successfully

2023-07-23 09:33:12 - [MESSAGE][INFO] - Checking called Test Case

2023-07-23 09:33:12 - [MESSAGE][INFO] - Starting to call Test Case 'Test Cases/secondhand-app/Pages/MenuBar App/Tap Akun'

2023-07-23 09:33:12 - [TEST_CASE][PASSED] - Test Cases/secondhand-app/Pages/MenuBar App/Tap Akun: Test Cases/secondhand-app/Pages/MenuBar App/Tap Akun

2023-07-23 09:33:12 - [TEST_STEP][PASSED] - waitForElementPresent(findTestObject("secondhand-app/MenuBar App/android.widget.TextView - Akun"), 2): Element 'Object Repository/secondhand-app/MenuBar App/android.widget.TextView - Akun' is present

2023-07-23 09:33:12 - [MESSAGE][INFO] - Finding Test Object 'Object Repository/secondhand-app/MenuBar App/android.widget.TextView - Akun'

2023-07-23 09:33:12 - [MESSAGE][INFO] - Checking object

2023-07-23 09:33:12 - [MESSAGE][INFO] - Checking timeout

2023-07-23 09:33:15 - [MESSAGE][PASSED] - Element 'Object Repository/secondhand-app/MenuBar App/android.widget.TextView - Akun' is present

2023-07-23 09:33:15 - [TEST_STEP][PASSED] - tap(findTestObject("secondhand-app/MenuBar App/android.widget.TextView - Akun"), 2): Tapped on element 'Object Repository/secondhand-app/MenuBar App/android.widget.TextView - Akun'

2023-07-23 09:33:15 - [MESSAGE][INFO] - Finding Test Object 'Object Repository/secondhand-app/MenuBar App/android.widget.TextView - Akun'

2023-07-23 09:33:15 - [MESSAGE][INFO] - Checking object

2023-07-23 09:33:15 - [MESSAGE][INFO] - Checking timeout

2023-07-23 09:33:18 - [MESSAGE][PASSED] - Tapped on element 'Object Repository/secondhand-app/MenuBar App/android.widget.TextView - Akun'

2023-07-23 09:33:18 - [MESSAGE][PASSED] - Call Test Case 'Test Cases/secondhand-app/Pages/MenuBar App/Tap Akun' successfully

2023-07-23 09:33:18 - [TEST_STEP][PASSED] - callTestCase(findTestCase("secondhand-app/Pages/Edit Profile/Tap button edit in account page"), [:], STOP_ON_FAILURE): Call Test Case 'Test Cases/secondhand-app/Pages/Edit Profile/Tap button edit in account page' successfully

2023-07-23 09:33:18 - [MESSAGE][INFO] - Checking called Test Case

2023-07-23 09:33:18 - [MESSAGE][INFO] - Starting to call Test Case 'Test Cases/secondhand-app/Pages/Edit Profile/Tap button edit in account page'

2023-07-23 09:33:18 - [TEST_CASE][PASSED] - Test Cases/secondhand-app/Pages/Edit Profile/Tap button edit in account page: Test Cases/secondhand-app/Pages/Edit Profile/Tap button edit in account page

2023-07-23 09:33:18 - [TEST_STEP][PASSED] - waitForElementPresent(findTestObject("secondhand-app/Page Edit Profile/button edit in account"), 3): Element 'Object Repository/secondhand-app/Page Edit Profile/button edit in account' is present

2023-07-23 09:33:18 - [MESSAGE][INFO] - Finding Test Object 'Object Repository/secondhand-app/Page Edit Profile/button edit in account'

2023-07-23 09:33:18 - [MESSAGE][INFO] - Checking object

2023-07-23 09:33:18 - [MESSAGE][INFO] - Checking timeout

2023-07-23 09:33:19 - [MESSAGE][PASSED] - Element 'Object Repository/secondhand-app/Page Edit Profile/button edit in account' is present

2023-07-23 09:33:19 - [TEST_STEP][PASSED] - tap(findTestObject("secondhand-app/Page Edit Profile/button edit in account"), 3): Tapped on element 'Object Repository/secondhand-app/Page Edit Profile/button edit in account'

2023-07-23 09:33:19 - [MESSAGE][INFO] - Finding Test Object 'Object Repository/secondhand-app/Page Edit Profile/button edit in account'

2023-07-23 09:33:19 - [MESSAGE][INFO] - Checking object

2023-07-23 09:33:19 - [MESSAGE][INFO] - Checking timeout

2023-07-23 09:33:19 - [MESSAGE][PASSED] - Tapped on element 'Object Repository/secondhand-app/Page Edit Profile/button edit in account'

2023-07-23 09:33:19 - [MESSAGE][PASSED] - Call Test Case 'Test Cases/secondhand-app/Pages/Edit Profile/Tap button edit in account page' successfully

2023-07-23 09:33:19 - [TEST_STEP][PASSED] - callTestCase(findTestCase("secondhand-app/Pages/Edit Profile/Edit Phone"), ["phone":phoneOkta], STOP_ON_FAILURE): Call Test Case 'Test Cases/secondhand-app/Pages/Edit Profile/Edit Phone' successfully

2023-07-23 09:33:19 - [MESSAGE][INFO] - Checking called Test Case

2023-07-23 09:33:19 - [MESSAGE][INFO] - Starting to call Test Case 'Test Cases/secondhand-app/Pages/Edit Profile/Edit Phone'

2023-07-23 09:33:19 - [TEST_CASE][PASSED] - Test Cases/secondhand-app/Pages/Edit Profile/Edit Phone: Test Cases/secondhand-app/Pages/Edit Profile/Edit Phone

2023-07-23 09:33:20 - [TEST_STEP][PASSED] - tap(findTestObject("secondhand-app/Page Edit Profile/text phone"), 5): Tapped on element 'Object Repository/secondhand-app/Page Edit Profile/text phone'

2023-07-23 09:33:20 - [MESSAGE][INFO] - Finding Test Object 'Object Repository/secondhand-app/Page Edit Profile/text phone'

2023-07-23 09:33:20 - [MESSAGE][INFO] - Checking object

2023-07-23 09:33:20 - [MESSAGE][INFO] - Checking timeout

2023-07-23 09:33:20 - [MESSAGE][PASSED] - Tapped on element 'Object Repository/secondhand-app/Page Edit Profile/text phone'

2023-07-23 09:33:20 - [TEST_STEP][PASSED] - waitForElementPresent(findTestObject("secondhand-app/Page Edit Profile/input phone"), 5): Element 'Object Repository/secondhand-app/Page Edit Profile/input phone' is present

2023-07-23 09:33:20 - [MESSAGE][INFO] - Finding Test Object 'Object Repository/secondhand-app/Page Edit Profile/input phone'

2023-07-23 09:33:20 - [MESSAGE][INFO] - Checking object

2023-07-23 09:33:20 - [MESSAGE][INFO] - Checking timeout

2023-07-23 09:33:21 - [MESSAGE][PASSED] - Element 'Object Repository/secondhand-app/Page Edit Profile/input phone' is present

2023-07-23 09:33:21 - [TEST_STEP][PASSED] - tap(findTestObject("secondhand-app/Page Edit Profile/input phone"), 5): Tapped on element 'Object Repository/secondhand-app/Page Edit Profile/input phone'

2023-07-23 09:33:21 - [MESSAGE][INFO] - Finding Test Object 'Object Repository/secondhand-app/Page Edit Profile/input phone'

2023-07-23 09:33:21 - [MESSAGE][INFO] - Checking object

2023-07-23 09:33:21 - [MESSAGE][INFO] - Checking timeout

2023-07-23 09:33:22 - [MESSAGE][PASSED] - Tapped on element 'Object Repository/secondhand-app/Page Edit Profile/input phone'

2023-07-23 09:33:22 - [TEST_STEP][PASSED] - clearText(findTestObject("secondhand-app/Page Edit Profile/input phone"), 5): Element 'Object Repository/secondhand-app/Page Edit Profile/input phone' text is cleared

2023-07-23 09:33:22 - [MESSAGE][INFO] - Finding Test Object 'Object Repository/secondhand-app/Page Edit Profile/input phone'

2023-07-23 09:33:22 - [MESSAGE][INFO] - Checking object

2023-07-23 09:33:22 - [MESSAGE][INFO] - Checking timeout

2023-07-23 09:33:23 - [MESSAGE][PASSED] - Element 'Object Repository/secondhand-app/Page Edit Profile/input phone' text is cleared

2023-07-23 09:33:23 - [TEST_STEP][PASSED] - setText(findTestObject("secondhand-app/Page Edit Profile/set phone"), phone, 0): Text '0812345678' has been set to element 'Object Repository/secondhand-app/Page Edit Profile/set phone'

2023-07-23 09:33:23 - [MESSAGE][INFO] - Finding Test Object 'Object Repository/secondhand-app/Page Edit Profile/set phone'

2023-07-23 09:33:23 - [MESSAGE][INFO] - Checking object

2023-07-23 09:33:23 - [MESSAGE][INFO] - Checking timeout

2023-07-23 09:33:23 - [MESSAGE][WARNING] - Timeout '0' is invalid. Using default page load timeout: '30'

2023-07-23 09:33:26 - [MESSAGE][PASSED] - Text '0812345678' has been set to element 'Object Repository/secondhand-app/Page Edit Profile/set phone'

2023-07-23 09:33:26 - [TEST_STEP][PASSED] - pressBack(): Press back button successfully

2023-07-23 09:33:26 - [MESSAGE][PASSED] - Press back button successfully

2023-07-23 09:33:26 - [TEST_STEP][PASSED] - tap(findTestObject("secondhand-app/Page Edit Profile/button simpan"), 2): Tapped on element 'Object Repository/secondhand-app/Page Edit Profile/button simpan'

2023-07-23 09:33:26 - [MESSAGE][INFO] - Finding Test Object 'Object Repository/secondhand-app/Page Edit Profile/button simpan'

2023-07-23 09:33:27 - [MESSAGE][INFO] - Checking object

2023-07-23 09:33:27 - [MESSAGE][INFO] - Checking timeout

2023-07-23 09:33:27 - [MESSAGE][PASSED] - Tapped on element 'Object Repository/secondhand-app/Page Edit Profile/button simpan'

2023-07-23 09:33:27 - [TEST_STEP][PASSED] - takeScreenshot("", STOP_ON_FAILURE): Screenshot is taken

2023-07-23 09:33:28 - [MESSAGE][WARNING] - 

2023-07-23 09:33:28 - [MESSAGE][PASSED] - Screenshot is taken

2023-07-23 09:33:28 - [MESSAGE][PASSED] - Call Test Case 'Test Cases/secondhand-app/Pages/Edit Profile/Edit Phone' successfully

2023-07-23 09:33:28 - [TEST_STEP][PASSED] - closeApplication(): Close app successfully

2023-07-23 09:33:29 - [MESSAGE][PASSED] - Close app successfully]]></system-out>
         <system-err><![CDATA[]]></system-err>
      </testcase>
      <testcase name="Test Cases/secondhand-app/Step Definition/Feature Edit Profile/ACC003 - user should be able to update account with valid Kota input" time="31.082" classname="Test Cases/secondhand-app/Step Definition/Feature Edit Profile/ACC003 - user should be able to update account with valid Kota input" status="PASSED">
         <system-out><![CDATA[2023-07-23 09:33:29 - [TEST_CASE][PASSED] - Test Cases/secondhand-app/Step Definition/Feature Edit Profile/ACC003 - user should be able to update account with valid Kota input: Test Cases/secondhand-app/Step Definition/Feature Edit Profile/ACC003 - user should be able to update account with valid Kota input

2023-07-23 09:33:29 - [TEST_STEP][PASSED] - startApplication("androidapp/app-release-second-hand-gcp.apk", false): Started app at: 'D:\Binar Academy\Platinum Challenge\SQA-Wave9-Kelompok2\androidapp\app-release-second-hand-gcp.apk'

2023-07-23 09:33:29 - [MESSAGE][INFO] - Starting app at: 'D:\Binar Academy\Platinum Challenge\SQA-Wave9-Kelompok2\androidapp\app-release-second-hand-gcp.apk'

2023-07-23 09:33:30 - [MESSAGE][INFO] - Detected NodeJS location: "C:\Program Files\nodejs\node.exe"

2023-07-23 09:33:32 - [MESSAGE][INFO] - Appium server started on port 55,737

2023-07-23 09:33:44 - [MESSAGE][PASSED] - Started app at: 'D:\Binar Academy\Platinum Challenge\SQA-Wave9-Kelompok2\androidapp\app-release-second-hand-gcp.apk'

2023-07-23 09:33:44 - [TEST_STEP][PASSED] - callTestCase(findTestCase("secondhand-app/Pages/MenuBar App/Tap Akun"), [:], STOP_ON_FAILURE): Call Test Case 'Test Cases/secondhand-app/Pages/MenuBar App/Tap Akun' successfully

2023-07-23 09:33:44 - [MESSAGE][INFO] - Checking called Test Case

2023-07-23 09:33:44 - [MESSAGE][INFO] - Starting to call Test Case 'Test Cases/secondhand-app/Pages/MenuBar App/Tap Akun'

2023-07-23 09:33:44 - [TEST_CASE][PASSED] - Test Cases/secondhand-app/Pages/MenuBar App/Tap Akun: Test Cases/secondhand-app/Pages/MenuBar App/Tap Akun

2023-07-23 09:33:44 - [TEST_STEP][PASSED] - waitForElementPresent(findTestObject("secondhand-app/MenuBar App/android.widget.TextView - Akun"), 2): Element 'Object Repository/secondhand-app/MenuBar App/android.widget.TextView - Akun' is present

2023-07-23 09:33:44 - [MESSAGE][INFO] - Finding Test Object 'Object Repository/secondhand-app/MenuBar App/android.widget.TextView - Akun'

2023-07-23 09:33:44 - [MESSAGE][INFO] - Checking object

2023-07-23 09:33:44 - [MESSAGE][INFO] - Checking timeout

2023-07-23 09:33:46 - [MESSAGE][PASSED] - Element 'Object Repository/secondhand-app/MenuBar App/android.widget.TextView - Akun' is present

2023-07-23 09:33:46 - [TEST_STEP][PASSED] - tap(findTestObject("secondhand-app/MenuBar App/android.widget.TextView - Akun"), 2): Tapped on element 'Object Repository/secondhand-app/MenuBar App/android.widget.TextView - Akun'

2023-07-23 09:33:46 - [MESSAGE][INFO] - Finding Test Object 'Object Repository/secondhand-app/MenuBar App/android.widget.TextView - Akun'

2023-07-23 09:33:46 - [MESSAGE][INFO] - Checking object

2023-07-23 09:33:46 - [MESSAGE][INFO] - Checking timeout

2023-07-23 09:33:49 - [MESSAGE][PASSED] - Tapped on element 'Object Repository/secondhand-app/MenuBar App/android.widget.TextView - Akun'

2023-07-23 09:33:49 - [MESSAGE][PASSED] - Call Test Case 'Test Cases/secondhand-app/Pages/MenuBar App/Tap Akun' successfully

2023-07-23 09:33:49 - [TEST_STEP][PASSED] - callTestCase(findTestCase("secondhand-app/Pages/Edit Profile/Tap button edit in account page"), [:], STOP_ON_FAILURE): Call Test Case 'Test Cases/secondhand-app/Pages/Edit Profile/Tap button edit in account page' successfully

2023-07-23 09:33:49 - [MESSAGE][INFO] - Checking called Test Case

2023-07-23 09:33:49 - [MESSAGE][INFO] - Starting to call Test Case 'Test Cases/secondhand-app/Pages/Edit Profile/Tap button edit in account page'

2023-07-23 09:33:49 - [TEST_CASE][PASSED] - Test Cases/secondhand-app/Pages/Edit Profile/Tap button edit in account page: Test Cases/secondhand-app/Pages/Edit Profile/Tap button edit in account page

2023-07-23 09:33:49 - [TEST_STEP][PASSED] - waitForElementPresent(findTestObject("secondhand-app/Page Edit Profile/button edit in account"), 3): Element 'Object Repository/secondhand-app/Page Edit Profile/button edit in account' is present

2023-07-23 09:33:49 - [MESSAGE][INFO] - Finding Test Object 'Object Repository/secondhand-app/Page Edit Profile/button edit in account'

2023-07-23 09:33:49 - [MESSAGE][INFO] - Checking object

2023-07-23 09:33:49 - [MESSAGE][INFO] - Checking timeout

2023-07-23 09:33:50 - [MESSAGE][PASSED] - Element 'Object Repository/secondhand-app/Page Edit Profile/button edit in account' is present

2023-07-23 09:33:50 - [TEST_STEP][PASSED] - tap(findTestObject("secondhand-app/Page Edit Profile/button edit in account"), 3): Tapped on element 'Object Repository/secondhand-app/Page Edit Profile/button edit in account'

2023-07-23 09:33:50 - [MESSAGE][INFO] - Finding Test Object 'Object Repository/secondhand-app/Page Edit Profile/button edit in account'

2023-07-23 09:33:50 - [MESSAGE][INFO] - Checking object

2023-07-23 09:33:50 - [MESSAGE][INFO] - Checking timeout

2023-07-23 09:33:50 - [MESSAGE][PASSED] - Tapped on element 'Object Repository/secondhand-app/Page Edit Profile/button edit in account'

2023-07-23 09:33:50 - [MESSAGE][PASSED] - Call Test Case 'Test Cases/secondhand-app/Pages/Edit Profile/Tap button edit in account page' successfully

2023-07-23 09:33:50 - [TEST_STEP][PASSED] - callTestCase(findTestCase("secondhand-app/Pages/Edit Profile/Edit City"), ["city":cityOkta], STOP_ON_FAILURE): Call Test Case 'Test Cases/secondhand-app/Pages/Edit Profile/Edit City' successfully

2023-07-23 09:33:50 - [MESSAGE][INFO] - Checking called Test Case

2023-07-23 09:33:50 - [MESSAGE][INFO] - Starting to call Test Case 'Test Cases/secondhand-app/Pages/Edit Profile/Edit City'

2023-07-23 09:33:50 - [TEST_CASE][PASSED] - Test Cases/secondhand-app/Pages/Edit Profile/Edit City: Test Cases/secondhand-app/Pages/Edit Profile/Edit City

2023-07-23 09:33:50 - [TEST_STEP][PASSED] - tap(findTestObject("secondhand-app/Page Edit Profile/text city"), 2): Tapped on element 'Object Repository/secondhand-app/Page Edit Profile/text city'

2023-07-23 09:33:50 - [MESSAGE][INFO] - Finding Test Object 'Object Repository/secondhand-app/Page Edit Profile/text city'

2023-07-23 09:33:50 - [MESSAGE][INFO] - Checking object

2023-07-23 09:33:50 - [MESSAGE][INFO] - Checking timeout

2023-07-23 09:33:51 - [MESSAGE][PASSED] - Tapped on element 'Object Repository/secondhand-app/Page Edit Profile/text city'

2023-07-23 09:33:51 - [TEST_STEP][PASSED] - waitForElementPresent(findTestObject("secondhand-app/Page Edit Profile/input city"), 2): Element 'Object Repository/secondhand-app/Page Edit Profile/input city' is present

2023-07-23 09:33:51 - [MESSAGE][INFO] - Finding Test Object 'Object Repository/secondhand-app/Page Edit Profile/input city'

2023-07-23 09:33:51 - [MESSAGE][INFO] - Checking object

2023-07-23 09:33:51 - [MESSAGE][INFO] - Checking timeout

2023-07-23 09:33:52 - [MESSAGE][PASSED] - Element 'Object Repository/secondhand-app/Page Edit Profile/input city' is present

2023-07-23 09:33:52 - [TEST_STEP][PASSED] - tap(findTestObject("secondhand-app/Page Edit Profile/input city"), 2): Tapped on element 'Object Repository/secondhand-app/Page Edit Profile/input city'

2023-07-23 09:33:52 - [MESSAGE][INFO] - Finding Test Object 'Object Repository/secondhand-app/Page Edit Profile/input city'

2023-07-23 09:33:52 - [MESSAGE][INFO] - Checking object

2023-07-23 09:33:52 - [MESSAGE][INFO] - Checking timeout

2023-07-23 09:33:52 - [MESSAGE][PASSED] - Tapped on element 'Object Repository/secondhand-app/Page Edit Profile/input city'

2023-07-23 09:33:52 - [TEST_STEP][PASSED] - clearText(findTestObject("secondhand-app/Page Edit Profile/input city"), 2): Element 'Object Repository/secondhand-app/Page Edit Profile/input city' text is cleared

2023-07-23 09:33:52 - [MESSAGE][INFO] - Finding Test Object 'Object Repository/secondhand-app/Page Edit Profile/input city'

2023-07-23 09:33:52 - [MESSAGE][INFO] - Checking object

2023-07-23 09:33:52 - [MESSAGE][INFO] - Checking timeout

2023-07-23 09:33:54 - [MESSAGE][PASSED] - Element 'Object Repository/secondhand-app/Page Edit Profile/input city' text is cleared

2023-07-23 09:33:54 - [TEST_STEP][PASSED] - setText(findTestObject("secondhand-app/Page Edit Profile/set city"), city, 0): Text 'Malang' has been set to element 'Object Repository/secondhand-app/Page Edit Profile/set city'

2023-07-23 09:33:54 - [MESSAGE][INFO] - Finding Test Object 'Object Repository/secondhand-app/Page Edit Profile/set city'

2023-07-23 09:33:54 - [MESSAGE][INFO] - Checking object

2023-07-23 09:33:54 - [MESSAGE][INFO] - Checking timeout

2023-07-23 09:33:54 - [MESSAGE][WARNING] - Timeout '0' is invalid. Using default page load timeout: '30'

2023-07-23 09:33:56 - [MESSAGE][PASSED] - Text 'Malang' has been set to element 'Object Repository/secondhand-app/Page Edit Profile/set city'

2023-07-23 09:33:56 - [TEST_STEP][PASSED] - pressBack(): Press back button successfully

2023-07-23 09:33:57 - [MESSAGE][PASSED] - Press back button successfully

2023-07-23 09:33:57 - [TEST_STEP][PASSED] - tap(findTestObject("secondhand-app/Page Edit Profile/button simpan"), 2): Tapped on element 'Object Repository/secondhand-app/Page Edit Profile/button simpan'

2023-07-23 09:33:57 - [MESSAGE][INFO] - Finding Test Object 'Object Repository/secondhand-app/Page Edit Profile/button simpan'

2023-07-23 09:33:57 - [MESSAGE][INFO] - Checking object

2023-07-23 09:33:57 - [MESSAGE][INFO] - Checking timeout

2023-07-23 09:33:58 - [MESSAGE][PASSED] - Tapped on element 'Object Repository/secondhand-app/Page Edit Profile/button simpan'

2023-07-23 09:33:58 - [TEST_STEP][PASSED] - takeScreenshot("", STOP_ON_FAILURE): Screenshot is taken

2023-07-23 09:33:59 - [MESSAGE][WARNING] - 

2023-07-23 09:33:59 - [MESSAGE][PASSED] - Screenshot is taken

2023-07-23 09:33:59 - [MESSAGE][PASSED] - Call Test Case 'Test Cases/secondhand-app/Pages/Edit Profile/Edit City' successfully

2023-07-23 09:33:59 - [TEST_STEP][PASSED] - closeApplication(): Close app successfully

2023-07-23 09:34:00 - [MESSAGE][PASSED] - Close app successfully]]></system-out>
         <system-err><![CDATA[]]></system-err>
      </testcase>
      <testcase name="Test Cases/secondhand-app/Step Definition/Feature Edit Profile/ACC004 - user should be able to update account with valid Alamat input" time="29.899" classname="Test Cases/secondhand-app/Step Definition/Feature Edit Profile/ACC004 - user should be able to update account with valid Alamat input" status="PASSED">
         <system-out><![CDATA[2023-07-23 09:34:00 - [TEST_CASE][PASSED] - Test Cases/secondhand-app/Step Definition/Feature Edit Profile/ACC004 - user should be able to update account with valid Alamat input: Test Cases/secondhand-app/Step Definition/Feature Edit Profile/ACC004 - user should be able to update account with valid Alamat input

2023-07-23 09:34:01 - [TEST_STEP][PASSED] - startApplication("androidapp/app-release-second-hand-gcp.apk", false): Started app at: 'D:\Binar Academy\Platinum Challenge\SQA-Wave9-Kelompok2\androidapp\app-release-second-hand-gcp.apk'

2023-07-23 09:34:01 - [MESSAGE][INFO] - Starting app at: 'D:\Binar Academy\Platinum Challenge\SQA-Wave9-Kelompok2\androidapp\app-release-second-hand-gcp.apk'

2023-07-23 09:34:01 - [MESSAGE][INFO] - Detected NodeJS location: "C:\Program Files\nodejs\node.exe"

2023-07-23 09:34:03 - [MESSAGE][INFO] - Appium server started on port 55,851

2023-07-23 09:34:15 - [MESSAGE][PASSED] - Started app at: 'D:\Binar Academy\Platinum Challenge\SQA-Wave9-Kelompok2\androidapp\app-release-second-hand-gcp.apk'

2023-07-23 09:34:15 - [TEST_STEP][PASSED] - callTestCase(findTestCase("secondhand-app/Pages/MenuBar App/Tap Akun"), [:], STOP_ON_FAILURE): Call Test Case 'Test Cases/secondhand-app/Pages/MenuBar App/Tap Akun' successfully

2023-07-23 09:34:15 - [MESSAGE][INFO] - Checking called Test Case

2023-07-23 09:34:15 - [MESSAGE][INFO] - Starting to call Test Case 'Test Cases/secondhand-app/Pages/MenuBar App/Tap Akun'

2023-07-23 09:34:15 - [TEST_CASE][PASSED] - Test Cases/secondhand-app/Pages/MenuBar App/Tap Akun: Test Cases/secondhand-app/Pages/MenuBar App/Tap Akun

2023-07-23 09:34:15 - [TEST_STEP][PASSED] - waitForElementPresent(findTestObject("secondhand-app/MenuBar App/android.widget.TextView - Akun"), 2): Element 'Object Repository/secondhand-app/MenuBar App/android.widget.TextView - Akun' is present

2023-07-23 09:34:15 - [MESSAGE][INFO] - Finding Test Object 'Object Repository/secondhand-app/MenuBar App/android.widget.TextView - Akun'

2023-07-23 09:34:15 - [MESSAGE][INFO] - Checking object

2023-07-23 09:34:15 - [MESSAGE][INFO] - Checking timeout

2023-07-23 09:34:17 - [MESSAGE][PASSED] - Element 'Object Repository/secondhand-app/MenuBar App/android.widget.TextView - Akun' is present

2023-07-23 09:34:17 - [TEST_STEP][PASSED] - tap(findTestObject("secondhand-app/MenuBar App/android.widget.TextView - Akun"), 2): Tapped on element 'Object Repository/secondhand-app/MenuBar App/android.widget.TextView - Akun'

2023-07-23 09:34:17 - [MESSAGE][INFO] - Finding Test Object 'Object Repository/secondhand-app/MenuBar App/android.widget.TextView - Akun'

2023-07-23 09:34:17 - [MESSAGE][INFO] - Checking object

2023-07-23 09:34:17 - [MESSAGE][INFO] - Checking timeout

2023-07-23 09:34:20 - [MESSAGE][PASSED] - Tapped on element 'Object Repository/secondhand-app/MenuBar App/android.widget.TextView - Akun'

2023-07-23 09:34:20 - [MESSAGE][PASSED] - Call Test Case 'Test Cases/secondhand-app/Pages/MenuBar App/Tap Akun' successfully

2023-07-23 09:34:20 - [TEST_STEP][PASSED] - callTestCase(findTestCase("secondhand-app/Pages/Edit Profile/Tap button edit in account page"), [:], STOP_ON_FAILURE): Call Test Case 'Test Cases/secondhand-app/Pages/Edit Profile/Tap button edit in account page' successfully

2023-07-23 09:34:20 - [MESSAGE][INFO] - Checking called Test Case

2023-07-23 09:34:20 - [MESSAGE][INFO] - Starting to call Test Case 'Test Cases/secondhand-app/Pages/Edit Profile/Tap button edit in account page'

2023-07-23 09:34:20 - [TEST_CASE][PASSED] - Test Cases/secondhand-app/Pages/Edit Profile/Tap button edit in account page: Test Cases/secondhand-app/Pages/Edit Profile/Tap button edit in account page

2023-07-23 09:34:20 - [TEST_STEP][PASSED] - waitForElementPresent(findTestObject("secondhand-app/Page Edit Profile/button edit in account"), 3): Element 'Object Repository/secondhand-app/Page Edit Profile/button edit in account' is present

2023-07-23 09:34:20 - [MESSAGE][INFO] - Finding Test Object 'Object Repository/secondhand-app/Page Edit Profile/button edit in account'

2023-07-23 09:34:20 - [MESSAGE][INFO] - Checking object

2023-07-23 09:34:20 - [MESSAGE][INFO] - Checking timeout

2023-07-23 09:34:21 - [MESSAGE][PASSED] - Element 'Object Repository/secondhand-app/Page Edit Profile/button edit in account' is present

2023-07-23 09:34:21 - [TEST_STEP][PASSED] - tap(findTestObject("secondhand-app/Page Edit Profile/button edit in account"), 3): Tapped on element 'Object Repository/secondhand-app/Page Edit Profile/button edit in account'

2023-07-23 09:34:21 - [MESSAGE][INFO] - Finding Test Object 'Object Repository/secondhand-app/Page Edit Profile/button edit in account'

2023-07-23 09:34:21 - [MESSAGE][INFO] - Checking object

2023-07-23 09:34:21 - [MESSAGE][INFO] - Checking timeout

2023-07-23 09:34:21 - [MESSAGE][PASSED] - Tapped on element 'Object Repository/secondhand-app/Page Edit Profile/button edit in account'

2023-07-23 09:34:21 - [MESSAGE][PASSED] - Call Test Case 'Test Cases/secondhand-app/Pages/Edit Profile/Tap button edit in account page' successfully

2023-07-23 09:34:21 - [TEST_STEP][PASSED] - callTestCase(findTestCase("secondhand-app/Pages/Edit Profile/Edit Email"), ["email":addressOkta], STOP_ON_FAILURE): Call Test Case 'Test Cases/secondhand-app/Pages/Edit Profile/Edit Email' successfully

2023-07-23 09:34:21 - [MESSAGE][INFO] - Checking called Test Case

2023-07-23 09:34:21 - [MESSAGE][INFO] - Starting to call Test Case 'Test Cases/secondhand-app/Pages/Edit Profile/Edit Email'

2023-07-23 09:34:21 - [TEST_CASE][PASSED] - Test Cases/secondhand-app/Pages/Edit Profile/Edit Email: Test Cases/secondhand-app/Pages/Edit Profile/Edit Email

2023-07-23 09:34:22 - [TEST_STEP][PASSED] - tap(findTestObject("secondhand-app/Page Edit Profile/text email"), 2): Tapped on element 'Object Repository/secondhand-app/Page Edit Profile/text email'

2023-07-23 09:34:22 - [MESSAGE][INFO] - Finding Test Object 'Object Repository/secondhand-app/Page Edit Profile/text email'

2023-07-23 09:34:22 - [MESSAGE][INFO] - Checking object

2023-07-23 09:34:22 - [MESSAGE][INFO] - Checking timeout

2023-07-23 09:34:22 - [MESSAGE][PASSED] - Tapped on element 'Object Repository/secondhand-app/Page Edit Profile/text email'

2023-07-23 09:34:22 - [TEST_STEP][PASSED] - waitForElementPresent(findTestObject("secondhand-app/Page Edit Profile/input email"), 2): Element 'Object Repository/secondhand-app/Page Edit Profile/input email' is present

2023-07-23 09:34:22 - [MESSAGE][INFO] - Finding Test Object 'Object Repository/secondhand-app/Page Edit Profile/input email'

2023-07-23 09:34:22 - [MESSAGE][INFO] - Checking object

2023-07-23 09:34:22 - [MESSAGE][INFO] - Checking timeout

2023-07-23 09:34:23 - [MESSAGE][PASSED] - Element 'Object Repository/secondhand-app/Page Edit Profile/input email' is present

2023-07-23 09:34:23 - [TEST_STEP][PASSED] - tap(findTestObject("secondhand-app/Page Edit Profile/input email"), 2): Tapped on element 'Object Repository/secondhand-app/Page Edit Profile/input email'

2023-07-23 09:34:23 - [MESSAGE][INFO] - Finding Test Object 'Object Repository/secondhand-app/Page Edit Profile/input email'

2023-07-23 09:34:23 - [MESSAGE][INFO] - Checking object

2023-07-23 09:34:23 - [MESSAGE][INFO] - Checking timeout

2023-07-23 09:34:23 - [MESSAGE][PASSED] - Tapped on element 'Object Repository/secondhand-app/Page Edit Profile/input email'

2023-07-23 09:34:23 - [TEST_STEP][PASSED] - clearText(findTestObject("secondhand-app/Page Edit Profile/input email"), 2): Element 'Object Repository/secondhand-app/Page Edit Profile/input email' text is cleared

2023-07-23 09:34:23 - [MESSAGE][INFO] - Finding Test Object 'Object Repository/secondhand-app/Page Edit Profile/input email'

2023-07-23 09:34:23 - [MESSAGE][INFO] - Checking object

2023-07-23 09:34:23 - [MESSAGE][INFO] - Checking timeout

2023-07-23 09:34:25 - [MESSAGE][PASSED] - Element 'Object Repository/secondhand-app/Page Edit Profile/input email' text is cleared

2023-07-23 09:34:25 - [TEST_STEP][PASSED] - setText(findTestObject("secondhand-app/Page Edit Profile/set email"), email, 0): Text 'Jalan Ikan Nila' has been set to element 'Object Repository/secondhand-app/Page Edit Profile/set email'

2023-07-23 09:34:25 - [MESSAGE][INFO] - Finding Test Object 'Object Repository/secondhand-app/Page Edit Profile/set email'

2023-07-23 09:34:25 - [MESSAGE][INFO] - Checking object

2023-07-23 09:34:25 - [MESSAGE][INFO] - Checking timeout

2023-07-23 09:34:25 - [MESSAGE][WARNING] - Timeout '0' is invalid. Using default page load timeout: '30'

2023-07-23 09:34:27 - [MESSAGE][PASSED] - Text 'Jalan Ikan Nila' has been set to element 'Object Repository/secondhand-app/Page Edit Profile/set email'

2023-07-23 09:34:27 - [TEST_STEP][PASSED] - pressBack(): Press back button successfully

2023-07-23 09:34:27 - [MESSAGE][PASSED] - Press back button successfully

2023-07-23 09:34:27 - [TEST_STEP][PASSED] - tap(findTestObject("secondhand-app/Page Edit Profile/button simpan"), 2): Tapped on element 'Object Repository/secondhand-app/Page Edit Profile/button simpan'

2023-07-23 09:34:27 - [MESSAGE][INFO] - Finding Test Object 'Object Repository/secondhand-app/Page Edit Profile/button simpan'

2023-07-23 09:34:28 - [MESSAGE][INFO] - Checking object

2023-07-23 09:34:28 - [MESSAGE][INFO] - Checking timeout

2023-07-23 09:34:28 - [MESSAGE][PASSED] - Tapped on element 'Object Repository/secondhand-app/Page Edit Profile/button simpan'

2023-07-23 09:34:28 - [TEST_STEP][PASSED] - takeScreenshot("", STOP_ON_FAILURE): Screenshot is taken

2023-07-23 09:34:29 - [MESSAGE][WARNING] - 

2023-07-23 09:34:29 - [MESSAGE][PASSED] - Screenshot is taken

2023-07-23 09:34:29 - [MESSAGE][PASSED] - Call Test Case 'Test Cases/secondhand-app/Pages/Edit Profile/Edit Email' successfully

2023-07-23 09:34:29 - [TEST_STEP][PASSED] - closeApplication(): Close app successfully

2023-07-23 09:34:30 - [MESSAGE][PASSED] - Close app successfully]]></system-out>
         <system-err><![CDATA[]]></system-err>
      </testcase>
      <testcase name="Test Cases/secondhand-app/Step Definition/Feature Edit Profile/ACC007 - user should not be able to edit profile with empty input name" time="33.303" classname="Test Cases/secondhand-app/Step Definition/Feature Edit Profile/ACC007 - user should not be able to edit profile with empty input name" status="PASSED">
         <system-out><![CDATA[2023-07-23 09:34:30 - [TEST_CASE][PASSED] - Test Cases/secondhand-app/Step Definition/Feature Edit Profile/ACC007 - user should not be able to edit profile with empty input name: Test Cases/secondhand-app/Step Definition/Feature Edit Profile/ACC007 - user should not be able to edit profile with empty input name

2023-07-23 09:34:30 - [TEST_STEP][PASSED] - startApplication("androidapp/app-release-second-hand-gcp.apk", false): Started app at: 'D:\Binar Academy\Platinum Challenge\SQA-Wave9-Kelompok2\androidapp\app-release-second-hand-gcp.apk'

2023-07-23 09:34:30 - [MESSAGE][INFO] - Starting app at: 'D:\Binar Academy\Platinum Challenge\SQA-Wave9-Kelompok2\androidapp\app-release-second-hand-gcp.apk'

2023-07-23 09:34:30 - [MESSAGE][INFO] - Detected NodeJS location: "C:\Program Files\nodejs\node.exe"

2023-07-23 09:34:33 - [MESSAGE][INFO] - Appium server started on port 55,963

2023-07-23 09:34:45 - [MESSAGE][PASSED] - Started app at: 'D:\Binar Academy\Platinum Challenge\SQA-Wave9-Kelompok2\androidapp\app-release-second-hand-gcp.apk'

2023-07-23 09:34:45 - [TEST_STEP][PASSED] - callTestCase(findTestCase("secondhand-app/Pages/MenuBar App/Tap Akun"), [:], STOP_ON_FAILURE): Call Test Case 'Test Cases/secondhand-app/Pages/MenuBar App/Tap Akun' successfully

2023-07-23 09:34:45 - [MESSAGE][INFO] - Checking called Test Case

2023-07-23 09:34:45 - [MESSAGE][INFO] - Starting to call Test Case 'Test Cases/secondhand-app/Pages/MenuBar App/Tap Akun'

2023-07-23 09:34:45 - [TEST_CASE][PASSED] - Test Cases/secondhand-app/Pages/MenuBar App/Tap Akun: Test Cases/secondhand-app/Pages/MenuBar App/Tap Akun

2023-07-23 09:34:45 - [TEST_STEP][PASSED] - waitForElementPresent(findTestObject("secondhand-app/MenuBar App/android.widget.TextView - Akun"), 2): Element 'Object Repository/secondhand-app/MenuBar App/android.widget.TextView - Akun' is present

2023-07-23 09:34:45 - [MESSAGE][INFO] - Finding Test Object 'Object Repository/secondhand-app/MenuBar App/android.widget.TextView - Akun'

2023-07-23 09:34:45 - [MESSAGE][INFO] - Checking object

2023-07-23 09:34:45 - [MESSAGE][INFO] - Checking timeout

2023-07-23 09:34:48 - [MESSAGE][PASSED] - Element 'Object Repository/secondhand-app/MenuBar App/android.widget.TextView - Akun' is present

2023-07-23 09:34:48 - [TEST_STEP][PASSED] - tap(findTestObject("secondhand-app/MenuBar App/android.widget.TextView - Akun"), 2): Tapped on element 'Object Repository/secondhand-app/MenuBar App/android.widget.TextView - Akun'

2023-07-23 09:34:48 - [MESSAGE][INFO] - Finding Test Object 'Object Repository/secondhand-app/MenuBar App/android.widget.TextView - Akun'

2023-07-23 09:34:48 - [MESSAGE][INFO] - Checking object

2023-07-23 09:34:48 - [MESSAGE][INFO] - Checking timeout

2023-07-23 09:34:51 - [MESSAGE][PASSED] - Tapped on element 'Object Repository/secondhand-app/MenuBar App/android.widget.TextView - Akun'

2023-07-23 09:34:51 - [MESSAGE][PASSED] - Call Test Case 'Test Cases/secondhand-app/Pages/MenuBar App/Tap Akun' successfully

2023-07-23 09:34:51 - [TEST_STEP][PASSED] - callTestCase(findTestCase("secondhand-app/Pages/Edit Profile/Tap button edit in account page"), [:], STOP_ON_FAILURE): Call Test Case 'Test Cases/secondhand-app/Pages/Edit Profile/Tap button edit in account page' successfully

2023-07-23 09:34:51 - [MESSAGE][INFO] - Checking called Test Case

2023-07-23 09:34:51 - [MESSAGE][INFO] - Starting to call Test Case 'Test Cases/secondhand-app/Pages/Edit Profile/Tap button edit in account page'

2023-07-23 09:34:51 - [TEST_CASE][PASSED] - Test Cases/secondhand-app/Pages/Edit Profile/Tap button edit in account page: Test Cases/secondhand-app/Pages/Edit Profile/Tap button edit in account page

2023-07-23 09:34:51 - [TEST_STEP][PASSED] - waitForElementPresent(findTestObject("secondhand-app/Page Edit Profile/button edit in account"), 3): Element 'Object Repository/secondhand-app/Page Edit Profile/button edit in account' is present

2023-07-23 09:34:51 - [MESSAGE][INFO] - Finding Test Object 'Object Repository/secondhand-app/Page Edit Profile/button edit in account'

2023-07-23 09:34:51 - [MESSAGE][INFO] - Checking object

2023-07-23 09:34:51 - [MESSAGE][INFO] - Checking timeout

2023-07-23 09:34:52 - [MESSAGE][PASSED] - Element 'Object Repository/secondhand-app/Page Edit Profile/button edit in account' is present

2023-07-23 09:34:52 - [TEST_STEP][PASSED] - tap(findTestObject("secondhand-app/Page Edit Profile/button edit in account"), 3): Tapped on element 'Object Repository/secondhand-app/Page Edit Profile/button edit in account'

2023-07-23 09:34:52 - [MESSAGE][INFO] - Finding Test Object 'Object Repository/secondhand-app/Page Edit Profile/button edit in account'

2023-07-23 09:34:52 - [MESSAGE][INFO] - Checking object

2023-07-23 09:34:52 - [MESSAGE][INFO] - Checking timeout

2023-07-23 09:34:53 - [MESSAGE][PASSED] - Tapped on element 'Object Repository/secondhand-app/Page Edit Profile/button edit in account'

2023-07-23 09:34:53 - [MESSAGE][PASSED] - Call Test Case 'Test Cases/secondhand-app/Pages/Edit Profile/Tap button edit in account page' successfully

2023-07-23 09:34:53 - [TEST_STEP][PASSED] - callTestCase(findTestCase("secondhand-app/Pages/Edit Profile/Edit Empty Name"), ["name":""], STOP_ON_FAILURE): Call Test Case 'Test Cases/secondhand-app/Pages/Edit Profile/Edit Empty Name' successfully

2023-07-23 09:34:53 - [MESSAGE][INFO] - Checking called Test Case

2023-07-23 09:34:53 - [MESSAGE][INFO] - Starting to call Test Case 'Test Cases/secondhand-app/Pages/Edit Profile/Edit Empty Name'

2023-07-23 09:34:53 - [TEST_CASE][PASSED] - Test Cases/secondhand-app/Pages/Edit Profile/Edit Empty Name: Test Cases/secondhand-app/Pages/Edit Profile/Edit Empty Name

2023-07-23 09:34:53 - [TEST_STEP][PASSED] - tap(findTestObject("secondhand-app/Page Edit Profile/text name"), 2): Tapped on element 'Object Repository/secondhand-app/Page Edit Profile/text name'

2023-07-23 09:34:53 - [MESSAGE][INFO] - Finding Test Object 'Object Repository/secondhand-app/Page Edit Profile/text name'

2023-07-23 09:34:53 - [MESSAGE][INFO] - Checking object

2023-07-23 09:34:53 - [MESSAGE][INFO] - Checking timeout

2023-07-23 09:34:54 - [MESSAGE][PASSED] - Tapped on element 'Object Repository/secondhand-app/Page Edit Profile/text name'

2023-07-23 09:34:54 - [TEST_STEP][PASSED] - waitForElementPresent(findTestObject("secondhand-app/Page Edit Profile/input name"), 2): Element 'Object Repository/secondhand-app/Page Edit Profile/input name' is present

2023-07-23 09:34:54 - [MESSAGE][INFO] - Finding Test Object 'Object Repository/secondhand-app/Page Edit Profile/input name'

2023-07-23 09:34:54 - [MESSAGE][INFO] - Checking object

2023-07-23 09:34:54 - [MESSAGE][INFO] - Checking timeout

2023-07-23 09:34:55 - [MESSAGE][PASSED] - Element 'Object Repository/secondhand-app/Page Edit Profile/input name' is present

2023-07-23 09:34:55 - [TEST_STEP][PASSED] - tap(findTestObject("secondhand-app/Page Edit Profile/input name"), 2): Tapped on element 'Object Repository/secondhand-app/Page Edit Profile/input name'

2023-07-23 09:34:55 - [MESSAGE][INFO] - Finding Test Object 'Object Repository/secondhand-app/Page Edit Profile/input name'

2023-07-23 09:34:55 - [MESSAGE][INFO] - Checking object

2023-07-23 09:34:55 - [MESSAGE][INFO] - Checking timeout

2023-07-23 09:34:55 - [MESSAGE][PASSED] - Tapped on element 'Object Repository/secondhand-app/Page Edit Profile/input name'

2023-07-23 09:34:55 - [TEST_STEP][PASSED] - clearText(findTestObject("secondhand-app/Page Edit Profile/input name"), 2): Element 'Object Repository/secondhand-app/Page Edit Profile/input name' text is cleared

2023-07-23 09:34:55 - [MESSAGE][INFO] - Finding Test Object 'Object Repository/secondhand-app/Page Edit Profile/input name'

2023-07-23 09:34:55 - [MESSAGE][INFO] - Checking object

2023-07-23 09:34:55 - [MESSAGE][INFO] - Checking timeout

2023-07-23 09:34:56 - [MESSAGE][PASSED] - Element 'Object Repository/secondhand-app/Page Edit Profile/input name' text is cleared

2023-07-23 09:34:56 - [TEST_STEP][PASSED] - pressBack(): Press back button successfully

2023-07-23 09:34:57 - [MESSAGE][PASSED] - Press back button successfully

2023-07-23 09:34:57 - [TEST_STEP][PASSED] - tap(findTestObject("secondhand-app/Page Edit Profile/button simpan"), 2): Tapped on element 'Object Repository/secondhand-app/Page Edit Profile/button simpan'

2023-07-23 09:34:57 - [MESSAGE][INFO] - Finding Test Object 'Object Repository/secondhand-app/Page Edit Profile/button simpan'

2023-07-23 09:34:57 - [MESSAGE][INFO] - Checking object

2023-07-23 09:34:57 - [MESSAGE][INFO] - Checking timeout

2023-07-23 09:34:58 - [MESSAGE][PASSED] - Tapped on element 'Object Repository/secondhand-app/Page Edit Profile/button simpan'

2023-07-23 09:34:58 - [TEST_STEP][PASSED] - takeScreenshot("", STOP_ON_FAILURE): Screenshot is taken

2023-07-23 09:34:59 - [MESSAGE][WARNING] - 

2023-07-23 09:34:59 - [MESSAGE][PASSED] - Screenshot is taken

2023-07-23 09:34:59 - [MESSAGE][PASSED] - Call Test Case 'Test Cases/secondhand-app/Pages/Edit Profile/Edit Empty Name' successfully

2023-07-23 09:34:59 - [TEST_STEP][PASSED] - callTestCase(findTestCase("secondhand-app/Pages/Edit Profile/Error Messages Required"), ["expected":errorMessagesAppProfile], STOP_ON_FAILURE): Call Test Case 'Test Cases/secondhand-app/Pages/Edit Profile/Error Messages Required' successfully

2023-07-23 09:34:59 - [MESSAGE][INFO] - Checking called Test Case

2023-07-23 09:34:59 - [MESSAGE][INFO] - Starting to call Test Case 'Test Cases/secondhand-app/Pages/Edit Profile/Error Messages Required'

2023-07-23 09:34:59 - [TEST_CASE][PASSED] - Test Cases/secondhand-app/Pages/Edit Profile/Error Messages Required: Test Cases/secondhand-app/Pages/Edit Profile/Error Messages Required

2023-07-23 09:34:59 - [TEST_STEP][PASSED] - verifyElementVisible(findTestObject("secondhand-app/Page Edit Profile/error message required"), 3): Element 'Object Repository/secondhand-app/Page Edit Profile/error message required' is visible

2023-07-23 09:34:59 - [MESSAGE][INFO] - Finding Test Object 'Object Repository/secondhand-app/Page Edit Profile/error message required'

2023-07-23 09:34:59 - [MESSAGE][INFO] - Checking object

2023-07-23 09:34:59 - [MESSAGE][INFO] - Checking timeout

2023-07-23 09:35:00 - [MESSAGE][PASSED] - Element 'Object Repository/secondhand-app/Page Edit Profile/error message required' is visible

2023-07-23 09:35:00 - [TEST_STEP][PASSED] - errorText = getText(findTestObject("secondhand-app/Page Edit Profile/error message required"), 0): Text of element 'Object Repository/secondhand-app/Page Edit Profile/error message required' is: 'Wajib diisi.'

2023-07-23 09:35:00 - [MESSAGE][INFO] - Finding Test Object 'Object Repository/secondhand-app/Page Edit Profile/error message required'

2023-07-23 09:35:00 - [MESSAGE][INFO] - Checking object

2023-07-23 09:35:00 - [MESSAGE][INFO] - Checking timeout

2023-07-23 09:35:00 - [MESSAGE][WARNING] - Timeout '0' is invalid. Using default page load timeout: '30'

2023-07-23 09:35:02 - [MESSAGE][PASSED] - Text of element 'Object Repository/secondhand-app/Page Edit Profile/error message required' is: 'Wajib diisi.'

2023-07-23 09:35:02 - [TEST_STEP][PASSED] - logInfo(""): 

2023-07-23 09:35:02 - [MESSAGE][INFO] - 

2023-07-23 09:35:02 - [TEST_STEP][PASSED] - verifyMatch(errorText, expected, false): Actual text 'Wajib diisi.' and expected text 'Wajib diisi.' are matched 

2023-07-23 09:35:02 - [MESSAGE][INFO] - Matching actual text 'Wajib diisi.' with expected text 'Wajib diisi.'

2023-07-23 09:35:02 - [MESSAGE][PASSED] - Actual text 'Wajib diisi.' and expected text 'Wajib diisi.' are matched 

2023-07-23 09:35:02 - [MESSAGE][PASSED] - Call Test Case 'Test Cases/secondhand-app/Pages/Edit Profile/Error Messages Required' successfully

2023-07-23 09:35:02 - [TEST_STEP][PASSED] - closeApplication(): Close app successfully

2023-07-23 09:35:03 - [MESSAGE][PASSED] - Close app successfully]]></system-out>
         <system-err><![CDATA[]]></system-err>
      </testcase>
      <testcase name="Test Cases/secondhand-app/Step Definition/Feature Edit Profile/ACC006 - user should be able to update account with valid Password input" time="40.756" classname="Test Cases/secondhand-app/Step Definition/Feature Edit Profile/ACC006 - user should be able to update account with valid Password input" status="PASSED">
         <system-out><![CDATA[2023-07-23 09:35:03 - [TEST_CASE][PASSED] - Test Cases/secondhand-app/Step Definition/Feature Edit Profile/ACC006 - user should be able to update account with valid Password input: Test Cases/secondhand-app/Step Definition/Feature Edit Profile/ACC006 - user should be able to update account with valid Password input

2023-07-23 09:35:04 - [TEST_STEP][PASSED] - startApplication("androidapp/app-release-second-hand-gcp.apk", false): Started app at: 'D:\Binar Academy\Platinum Challenge\SQA-Wave9-Kelompok2\androidapp\app-release-second-hand-gcp.apk'

2023-07-23 09:35:04 - [MESSAGE][INFO] - Starting app at: 'D:\Binar Academy\Platinum Challenge\SQA-Wave9-Kelompok2\androidapp\app-release-second-hand-gcp.apk'

2023-07-23 09:35:04 - [MESSAGE][INFO] - Detected NodeJS location: "C:\Program Files\nodejs\node.exe"

2023-07-23 09:35:06 - [MESSAGE][INFO] - Appium server started on port 56,077

2023-07-23 09:35:18 - [MESSAGE][PASSED] - Started app at: 'D:\Binar Academy\Platinum Challenge\SQA-Wave9-Kelompok2\androidapp\app-release-second-hand-gcp.apk'

2023-07-23 09:35:18 - [TEST_STEP][PASSED] - callTestCase(findTestCase("secondhand-app/Pages/MenuBar App/Tap Akun"), [:], STOP_ON_FAILURE): Call Test Case 'Test Cases/secondhand-app/Pages/MenuBar App/Tap Akun' successfully

2023-07-23 09:35:18 - [MESSAGE][INFO] - Checking called Test Case

2023-07-23 09:35:18 - [MESSAGE][INFO] - Starting to call Test Case 'Test Cases/secondhand-app/Pages/MenuBar App/Tap Akun'

2023-07-23 09:35:18 - [TEST_CASE][PASSED] - Test Cases/secondhand-app/Pages/MenuBar App/Tap Akun: Test Cases/secondhand-app/Pages/MenuBar App/Tap Akun

2023-07-23 09:35:18 - [TEST_STEP][PASSED] - waitForElementPresent(findTestObject("secondhand-app/MenuBar App/android.widget.TextView - Akun"), 2): Element 'Object Repository/secondhand-app/MenuBar App/android.widget.TextView - Akun' is present

2023-07-23 09:35:18 - [MESSAGE][INFO] - Finding Test Object 'Object Repository/secondhand-app/MenuBar App/android.widget.TextView - Akun'

2023-07-23 09:35:18 - [MESSAGE][INFO] - Checking object

2023-07-23 09:35:18 - [MESSAGE][INFO] - Checking timeout

2023-07-23 09:35:21 - [MESSAGE][PASSED] - Element 'Object Repository/secondhand-app/MenuBar App/android.widget.TextView - Akun' is present

2023-07-23 09:35:21 - [TEST_STEP][PASSED] - tap(findTestObject("secondhand-app/MenuBar App/android.widget.TextView - Akun"), 2): Tapped on element 'Object Repository/secondhand-app/MenuBar App/android.widget.TextView - Akun'

2023-07-23 09:35:21 - [MESSAGE][INFO] - Finding Test Object 'Object Repository/secondhand-app/MenuBar App/android.widget.TextView - Akun'

2023-07-23 09:35:21 - [MESSAGE][INFO] - Checking object

2023-07-23 09:35:21 - [MESSAGE][INFO] - Checking timeout

2023-07-23 09:35:24 - [MESSAGE][PASSED] - Tapped on element 'Object Repository/secondhand-app/MenuBar App/android.widget.TextView - Akun'

2023-07-23 09:35:24 - [MESSAGE][PASSED] - Call Test Case 'Test Cases/secondhand-app/Pages/MenuBar App/Tap Akun' successfully

2023-07-23 09:35:24 - [TEST_STEP][PASSED] - callTestCase(findTestCase("secondhand-app/Pages/Edit Profile/Tap button edit in account page"), [:], STOP_ON_FAILURE): Call Test Case 'Test Cases/secondhand-app/Pages/Edit Profile/Tap button edit in account page' successfully

2023-07-23 09:35:24 - [MESSAGE][INFO] - Checking called Test Case

2023-07-23 09:35:24 - [MESSAGE][INFO] - Starting to call Test Case 'Test Cases/secondhand-app/Pages/Edit Profile/Tap button edit in account page'

2023-07-23 09:35:24 - [TEST_CASE][PASSED] - Test Cases/secondhand-app/Pages/Edit Profile/Tap button edit in account page: Test Cases/secondhand-app/Pages/Edit Profile/Tap button edit in account page

2023-07-23 09:35:24 - [TEST_STEP][PASSED] - waitForElementPresent(findTestObject("secondhand-app/Page Edit Profile/button edit in account"), 3): Element 'Object Repository/secondhand-app/Page Edit Profile/button edit in account' is present

2023-07-23 09:35:24 - [MESSAGE][INFO] - Finding Test Object 'Object Repository/secondhand-app/Page Edit Profile/button edit in account'

2023-07-23 09:35:24 - [MESSAGE][INFO] - Checking object

2023-07-23 09:35:24 - [MESSAGE][INFO] - Checking timeout

2023-07-23 09:35:25 - [MESSAGE][PASSED] - Element 'Object Repository/secondhand-app/Page Edit Profile/button edit in account' is present

2023-07-23 09:35:25 - [TEST_STEP][PASSED] - tap(findTestObject("secondhand-app/Page Edit Profile/button edit in account"), 3): Tapped on element 'Object Repository/secondhand-app/Page Edit Profile/button edit in account'

2023-07-23 09:35:25 - [MESSAGE][INFO] - Finding Test Object 'Object Repository/secondhand-app/Page Edit Profile/button edit in account'

2023-07-23 09:35:25 - [MESSAGE][INFO] - Checking object

2023-07-23 09:35:25 - [MESSAGE][INFO] - Checking timeout

2023-07-23 09:35:25 - [MESSAGE][PASSED] - Tapped on element 'Object Repository/secondhand-app/Page Edit Profile/button edit in account'

2023-07-23 09:35:25 - [MESSAGE][PASSED] - Call Test Case 'Test Cases/secondhand-app/Pages/Edit Profile/Tap button edit in account page' successfully

2023-07-23 09:35:25 - [TEST_STEP][PASSED] - callTestCase(findTestCase("secondhand-app/Pages/Edit Profile/Edit Password"), ["new_password":pwdOktaSeller, "old_password":passwordEditOkta], STOP_ON_FAILURE): Call Test Case 'Test Cases/secondhand-app/Pages/Edit Profile/Edit Password' successfully

2023-07-23 09:35:25 - [MESSAGE][INFO] - Checking called Test Case

2023-07-23 09:35:25 - [MESSAGE][INFO] - Starting to call Test Case 'Test Cases/secondhand-app/Pages/Edit Profile/Edit Password'

2023-07-23 09:35:25 - [TEST_CASE][PASSED] - Test Cases/secondhand-app/Pages/Edit Profile/Edit Password: Test Cases/secondhand-app/Pages/Edit Profile/Edit Password

2023-07-23 09:35:25 - [TEST_STEP][PASSED] - tap(findTestObject("secondhand-app/Page Edit Profile/text password"), 2): Tapped on element 'Object Repository/secondhand-app/Page Edit Profile/text password'

2023-07-23 09:35:25 - [MESSAGE][INFO] - Finding Test Object 'Object Repository/secondhand-app/Page Edit Profile/text password'

2023-07-23 09:35:25 - [MESSAGE][INFO] - Checking object

2023-07-23 09:35:25 - [MESSAGE][INFO] - Checking timeout

2023-07-23 09:35:26 - [MESSAGE][PASSED] - Tapped on element 'Object Repository/secondhand-app/Page Edit Profile/text password'

2023-07-23 09:35:26 - [TEST_STEP][PASSED] - waitForElementPresent(findTestObject("secondhand-app/Page Edit Profile/input old password"), 2): Element 'Object Repository/secondhand-app/Page Edit Profile/input old password' is present

2023-07-23 09:35:26 - [MESSAGE][INFO] - Finding Test Object 'Object Repository/secondhand-app/Page Edit Profile/input old password'

2023-07-23 09:35:26 - [MESSAGE][INFO] - Checking object

2023-07-23 09:35:26 - [MESSAGE][INFO] - Checking timeout

2023-07-23 09:35:27 - [MESSAGE][PASSED] - Element 'Object Repository/secondhand-app/Page Edit Profile/input old password' is present

2023-07-23 09:35:27 - [TEST_STEP][PASSED] - tap(findTestObject("secondhand-app/Page Edit Profile/input old password"), 2): Tapped on element 'Object Repository/secondhand-app/Page Edit Profile/input old password'

2023-07-23 09:35:27 - [MESSAGE][INFO] - Finding Test Object 'Object Repository/secondhand-app/Page Edit Profile/input old password'

2023-07-23 09:35:27 - [MESSAGE][INFO] - Checking object

2023-07-23 09:35:27 - [MESSAGE][INFO] - Checking timeout

2023-07-23 09:35:27 - [MESSAGE][PASSED] - Tapped on element 'Object Repository/secondhand-app/Page Edit Profile/input old password'

2023-07-23 09:35:27 - [TEST_STEP][PASSED] - setText(findTestObject("secondhand-app/Page Edit Profile/set text old password"), old_password, 0): Text 'password' has been set to element 'Object Repository/secondhand-app/Page Edit Profile/set text old password'

2023-07-23 09:35:27 - [MESSAGE][INFO] - Finding Test Object 'Object Repository/secondhand-app/Page Edit Profile/set text old password'

2023-07-23 09:35:27 - [MESSAGE][INFO] - Checking object

2023-07-23 09:35:27 - [MESSAGE][INFO] - Checking timeout

2023-07-23 09:35:27 - [MESSAGE][WARNING] - Timeout '0' is invalid. Using default page load timeout: '30'

2023-07-23 09:35:31 - [MESSAGE][PASSED] - Text 'password' has been set to element 'Object Repository/secondhand-app/Page Edit Profile/set text old password'

2023-07-23 09:35:31 - [TEST_STEP][PASSED] - pressBack(): Press back button successfully

2023-07-23 09:35:31 - [MESSAGE][PASSED] - Press back button successfully

2023-07-23 09:35:31 - [TEST_STEP][PASSED] - waitForElementPresent(findTestObject("secondhand-app/Page Edit Profile/input new password"), 2): Element 'Object Repository/secondhand-app/Page Edit Profile/input new password' is present

2023-07-23 09:35:31 - [MESSAGE][INFO] - Finding Test Object 'Object Repository/secondhand-app/Page Edit Profile/input new password'

2023-07-23 09:35:31 - [MESSAGE][INFO] - Checking object

2023-07-23 09:35:31 - [MESSAGE][INFO] - Checking timeout

2023-07-23 09:35:33 - [MESSAGE][PASSED] - Element 'Object Repository/secondhand-app/Page Edit Profile/input new password' is present

2023-07-23 09:35:33 - [TEST_STEP][PASSED] - tap(findTestObject("secondhand-app/Page Edit Profile/input new password"), 2): Tapped on element 'Object Repository/secondhand-app/Page Edit Profile/input new password'

2023-07-23 09:35:33 - [MESSAGE][INFO] - Finding Test Object 'Object Repository/secondhand-app/Page Edit Profile/input new password'

2023-07-23 09:35:33 - [MESSAGE][INFO] - Checking object

2023-07-23 09:35:33 - [MESSAGE][INFO] - Checking timeout

2023-07-23 09:35:33 - [MESSAGE][PASSED] - Tapped on element 'Object Repository/secondhand-app/Page Edit Profile/input new password'

2023-07-23 09:35:33 - [TEST_STEP][PASSED] - setText(findTestObject("secondhand-app/Page Edit Profile/set text new password"), new_password, 0): Text '123456' has been set to element 'Object Repository/secondhand-app/Page Edit Profile/set text new password'

2023-07-23 09:35:33 - [MESSAGE][INFO] - Finding Test Object 'Object Repository/secondhand-app/Page Edit Profile/set text new password'

2023-07-23 09:35:33 - [MESSAGE][INFO] - Checking object

2023-07-23 09:35:33 - [MESSAGE][INFO] - Checking timeout

2023-07-23 09:35:33 - [MESSAGE][WARNING] - Timeout '0' is invalid. Using default page load timeout: '30'

2023-07-23 09:35:36 - [MESSAGE][PASSED] - Text '123456' has been set to element 'Object Repository/secondhand-app/Page Edit Profile/set text new password'

2023-07-23 09:35:36 - [TEST_STEP][PASSED] - pressBack(): Press back button successfully

2023-07-23 09:35:36 - [MESSAGE][PASSED] - Press back button successfully

2023-07-23 09:35:36 - [TEST_STEP][PASSED] - waitForElementPresent(findTestObject("secondhand-app/Page Edit Profile/input confirmation password"), 2): Element 'Object Repository/secondhand-app/Page Edit Profile/input confirmation password' is present

2023-07-23 09:35:36 - [MESSAGE][INFO] - Finding Test Object 'Object Repository/secondhand-app/Page Edit Profile/input confirmation password'

2023-07-23 09:35:37 - [MESSAGE][INFO] - Checking object

2023-07-23 09:35:37 - [MESSAGE][INFO] - Checking timeout

2023-07-23 09:35:37 - [MESSAGE][PASSED] - Element 'Object Repository/secondhand-app/Page Edit Profile/input confirmation password' is present

2023-07-23 09:35:37 - [TEST_STEP][PASSED] - tap(findTestObject("secondhand-app/Page Edit Profile/input confirmation password"), 2): Tapped on element 'Object Repository/secondhand-app/Page Edit Profile/input confirmation password'

2023-07-23 09:35:37 - [MESSAGE][INFO] - Finding Test Object 'Object Repository/secondhand-app/Page Edit Profile/input confirmation password'

2023-07-23 09:35:37 - [MESSAGE][INFO] - Checking object

2023-07-23 09:35:37 - [MESSAGE][INFO] - Checking timeout

2023-07-23 09:35:38 - [MESSAGE][PASSED] - Tapped on element 'Object Repository/secondhand-app/Page Edit Profile/input confirmation password'

2023-07-23 09:35:38 - [TEST_STEP][PASSED] - setText(findTestObject("secondhand-app/Page Edit Profile/set text confirmation password"), new_password, 0): Text '123456' has been set to element 'Object Repository/secondhand-app/Page Edit Profile/set text confirmation password'

2023-07-23 09:35:38 - [MESSAGE][INFO] - Finding Test Object 'Object Repository/secondhand-app/Page Edit Profile/set text confirmation password'

2023-07-23 09:35:38 - [MESSAGE][INFO] - Checking object

2023-07-23 09:35:38 - [MESSAGE][INFO] - Checking timeout

2023-07-23 09:35:38 - [MESSAGE][WARNING] - Timeout '0' is invalid. Using default page load timeout: '30'

2023-07-23 09:35:40 - [MESSAGE][PASSED] - Text '123456' has been set to element 'Object Repository/secondhand-app/Page Edit Profile/set text confirmation password'

2023-07-23 09:35:40 - [TEST_STEP][PASSED] - pressBack(): Press back button successfully

2023-07-23 09:35:41 - [MESSAGE][PASSED] - Press back button successfully

2023-07-23 09:35:41 - [TEST_STEP][PASSED] - tap(findTestObject("secondhand-app/Page Edit Profile/button simpan password"), 2): Tapped on element 'Object Repository/secondhand-app/Page Edit Profile/button simpan password'

2023-07-23 09:35:41 - [MESSAGE][INFO] - Finding Test Object 'Object Repository/secondhand-app/Page Edit Profile/button simpan password'

2023-07-23 09:35:41 - [MESSAGE][INFO] - Checking object

2023-07-23 09:35:41 - [MESSAGE][INFO] - Checking timeout

2023-07-23 09:35:42 - [MESSAGE][PASSED] - Tapped on element 'Object Repository/secondhand-app/Page Edit Profile/button simpan password'

2023-07-23 09:35:42 - [TEST_STEP][PASSED] - takeScreenshot("", STOP_ON_FAILURE): Screenshot is taken

2023-07-23 09:35:43 - [MESSAGE][WARNING] - 

2023-07-23 09:35:43 - [MESSAGE][PASSED] - Screenshot is taken

2023-07-23 09:35:43 - [MESSAGE][PASSED] - Call Test Case 'Test Cases/secondhand-app/Pages/Edit Profile/Edit Password' successfully

2023-07-23 09:35:43 - [TEST_STEP][PASSED] - closeApplication(): Close app successfully

2023-07-23 09:35:44 - [MESSAGE][PASSED] - Close app successfully]]></system-out>
         <system-err><![CDATA[]]></system-err>
      </testcase>
      <testcase name="Test Cases/secondhand-app/Step Definition/Feature Edit Profile/ACC005 - user should be able to update account with valid Email input" time="29.964" classname="Test Cases/secondhand-app/Step Definition/Feature Edit Profile/ACC005 - user should be able to update account with valid Email input" status="PASSED">
         <system-out><![CDATA[2023-07-23 09:35:44 - [TEST_CASE][PASSED] - Test Cases/secondhand-app/Step Definition/Feature Edit Profile/ACC005 - user should be able to update account with valid Email input: Test Cases/secondhand-app/Step Definition/Feature Edit Profile/ACC005 - user should be able to update account with valid Email input

2023-07-23 09:35:44 - [TEST_STEP][PASSED] - startApplication("androidapp/app-release-second-hand-gcp.apk", false): Started app at: 'D:\Binar Academy\Platinum Challenge\SQA-Wave9-Kelompok2\androidapp\app-release-second-hand-gcp.apk'

2023-07-23 09:35:44 - [MESSAGE][INFO] - Starting app at: 'D:\Binar Academy\Platinum Challenge\SQA-Wave9-Kelompok2\androidapp\app-release-second-hand-gcp.apk'

2023-07-23 09:35:45 - [MESSAGE][INFO] - Detected NodeJS location: "C:\Program Files\nodejs\node.exe"

2023-07-23 09:35:47 - [MESSAGE][INFO] - Appium server started on port 56,195

2023-07-23 09:35:59 - [MESSAGE][PASSED] - Started app at: 'D:\Binar Academy\Platinum Challenge\SQA-Wave9-Kelompok2\androidapp\app-release-second-hand-gcp.apk'

2023-07-23 09:35:59 - [TEST_STEP][PASSED] - callTestCase(findTestCase("secondhand-app/Pages/MenuBar App/Tap Akun"), [:], STOP_ON_FAILURE): Call Test Case 'Test Cases/secondhand-app/Pages/MenuBar App/Tap Akun' successfully

2023-07-23 09:35:59 - [MESSAGE][INFO] - Checking called Test Case

2023-07-23 09:35:59 - [MESSAGE][INFO] - Starting to call Test Case 'Test Cases/secondhand-app/Pages/MenuBar App/Tap Akun'

2023-07-23 09:35:59 - [TEST_CASE][PASSED] - Test Cases/secondhand-app/Pages/MenuBar App/Tap Akun: Test Cases/secondhand-app/Pages/MenuBar App/Tap Akun

2023-07-23 09:35:59 - [TEST_STEP][PASSED] - waitForElementPresent(findTestObject("secondhand-app/MenuBar App/android.widget.TextView - Akun"), 2): Element 'Object Repository/secondhand-app/MenuBar App/android.widget.TextView - Akun' is present

2023-07-23 09:35:59 - [MESSAGE][INFO] - Finding Test Object 'Object Repository/secondhand-app/MenuBar App/android.widget.TextView - Akun'

2023-07-23 09:35:59 - [MESSAGE][INFO] - Checking object

2023-07-23 09:35:59 - [MESSAGE][INFO] - Checking timeout

2023-07-23 09:36:02 - [MESSAGE][PASSED] - Element 'Object Repository/secondhand-app/MenuBar App/android.widget.TextView - Akun' is present

2023-07-23 09:36:02 - [TEST_STEP][PASSED] - tap(findTestObject("secondhand-app/MenuBar App/android.widget.TextView - Akun"), 2): Tapped on element 'Object Repository/secondhand-app/MenuBar App/android.widget.TextView - Akun'

2023-07-23 09:36:02 - [MESSAGE][INFO] - Finding Test Object 'Object Repository/secondhand-app/MenuBar App/android.widget.TextView - Akun'

2023-07-23 09:36:02 - [MESSAGE][INFO] - Checking object

2023-07-23 09:36:02 - [MESSAGE][INFO] - Checking timeout

2023-07-23 09:36:04 - [MESSAGE][PASSED] - Tapped on element 'Object Repository/secondhand-app/MenuBar App/android.widget.TextView - Akun'

2023-07-23 09:36:04 - [MESSAGE][PASSED] - Call Test Case 'Test Cases/secondhand-app/Pages/MenuBar App/Tap Akun' successfully

2023-07-23 09:36:04 - [TEST_STEP][PASSED] - callTestCase(findTestCase("secondhand-app/Pages/Edit Profile/Tap button edit in account page"), [:], STOP_ON_FAILURE): Call Test Case 'Test Cases/secondhand-app/Pages/Edit Profile/Tap button edit in account page' successfully

2023-07-23 09:36:04 - [MESSAGE][INFO] - Checking called Test Case

2023-07-23 09:36:04 - [MESSAGE][INFO] - Starting to call Test Case 'Test Cases/secondhand-app/Pages/Edit Profile/Tap button edit in account page'

2023-07-23 09:36:04 - [TEST_CASE][PASSED] - Test Cases/secondhand-app/Pages/Edit Profile/Tap button edit in account page: Test Cases/secondhand-app/Pages/Edit Profile/Tap button edit in account page

2023-07-23 09:36:04 - [TEST_STEP][PASSED] - waitForElementPresent(findTestObject("secondhand-app/Page Edit Profile/button edit in account"), 3): Element 'Object Repository/secondhand-app/Page Edit Profile/button edit in account' is present

2023-07-23 09:36:04 - [MESSAGE][INFO] - Finding Test Object 'Object Repository/secondhand-app/Page Edit Profile/button edit in account'

2023-07-23 09:36:04 - [MESSAGE][INFO] - Checking object

2023-07-23 09:36:04 - [MESSAGE][INFO] - Checking timeout

2023-07-23 09:36:05 - [MESSAGE][PASSED] - Element 'Object Repository/secondhand-app/Page Edit Profile/button edit in account' is present

2023-07-23 09:36:05 - [TEST_STEP][PASSED] - tap(findTestObject("secondhand-app/Page Edit Profile/button edit in account"), 3): Tapped on element 'Object Repository/secondhand-app/Page Edit Profile/button edit in account'

2023-07-23 09:36:05 - [MESSAGE][INFO] - Finding Test Object 'Object Repository/secondhand-app/Page Edit Profile/button edit in account'

2023-07-23 09:36:05 - [MESSAGE][INFO] - Checking object

2023-07-23 09:36:05 - [MESSAGE][INFO] - Checking timeout

2023-07-23 09:36:05 - [MESSAGE][PASSED] - Tapped on element 'Object Repository/secondhand-app/Page Edit Profile/button edit in account'

2023-07-23 09:36:05 - [MESSAGE][PASSED] - Call Test Case 'Test Cases/secondhand-app/Pages/Edit Profile/Tap button edit in account page' successfully

2023-07-23 09:36:05 - [TEST_STEP][PASSED] - callTestCase(findTestCase("secondhand-app/Pages/Edit Profile/Edit Email"), ["email":emailEditOkta], STOP_ON_FAILURE): Call Test Case 'Test Cases/secondhand-app/Pages/Edit Profile/Edit Email' successfully

2023-07-23 09:36:05 - [MESSAGE][INFO] - Checking called Test Case

2023-07-23 09:36:05 - [MESSAGE][INFO] - Starting to call Test Case 'Test Cases/secondhand-app/Pages/Edit Profile/Edit Email'

2023-07-23 09:36:05 - [TEST_CASE][PASSED] - Test Cases/secondhand-app/Pages/Edit Profile/Edit Email: Test Cases/secondhand-app/Pages/Edit Profile/Edit Email

2023-07-23 09:36:05 - [TEST_STEP][PASSED] - tap(findTestObject("secondhand-app/Page Edit Profile/text email"), 2): Tapped on element 'Object Repository/secondhand-app/Page Edit Profile/text email'

2023-07-23 09:36:05 - [MESSAGE][INFO] - Finding Test Object 'Object Repository/secondhand-app/Page Edit Profile/text email'

2023-07-23 09:36:05 - [MESSAGE][INFO] - Checking object

2023-07-23 09:36:05 - [MESSAGE][INFO] - Checking timeout

2023-07-23 09:36:06 - [MESSAGE][PASSED] - Tapped on element 'Object Repository/secondhand-app/Page Edit Profile/text email'

2023-07-23 09:36:06 - [TEST_STEP][PASSED] - waitForElementPresent(findTestObject("secondhand-app/Page Edit Profile/input email"), 2): Element 'Object Repository/secondhand-app/Page Edit Profile/input email' is present

2023-07-23 09:36:06 - [MESSAGE][INFO] - Finding Test Object 'Object Repository/secondhand-app/Page Edit Profile/input email'

2023-07-23 09:36:06 - [MESSAGE][INFO] - Checking object

2023-07-23 09:36:06 - [MESSAGE][INFO] - Checking timeout

2023-07-23 09:36:07 - [MESSAGE][PASSED] - Element 'Object Repository/secondhand-app/Page Edit Profile/input email' is present

2023-07-23 09:36:07 - [TEST_STEP][PASSED] - tap(findTestObject("secondhand-app/Page Edit Profile/input email"), 2): Tapped on element 'Object Repository/secondhand-app/Page Edit Profile/input email'

2023-07-23 09:36:07 - [MESSAGE][INFO] - Finding Test Object 'Object Repository/secondhand-app/Page Edit Profile/input email'

2023-07-23 09:36:07 - [MESSAGE][INFO] - Checking object

2023-07-23 09:36:07 - [MESSAGE][INFO] - Checking timeout

2023-07-23 09:36:07 - [MESSAGE][PASSED] - Tapped on element 'Object Repository/secondhand-app/Page Edit Profile/input email'

2023-07-23 09:36:07 - [TEST_STEP][PASSED] - clearText(findTestObject("secondhand-app/Page Edit Profile/input email"), 2): Element 'Object Repository/secondhand-app/Page Edit Profile/input email' text is cleared

2023-07-23 09:36:07 - [MESSAGE][INFO] - Finding Test Object 'Object Repository/secondhand-app/Page Edit Profile/input email'

2023-07-23 09:36:07 - [MESSAGE][INFO] - Checking object

2023-07-23 09:36:07 - [MESSAGE][INFO] - Checking timeout

2023-07-23 09:36:08 - [MESSAGE][PASSED] - Element 'Object Repository/secondhand-app/Page Edit Profile/input email' text is cleared

2023-07-23 09:36:08 - [TEST_STEP][PASSED] - setText(findTestObject("secondhand-app/Page Edit Profile/set email"), email, 0): Text 'oktaviadpp@gmail.com' has been set to element 'Object Repository/secondhand-app/Page Edit Profile/set email'

2023-07-23 09:36:08 - [MESSAGE][INFO] - Finding Test Object 'Object Repository/secondhand-app/Page Edit Profile/set email'

2023-07-23 09:36:08 - [MESSAGE][INFO] - Checking object

2023-07-23 09:36:08 - [MESSAGE][INFO] - Checking timeout

2023-07-23 09:36:08 - [MESSAGE][WARNING] - Timeout '0' is invalid. Using default page load timeout: '30'

2023-07-23 09:36:10 - [MESSAGE][PASSED] - Text 'oktaviadpp@gmail.com' has been set to element 'Object Repository/secondhand-app/Page Edit Profile/set email'

2023-07-23 09:36:10 - [TEST_STEP][PASSED] - pressBack(): Press back button successfully

2023-07-23 09:36:11 - [MESSAGE][PASSED] - Press back button successfully

2023-07-23 09:36:11 - [TEST_STEP][PASSED] - tap(findTestObject("secondhand-app/Page Edit Profile/button simpan"), 2): Tapped on element 'Object Repository/secondhand-app/Page Edit Profile/button simpan'

2023-07-23 09:36:11 - [MESSAGE][INFO] - Finding Test Object 'Object Repository/secondhand-app/Page Edit Profile/button simpan'

2023-07-23 09:36:11 - [MESSAGE][INFO] - Checking object

2023-07-23 09:36:11 - [MESSAGE][INFO] - Checking timeout

2023-07-23 09:36:12 - [MESSAGE][PASSED] - Tapped on element 'Object Repository/secondhand-app/Page Edit Profile/button simpan'

2023-07-23 09:36:12 - [TEST_STEP][PASSED] - takeScreenshot("", STOP_ON_FAILURE): Screenshot is taken

2023-07-23 09:36:13 - [MESSAGE][WARNING] - 

2023-07-23 09:36:13 - [MESSAGE][PASSED] - Screenshot is taken

2023-07-23 09:36:13 - [MESSAGE][PASSED] - Call Test Case 'Test Cases/secondhand-app/Pages/Edit Profile/Edit Email' successfully

2023-07-23 09:36:13 - [TEST_STEP][PASSED] - closeApplication(): Close app successfully

2023-07-23 09:36:14 - [MESSAGE][PASSED] - Close app successfully]]></system-out>
         <system-err><![CDATA[]]></system-err>
      </testcase>
      <system-out><![CDATA[2023-07-23 09:32:14 - [TEST_SUITE][PASSED] - Feature Edit Profile: Test Cases/secondhand-app/Step Definition/Feature Edit Profile/ACC005 - user should be able to update account with valid Email input]]></system-out>
      <system-err><![CDATA[]]></system-err>
   </testsuite>
</testsuites>
