<?xml version="1.0" encoding="UTF-8"?>
<testsuites name="Feature Delete Product" time="45.824" tests="1" failures="0" errors="0">
   <testsuite name="Feature Delete Product" tests="1" failures="0" errors="0" time="45.824" skipped="0" timestamp="2023-07-20 20:05:12" hostname="user - LAPTOP-905USH3S" id="Test Suites/secondhand-web/Feature Delete Product">
      <properties>
         <property name="deviceName" value=""/>
         <property name="devicePlatform" value=""/>
         <property name="logFolder" value="D:\\Binar Academy\\Platinum Challenge\\SQA-Wave9-Kelompok2\\Reports\\20230720_200509\\secondhand-web\\Feature Delete Product\\20230720_200509"/>
         <property name="logFiles" value="D:\\Binar Academy\\Platinum Challenge\\SQA-Wave9-Kelompok2\\Reports\\20230720_200509\\secondhand-web\\Feature Delete Product\\20230720_200509\\execution0.log"/>
         <property name="attachments" value="D:\\Binar Academy\\Platinum Challenge\\SQA-Wave9-Kelompok2\\Reports\\20230720_200509\\secondhand-web\\Feature Delete Product\\20230720_200509\\1689858348213.png, D:\\Binar Academy\\Platinum Challenge\\SQA-Wave9-Kelompok2\\Reports\\20230720_200509\\secondhand-web\\Feature Delete Product\\20230720_200509\\1689858351007.png"/>
         <property name="hostName" value="user - LAPTOP-905USH3S"/>
         <property name="os" value="Windows 11 64bit"/>
         <property name="katalonVersion" value="8.6.5.208"/>
         <property name="browser" value="Chrome 114.0.0.0"/>
         <property name="hostAddress" value="192.168.100.236"/>
         <property name="sessionId" value="f194bcda9de56945cb4c418d3de06dae"/>
         <property name="seleniumVersion" value="3.141.59"/>
         <property name="proxyInformation" value="ProxyInformation { proxyOption=NO_PROXY, proxyServerType=HTTP, username=, password=********, proxyServerAddress=, proxyServerPort=0, executionList=&quot;&quot;, isApplyToDesiredCapabilities=true }"/>
         <property name="platform" value="Windows 11"/>
      </properties>
      <testcase name="Test Cases/secondhand-web/Step Definition/Feature Delete Product/DeleteCat001 - user should be able to delete product and user redirect to list product" time="45.496" classname="Test Cases/secondhand-web/Step Definition/Feature Delete Product/DeleteCat001 - user should be able to delete product and user redirect to list product" status="PASSED">
         <system-out><![CDATA[2023-07-20 20:05:12 - [TEST_CASE][PASSED] - Test Cases/secondhand-web/Step Definition/Feature Delete Product/DeleteCat001 - user should be able to delete product and user redirect to list product: Test Cases/secondhand-web/Step Definition/Feature Delete Product/DeleteCat001 - user should be able to delete product and user redirect to list product

2023-07-20 20:05:12 - [TEST_STEP][PASSED] - callTestCase(findTestCase("secondhand-web/Common/Launch Web"), [:], STOP_ON_FAILURE): Call Test Case 'Test Cases/secondhand-web/Common/Launch Web' successfully

2023-07-20 20:05:13 - [MESSAGE][INFO] - Checking called Test Case

2023-07-20 20:05:13 - [MESSAGE][INFO] - Starting to call Test Case 'Test Cases/secondhand-web/Common/Launch Web'

2023-07-20 20:05:13 - [TEST_CASE][PASSED] - Test Cases/secondhand-web/Common/Launch Web: Test Cases/secondhand-web/Common/Launch Web

2023-07-20 20:05:13 - [TEST_STEP][PASSED] - openBrowser(""): Browser is opened with url: ''

2023-07-20 20:05:13 - [MESSAGE][INFO] - Opening browser

2023-07-20 20:05:13 - [MESSAGE][INFO] - Starting 'Chrome' driver

2023-07-20 20:05:13 - [MESSAGE][INFO] - Action delay is set to 0 milliseconds

2023-07-20 20:05:16 - [MESSAGE][PASSED] - Browser is opened with url: ''

2023-07-20 20:05:16 - [TEST_STEP][PASSED] - maximizeWindow(): Current window maximized

2023-07-20 20:05:16 - [MESSAGE][INFO] - Maximizing current window

2023-07-20 20:05:16 - [MESSAGE][PASSED] - Current window maximized

2023-07-20 20:05:16 - [MESSAGE][PASSED] - Call Test Case 'Test Cases/secondhand-web/Common/Launch Web' successfully

2023-07-20 20:05:16 - [TEST_STEP][PASSED] - callTestCase(findTestCase("secondhand-web/Common/Navigate To Web"), [:], STOP_ON_FAILURE): Call Test Case 'Test Cases/secondhand-web/Common/Navigate To Web' successfully

2023-07-20 20:05:16 - [MESSAGE][INFO] - Checking called Test Case

2023-07-20 20:05:16 - [MESSAGE][INFO] - Starting to call Test Case 'Test Cases/secondhand-web/Common/Navigate To Web'

2023-07-20 20:05:16 - [TEST_CASE][PASSED] - Test Cases/secondhand-web/Common/Navigate To Web: Test Cases/secondhand-web/Common/Navigate To Web

2023-07-20 20:05:17 - [TEST_STEP][PASSED] - navigateToUrl(baseUrl): Navigate to 'https://secondhand.binaracademy.org/' successfully

2023-07-20 20:05:18 - [MESSAGE][INFO] - Checking url

2023-07-20 20:05:18 - [MESSAGE][INFO] - Navigating to 'https://secondhand.binaracademy.org/'

2023-07-20 20:05:44 - [MESSAGE][PASSED] - Navigate to 'https://secondhand.binaracademy.org/' successfully

2023-07-20 20:05:44 - [MESSAGE][PASSED] - Call Test Case 'Test Cases/secondhand-web/Common/Navigate To Web' successfully

2023-07-20 20:05:44 - [TEST_STEP][PASSED] - callTestCase(findTestCase("secondhand-web/Pages/User Login/Click Button Masuk"), [:], STOP_ON_FAILURE): Call Test Case 'Test Cases/secondhand-web/Pages/User Login/Click Button Masuk' successfully

2023-07-20 20:05:44 - [MESSAGE][INFO] - Checking called Test Case

2023-07-20 20:05:44 - [MESSAGE][INFO] - Starting to call Test Case 'Test Cases/secondhand-web/Pages/User Login/Click Button Masuk'

2023-07-20 20:05:44 - [TEST_CASE][PASSED] - Test Cases/secondhand-web/Pages/User Login/Click Button Masuk: Test Cases/secondhand-web/Pages/User Login/Click Button Masuk

2023-07-20 20:05:44 - [TEST_STEP][PASSED] - verifyElementVisible(findTestObject("secondhand-web/Login/Click Button Masuk"), STOP_ON_FAILURE): Object 'Object Repository/secondhand-web/Login/Click Button Masuk' is visible

2023-07-20 20:05:44 - [MESSAGE][INFO] - Finding Test Object 'Object Repository/secondhand-web/Login/Click Button Masuk'

2023-07-20 20:05:44 - [MESSAGE][INFO] - Checking object

2023-07-20 20:05:44 - [MESSAGE][INFO] - Finding web element from Test Object's properties

2023-07-20 20:05:44 - [MESSAGE][INFO] - Checking timeout

2023-07-20 20:05:44 - [MESSAGE][INFO] - Finding web element with id: 'Object Repository/secondhand-web/Login/Click Button Masuk' located by 'By.xpath: //div[@id='navbarSupportedContent']/div/a' in '30' second(s)

2023-07-20 20:05:44 - [MESSAGE][INFO] - Smart Wait Function is triggered

2023-07-20 20:05:45 - [MESSAGE][INFO] - Found 1 web elements with id: 'Object Repository/secondhand-web/Login/Click Button Masuk' located by 'By.xpath: //div[@id='navbarSupportedContent']/div/a' in '30' second(s)

2023-07-20 20:05:45 - [MESSAGE][PASSED] - Object 'Object Repository/secondhand-web/Login/Click Button Masuk' is visible

2023-07-20 20:05:45 - [TEST_STEP][PASSED] - click(findTestObject("secondhand-web/Login/Click Button Masuk")): Object: 'Object Repository/secondhand-web/Login/Click Button Masuk' is clicked on

2023-07-20 20:05:45 - [MESSAGE][INFO] - Finding Test Object 'Object Repository/secondhand-web/Login/Click Button Masuk'

2023-07-20 20:05:45 - [MESSAGE][INFO] - Checking object

2023-07-20 20:05:45 - [MESSAGE][INFO] - Checking timeout

2023-07-20 20:05:45 - [MESSAGE][INFO] - Finding web element from Test Object's properties

2023-07-20 20:05:45 - [MESSAGE][INFO] - Checking timeout

2023-07-20 20:05:45 - [MESSAGE][INFO] - Finding web element with id: 'Object Repository/secondhand-web/Login/Click Button Masuk' located by 'By.xpath: //div[@id='navbarSupportedContent']/div/a' in '30' second(s)

2023-07-20 20:05:45 - [MESSAGE][INFO] - Smart Wait Function is triggered

2023-07-20 20:05:45 - [MESSAGE][INFO] - Found 1 web elements with id: 'Object Repository/secondhand-web/Login/Click Button Masuk' located by 'By.xpath: //div[@id='navbarSupportedContent']/div/a' in '30' second(s)

2023-07-20 20:05:45 - [MESSAGE][INFO] - Clicking on object: 'Object Repository/secondhand-web/Login/Click Button Masuk'

2023-07-20 20:05:45 - [MESSAGE][PASSED] - Object: 'Object Repository/secondhand-web/Login/Click Button Masuk' is clicked on

2023-07-20 20:05:45 - [MESSAGE][PASSED] - Call Test Case 'Test Cases/secondhand-web/Pages/User Login/Click Button Masuk' successfully

2023-07-20 20:05:45 - [TEST_STEP][PASSED] - callTestCase(findTestCase("secondhand-web/Pages/User Login/Input Email"), ["email":emailOktaSeller], STOP_ON_FAILURE): Call Test Case 'Test Cases/secondhand-web/Pages/User Login/Input Email' successfully

2023-07-20 20:05:45 - [MESSAGE][INFO] - Checking called Test Case

2023-07-20 20:05:45 - [MESSAGE][INFO] - Starting to call Test Case 'Test Cases/secondhand-web/Pages/User Login/Input Email'

2023-07-20 20:05:45 - [TEST_CASE][PASSED] - Test Cases/secondhand-web/Pages/User Login/Input Email: Test Cases/secondhand-web/Pages/User Login/Input Email

2023-07-20 20:05:46 - [TEST_STEP][PASSED] - waitForElementVisible(findTestObject("secondhand-web/Login/Input_email"), 3): Object 'Object Repository/secondhand-web/Login/Input_email' is visible

2023-07-20 20:05:46 - [MESSAGE][INFO] - Finding Test Object 'Object Repository/secondhand-web/Login/Input_email'

2023-07-20 20:05:46 - [MESSAGE][INFO] - Checking object

2023-07-20 20:05:46 - [MESSAGE][INFO] - Checking timeout

2023-07-20 20:05:46 - [MESSAGE][INFO] - Finding web element from Test Object's properties

2023-07-20 20:05:46 - [MESSAGE][INFO] - Checking timeout

2023-07-20 20:05:46 - [MESSAGE][INFO] - Finding web element with id: 'Object Repository/secondhand-web/Login/Input_email' located by 'By.xpath: //input[@id='user_email']' in '3' second(s)

2023-07-20 20:05:46 - [MESSAGE][INFO] - Smart Wait Function is triggered

2023-07-20 20:05:46 - [MESSAGE][INFO] - Found 1 web elements with id: 'Object Repository/secondhand-web/Login/Input_email' located by 'By.xpath: //input[@id='user_email']' in '3' second(s)

2023-07-20 20:05:47 - [MESSAGE][PASSED] - Object 'Object Repository/secondhand-web/Login/Input_email' is visible

2023-07-20 20:05:47 - [TEST_STEP][PASSED] - setText(findTestObject("secondhand-web/Login/Input_email"), email): Text 'oktaviadpp_seller@gmail.com' is set on object 'Object Repository/secondhand-web/Login/Input_email'

2023-07-20 20:05:47 - [MESSAGE][INFO] - Finding Test Object 'Object Repository/secondhand-web/Login/Input_email'

2023-07-20 20:05:47 - [MESSAGE][INFO] - Checking object

2023-07-20 20:05:47 - [MESSAGE][INFO] - Checking text

2023-07-20 20:05:47 - [MESSAGE][INFO] - Finding web element from Test Object's properties

2023-07-20 20:05:47 - [MESSAGE][INFO] - Checking timeout

2023-07-20 20:05:47 - [MESSAGE][INFO] - Finding web element with id: 'Object Repository/secondhand-web/Login/Input_email' located by 'By.xpath: //input[@id='user_email']' in '30' second(s)

2023-07-20 20:05:47 - [MESSAGE][INFO] - Smart Wait Function is triggered

2023-07-20 20:05:47 - [MESSAGE][INFO] - Found 1 web elements with id: 'Object Repository/secondhand-web/Login/Input_email' located by 'By.xpath: //input[@id='user_email']' in '30' second(s)

2023-07-20 20:05:47 - [MESSAGE][INFO] - Clearing text of object 'Object Repository/secondhand-web/Login/Input_email'

2023-07-20 20:05:47 - [MESSAGE][INFO] - Finding web element from Test Object's properties

2023-07-20 20:05:47 - [MESSAGE][INFO] - Checking timeout

2023-07-20 20:05:47 - [MESSAGE][INFO] - Finding web element with id: 'Object Repository/secondhand-web/Login/Input_email' located by 'By.xpath: //input[@id='user_email']' in '30' second(s)

2023-07-20 20:05:47 - [MESSAGE][INFO] - Smart Wait Function is triggered

2023-07-20 20:05:47 - [MESSAGE][INFO] - Found 1 web elements with id: 'Object Repository/secondhand-web/Login/Input_email' located by 'By.xpath: //input[@id='user_email']' in '30' second(s)

2023-07-20 20:05:47 - [MESSAGE][INFO] - Setting text of object 'Object Repository/secondhand-web/Login/Input_email' to value 'oktaviadpp_seller@gmail.com'

2023-07-20 20:05:47 - [MESSAGE][PASSED] - Text 'oktaviadpp_seller@gmail.com' is set on object 'Object Repository/secondhand-web/Login/Input_email'

2023-07-20 20:05:47 - [TEST_STEP][PASSED] - takeScreenshot(): Taking screenshot successfully

2023-07-20 20:05:47 - [MESSAGE][INFO] - Smart Wait Function is triggered

2023-07-20 20:05:48 - [MESSAGE][PASSED] - Taking screenshot successfully
[[ATTACHMENT|D:\\Binar Academy\\Platinum Challenge\\SQA-Wave9-Kelompok2\\Reports\\20230720_200509\\secondhand-web\\Feature Delete Product\\20230720_200509\\1689858348213.png]]

2023-07-20 20:05:48 - [MESSAGE][PASSED] - Call Test Case 'Test Cases/secondhand-web/Pages/User Login/Input Email' successfully

2023-07-20 20:05:48 - [TEST_STEP][PASSED] - callTestCase(findTestCase("secondhand-web/Pages/User Login/Input Password"), ["password":pwdOktaSeller], STOP_ON_FAILURE): Call Test Case 'Test Cases/secondhand-web/Pages/User Login/Input Password' successfully

2023-07-20 20:05:48 - [MESSAGE][INFO] - Checking called Test Case

2023-07-20 20:05:48 - [MESSAGE][INFO] - Starting to call Test Case 'Test Cases/secondhand-web/Pages/User Login/Input Password'

2023-07-20 20:05:49 - [TEST_CASE][PASSED] - Test Cases/secondhand-web/Pages/User Login/Input Password: Test Cases/secondhand-web/Pages/User Login/Input Password

2023-07-20 20:05:49 - [TEST_STEP][PASSED] - waitForElementVisible(findTestObject("secondhand-web/Login/Input_password"), 3): Object 'Object Repository/secondhand-web/Login/Input_password' is visible

2023-07-20 20:05:49 - [MESSAGE][INFO] - Finding Test Object 'Object Repository/secondhand-web/Login/Input_password'

2023-07-20 20:05:49 - [MESSAGE][INFO] - Checking object

2023-07-20 20:05:49 - [MESSAGE][INFO] - Checking timeout

2023-07-20 20:05:49 - [MESSAGE][INFO] - Finding web element from Test Object's properties

2023-07-20 20:05:49 - [MESSAGE][INFO] - Checking timeout

2023-07-20 20:05:49 - [MESSAGE][INFO] - Finding web element with id: 'Object Repository/secondhand-web/Login/Input_password' located by 'By.xpath: //input[@id='user_password']' in '3' second(s)

2023-07-20 20:05:49 - [MESSAGE][INFO] - Smart Wait Function is triggered

2023-07-20 20:05:49 - [MESSAGE][INFO] - Found 1 web elements with id: 'Object Repository/secondhand-web/Login/Input_password' located by 'By.xpath: //input[@id='user_password']' in '3' second(s)

2023-07-20 20:05:49 - [MESSAGE][PASSED] - Object 'Object Repository/secondhand-web/Login/Input_password' is visible

2023-07-20 20:05:49 - [TEST_STEP][PASSED] - setText(findTestObject("secondhand-web/Login/Input_password"), password): Text '123456' is set on object 'Object Repository/secondhand-web/Login/Input_password'

2023-07-20 20:05:49 - [MESSAGE][INFO] - Finding Test Object 'Object Repository/secondhand-web/Login/Input_password'

2023-07-20 20:05:50 - [MESSAGE][INFO] - Checking object

2023-07-20 20:05:50 - [MESSAGE][INFO] - Checking text

2023-07-20 20:05:50 - [MESSAGE][INFO] - Finding web element from Test Object's properties

2023-07-20 20:05:50 - [MESSAGE][INFO] - Checking timeout

2023-07-20 20:05:50 - [MESSAGE][INFO] - Finding web element with id: 'Object Repository/secondhand-web/Login/Input_password' located by 'By.xpath: //input[@id='user_password']' in '30' second(s)

2023-07-20 20:05:50 - [MESSAGE][INFO] - Smart Wait Function is triggered

2023-07-20 20:05:50 - [MESSAGE][INFO] - Found 1 web elements with id: 'Object Repository/secondhand-web/Login/Input_password' located by 'By.xpath: //input[@id='user_password']' in '30' second(s)

2023-07-20 20:05:50 - [MESSAGE][INFO] - Clearing text of object 'Object Repository/secondhand-web/Login/Input_password'

2023-07-20 20:05:50 - [MESSAGE][INFO] - Finding web element from Test Object's properties

2023-07-20 20:05:50 - [MESSAGE][INFO] - Checking timeout

2023-07-20 20:05:50 - [MESSAGE][INFO] - Finding web element with id: 'Object Repository/secondhand-web/Login/Input_password' located by 'By.xpath: //input[@id='user_password']' in '30' second(s)

2023-07-20 20:05:50 - [MESSAGE][INFO] - Smart Wait Function is triggered

2023-07-20 20:05:50 - [MESSAGE][INFO] - Found 1 web elements with id: 'Object Repository/secondhand-web/Login/Input_password' located by 'By.xpath: //input[@id='user_password']' in '30' second(s)

2023-07-20 20:05:50 - [MESSAGE][INFO] - Setting text of object 'Object Repository/secondhand-web/Login/Input_password' to value '123456'

2023-07-20 20:05:50 - [MESSAGE][PASSED] - Text '123456' is set on object 'Object Repository/secondhand-web/Login/Input_password'

2023-07-20 20:05:50 - [TEST_STEP][PASSED] - takeScreenshot(): Taking screenshot successfully

2023-07-20 20:05:50 - [MESSAGE][INFO] - Smart Wait Function is triggered

2023-07-20 20:05:51 - [MESSAGE][PASSED] - Taking screenshot successfully
[[ATTACHMENT|D:\\Binar Academy\\Platinum Challenge\\SQA-Wave9-Kelompok2\\Reports\\20230720_200509\\secondhand-web\\Feature Delete Product\\20230720_200509\\1689858351007.png]]

2023-07-20 20:05:51 - [MESSAGE][PASSED] - Call Test Case 'Test Cases/secondhand-web/Pages/User Login/Input Password' successfully

2023-07-20 20:05:51 - [TEST_STEP][PASSED] - callTestCase(findTestCase("secondhand-web/Pages/User Login/Button Masuk"), [:], STOP_ON_FAILURE): Call Test Case 'Test Cases/secondhand-web/Pages/User Login/Button Masuk' successfully

2023-07-20 20:05:51 - [MESSAGE][INFO] - Checking called Test Case

2023-07-20 20:05:51 - [MESSAGE][INFO] - Starting to call Test Case 'Test Cases/secondhand-web/Pages/User Login/Button Masuk'

2023-07-20 20:05:51 - [TEST_CASE][PASSED] - Test Cases/secondhand-web/Pages/User Login/Button Masuk: Test Cases/secondhand-web/Pages/User Login/Button Masuk

2023-07-20 20:05:51 - [TEST_STEP][PASSED] - verifyElementVisible(findTestObject("secondhand-web/Login/Button Masuk"), STOP_ON_FAILURE): Object 'Object Repository/secondhand-web/Login/Button Masuk' is visible

2023-07-20 20:05:51 - [MESSAGE][INFO] - Finding Test Object 'Object Repository/secondhand-web/Login/Button Masuk'

2023-07-20 20:05:52 - [MESSAGE][INFO] - Checking object

2023-07-20 20:05:52 - [MESSAGE][INFO] - Finding web element from Test Object's properties

2023-07-20 20:05:52 - [MESSAGE][INFO] - Checking timeout

2023-07-20 20:05:52 - [MESSAGE][INFO] - Finding web element with id: 'Object Repository/secondhand-web/Login/Button Masuk' located by 'By.xpath: //input[@name='commit']' in '30' second(s)

2023-07-20 20:05:52 - [MESSAGE][INFO] - Smart Wait Function is triggered

2023-07-20 20:05:52 - [MESSAGE][INFO] - Found 1 web elements with id: 'Object Repository/secondhand-web/Login/Button Masuk' located by 'By.xpath: //input[@name='commit']' in '30' second(s)

2023-07-20 20:05:52 - [MESSAGE][PASSED] - Object 'Object Repository/secondhand-web/Login/Button Masuk' is visible

2023-07-20 20:05:52 - [TEST_STEP][PASSED] - click(findTestObject("secondhand-web/Login/Button Masuk")): Object: 'Object Repository/secondhand-web/Login/Button Masuk' is clicked on

2023-07-20 20:05:52 - [MESSAGE][INFO] - Finding Test Object 'Object Repository/secondhand-web/Login/Button Masuk'

2023-07-20 20:05:52 - [MESSAGE][INFO] - Checking object

2023-07-20 20:05:52 - [MESSAGE][INFO] - Checking timeout

2023-07-20 20:05:52 - [MESSAGE][INFO] - Finding web element from Test Object's properties

2023-07-20 20:05:52 - [MESSAGE][INFO] - Checking timeout

2023-07-20 20:05:52 - [MESSAGE][INFO] - Finding web element with id: 'Object Repository/secondhand-web/Login/Button Masuk' located by 'By.xpath: //input[@name='commit']' in '30' second(s)

2023-07-20 20:05:52 - [MESSAGE][INFO] - Smart Wait Function is triggered

2023-07-20 20:05:52 - [MESSAGE][INFO] - Found 1 web elements with id: 'Object Repository/secondhand-web/Login/Button Masuk' located by 'By.xpath: //input[@name='commit']' in '30' second(s)

2023-07-20 20:05:52 - [MESSAGE][INFO] - Clicking on object: 'Object Repository/secondhand-web/Login/Button Masuk'

2023-07-20 20:05:52 - [MESSAGE][PASSED] - Object: 'Object Repository/secondhand-web/Login/Button Masuk' is clicked on

2023-07-20 20:05:52 - [MESSAGE][PASSED] - Call Test Case 'Test Cases/secondhand-web/Pages/User Login/Button Masuk' successfully

2023-07-20 20:05:52 - [TEST_STEP][PASSED] - callTestCase(findTestCase("secondhand-web/Pages/Homepage/Icon_Product"), [:], STOP_ON_FAILURE): Call Test Case 'Test Cases/secondhand-web/Pages/Homepage/Icon_Product' successfully

2023-07-20 20:05:52 - [MESSAGE][INFO] - Checking called Test Case

2023-07-20 20:05:52 - [MESSAGE][INFO] - Starting to call Test Case 'Test Cases/secondhand-web/Pages/Homepage/Icon_Product'

2023-07-20 20:05:52 - [TEST_CASE][PASSED] - Test Cases/secondhand-web/Pages/Homepage/Icon_Product: Test Cases/secondhand-web/Pages/Homepage/Icon_Product

2023-07-20 20:05:53 - [TEST_STEP][PASSED] - verifyElementVisible(findTestObject("secondhand-web/Homepage/Icon_Product")): Object 'Object Repository/secondhand-web/Homepage/Icon_Product' is visible

2023-07-20 20:05:53 - [MESSAGE][INFO] - Finding Test Object 'Object Repository/secondhand-web/Homepage/Icon_Product'

2023-07-20 20:05:53 - [MESSAGE][INFO] - Checking object

2023-07-20 20:05:53 - [MESSAGE][INFO] - Finding web element from Test Object's properties

2023-07-20 20:05:53 - [MESSAGE][INFO] - Checking timeout

2023-07-20 20:05:53 - [MESSAGE][INFO] - Finding web element with id: 'Object Repository/secondhand-web/Homepage/Icon_Product' located by 'By.xpath: //a[@href="/products"]' in '30' second(s)

2023-07-20 20:05:53 - [MESSAGE][INFO] - Smart Wait Function is triggered

2023-07-20 20:05:54 - [MESSAGE][INFO] - Found 1 web elements with id: 'Object Repository/secondhand-web/Homepage/Icon_Product' located by 'By.xpath: //a[@href="/products"]' in '30' second(s)

2023-07-20 20:05:54 - [MESSAGE][PASSED] - Object 'Object Repository/secondhand-web/Homepage/Icon_Product' is visible

2023-07-20 20:05:54 - [TEST_STEP][PASSED] - click(findTestObject("secondhand-web/Homepage/Icon_Product")): Object: 'Object Repository/secondhand-web/Homepage/Icon_Product' is clicked on

2023-07-20 20:05:54 - [MESSAGE][INFO] - Finding Test Object 'Object Repository/secondhand-web/Homepage/Icon_Product'

2023-07-20 20:05:54 - [MESSAGE][INFO] - Checking object

2023-07-20 20:05:54 - [MESSAGE][INFO] - Checking timeout

2023-07-20 20:05:54 - [MESSAGE][INFO] - Finding web element from Test Object's properties

2023-07-20 20:05:54 - [MESSAGE][INFO] - Checking timeout

2023-07-20 20:05:54 - [MESSAGE][INFO] - Finding web element with id: 'Object Repository/secondhand-web/Homepage/Icon_Product' located by 'By.xpath: //a[@href="/products"]' in '30' second(s)

2023-07-20 20:05:54 - [MESSAGE][INFO] - Smart Wait Function is triggered

2023-07-20 20:05:54 - [MESSAGE][INFO] - Found 1 web elements with id: 'Object Repository/secondhand-web/Homepage/Icon_Product' located by 'By.xpath: //a[@href="/products"]' in '30' second(s)

2023-07-20 20:05:54 - [MESSAGE][INFO] - Clicking on object: 'Object Repository/secondhand-web/Homepage/Icon_Product'

2023-07-20 20:05:54 - [MESSAGE][PASSED] - Object: 'Object Repository/secondhand-web/Homepage/Icon_Product' is clicked on

2023-07-20 20:05:54 - [MESSAGE][PASSED] - Call Test Case 'Test Cases/secondhand-web/Pages/Homepage/Icon_Product' successfully

2023-07-20 20:05:54 - [TEST_STEP][PASSED] - callTestCase(findTestCase("secondhand-web/Pages/Edit Product/Click Detail Product"), [:], STOP_ON_FAILURE): Call Test Case 'Test Cases/secondhand-web/Pages/Edit Product/Click Detail Product' successfully

2023-07-20 20:05:54 - [MESSAGE][INFO] - Checking called Test Case

2023-07-20 20:05:54 - [MESSAGE][INFO] - Starting to call Test Case 'Test Cases/secondhand-web/Pages/Edit Product/Click Detail Product'

2023-07-20 20:05:54 - [TEST_CASE][PASSED] - Test Cases/secondhand-web/Pages/Edit Product/Click Detail Product: Test Cases/secondhand-web/Pages/Edit Product/Click Detail Product

2023-07-20 20:05:55 - [TEST_STEP][PASSED] - verifyElementVisible(findTestObject("secondhand-web/Edit Product/card product")): Object 'Object Repository/secondhand-web/Edit Product/card product' is visible

2023-07-20 20:05:55 - [MESSAGE][INFO] - Finding Test Object 'Object Repository/secondhand-web/Edit Product/card product'

2023-07-20 20:05:55 - [MESSAGE][INFO] - Checking object

2023-07-20 20:05:55 - [MESSAGE][INFO] - Finding web element from Test Object's properties

2023-07-20 20:05:55 - [MESSAGE][INFO] - Checking timeout

2023-07-20 20:05:55 - [MESSAGE][INFO] - Finding web element with id: 'Object Repository/secondhand-web/Edit Product/card product' located by 'By.xpath: //div[@class="row g-4"]/div[2]' in '30' second(s)

2023-07-20 20:05:55 - [MESSAGE][INFO] - Smart Wait Function is triggered

2023-07-20 20:05:55 - [MESSAGE][INFO] - Found 1 web elements with id: 'Object Repository/secondhand-web/Edit Product/card product' located by 'By.xpath: //div[@class="row g-4"]/div[2]' in '30' second(s)

2023-07-20 20:05:55 - [MESSAGE][PASSED] - Object 'Object Repository/secondhand-web/Edit Product/card product' is visible

2023-07-20 20:05:55 - [TEST_STEP][PASSED] - click(findTestObject("secondhand-web/Edit Product/card product")): Object: 'Object Repository/secondhand-web/Edit Product/card product' is clicked on

2023-07-20 20:05:55 - [MESSAGE][INFO] - Finding Test Object 'Object Repository/secondhand-web/Edit Product/card product'

2023-07-20 20:05:55 - [MESSAGE][INFO] - Checking object

2023-07-20 20:05:55 - [MESSAGE][INFO] - Checking timeout

2023-07-20 20:05:55 - [MESSAGE][INFO] - Finding web element from Test Object's properties

2023-07-20 20:05:55 - [MESSAGE][INFO] - Checking timeout

2023-07-20 20:05:55 - [MESSAGE][INFO] - Finding web element with id: 'Object Repository/secondhand-web/Edit Product/card product' located by 'By.xpath: //div[@class="row g-4"]/div[2]' in '30' second(s)

2023-07-20 20:05:55 - [MESSAGE][INFO] - Smart Wait Function is triggered

2023-07-20 20:05:55 - [MESSAGE][INFO] - Found 1 web elements with id: 'Object Repository/secondhand-web/Edit Product/card product' located by 'By.xpath: //div[@class="row g-4"]/div[2]' in '30' second(s)

2023-07-20 20:05:55 - [MESSAGE][INFO] - Clicking on object: 'Object Repository/secondhand-web/Edit Product/card product'

2023-07-20 20:05:55 - [MESSAGE][PASSED] - Object: 'Object Repository/secondhand-web/Edit Product/card product' is clicked on

2023-07-20 20:05:55 - [MESSAGE][PASSED] - Call Test Case 'Test Cases/secondhand-web/Pages/Edit Product/Click Detail Product' successfully

2023-07-20 20:05:55 - [TEST_STEP][PASSED] - callTestCase(findTestCase("secondhand-web/Pages/Delete Product/Click button delete"), [:], STOP_ON_FAILURE): Call Test Case 'Test Cases/secondhand-web/Pages/Delete Product/Click button delete' successfully

2023-07-20 20:05:55 - [MESSAGE][INFO] - Checking called Test Case

2023-07-20 20:05:55 - [MESSAGE][INFO] - Starting to call Test Case 'Test Cases/secondhand-web/Pages/Delete Product/Click button delete'

2023-07-20 20:05:55 - [TEST_CASE][PASSED] - Test Cases/secondhand-web/Pages/Delete Product/Click button delete: Test Cases/secondhand-web/Pages/Delete Product/Click button delete

2023-07-20 20:05:56 - [TEST_STEP][PASSED] - verifyElementVisible(findTestObject("secondhand-web/Delete Product/button delete")): Object 'Object Repository/secondhand-web/Delete Product/button delete' is visible

2023-07-20 20:05:56 - [MESSAGE][INFO] - Finding Test Object 'Object Repository/secondhand-web/Delete Product/button delete'

2023-07-20 20:05:56 - [MESSAGE][INFO] - Checking object

2023-07-20 20:05:56 - [MESSAGE][INFO] - Finding web element from Test Object's properties

2023-07-20 20:05:56 - [MESSAGE][INFO] - Checking timeout

2023-07-20 20:05:56 - [MESSAGE][INFO] - Finding web element with id: 'Object Repository/secondhand-web/Delete Product/button delete' located by 'By.xpath: //a[@data-turbo-method="delete"]' in '30' second(s)

2023-07-20 20:05:56 - [MESSAGE][INFO] - Smart Wait Function is triggered

2023-07-20 20:05:56 - [MESSAGE][INFO] - Found 1 web elements with id: 'Object Repository/secondhand-web/Delete Product/button delete' located by 'By.xpath: //a[@data-turbo-method="delete"]' in '30' second(s)

2023-07-20 20:05:56 - [MESSAGE][PASSED] - Object 'Object Repository/secondhand-web/Delete Product/button delete' is visible

2023-07-20 20:05:56 - [TEST_STEP][PASSED] - click(findTestObject("secondhand-web/Delete Product/button delete")): Object: 'Object Repository/secondhand-web/Delete Product/button delete' is clicked on

2023-07-20 20:05:56 - [MESSAGE][INFO] - Finding Test Object 'Object Repository/secondhand-web/Delete Product/button delete'

2023-07-20 20:05:56 - [MESSAGE][INFO] - Checking object

2023-07-20 20:05:56 - [MESSAGE][INFO] - Checking timeout

2023-07-20 20:05:56 - [MESSAGE][INFO] - Finding web element from Test Object's properties

2023-07-20 20:05:56 - [MESSAGE][INFO] - Checking timeout

2023-07-20 20:05:56 - [MESSAGE][INFO] - Finding web element with id: 'Object Repository/secondhand-web/Delete Product/button delete' located by 'By.xpath: //a[@data-turbo-method="delete"]' in '30' second(s)

2023-07-20 20:05:56 - [MESSAGE][INFO] - Smart Wait Function is triggered

2023-07-20 20:05:56 - [MESSAGE][INFO] - Found 1 web elements with id: 'Object Repository/secondhand-web/Delete Product/button delete' located by 'By.xpath: //a[@data-turbo-method="delete"]' in '30' second(s)

2023-07-20 20:05:56 - [MESSAGE][INFO] - Clicking on object: 'Object Repository/secondhand-web/Delete Product/button delete'

2023-07-20 20:05:56 - [MESSAGE][PASSED] - Object: 'Object Repository/secondhand-web/Delete Product/button delete' is clicked on

2023-07-20 20:05:56 - [MESSAGE][PASSED] - Call Test Case 'Test Cases/secondhand-web/Pages/Delete Product/Click button delete' successfully

2023-07-20 20:05:56 - [TEST_STEP][PASSED] - callTestCase(findTestCase("secondhand-web/Common/Close Web"), [:], STOP_ON_FAILURE): Call Test Case 'Test Cases/secondhand-web/Common/Close Web' successfully

2023-07-20 20:05:56 - [MESSAGE][INFO] - Checking called Test Case

2023-07-20 20:05:56 - [MESSAGE][INFO] - Starting to call Test Case 'Test Cases/secondhand-web/Common/Close Web'

2023-07-20 20:05:56 - [TEST_CASE][PASSED] - Test Cases/secondhand-web/Common/Close Web: Test Cases/secondhand-web/Common/Close Web

2023-07-20 20:05:57 - [TEST_STEP][PASSED] - closeBrowser(): Browser is closed

2023-07-20 20:05:57 - [MESSAGE][INFO] - Closing browser

2023-07-20 20:05:57 - [MESSAGE][PASSED] - Browser is closed

2023-07-20 20:05:57 - [MESSAGE][PASSED] - Call Test Case 'Test Cases/secondhand-web/Common/Close Web' successfully]]></system-out>
         <system-err><![CDATA[]]></system-err>
      </testcase>
      <system-out><![CDATA[2023-07-20 20:05:12 - [TEST_SUITE][PASSED] - Feature Delete Product: Test Cases/secondhand-web/Step Definition/Feature Delete Product/DeleteCat001 - user should be able to delete product and user redirect to list product]]></system-out>
      <system-err><![CDATA[]]></system-err>
   </testsuite>
</testsuites>
