<?xml version="1.0" encoding="UTF-8"?>
<testsuites name="Feature Notification" time="61.381" tests="2" failures="0" errors="0">
   <testsuite name="Feature Notification" tests="2" failures="0" errors="0" time="61.381" skipped="0" timestamp="2023-07-24 21:18:54" hostname="User - WINDOWS-5V2O60F" id="Test Suites/secondhand-web/Feature Notification">
      <properties>
         <property name="deviceName" value=""/>
         <property name="devicePlatform" value=""/>
         <property name="logFolder" value="C:\\Users\\User\\SQA-Wave9-Kelompok2\\Reports\\20230724_211848\\secondhand-web\\Feature Notification\\20230724_211849"/>
         <property name="logFiles" value="C:\\Users\\User\\SQA-Wave9-Kelompok2\\Reports\\20230724_211848\\secondhand-web\\Feature Notification\\20230724_211849\\execution0.log"/>
         <property name="attachments" value="C:\\Users\\User\\SQA-Wave9-Kelompok2\\Reports\\20230724_211848\\secondhand-web\\Feature Notification\\20230724_211849\\1690208360159.png, C:\\Users\\User\\SQA-Wave9-Kelompok2\\Reports\\20230724_211848\\secondhand-web\\Feature Notification\\20230724_211849\\1690208364481.png, C:\\Users\\User\\SQA-Wave9-Kelompok2\\Reports\\20230724_211848\\secondhand-web\\Feature Notification\\20230724_211849\\1690208386476.png, C:\\Users\\User\\SQA-Wave9-Kelompok2\\Reports\\20230724_211848\\secondhand-web\\Feature Notification\\20230724_211849\\1690208388689.png"/>
         <property name="hostName" value="User - WINDOWS-5V2O60F"/>
         <property name="os" value="Windows 10 64bit"/>
         <property name="katalonVersion" value="8.6.5.208"/>
         <property name="browser" value="Chrome 115.0.0.0"/>
         <property name="hostAddress" value="192.168.50.93"/>
         <property name="sessionId" value="c850ecbd46c618452d030a445f4ec4d2"/>
         <property name="seleniumVersion" value="3.141.59"/>
         <property name="proxyInformation" value="ProxyInformation { proxyOption=NO_PROXY, proxyServerType=HTTP, username=, password=********, proxyServerAddress=, proxyServerPort=0, executionList=&quot;&quot;, isApplyToDesiredCapabilities=true }"/>
         <property name="platform" value="Windows 10"/>
      </properties>
      <testcase name="Test Cases/secondhand-web/Step Definition/Feature Notification/N001- user should be able to open the notification message" time="42.682" classname="Test Cases/secondhand-web/Step Definition/Feature Notification/N001- user should be able to open the notification message" status="PASSED">
         <system-out><![CDATA[2023-07-24 21:18:54 - [TEST_CASE][PASSED] - Test Cases/secondhand-web/Step Definition/Feature Notification/N001- user should be able to open the notification message: Test Cases/secondhand-web/Step Definition/Feature Notification/N001- user should be able to open the notification message

2023-07-24 21:18:55 - [TEST_STEP][PASSED] - callTestCase(findTestCase("secondhand-web/Common/Launch Web"), [:], STOP_ON_FAILURE): Call Test Case 'Test Cases/secondhand-web/Common/Launch Web' successfully

2023-07-24 21:18:56 - [MESSAGE][INFO] - Checking called Test Case

2023-07-24 21:18:56 - [MESSAGE][INFO] - Starting to call Test Case 'Test Cases/secondhand-web/Common/Launch Web'

2023-07-24 21:18:56 - [TEST_CASE][PASSED] - Test Cases/secondhand-web/Common/Launch Web: Test Cases/secondhand-web/Common/Launch Web

2023-07-24 21:18:58 - [TEST_STEP][PASSED] - openBrowser(""): Browser is opened with url: ''

2023-07-24 21:18:58 - [MESSAGE][INFO] - Opening browser

2023-07-24 21:18:58 - [MESSAGE][INFO] - Starting 'Chrome' driver

2023-07-24 21:18:58 - [MESSAGE][INFO] - Action delay is set to 0 milliseconds

2023-07-24 21:19:04 - [MESSAGE][PASSED] - Browser is opened with url: ''

2023-07-24 21:19:04 - [TEST_STEP][PASSED] - maximizeWindow(): Current window maximized

2023-07-24 21:19:04 - [MESSAGE][INFO] - Maximizing current window

2023-07-24 21:19:05 - [MESSAGE][PASSED] - Current window maximized

2023-07-24 21:19:05 - [MESSAGE][PASSED] - Call Test Case 'Test Cases/secondhand-web/Common/Launch Web' successfully

2023-07-24 21:19:05 - [TEST_STEP][PASSED] - callTestCase(findTestCase("secondhand-web/Common/Navigate To Web"), [:], STOP_ON_FAILURE): Call Test Case 'Test Cases/secondhand-web/Common/Navigate To Web' successfully

2023-07-24 21:19:05 - [MESSAGE][INFO] - Checking called Test Case

2023-07-24 21:19:05 - [MESSAGE][INFO] - Starting to call Test Case 'Test Cases/secondhand-web/Common/Navigate To Web'

2023-07-24 21:19:05 - [TEST_CASE][PASSED] - Test Cases/secondhand-web/Common/Navigate To Web: Test Cases/secondhand-web/Common/Navigate To Web

2023-07-24 21:19:06 - [TEST_STEP][PASSED] - navigateToUrl(baseUrl): Navigate to 'https://secondhand.binaracademy.org/' successfully

2023-07-24 21:19:11 - [MESSAGE][INFO] - Checking url

2023-07-24 21:19:11 - [MESSAGE][INFO] - Navigating to 'https://secondhand.binaracademy.org/'

2023-07-24 21:19:13 - [MESSAGE][PASSED] - Navigate to 'https://secondhand.binaracademy.org/' successfully

2023-07-24 21:19:13 - [MESSAGE][PASSED] - Call Test Case 'Test Cases/secondhand-web/Common/Navigate To Web' successfully

2023-07-24 21:19:13 - [TEST_STEP][PASSED] - callTestCase(findTestCase("secondhand-web/Pages/User Login/Click Button Masuk"), [:], STOP_ON_FAILURE): Call Test Case 'Test Cases/secondhand-web/Pages/User Login/Click Button Masuk' successfully

2023-07-24 21:19:13 - [MESSAGE][INFO] - Checking called Test Case

2023-07-24 21:19:13 - [MESSAGE][INFO] - Starting to call Test Case 'Test Cases/secondhand-web/Pages/User Login/Click Button Masuk'

2023-07-24 21:19:13 - [TEST_CASE][PASSED] - Test Cases/secondhand-web/Pages/User Login/Click Button Masuk: Test Cases/secondhand-web/Pages/User Login/Click Button Masuk

2023-07-24 21:19:14 - [TEST_STEP][PASSED] - verifyElementVisible(findTestObject("secondhand-web/Login/Click Button Masuk"), STOP_ON_FAILURE): Object 'Object Repository/secondhand-web/Login/Click Button Masuk' is visible

2023-07-24 21:19:14 - [MESSAGE][INFO] - Finding Test Object 'Object Repository/secondhand-web/Login/Click Button Masuk'

2023-07-24 21:19:14 - [MESSAGE][INFO] - Checking object

2023-07-24 21:19:14 - [MESSAGE][INFO] - Finding web element from Test Object's properties

2023-07-24 21:19:14 - [MESSAGE][INFO] - Checking timeout

2023-07-24 21:19:14 - [MESSAGE][INFO] - Finding web element with id: 'Object Repository/secondhand-web/Login/Click Button Masuk' located by 'By.xpath: //div[@id='navbarSupportedContent']/div/a' in '30' second(s)

2023-07-24 21:19:14 - [MESSAGE][INFO] - Smart Wait Function is triggered

2023-07-24 21:19:15 - [MESSAGE][INFO] - Found 1 web elements with id: 'Object Repository/secondhand-web/Login/Click Button Masuk' located by 'By.xpath: //div[@id='navbarSupportedContent']/div/a' in '30' second(s)

2023-07-24 21:19:15 - [MESSAGE][PASSED] - Object 'Object Repository/secondhand-web/Login/Click Button Masuk' is visible

2023-07-24 21:19:15 - [TEST_STEP][PASSED] - click(findTestObject("secondhand-web/Login/Click Button Masuk")): Object: 'Object Repository/secondhand-web/Login/Click Button Masuk' is clicked on

2023-07-24 21:19:15 - [MESSAGE][INFO] - Finding Test Object 'Object Repository/secondhand-web/Login/Click Button Masuk'

2023-07-24 21:19:16 - [MESSAGE][INFO] - Checking object

2023-07-24 21:19:16 - [MESSAGE][INFO] - Checking timeout

2023-07-24 21:19:16 - [MESSAGE][INFO] - Finding web element from Test Object's properties

2023-07-24 21:19:16 - [MESSAGE][INFO] - Checking timeout

2023-07-24 21:19:16 - [MESSAGE][INFO] - Finding web element with id: 'Object Repository/secondhand-web/Login/Click Button Masuk' located by 'By.xpath: //div[@id='navbarSupportedContent']/div/a' in '30' second(s)

2023-07-24 21:19:16 - [MESSAGE][INFO] - Smart Wait Function is triggered

2023-07-24 21:19:16 - [MESSAGE][INFO] - Found 1 web elements with id: 'Object Repository/secondhand-web/Login/Click Button Masuk' located by 'By.xpath: //div[@id='navbarSupportedContent']/div/a' in '30' second(s)

2023-07-24 21:19:16 - [MESSAGE][INFO] - Clicking on object: 'Object Repository/secondhand-web/Login/Click Button Masuk'

2023-07-24 21:19:16 - [MESSAGE][PASSED] - Object: 'Object Repository/secondhand-web/Login/Click Button Masuk' is clicked on

2023-07-24 21:19:16 - [MESSAGE][PASSED] - Call Test Case 'Test Cases/secondhand-web/Pages/User Login/Click Button Masuk' successfully

2023-07-24 21:19:16 - [TEST_STEP][PASSED] - callTestCase(findTestCase("secondhand-web/Pages/User Login/Input Email"), ["email":EmailAsiyah], STOP_ON_FAILURE): Call Test Case 'Test Cases/secondhand-web/Pages/User Login/Input Email' successfully

2023-07-24 21:19:16 - [MESSAGE][INFO] - Checking called Test Case

2023-07-24 21:19:16 - [MESSAGE][INFO] - Starting to call Test Case 'Test Cases/secondhand-web/Pages/User Login/Input Email'

2023-07-24 21:19:16 - [TEST_CASE][PASSED] - Test Cases/secondhand-web/Pages/User Login/Input Email: Test Cases/secondhand-web/Pages/User Login/Input Email

2023-07-24 21:19:17 - [TEST_STEP][PASSED] - waitForElementVisible(findTestObject("secondhand-web/Login/Input_email"), 3): Object 'Object Repository/secondhand-web/Login/Input_email' is visible

2023-07-24 21:19:17 - [MESSAGE][INFO] - Finding Test Object 'Object Repository/secondhand-web/Login/Input_email'

2023-07-24 21:19:17 - [MESSAGE][INFO] - Checking object

2023-07-24 21:19:17 - [MESSAGE][INFO] - Checking timeout

2023-07-24 21:19:17 - [MESSAGE][INFO] - Finding web element from Test Object's properties

2023-07-24 21:19:17 - [MESSAGE][INFO] - Checking timeout

2023-07-24 21:19:17 - [MESSAGE][INFO] - Finding web element with id: 'Object Repository/secondhand-web/Login/Input_email' located by 'By.xpath: //input[@id='user_email']' in '3' second(s)

2023-07-24 21:19:17 - [MESSAGE][INFO] - Smart Wait Function is triggered

2023-07-24 21:19:18 - [MESSAGE][INFO] - Found 1 web elements with id: 'Object Repository/secondhand-web/Login/Input_email' located by 'By.xpath: //input[@id='user_email']' in '3' second(s)

2023-07-24 21:19:18 - [MESSAGE][PASSED] - Object 'Object Repository/secondhand-web/Login/Input_email' is visible

2023-07-24 21:19:18 - [TEST_STEP][PASSED] - setText(findTestObject("secondhand-web/Login/Input_email"), email): Text 'nurasiyah727@gmail.com' is set on object 'Object Repository/secondhand-web/Login/Input_email'

2023-07-24 21:19:18 - [MESSAGE][INFO] - Finding Test Object 'Object Repository/secondhand-web/Login/Input_email'

2023-07-24 21:19:18 - [MESSAGE][INFO] - Checking object

2023-07-24 21:19:18 - [MESSAGE][INFO] - Checking text

2023-07-24 21:19:18 - [MESSAGE][INFO] - Finding web element from Test Object's properties

2023-07-24 21:19:18 - [MESSAGE][INFO] - Checking timeout

2023-07-24 21:19:18 - [MESSAGE][INFO] - Finding web element with id: 'Object Repository/secondhand-web/Login/Input_email' located by 'By.xpath: //input[@id='user_email']' in '30' second(s)

2023-07-24 21:19:18 - [MESSAGE][INFO] - Smart Wait Function is triggered

2023-07-24 21:19:18 - [MESSAGE][INFO] - Found 1 web elements with id: 'Object Repository/secondhand-web/Login/Input_email' located by 'By.xpath: //input[@id='user_email']' in '30' second(s)

2023-07-24 21:19:18 - [MESSAGE][INFO] - Clearing text of object 'Object Repository/secondhand-web/Login/Input_email'

2023-07-24 21:19:18 - [MESSAGE][INFO] - Finding web element from Test Object's properties

2023-07-24 21:19:18 - [MESSAGE][INFO] - Checking timeout

2023-07-24 21:19:18 - [MESSAGE][INFO] - Finding web element with id: 'Object Repository/secondhand-web/Login/Input_email' located by 'By.xpath: //input[@id='user_email']' in '30' second(s)

2023-07-24 21:19:18 - [MESSAGE][INFO] - Smart Wait Function is triggered

2023-07-24 21:19:19 - [MESSAGE][INFO] - Found 1 web elements with id: 'Object Repository/secondhand-web/Login/Input_email' located by 'By.xpath: //input[@id='user_email']' in '30' second(s)

2023-07-24 21:19:19 - [MESSAGE][INFO] - Setting text of object 'Object Repository/secondhand-web/Login/Input_email' to value 'nurasiyah727@gmail.com'

2023-07-24 21:19:19 - [MESSAGE][PASSED] - Text 'nurasiyah727@gmail.com' is set on object 'Object Repository/secondhand-web/Login/Input_email'

2023-07-24 21:19:19 - [TEST_STEP][PASSED] - takeScreenshot(): Taking screenshot successfully

2023-07-24 21:19:19 - [MESSAGE][INFO] - Smart Wait Function is triggered

2023-07-24 21:19:21 - [MESSAGE][PASSED] - Taking screenshot successfully
[[ATTACHMENT|C:\\Users\\User\\SQA-Wave9-Kelompok2\\Reports\\20230724_211848\\secondhand-web\\Feature Notification\\20230724_211849\\1690208360159.png]]

2023-07-24 21:19:21 - [MESSAGE][PASSED] - Call Test Case 'Test Cases/secondhand-web/Pages/User Login/Input Email' successfully

2023-07-24 21:19:21 - [TEST_STEP][PASSED] - callTestCase(findTestCase("secondhand-web/Pages/User Login/Input Password"), ["password":PasswordAsiyah], STOP_ON_FAILURE): Call Test Case 'Test Cases/secondhand-web/Pages/User Login/Input Password' successfully

2023-07-24 21:19:21 - [MESSAGE][INFO] - Checking called Test Case

2023-07-24 21:19:21 - [MESSAGE][INFO] - Starting to call Test Case 'Test Cases/secondhand-web/Pages/User Login/Input Password'

2023-07-24 21:19:21 - [TEST_CASE][PASSED] - Test Cases/secondhand-web/Pages/User Login/Input Password: Test Cases/secondhand-web/Pages/User Login/Input Password

2023-07-24 21:19:22 - [TEST_STEP][PASSED] - waitForElementVisible(findTestObject("secondhand-web/Login/Input_password"), 3): Object 'Object Repository/secondhand-web/Login/Input_password' is visible

2023-07-24 21:19:22 - [MESSAGE][INFO] - Finding Test Object 'Object Repository/secondhand-web/Login/Input_password'

2023-07-24 21:19:22 - [MESSAGE][INFO] - Checking object

2023-07-24 21:19:22 - [MESSAGE][INFO] - Checking timeout

2023-07-24 21:19:22 - [MESSAGE][INFO] - Finding web element from Test Object's properties

2023-07-24 21:19:22 - [MESSAGE][INFO] - Checking timeout

2023-07-24 21:19:22 - [MESSAGE][INFO] - Finding web element with id: 'Object Repository/secondhand-web/Login/Input_password' located by 'By.xpath: //input[@id='user_password']' in '3' second(s)

2023-07-24 21:19:22 - [MESSAGE][INFO] - Smart Wait Function is triggered

2023-07-24 21:19:23 - [MESSAGE][INFO] - Found 1 web elements with id: 'Object Repository/secondhand-web/Login/Input_password' located by 'By.xpath: //input[@id='user_password']' in '3' second(s)

2023-07-24 21:19:23 - [MESSAGE][PASSED] - Object 'Object Repository/secondhand-web/Login/Input_password' is visible

2023-07-24 21:19:23 - [TEST_STEP][PASSED] - setText(findTestObject("secondhand-web/Login/Input_password"), password): Text 'pass.123' is set on object 'Object Repository/secondhand-web/Login/Input_password'

2023-07-24 21:19:23 - [MESSAGE][INFO] - Finding Test Object 'Object Repository/secondhand-web/Login/Input_password'

2023-07-24 21:19:23 - [MESSAGE][INFO] - Checking object

2023-07-24 21:19:23 - [MESSAGE][INFO] - Checking text

2023-07-24 21:19:23 - [MESSAGE][INFO] - Finding web element from Test Object's properties

2023-07-24 21:19:23 - [MESSAGE][INFO] - Checking timeout

2023-07-24 21:19:23 - [MESSAGE][INFO] - Finding web element with id: 'Object Repository/secondhand-web/Login/Input_password' located by 'By.xpath: //input[@id='user_password']' in '30' second(s)

2023-07-24 21:19:23 - [MESSAGE][INFO] - Smart Wait Function is triggered

2023-07-24 21:19:23 - [MESSAGE][INFO] - Found 1 web elements with id: 'Object Repository/secondhand-web/Login/Input_password' located by 'By.xpath: //input[@id='user_password']' in '30' second(s)

2023-07-24 21:19:23 - [MESSAGE][INFO] - Clearing text of object 'Object Repository/secondhand-web/Login/Input_password'

2023-07-24 21:19:23 - [MESSAGE][INFO] - Finding web element from Test Object's properties

2023-07-24 21:19:23 - [MESSAGE][INFO] - Checking timeout

2023-07-24 21:19:23 - [MESSAGE][INFO] - Finding web element with id: 'Object Repository/secondhand-web/Login/Input_password' located by 'By.xpath: //input[@id='user_password']' in '30' second(s)

2023-07-24 21:19:23 - [MESSAGE][INFO] - Smart Wait Function is triggered

2023-07-24 21:19:24 - [MESSAGE][INFO] - Found 1 web elements with id: 'Object Repository/secondhand-web/Login/Input_password' located by 'By.xpath: //input[@id='user_password']' in '30' second(s)

2023-07-24 21:19:24 - [MESSAGE][INFO] - Setting text of object 'Object Repository/secondhand-web/Login/Input_password' to value 'pass.123'

2023-07-24 21:19:24 - [MESSAGE][PASSED] - Text 'pass.123' is set on object 'Object Repository/secondhand-web/Login/Input_password'

2023-07-24 21:19:24 - [TEST_STEP][PASSED] - takeScreenshot(): Taking screenshot successfully

2023-07-24 21:19:24 - [MESSAGE][INFO] - Smart Wait Function is triggered

2023-07-24 21:19:25 - [MESSAGE][PASSED] - Taking screenshot successfully
[[ATTACHMENT|C:\\Users\\User\\SQA-Wave9-Kelompok2\\Reports\\20230724_211848\\secondhand-web\\Feature Notification\\20230724_211849\\1690208364481.png]]

2023-07-24 21:19:25 - [MESSAGE][PASSED] - Call Test Case 'Test Cases/secondhand-web/Pages/User Login/Input Password' successfully

2023-07-24 21:19:25 - [TEST_STEP][PASSED] - callTestCase(findTestCase("secondhand-web/Pages/User Login/Button Masuk"), [:], STOP_ON_FAILURE): Call Test Case 'Test Cases/secondhand-web/Pages/User Login/Button Masuk' successfully

2023-07-24 21:19:25 - [MESSAGE][INFO] - Checking called Test Case

2023-07-24 21:19:25 - [MESSAGE][INFO] - Starting to call Test Case 'Test Cases/secondhand-web/Pages/User Login/Button Masuk'

2023-07-24 21:19:25 - [TEST_CASE][PASSED] - Test Cases/secondhand-web/Pages/User Login/Button Masuk: Test Cases/secondhand-web/Pages/User Login/Button Masuk

2023-07-24 21:19:26 - [TEST_STEP][PASSED] - verifyElementVisible(findTestObject("secondhand-web/Login/Button Masuk"), STOP_ON_FAILURE): Object 'Object Repository/secondhand-web/Login/Button Masuk' is visible

2023-07-24 21:19:26 - [MESSAGE][INFO] - Finding Test Object 'Object Repository/secondhand-web/Login/Button Masuk'

2023-07-24 21:19:26 - [MESSAGE][INFO] - Checking object

2023-07-24 21:19:26 - [MESSAGE][INFO] - Finding web element from Test Object's properties

2023-07-24 21:19:26 - [MESSAGE][INFO] - Checking timeout

2023-07-24 21:19:26 - [MESSAGE][INFO] - Finding web element with id: 'Object Repository/secondhand-web/Login/Button Masuk' located by 'By.xpath: //input[@name='commit']' in '30' second(s)

2023-07-24 21:19:26 - [MESSAGE][INFO] - Smart Wait Function is triggered

2023-07-24 21:19:27 - [MESSAGE][INFO] - Found 1 web elements with id: 'Object Repository/secondhand-web/Login/Button Masuk' located by 'By.xpath: //input[@name='commit']' in '30' second(s)

2023-07-24 21:19:27 - [MESSAGE][PASSED] - Object 'Object Repository/secondhand-web/Login/Button Masuk' is visible

2023-07-24 21:19:27 - [TEST_STEP][PASSED] - click(findTestObject("secondhand-web/Login/Button Masuk")): Object: 'Object Repository/secondhand-web/Login/Button Masuk' is clicked on

2023-07-24 21:19:27 - [MESSAGE][INFO] - Finding Test Object 'Object Repository/secondhand-web/Login/Button Masuk'

2023-07-24 21:19:27 - [MESSAGE][INFO] - Checking object

2023-07-24 21:19:27 - [MESSAGE][INFO] - Checking timeout

2023-07-24 21:19:27 - [MESSAGE][INFO] - Finding web element from Test Object's properties

2023-07-24 21:19:27 - [MESSAGE][INFO] - Checking timeout

2023-07-24 21:19:27 - [MESSAGE][INFO] - Finding web element with id: 'Object Repository/secondhand-web/Login/Button Masuk' located by 'By.xpath: //input[@name='commit']' in '30' second(s)

2023-07-24 21:19:27 - [MESSAGE][INFO] - Smart Wait Function is triggered

2023-07-24 21:19:27 - [MESSAGE][INFO] - Found 1 web elements with id: 'Object Repository/secondhand-web/Login/Button Masuk' located by 'By.xpath: //input[@name='commit']' in '30' second(s)

2023-07-24 21:19:27 - [MESSAGE][INFO] - Clicking on object: 'Object Repository/secondhand-web/Login/Button Masuk'

2023-07-24 21:19:27 - [MESSAGE][PASSED] - Object: 'Object Repository/secondhand-web/Login/Button Masuk' is clicked on

2023-07-24 21:19:27 - [MESSAGE][PASSED] - Call Test Case 'Test Cases/secondhand-web/Pages/User Login/Button Masuk' successfully

2023-07-24 21:19:27 - [TEST_STEP][PASSED] - callTestCase(findTestCase("secondhand-web/Pages/Notification/Notification Icon"), [:], STOP_ON_FAILURE): Call Test Case 'Test Cases/secondhand-web/Pages/Notification/Notification Icon' successfully

2023-07-24 21:19:27 - [MESSAGE][INFO] - Checking called Test Case

2023-07-24 21:19:27 - [MESSAGE][INFO] - Starting to call Test Case 'Test Cases/secondhand-web/Pages/Notification/Notification Icon'

2023-07-24 21:19:27 - [TEST_CASE][PASSED] - Test Cases/secondhand-web/Pages/Notification/Notification Icon: Test Cases/secondhand-web/Pages/Notification/Notification Icon

2023-07-24 21:19:28 - [TEST_STEP][PASSED] - verifyElementVisible(findTestObject("secondhand-web/Notification/Notification Icon"), STOP_ON_FAILURE): Object 'Object Repository/secondhand-web/Notification/Notification Icon' is visible

2023-07-24 21:19:28 - [MESSAGE][INFO] - Finding Test Object 'Object Repository/secondhand-web/Notification/Notification Icon'

2023-07-24 21:19:29 - [MESSAGE][INFO] - Checking object

2023-07-24 21:19:29 - [MESSAGE][INFO] - Finding web element from Test Object's properties

2023-07-24 21:19:29 - [MESSAGE][INFO] - Checking timeout

2023-07-24 21:19:29 - [MESSAGE][INFO] - Finding web element with id: 'Object Repository/secondhand-web/Notification/Notification Icon' located by 'By.xpath: //div[@id='navbarSupportedContent']/div/ul/li[3]/a/i' in '30' second(s)

2023-07-24 21:19:29 - [MESSAGE][INFO] - Smart Wait Function is triggered

2023-07-24 21:19:29 - [MESSAGE][INFO] - Found 1 web elements with id: 'Object Repository/secondhand-web/Notification/Notification Icon' located by 'By.xpath: //div[@id='navbarSupportedContent']/div/ul/li[3]/a/i' in '30' second(s)

2023-07-24 21:19:29 - [MESSAGE][PASSED] - Object 'Object Repository/secondhand-web/Notification/Notification Icon' is visible

2023-07-24 21:19:29 - [TEST_STEP][PASSED] - click(findTestObject("secondhand-web/Notification/Notification Icon")): Object: 'Object Repository/secondhand-web/Notification/Notification Icon' is clicked on

2023-07-24 21:19:29 - [MESSAGE][INFO] - Finding Test Object 'Object Repository/secondhand-web/Notification/Notification Icon'

2023-07-24 21:19:29 - [MESSAGE][INFO] - Checking object

2023-07-24 21:19:29 - [MESSAGE][INFO] - Checking timeout

2023-07-24 21:19:29 - [MESSAGE][INFO] - Finding web element from Test Object's properties

2023-07-24 21:19:29 - [MESSAGE][INFO] - Checking timeout

2023-07-24 21:19:29 - [MESSAGE][INFO] - Finding web element with id: 'Object Repository/secondhand-web/Notification/Notification Icon' located by 'By.xpath: //div[@id='navbarSupportedContent']/div/ul/li[3]/a/i' in '30' second(s)

2023-07-24 21:19:29 - [MESSAGE][INFO] - Smart Wait Function is triggered

2023-07-24 21:19:30 - [MESSAGE][INFO] - Found 1 web elements with id: 'Object Repository/secondhand-web/Notification/Notification Icon' located by 'By.xpath: //div[@id='navbarSupportedContent']/div/ul/li[3]/a/i' in '30' second(s)

2023-07-24 21:19:30 - [MESSAGE][INFO] - Clicking on object: 'Object Repository/secondhand-web/Notification/Notification Icon'

2023-07-24 21:19:30 - [MESSAGE][PASSED] - Object: 'Object Repository/secondhand-web/Notification/Notification Icon' is clicked on

2023-07-24 21:19:30 - [MESSAGE][PASSED] - Call Test Case 'Test Cases/secondhand-web/Pages/Notification/Notification Icon' successfully

2023-07-24 21:19:30 - [TEST_STEP][PASSED] - callTestCase(findTestCase("secondhand-web/Pages/Notification/Notification Message"), [:], STOP_ON_FAILURE): Call Test Case 'Test Cases/secondhand-web/Pages/Notification/Notification Message' successfully

2023-07-24 21:19:30 - [MESSAGE][INFO] - Checking called Test Case

2023-07-24 21:19:30 - [MESSAGE][INFO] - Starting to call Test Case 'Test Cases/secondhand-web/Pages/Notification/Notification Message'

2023-07-24 21:19:30 - [TEST_CASE][PASSED] - Test Cases/secondhand-web/Pages/Notification/Notification Message: Test Cases/secondhand-web/Pages/Notification/Notification Message

2023-07-24 21:19:31 - [TEST_STEP][PASSED] - verifyElementVisible(findTestObject("secondhand-web/Notification/Notification Message"), STOP_ON_FAILURE): Object 'Object Repository/secondhand-web/Notification/Notification Message' is visible

2023-07-24 21:19:31 - [MESSAGE][INFO] - Finding Test Object 'Object Repository/secondhand-web/Notification/Notification Message'

2023-07-24 21:19:31 - [MESSAGE][INFO] - Checking object

2023-07-24 21:19:31 - [MESSAGE][INFO] - Finding web element from Test Object's properties

2023-07-24 21:19:31 - [MESSAGE][INFO] - Checking timeout

2023-07-24 21:19:31 - [MESSAGE][INFO] - Finding web element with id: 'Object Repository/secondhand-web/Notification/Notification Message' located by 'By.xpath: //div[@id='navbarSupportedContent']/div/ul/li[3]/ul/li/a/div/div[2]' in '30' second(s)

2023-07-24 21:19:31 - [MESSAGE][INFO] - Smart Wait Function is triggered

2023-07-24 21:19:32 - [MESSAGE][INFO] - Found 9 web elements with id: 'Object Repository/secondhand-web/Notification/Notification Message' located by 'By.xpath: //div[@id='navbarSupportedContent']/div/ul/li[3]/ul/li/a/div/div[2]' in '30' second(s)

2023-07-24 21:19:32 - [MESSAGE][PASSED] - Object 'Object Repository/secondhand-web/Notification/Notification Message' is visible

2023-07-24 21:19:32 - [TEST_STEP][PASSED] - click(findTestObject("secondhand-web/Notification/Notification Message")): Object: 'Object Repository/secondhand-web/Notification/Notification Message' is clicked on

2023-07-24 21:19:32 - [MESSAGE][INFO] - Finding Test Object 'Object Repository/secondhand-web/Notification/Notification Message'

2023-07-24 21:19:32 - [MESSAGE][INFO] - Checking object

2023-07-24 21:19:32 - [MESSAGE][INFO] - Checking timeout

2023-07-24 21:19:32 - [MESSAGE][INFO] - Finding web element from Test Object's properties

2023-07-24 21:19:32 - [MESSAGE][INFO] - Checking timeout

2023-07-24 21:19:32 - [MESSAGE][INFO] - Finding web element with id: 'Object Repository/secondhand-web/Notification/Notification Message' located by 'By.xpath: //div[@id='navbarSupportedContent']/div/ul/li[3]/ul/li/a/div/div[2]' in '30' second(s)

2023-07-24 21:19:32 - [MESSAGE][INFO] - Smart Wait Function is triggered

2023-07-24 21:19:32 - [MESSAGE][INFO] - Found 9 web elements with id: 'Object Repository/secondhand-web/Notification/Notification Message' located by 'By.xpath: //div[@id='navbarSupportedContent']/div/ul/li[3]/ul/li/a/div/div[2]' in '30' second(s)

2023-07-24 21:19:32 - [MESSAGE][INFO] - Clicking on object: 'Object Repository/secondhand-web/Notification/Notification Message'

2023-07-24 21:19:32 - [MESSAGE][PASSED] - Object: 'Object Repository/secondhand-web/Notification/Notification Message' is clicked on

2023-07-24 21:19:32 - [MESSAGE][PASSED] - Call Test Case 'Test Cases/secondhand-web/Pages/Notification/Notification Message' successfully

2023-07-24 21:19:32 - [TEST_STEP][PASSED] - callTestCase(findTestCase("secondhand-web/Pages/Notification/Detail Notification"), [:], STOP_ON_FAILURE): Call Test Case 'Test Cases/secondhand-web/Pages/Notification/Detail Notification' successfully

2023-07-24 21:19:32 - [MESSAGE][INFO] - Checking called Test Case

2023-07-24 21:19:32 - [MESSAGE][INFO] - Starting to call Test Case 'Test Cases/secondhand-web/Pages/Notification/Detail Notification'

2023-07-24 21:19:33 - [TEST_CASE][PASSED] - Test Cases/secondhand-web/Pages/Notification/Detail Notification: Test Cases/secondhand-web/Pages/Notification/Detail Notification

2023-07-24 21:19:34 - [TEST_STEP][PASSED] - verifyElementVisible(findTestObject("secondhand-web/Notification/Detail Notification"), STOP_ON_FAILURE): Object 'Object Repository/secondhand-web/Notification/Detail Notification' is visible

2023-07-24 21:19:34 - [MESSAGE][INFO] - Finding Test Object 'Object Repository/secondhand-web/Notification/Detail Notification'

2023-07-24 21:19:34 - [MESSAGE][INFO] - Checking object

2023-07-24 21:19:34 - [MESSAGE][INFO] - Finding web element from Test Object's properties

2023-07-24 21:19:34 - [MESSAGE][INFO] - Checking timeout

2023-07-24 21:19:34 - [MESSAGE][INFO] - Finding web element with id: 'Object Repository/secondhand-web/Notification/Detail Notification' located by 'By.xpath: (.//*[normalize-space(text()) and normalize-space(.)='Info Penawar'])[1]/following::section[2]' in '30' second(s)

2023-07-24 21:19:34 - [MESSAGE][INFO] - Smart Wait Function is triggered

2023-07-24 21:19:34 - [MESSAGE][INFO] - Found 1 web elements with id: 'Object Repository/secondhand-web/Notification/Detail Notification' located by 'By.xpath: (.//*[normalize-space(text()) and normalize-space(.)='Info Penawar'])[1]/following::section[2]' in '30' second(s)

2023-07-24 21:19:34 - [MESSAGE][PASSED] - Object 'Object Repository/secondhand-web/Notification/Detail Notification' is visible

2023-07-24 21:19:34 - [MESSAGE][PASSED] - Call Test Case 'Test Cases/secondhand-web/Pages/Notification/Detail Notification' successfully

2023-07-24 21:19:34 - [TEST_STEP][PASSED] - callTestCase(findTestCase("secondhand-web/Common/Close Web"), [:], STOP_ON_FAILURE): Call Test Case 'Test Cases/secondhand-web/Common/Close Web' successfully

2023-07-24 21:19:34 - [MESSAGE][INFO] - Checking called Test Case

2023-07-24 21:19:34 - [MESSAGE][INFO] - Starting to call Test Case 'Test Cases/secondhand-web/Common/Close Web'

2023-07-24 21:19:35 - [TEST_CASE][PASSED] - Test Cases/secondhand-web/Common/Close Web: Test Cases/secondhand-web/Common/Close Web

2023-07-24 21:19:36 - [TEST_STEP][PASSED] - closeBrowser(): Browser is closed

2023-07-24 21:19:36 - [MESSAGE][INFO] - Closing browser

2023-07-24 21:19:37 - [MESSAGE][PASSED] - Browser is closed

2023-07-24 21:19:37 - [MESSAGE][PASSED] - Call Test Case 'Test Cases/secondhand-web/Common/Close Web' successfully]]></system-out>
         <system-err><![CDATA[]]></system-err>
      </testcase>
      <testcase name="Test Cases/secondhand-web/Step Definition/Feature Notification/N002 - seller will receive a notification when there is a product price negotiation" time="18.241" classname="Test Cases/secondhand-web/Step Definition/Feature Notification/N002 - seller will receive a notification when there is a product price negotiation" status="PASSED">
         <system-out><![CDATA[2023-07-24 21:19:37 - [TEST_CASE][PASSED] - Test Cases/secondhand-web/Step Definition/Feature Notification/N002 - seller will receive a notification when there is a product price negotiation: Test Cases/secondhand-web/Step Definition/Feature Notification/N002 - seller will receive a notification when there is a product price negotiation

2023-07-24 21:19:37 - [TEST_STEP][PASSED] - callTestCase(findTestCase("secondhand-web/Common/Launch Web"), [:], STOP_ON_FAILURE): Call Test Case 'Test Cases/secondhand-web/Common/Launch Web' successfully

2023-07-24 21:19:37 - [MESSAGE][INFO] - Checking called Test Case

2023-07-24 21:19:37 - [MESSAGE][INFO] - Starting to call Test Case 'Test Cases/secondhand-web/Common/Launch Web'

2023-07-24 21:19:38 - [TEST_CASE][PASSED] - Test Cases/secondhand-web/Common/Launch Web: Test Cases/secondhand-web/Common/Launch Web

2023-07-24 21:19:38 - [TEST_STEP][PASSED] - openBrowser(""): Browser is opened with url: ''

2023-07-24 21:19:38 - [MESSAGE][INFO] - Opening browser

2023-07-24 21:19:38 - [MESSAGE][INFO] - Starting 'Chrome' driver

2023-07-24 21:19:38 - [MESSAGE][INFO] - Action delay is set to 0 milliseconds

2023-07-24 21:19:41 - [MESSAGE][PASSED] - Browser is opened with url: ''

2023-07-24 21:19:41 - [TEST_STEP][PASSED] - maximizeWindow(): Current window maximized

2023-07-24 21:19:41 - [MESSAGE][INFO] - Maximizing current window

2023-07-24 21:19:41 - [MESSAGE][PASSED] - Current window maximized

2023-07-24 21:19:41 - [MESSAGE][PASSED] - Call Test Case 'Test Cases/secondhand-web/Common/Launch Web' successfully

2023-07-24 21:19:41 - [TEST_STEP][PASSED] - callTestCase(findTestCase("secondhand-web/Common/Navigate To Web"), [:], STOP_ON_FAILURE): Call Test Case 'Test Cases/secondhand-web/Common/Navigate To Web' successfully

2023-07-24 21:19:41 - [MESSAGE][INFO] - Checking called Test Case

2023-07-24 21:19:41 - [MESSAGE][INFO] - Starting to call Test Case 'Test Cases/secondhand-web/Common/Navigate To Web'

2023-07-24 21:19:41 - [TEST_CASE][PASSED] - Test Cases/secondhand-web/Common/Navigate To Web: Test Cases/secondhand-web/Common/Navigate To Web

2023-07-24 21:19:41 - [TEST_STEP][PASSED] - navigateToUrl(baseUrl): Navigate to 'https://secondhand.binaracademy.org/' successfully

2023-07-24 21:19:41 - [MESSAGE][INFO] - Checking url

2023-07-24 21:19:41 - [MESSAGE][INFO] - Navigating to 'https://secondhand.binaracademy.org/'

2023-07-24 21:19:43 - [MESSAGE][PASSED] - Navigate to 'https://secondhand.binaracademy.org/' successfully

2023-07-24 21:19:43 - [MESSAGE][PASSED] - Call Test Case 'Test Cases/secondhand-web/Common/Navigate To Web' successfully

2023-07-24 21:19:43 - [TEST_STEP][PASSED] - callTestCase(findTestCase("secondhand-web/Pages/User Login/Click Button Masuk"), [:], STOP_ON_FAILURE): Call Test Case 'Test Cases/secondhand-web/Pages/User Login/Click Button Masuk' successfully

2023-07-24 21:19:43 - [MESSAGE][INFO] - Checking called Test Case

2023-07-24 21:19:43 - [MESSAGE][INFO] - Starting to call Test Case 'Test Cases/secondhand-web/Pages/User Login/Click Button Masuk'

2023-07-24 21:19:43 - [TEST_CASE][PASSED] - Test Cases/secondhand-web/Pages/User Login/Click Button Masuk: Test Cases/secondhand-web/Pages/User Login/Click Button Masuk

2023-07-24 21:19:43 - [TEST_STEP][PASSED] - verifyElementVisible(findTestObject("secondhand-web/Login/Click Button Masuk"), STOP_ON_FAILURE): Object 'Object Repository/secondhand-web/Login/Click Button Masuk' is visible

2023-07-24 21:19:43 - [MESSAGE][INFO] - Finding Test Object 'Object Repository/secondhand-web/Login/Click Button Masuk'

2023-07-24 21:19:43 - [MESSAGE][INFO] - Checking object

2023-07-24 21:19:43 - [MESSAGE][INFO] - Finding web element from Test Object's properties

2023-07-24 21:19:43 - [MESSAGE][INFO] - Checking timeout

2023-07-24 21:19:43 - [MESSAGE][INFO] - Finding web element with id: 'Object Repository/secondhand-web/Login/Click Button Masuk' located by 'By.xpath: //div[@id='navbarSupportedContent']/div/a' in '30' second(s)

2023-07-24 21:19:43 - [MESSAGE][INFO] - Smart Wait Function is triggered

2023-07-24 21:19:44 - [MESSAGE][INFO] - Found 1 web elements with id: 'Object Repository/secondhand-web/Login/Click Button Masuk' located by 'By.xpath: //div[@id='navbarSupportedContent']/div/a' in '30' second(s)

2023-07-24 21:19:44 - [MESSAGE][PASSED] - Object 'Object Repository/secondhand-web/Login/Click Button Masuk' is visible

2023-07-24 21:19:44 - [TEST_STEP][PASSED] - click(findTestObject("secondhand-web/Login/Click Button Masuk")): Object: 'Object Repository/secondhand-web/Login/Click Button Masuk' is clicked on

2023-07-24 21:19:44 - [MESSAGE][INFO] - Finding Test Object 'Object Repository/secondhand-web/Login/Click Button Masuk'

2023-07-24 21:19:44 - [MESSAGE][INFO] - Checking object

2023-07-24 21:19:44 - [MESSAGE][INFO] - Checking timeout

2023-07-24 21:19:44 - [MESSAGE][INFO] - Finding web element from Test Object's properties

2023-07-24 21:19:44 - [MESSAGE][INFO] - Checking timeout

2023-07-24 21:19:44 - [MESSAGE][INFO] - Finding web element with id: 'Object Repository/secondhand-web/Login/Click Button Masuk' located by 'By.xpath: //div[@id='navbarSupportedContent']/div/a' in '30' second(s)

2023-07-24 21:19:44 - [MESSAGE][INFO] - Smart Wait Function is triggered

2023-07-24 21:19:44 - [MESSAGE][INFO] - Found 1 web elements with id: 'Object Repository/secondhand-web/Login/Click Button Masuk' located by 'By.xpath: //div[@id='navbarSupportedContent']/div/a' in '30' second(s)

2023-07-24 21:19:44 - [MESSAGE][INFO] - Clicking on object: 'Object Repository/secondhand-web/Login/Click Button Masuk'

2023-07-24 21:19:44 - [MESSAGE][PASSED] - Object: 'Object Repository/secondhand-web/Login/Click Button Masuk' is clicked on

2023-07-24 21:19:44 - [MESSAGE][PASSED] - Call Test Case 'Test Cases/secondhand-web/Pages/User Login/Click Button Masuk' successfully

2023-07-24 21:19:44 - [TEST_STEP][PASSED] - callTestCase(findTestCase("secondhand-web/Pages/User Login/Input Email"), ["email":EmailAsiyah], STOP_ON_FAILURE): Call Test Case 'Test Cases/secondhand-web/Pages/User Login/Input Email' successfully

2023-07-24 21:19:44 - [MESSAGE][INFO] - Checking called Test Case

2023-07-24 21:19:44 - [MESSAGE][INFO] - Starting to call Test Case 'Test Cases/secondhand-web/Pages/User Login/Input Email'

2023-07-24 21:19:44 - [TEST_CASE][PASSED] - Test Cases/secondhand-web/Pages/User Login/Input Email: Test Cases/secondhand-web/Pages/User Login/Input Email

2023-07-24 21:19:44 - [TEST_STEP][PASSED] - waitForElementVisible(findTestObject("secondhand-web/Login/Input_email"), 3): Object 'Object Repository/secondhand-web/Login/Input_email' is visible

2023-07-24 21:19:44 - [MESSAGE][INFO] - Finding Test Object 'Object Repository/secondhand-web/Login/Input_email'

2023-07-24 21:19:45 - [MESSAGE][INFO] - Checking object

2023-07-24 21:19:45 - [MESSAGE][INFO] - Checking timeout

2023-07-24 21:19:45 - [MESSAGE][INFO] - Finding web element from Test Object's properties

2023-07-24 21:19:45 - [MESSAGE][INFO] - Checking timeout

2023-07-24 21:19:45 - [MESSAGE][INFO] - Finding web element with id: 'Object Repository/secondhand-web/Login/Input_email' located by 'By.xpath: //input[@id='user_email']' in '3' second(s)

2023-07-24 21:19:45 - [MESSAGE][INFO] - Smart Wait Function is triggered

2023-07-24 21:19:45 - [MESSAGE][INFO] - Found 1 web elements with id: 'Object Repository/secondhand-web/Login/Input_email' located by 'By.xpath: //input[@id='user_email']' in '3' second(s)

2023-07-24 21:19:45 - [MESSAGE][PASSED] - Object 'Object Repository/secondhand-web/Login/Input_email' is visible

2023-07-24 21:19:45 - [TEST_STEP][PASSED] - setText(findTestObject("secondhand-web/Login/Input_email"), email): Text 'nurasiyah727@gmail.com' is set on object 'Object Repository/secondhand-web/Login/Input_email'

2023-07-24 21:19:45 - [MESSAGE][INFO] - Finding Test Object 'Object Repository/secondhand-web/Login/Input_email'

2023-07-24 21:19:45 - [MESSAGE][INFO] - Checking object

2023-07-24 21:19:45 - [MESSAGE][INFO] - Checking text

2023-07-24 21:19:45 - [MESSAGE][INFO] - Finding web element from Test Object's properties

2023-07-24 21:19:45 - [MESSAGE][INFO] - Checking timeout

2023-07-24 21:19:45 - [MESSAGE][INFO] - Finding web element with id: 'Object Repository/secondhand-web/Login/Input_email' located by 'By.xpath: //input[@id='user_email']' in '30' second(s)

2023-07-24 21:19:45 - [MESSAGE][INFO] - Smart Wait Function is triggered

2023-07-24 21:19:45 - [MESSAGE][INFO] - Found 1 web elements with id: 'Object Repository/secondhand-web/Login/Input_email' located by 'By.xpath: //input[@id='user_email']' in '30' second(s)

2023-07-24 21:19:45 - [MESSAGE][INFO] - Clearing text of object 'Object Repository/secondhand-web/Login/Input_email'

2023-07-24 21:19:45 - [MESSAGE][INFO] - Finding web element from Test Object's properties

2023-07-24 21:19:45 - [MESSAGE][INFO] - Checking timeout

2023-07-24 21:19:45 - [MESSAGE][INFO] - Finding web element with id: 'Object Repository/secondhand-web/Login/Input_email' located by 'By.xpath: //input[@id='user_email']' in '30' second(s)

2023-07-24 21:19:45 - [MESSAGE][INFO] - Smart Wait Function is triggered

2023-07-24 21:19:46 - [MESSAGE][INFO] - Found 1 web elements with id: 'Object Repository/secondhand-web/Login/Input_email' located by 'By.xpath: //input[@id='user_email']' in '30' second(s)

2023-07-24 21:19:46 - [MESSAGE][INFO] - Setting text of object 'Object Repository/secondhand-web/Login/Input_email' to value 'nurasiyah727@gmail.com'

2023-07-24 21:19:46 - [MESSAGE][PASSED] - Text 'nurasiyah727@gmail.com' is set on object 'Object Repository/secondhand-web/Login/Input_email'

2023-07-24 21:19:46 - [TEST_STEP][PASSED] - takeScreenshot(): Taking screenshot successfully

2023-07-24 21:19:46 - [MESSAGE][INFO] - Smart Wait Function is triggered

2023-07-24 21:19:47 - [MESSAGE][PASSED] - Taking screenshot successfully
[[ATTACHMENT|C:\\Users\\User\\SQA-Wave9-Kelompok2\\Reports\\20230724_211848\\secondhand-web\\Feature Notification\\20230724_211849\\1690208386476.png]]

2023-07-24 21:19:47 - [MESSAGE][PASSED] - Call Test Case 'Test Cases/secondhand-web/Pages/User Login/Input Email' successfully

2023-07-24 21:19:47 - [TEST_STEP][PASSED] - callTestCase(findTestCase("secondhand-web/Pages/User Login/Input Password"), ["password":PasswordAsiyah], STOP_ON_FAILURE): Call Test Case 'Test Cases/secondhand-web/Pages/User Login/Input Password' successfully

2023-07-24 21:19:47 - [MESSAGE][INFO] - Checking called Test Case

2023-07-24 21:19:47 - [MESSAGE][INFO] - Starting to call Test Case 'Test Cases/secondhand-web/Pages/User Login/Input Password'

2023-07-24 21:19:47 - [TEST_CASE][PASSED] - Test Cases/secondhand-web/Pages/User Login/Input Password: Test Cases/secondhand-web/Pages/User Login/Input Password

2023-07-24 21:19:47 - [TEST_STEP][PASSED] - waitForElementVisible(findTestObject("secondhand-web/Login/Input_password"), 3): Object 'Object Repository/secondhand-web/Login/Input_password' is visible

2023-07-24 21:19:47 - [MESSAGE][INFO] - Finding Test Object 'Object Repository/secondhand-web/Login/Input_password'

2023-07-24 21:19:47 - [MESSAGE][INFO] - Checking object

2023-07-24 21:19:47 - [MESSAGE][INFO] - Checking timeout

2023-07-24 21:19:47 - [MESSAGE][INFO] - Finding web element from Test Object's properties

2023-07-24 21:19:47 - [MESSAGE][INFO] - Checking timeout

2023-07-24 21:19:47 - [MESSAGE][INFO] - Finding web element with id: 'Object Repository/secondhand-web/Login/Input_password' located by 'By.xpath: //input[@id='user_password']' in '3' second(s)

2023-07-24 21:19:47 - [MESSAGE][INFO] - Smart Wait Function is triggered

2023-07-24 21:19:47 - [MESSAGE][INFO] - Found 1 web elements with id: 'Object Repository/secondhand-web/Login/Input_password' located by 'By.xpath: //input[@id='user_password']' in '3' second(s)

2023-07-24 21:19:47 - [MESSAGE][PASSED] - Object 'Object Repository/secondhand-web/Login/Input_password' is visible

2023-07-24 21:19:47 - [TEST_STEP][PASSED] - setText(findTestObject("secondhand-web/Login/Input_password"), password): Text 'pass.123' is set on object 'Object Repository/secondhand-web/Login/Input_password'

2023-07-24 21:19:47 - [MESSAGE][INFO] - Finding Test Object 'Object Repository/secondhand-web/Login/Input_password'

2023-07-24 21:19:47 - [MESSAGE][INFO] - Checking object

2023-07-24 21:19:47 - [MESSAGE][INFO] - Checking text

2023-07-24 21:19:47 - [MESSAGE][INFO] - Finding web element from Test Object's properties

2023-07-24 21:19:47 - [MESSAGE][INFO] - Checking timeout

2023-07-24 21:19:47 - [MESSAGE][INFO] - Finding web element with id: 'Object Repository/secondhand-web/Login/Input_password' located by 'By.xpath: //input[@id='user_password']' in '30' second(s)

2023-07-24 21:19:47 - [MESSAGE][INFO] - Smart Wait Function is triggered

2023-07-24 21:19:48 - [MESSAGE][INFO] - Found 1 web elements with id: 'Object Repository/secondhand-web/Login/Input_password' located by 'By.xpath: //input[@id='user_password']' in '30' second(s)

2023-07-24 21:19:48 - [MESSAGE][INFO] - Clearing text of object 'Object Repository/secondhand-web/Login/Input_password'

2023-07-24 21:19:48 - [MESSAGE][INFO] - Finding web element from Test Object's properties

2023-07-24 21:19:48 - [MESSAGE][INFO] - Checking timeout

2023-07-24 21:19:48 - [MESSAGE][INFO] - Finding web element with id: 'Object Repository/secondhand-web/Login/Input_password' located by 'By.xpath: //input[@id='user_password']' in '30' second(s)

2023-07-24 21:19:48 - [MESSAGE][INFO] - Smart Wait Function is triggered

2023-07-24 21:19:48 - [MESSAGE][INFO] - Found 1 web elements with id: 'Object Repository/secondhand-web/Login/Input_password' located by 'By.xpath: //input[@id='user_password']' in '30' second(s)

2023-07-24 21:19:48 - [MESSAGE][INFO] - Setting text of object 'Object Repository/secondhand-web/Login/Input_password' to value 'pass.123'

2023-07-24 21:19:48 - [MESSAGE][PASSED] - Text 'pass.123' is set on object 'Object Repository/secondhand-web/Login/Input_password'

2023-07-24 21:19:48 - [TEST_STEP][PASSED] - takeScreenshot(): Taking screenshot successfully

2023-07-24 21:19:48 - [MESSAGE][INFO] - Smart Wait Function is triggered

2023-07-24 21:19:49 - [MESSAGE][PASSED] - Taking screenshot successfully
[[ATTACHMENT|C:\\Users\\User\\SQA-Wave9-Kelompok2\\Reports\\20230724_211848\\secondhand-web\\Feature Notification\\20230724_211849\\1690208388689.png]]

2023-07-24 21:19:49 - [MESSAGE][PASSED] - Call Test Case 'Test Cases/secondhand-web/Pages/User Login/Input Password' successfully

2023-07-24 21:19:49 - [TEST_STEP][PASSED] - callTestCase(findTestCase("secondhand-web/Pages/User Login/Button Masuk"), [:], STOP_ON_FAILURE): Call Test Case 'Test Cases/secondhand-web/Pages/User Login/Button Masuk' successfully

2023-07-24 21:19:49 - [MESSAGE][INFO] - Checking called Test Case

2023-07-24 21:19:49 - [MESSAGE][INFO] - Starting to call Test Case 'Test Cases/secondhand-web/Pages/User Login/Button Masuk'

2023-07-24 21:19:49 - [TEST_CASE][PASSED] - Test Cases/secondhand-web/Pages/User Login/Button Masuk: Test Cases/secondhand-web/Pages/User Login/Button Masuk

2023-07-24 21:19:49 - [TEST_STEP][PASSED] - verifyElementVisible(findTestObject("secondhand-web/Login/Button Masuk"), STOP_ON_FAILURE): Object 'Object Repository/secondhand-web/Login/Button Masuk' is visible

2023-07-24 21:19:49 - [MESSAGE][INFO] - Finding Test Object 'Object Repository/secondhand-web/Login/Button Masuk'

2023-07-24 21:19:49 - [MESSAGE][INFO] - Checking object

2023-07-24 21:19:49 - [MESSAGE][INFO] - Finding web element from Test Object's properties

2023-07-24 21:19:49 - [MESSAGE][INFO] - Checking timeout

2023-07-24 21:19:49 - [MESSAGE][INFO] - Finding web element with id: 'Object Repository/secondhand-web/Login/Button Masuk' located by 'By.xpath: //input[@name='commit']' in '30' second(s)

2023-07-24 21:19:49 - [MESSAGE][INFO] - Smart Wait Function is triggered

2023-07-24 21:19:50 - [MESSAGE][INFO] - Found 1 web elements with id: 'Object Repository/secondhand-web/Login/Button Masuk' located by 'By.xpath: //input[@name='commit']' in '30' second(s)

2023-07-24 21:19:50 - [MESSAGE][PASSED] - Object 'Object Repository/secondhand-web/Login/Button Masuk' is visible

2023-07-24 21:19:50 - [TEST_STEP][PASSED] - click(findTestObject("secondhand-web/Login/Button Masuk")): Object: 'Object Repository/secondhand-web/Login/Button Masuk' is clicked on

2023-07-24 21:19:50 - [MESSAGE][INFO] - Finding Test Object 'Object Repository/secondhand-web/Login/Button Masuk'

2023-07-24 21:19:50 - [MESSAGE][INFO] - Checking object

2023-07-24 21:19:50 - [MESSAGE][INFO] - Checking timeout

2023-07-24 21:19:50 - [MESSAGE][INFO] - Finding web element from Test Object's properties

2023-07-24 21:19:50 - [MESSAGE][INFO] - Checking timeout

2023-07-24 21:19:50 - [MESSAGE][INFO] - Finding web element with id: 'Object Repository/secondhand-web/Login/Button Masuk' located by 'By.xpath: //input[@name='commit']' in '30' second(s)

2023-07-24 21:19:50 - [MESSAGE][INFO] - Smart Wait Function is triggered

2023-07-24 21:19:50 - [MESSAGE][INFO] - Found 1 web elements with id: 'Object Repository/secondhand-web/Login/Button Masuk' located by 'By.xpath: //input[@name='commit']' in '30' second(s)

2023-07-24 21:19:50 - [MESSAGE][INFO] - Clicking on object: 'Object Repository/secondhand-web/Login/Button Masuk'

2023-07-24 21:19:50 - [MESSAGE][PASSED] - Object: 'Object Repository/secondhand-web/Login/Button Masuk' is clicked on

2023-07-24 21:19:50 - [MESSAGE][PASSED] - Call Test Case 'Test Cases/secondhand-web/Pages/User Login/Button Masuk' successfully

2023-07-24 21:19:50 - [TEST_STEP][PASSED] - callTestCase(findTestCase("secondhand-web/Pages/Notification/Notification Icon"), [:], STOP_ON_FAILURE): Call Test Case 'Test Cases/secondhand-web/Pages/Notification/Notification Icon' successfully

2023-07-24 21:19:50 - [MESSAGE][INFO] - Checking called Test Case

2023-07-24 21:19:50 - [MESSAGE][INFO] - Starting to call Test Case 'Test Cases/secondhand-web/Pages/Notification/Notification Icon'

2023-07-24 21:19:50 - [TEST_CASE][PASSED] - Test Cases/secondhand-web/Pages/Notification/Notification Icon: Test Cases/secondhand-web/Pages/Notification/Notification Icon

2023-07-24 21:19:50 - [TEST_STEP][PASSED] - verifyElementVisible(findTestObject("secondhand-web/Notification/Notification Icon"), STOP_ON_FAILURE): Object 'Object Repository/secondhand-web/Notification/Notification Icon' is visible

2023-07-24 21:19:50 - [MESSAGE][INFO] - Finding Test Object 'Object Repository/secondhand-web/Notification/Notification Icon'

2023-07-24 21:19:50 - [MESSAGE][INFO] - Checking object

2023-07-24 21:19:50 - [MESSAGE][INFO] - Finding web element from Test Object's properties

2023-07-24 21:19:50 - [MESSAGE][INFO] - Checking timeout

2023-07-24 21:19:50 - [MESSAGE][INFO] - Finding web element with id: 'Object Repository/secondhand-web/Notification/Notification Icon' located by 'By.xpath: //div[@id='navbarSupportedContent']/div/ul/li[3]/a/i' in '30' second(s)

2023-07-24 21:19:50 - [MESSAGE][INFO] - Smart Wait Function is triggered

2023-07-24 21:19:51 - [MESSAGE][INFO] - Found 1 web elements with id: 'Object Repository/secondhand-web/Notification/Notification Icon' located by 'By.xpath: //div[@id='navbarSupportedContent']/div/ul/li[3]/a/i' in '30' second(s)

2023-07-24 21:19:51 - [MESSAGE][PASSED] - Object 'Object Repository/secondhand-web/Notification/Notification Icon' is visible

2023-07-24 21:19:51 - [TEST_STEP][PASSED] - click(findTestObject("secondhand-web/Notification/Notification Icon")): Object: 'Object Repository/secondhand-web/Notification/Notification Icon' is clicked on

2023-07-24 21:19:51 - [MESSAGE][INFO] - Finding Test Object 'Object Repository/secondhand-web/Notification/Notification Icon'

2023-07-24 21:19:51 - [MESSAGE][INFO] - Checking object

2023-07-24 21:19:51 - [MESSAGE][INFO] - Checking timeout

2023-07-24 21:19:51 - [MESSAGE][INFO] - Finding web element from Test Object's properties

2023-07-24 21:19:51 - [MESSAGE][INFO] - Checking timeout

2023-07-24 21:19:51 - [MESSAGE][INFO] - Finding web element with id: 'Object Repository/secondhand-web/Notification/Notification Icon' located by 'By.xpath: //div[@id='navbarSupportedContent']/div/ul/li[3]/a/i' in '30' second(s)

2023-07-24 21:19:51 - [MESSAGE][INFO] - Smart Wait Function is triggered

2023-07-24 21:19:51 - [MESSAGE][INFO] - Found 1 web elements with id: 'Object Repository/secondhand-web/Notification/Notification Icon' located by 'By.xpath: //div[@id='navbarSupportedContent']/div/ul/li[3]/a/i' in '30' second(s)

2023-07-24 21:19:51 - [MESSAGE][INFO] - Clicking on object: 'Object Repository/secondhand-web/Notification/Notification Icon'

2023-07-24 21:19:51 - [MESSAGE][PASSED] - Object: 'Object Repository/secondhand-web/Notification/Notification Icon' is clicked on

2023-07-24 21:19:51 - [MESSAGE][PASSED] - Call Test Case 'Test Cases/secondhand-web/Pages/Notification/Notification Icon' successfully

2023-07-24 21:19:51 - [TEST_STEP][PASSED] - callTestCase(findTestCase("secondhand-web/Pages/Notification/Seller - Message Notification"), [:], STOP_ON_FAILURE): Call Test Case 'Test Cases/secondhand-web/Pages/Notification/Seller - Message Notification' successfully

2023-07-24 21:19:51 - [MESSAGE][INFO] - Checking called Test Case

2023-07-24 21:19:51 - [MESSAGE][INFO] - Starting to call Test Case 'Test Cases/secondhand-web/Pages/Notification/Seller - Message Notification'

2023-07-24 21:19:51 - [TEST_CASE][PASSED] - Test Cases/secondhand-web/Pages/Notification/Seller - Message Notification: Test Cases/secondhand-web/Pages/Notification/Seller - Message Notification

2023-07-24 21:19:52 - [TEST_STEP][PASSED] - verifyElementVisible(findTestObject("secondhand-web/Notification/Seller - Message Notification"), STOP_ON_FAILURE): Object 'Object Repository/secondhand-web/Notification/Seller - Message Notification' is visible

2023-07-24 21:19:52 - [MESSAGE][INFO] - Finding Test Object 'Object Repository/secondhand-web/Notification/Seller - Message Notification'

2023-07-24 21:19:52 - [MESSAGE][INFO] - Checking object

2023-07-24 21:19:52 - [MESSAGE][INFO] - Finding web element from Test Object's properties

2023-07-24 21:19:52 - [MESSAGE][INFO] - Checking timeout

2023-07-24 21:19:52 - [MESSAGE][INFO] - Finding web element with id: 'Object Repository/secondhand-web/Notification/Seller - Message Notification' located by 'By.xpath: //div[@id='navbarSupportedContent']/div/ul/li[3]/ul/li/a/div/div[2]' in '30' second(s)

2023-07-24 21:19:52 - [MESSAGE][INFO] - Smart Wait Function is triggered

2023-07-24 21:19:52 - [MESSAGE][INFO] - Found 9 web elements with id: 'Object Repository/secondhand-web/Notification/Seller - Message Notification' located by 'By.xpath: //div[@id='navbarSupportedContent']/div/ul/li[3]/ul/li/a/div/div[2]' in '30' second(s)

2023-07-24 21:19:52 - [MESSAGE][PASSED] - Object 'Object Repository/secondhand-web/Notification/Seller - Message Notification' is visible

2023-07-24 21:19:52 - [TEST_STEP][PASSED] - click(findTestObject("secondhand-web/Notification/Seller - Message Notification")): Object: 'Object Repository/secondhand-web/Notification/Seller - Message Notification' is clicked on

2023-07-24 21:19:52 - [MESSAGE][INFO] - Finding Test Object 'Object Repository/secondhand-web/Notification/Seller - Message Notification'

2023-07-24 21:19:52 - [MESSAGE][INFO] - Checking object

2023-07-24 21:19:52 - [MESSAGE][INFO] - Checking timeout

2023-07-24 21:19:52 - [MESSAGE][INFO] - Finding web element from Test Object's properties

2023-07-24 21:19:52 - [MESSAGE][INFO] - Checking timeout

2023-07-24 21:19:52 - [MESSAGE][INFO] - Finding web element with id: 'Object Repository/secondhand-web/Notification/Seller - Message Notification' located by 'By.xpath: //div[@id='navbarSupportedContent']/div/ul/li[3]/ul/li/a/div/div[2]' in '30' second(s)

2023-07-24 21:19:52 - [MESSAGE][INFO] - Smart Wait Function is triggered

2023-07-24 21:19:53 - [MESSAGE][INFO] - Found 9 web elements with id: 'Object Repository/secondhand-web/Notification/Seller - Message Notification' located by 'By.xpath: //div[@id='navbarSupportedContent']/div/ul/li[3]/ul/li/a/div/div[2]' in '30' second(s)

2023-07-24 21:19:53 - [MESSAGE][INFO] - Clicking on object: 'Object Repository/secondhand-web/Notification/Seller - Message Notification'

2023-07-24 21:19:53 - [MESSAGE][PASSED] - Object: 'Object Repository/secondhand-web/Notification/Seller - Message Notification' is clicked on

2023-07-24 21:19:53 - [MESSAGE][PASSED] - Call Test Case 'Test Cases/secondhand-web/Pages/Notification/Seller - Message Notification' successfully

2023-07-24 21:19:53 - [TEST_STEP][PASSED] - callTestCase(findTestCase("secondhand-web/Pages/Notification/Seller - Detail Message"), [:], STOP_ON_FAILURE): Call Test Case 'Test Cases/secondhand-web/Pages/Notification/Seller - Detail Message' successfully

2023-07-24 21:19:53 - [MESSAGE][INFO] - Checking called Test Case

2023-07-24 21:19:53 - [MESSAGE][INFO] - Starting to call Test Case 'Test Cases/secondhand-web/Pages/Notification/Seller - Detail Message'

2023-07-24 21:19:53 - [TEST_CASE][PASSED] - Test Cases/secondhand-web/Pages/Notification/Seller - Detail Message: Test Cases/secondhand-web/Pages/Notification/Seller - Detail Message

2023-07-24 21:19:53 - [TEST_STEP][PASSED] - verifyElementVisible(findTestObject("secondhand-web/Notification/Seller - Detail Message"), STOP_ON_FAILURE): Object 'Object Repository/secondhand-web/Notification/Seller - Detail Message' is visible

2023-07-24 21:19:53 - [MESSAGE][INFO] - Finding Test Object 'Object Repository/secondhand-web/Notification/Seller - Detail Message'

2023-07-24 21:19:53 - [MESSAGE][INFO] - Checking object

2023-07-24 21:19:53 - [MESSAGE][INFO] - Finding web element from Test Object's properties

2023-07-24 21:19:53 - [MESSAGE][INFO] - Checking timeout

2023-07-24 21:19:53 - [MESSAGE][INFO] - Finding web element with id: 'Object Repository/secondhand-web/Notification/Seller - Detail Message' located by 'By.xpath: (.//*[normalize-space(text()) and normalize-space(.)='Info Penawar'])[1]/following::section[2]' in '30' second(s)

2023-07-24 21:19:53 - [MESSAGE][INFO] - Smart Wait Function is triggered

2023-07-24 21:19:54 - [MESSAGE][INFO] - Found 1 web elements with id: 'Object Repository/secondhand-web/Notification/Seller - Detail Message' located by 'By.xpath: (.//*[normalize-space(text()) and normalize-space(.)='Info Penawar'])[1]/following::section[2]' in '30' second(s)

2023-07-24 21:19:54 - [MESSAGE][PASSED] - Object 'Object Repository/secondhand-web/Notification/Seller - Detail Message' is visible

2023-07-24 21:19:54 - [MESSAGE][PASSED] - Call Test Case 'Test Cases/secondhand-web/Pages/Notification/Seller - Detail Message' successfully

2023-07-24 21:19:54 - [TEST_STEP][PASSED] - callTestCase(findTestCase("secondhand-web/Common/Close Web"), [:], STOP_ON_FAILURE): Call Test Case 'Test Cases/secondhand-web/Common/Close Web' successfully

2023-07-24 21:19:54 - [MESSAGE][INFO] - Checking called Test Case

2023-07-24 21:19:54 - [MESSAGE][INFO] - Starting to call Test Case 'Test Cases/secondhand-web/Common/Close Web'

2023-07-24 21:19:54 - [TEST_CASE][PASSED] - Test Cases/secondhand-web/Common/Close Web: Test Cases/secondhand-web/Common/Close Web

2023-07-24 21:19:54 - [TEST_STEP][PASSED] - closeBrowser(): Browser is closed

2023-07-24 21:19:54 - [MESSAGE][INFO] - Closing browser

2023-07-24 21:19:55 - [MESSAGE][PASSED] - Browser is closed

2023-07-24 21:19:55 - [MESSAGE][PASSED] - Call Test Case 'Test Cases/secondhand-web/Common/Close Web' successfully]]></system-out>
         <system-err><![CDATA[]]></system-err>
      </testcase>
      <system-out><![CDATA[2023-07-24 21:18:54 - [TEST_SUITE][PASSED] - Feature Notification: Test Cases/secondhand-web/Step Definition/Feature Notification/N002 - seller will receive a notification when there is a product price negotiation]]></system-out>
      <system-err><![CDATA[]]></system-err>
   </testsuite>
</testsuites>
