<?xml version="1.0" encoding="UTF-8"?>
<testsuites name="Feature Homepage Add Product" time="56.448" tests="2" failures="0" errors="0">
   <testsuite name="Feature Homepage Add Product" tests="2" failures="0" errors="0" time="56.448" skipped="0" timestamp="2023-07-21 19:38:39" hostname="mhmdr - LAPTOP-A3L3V09Q" id="Test Suites/secondhand-web/Feature Homepage Add Product">
      <properties>
         <property name="deviceName" value=""/>
         <property name="devicePlatform" value=""/>
         <property name="logFolder" value="C:\\Users\\mhmdr\\Desktop\\SQA-Wave9-Kelompok2\\Reports\\20230721_193836\\secondhand-web\\Feature Homepage Add Product\\20230721_193837"/>
         <property name="logFiles" value="C:\\Users\\mhmdr\\Desktop\\SQA-Wave9-Kelompok2\\Reports\\20230721_193836\\secondhand-web\\Feature Homepage Add Product\\20230721_193837\\execution0.log"/>
         <property name="attachments" value="C:\\Users\\mhmdr\\Desktop\\SQA-Wave9-Kelompok2\\Reports\\20230721_193836\\secondhand-web\\Feature Homepage Add Product\\20230721_193837\\1689943127445.png, C:\\Users\\mhmdr\\Desktop\\SQA-Wave9-Kelompok2\\Reports\\20230721_193836\\secondhand-web\\Feature Homepage Add Product\\20230721_193837\\1689943129634.png, C:\\Users\\mhmdr\\Desktop\\SQA-Wave9-Kelompok2\\Reports\\20230721_193836\\secondhand-web\\Feature Homepage Add Product\\20230721_193837\\1689943133108.png, C:\\Users\\mhmdr\\Desktop\\SQA-Wave9-Kelompok2\\Reports\\20230721_193836\\secondhand-web\\Feature Homepage Add Product\\20230721_193837\\1689943134689.png, C:\\Users\\mhmdr\\Desktop\\SQA-Wave9-Kelompok2\\Reports\\20230721_193836\\secondhand-web\\Feature Homepage Add Product\\20230721_193837\\1689943136281.png, C:\\Users\\mhmdr\\Desktop\\SQA-Wave9-Kelompok2\\Reports\\20230721_193836\\secondhand-web\\Feature Homepage Add Product\\20230721_193837\\1689943137871.png, C:\\Users\\mhmdr\\Desktop\\SQA-Wave9-Kelompok2\\Reports\\20230721_193836\\secondhand-web\\Feature Homepage Add Product\\20230721_193837\\1689943139520.png, C:\\Users\\mhmdr\\Desktop\\SQA-Wave9-Kelompok2\\Reports\\20230721_193836\\secondhand-web\\Feature Homepage Add Product\\20230721_193837\\1689943144048.png, C:\\Users\\mhmdr\\Desktop\\SQA-Wave9-Kelompok2\\Reports\\20230721_193836\\secondhand-web\\Feature Homepage Add Product\\20230721_193837\\1689943149111.png, C:\\Users\\mhmdr\\Desktop\\SQA-Wave9-Kelompok2\\Reports\\20230721_193836\\secondhand-web\\Feature Homepage Add Product\\20230721_193837\\1689943155534.png, C:\\Users\\mhmdr\\Desktop\\SQA-Wave9-Kelompok2\\Reports\\20230721_193836\\secondhand-web\\Feature Homepage Add Product\\20230721_193837\\1689943157458.png, C:\\Users\\mhmdr\\Desktop\\SQA-Wave9-Kelompok2\\Reports\\20230721_193836\\secondhand-web\\Feature Homepage Add Product\\20230721_193837\\1689943160517.png, C:\\Users\\mhmdr\\Desktop\\SQA-Wave9-Kelompok2\\Reports\\20230721_193836\\secondhand-web\\Feature Homepage Add Product\\20230721_193837\\1689943161905.png, C:\\Users\\mhmdr\\Desktop\\SQA-Wave9-Kelompok2\\Reports\\20230721_193836\\secondhand-web\\Feature Homepage Add Product\\20230721_193837\\1689943163265.png, C:\\Users\\mhmdr\\Desktop\\SQA-Wave9-Kelompok2\\Reports\\20230721_193836\\secondhand-web\\Feature Homepage Add Product\\20230721_193837\\1689943164599.png, C:\\Users\\mhmdr\\Desktop\\SQA-Wave9-Kelompok2\\Reports\\20230721_193836\\secondhand-web\\Feature Homepage Add Product\\20230721_193837\\1689943165952.png, C:\\Users\\mhmdr\\Desktop\\SQA-Wave9-Kelompok2\\Reports\\20230721_193836\\secondhand-web\\Feature Homepage Add Product\\20230721_193837\\1689943170167.png, C:\\Users\\mhmdr\\Desktop\\SQA-Wave9-Kelompok2\\Reports\\20230721_193836\\secondhand-web\\Feature Homepage Add Product\\20230721_193837\\1689943174356.png"/>
         <property name="hostName" value="mhmdr - LAPTOP-A3L3V09Q"/>
         <property name="os" value="Windows 11 64bit"/>
         <property name="katalonVersion" value="8.6.5.208"/>
         <property name="browser" value="Chrome 115.0.0.0"/>
         <property name="hostAddress" value="192.168.1.4"/>
         <property name="sessionId" value="d2b3c152086241d4a2d3e6e73a08942a"/>
         <property name="seleniumVersion" value="3.141.59"/>
         <property name="proxyInformation" value="ProxyInformation { proxyOption=NO_PROXY, proxyServerType=HTTP, username=, password=********, proxyServerAddress=, proxyServerPort=0, executionList=&quot;&quot;, isApplyToDesiredCapabilities=true }"/>
         <property name="platform" value="Windows 11"/>
      </properties>
      <testcase name="Test Cases/secondhand-web/Step Definition/Feature Homepage - Add Product/PRODADD001 - user should be abe to add product with valid" time="30.399" classname="Test Cases/secondhand-web/Step Definition/Feature Homepage - Add Product/PRODADD001 - user should be abe to add product with valid" status="PASSED">
         <system-out><![CDATA[2023-07-21 19:38:39 - [TEST_CASE][PASSED] - Test Cases/secondhand-web/Step Definition/Feature Homepage - Add Product/PRODADD001 - user should be abe to add product with valid: Test Cases/secondhand-web/Step Definition/Feature Homepage - Add Product/PRODADD001 - user should be abe to add product with valid

2023-07-21 19:38:40 - [TEST_STEP][PASSED] - callTestCase(findTestCase("secondhand-web/Common/Launch Web"), [:], STOP_ON_FAILURE): Call Test Case 'Test Cases/secondhand-web/Common/Launch Web' successfully

2023-07-21 19:38:40 - [MESSAGE][INFO] - Checking called Test Case

2023-07-21 19:38:40 - [MESSAGE][INFO] - Starting to call Test Case 'Test Cases/secondhand-web/Common/Launch Web'

2023-07-21 19:38:40 - [TEST_CASE][PASSED] - Test Cases/secondhand-web/Common/Launch Web: Test Cases/secondhand-web/Common/Launch Web

2023-07-21 19:38:40 - [TEST_STEP][PASSED] - openBrowser(""): Browser is opened with url: ''

2023-07-21 19:38:40 - [MESSAGE][INFO] - Opening browser

2023-07-21 19:38:40 - [MESSAGE][INFO] - Starting 'Chrome' driver

2023-07-21 19:38:40 - [MESSAGE][INFO] - Action delay is set to 0 milliseconds

2023-07-21 19:38:42 - [MESSAGE][PASSED] - Browser is opened with url: ''

2023-07-21 19:38:42 - [TEST_STEP][PASSED] - maximizeWindow(): Current window maximized

2023-07-21 19:38:42 - [MESSAGE][INFO] - Maximizing current window

2023-07-21 19:38:43 - [MESSAGE][PASSED] - Current window maximized

2023-07-21 19:38:43 - [MESSAGE][PASSED] - Call Test Case 'Test Cases/secondhand-web/Common/Launch Web' successfully

2023-07-21 19:38:43 - [TEST_STEP][PASSED] - callTestCase(findTestCase("secondhand-web/Common/Navigate To Web"), [:], STOP_ON_FAILURE): Call Test Case 'Test Cases/secondhand-web/Common/Navigate To Web' successfully

2023-07-21 19:38:43 - [MESSAGE][INFO] - Checking called Test Case

2023-07-21 19:38:43 - [MESSAGE][INFO] - Starting to call Test Case 'Test Cases/secondhand-web/Common/Navigate To Web'

2023-07-21 19:38:43 - [TEST_CASE][PASSED] - Test Cases/secondhand-web/Common/Navigate To Web: Test Cases/secondhand-web/Common/Navigate To Web

2023-07-21 19:38:43 - [TEST_STEP][PASSED] - navigateToUrl(baseUrl): Navigate to 'https://secondhand.binaracademy.org/' successfully

2023-07-21 19:38:44 - [MESSAGE][INFO] - Checking url

2023-07-21 19:38:44 - [MESSAGE][INFO] - Navigating to 'https://secondhand.binaracademy.org/'

2023-07-21 19:38:44 - [MESSAGE][PASSED] - Navigate to 'https://secondhand.binaracademy.org/' successfully

2023-07-21 19:38:44 - [MESSAGE][PASSED] - Call Test Case 'Test Cases/secondhand-web/Common/Navigate To Web' successfully

2023-07-21 19:38:44 - [TEST_STEP][PASSED] - callTestCase(findTestCase("secondhand-web/Pages/User Login/Click Button Masuk"), [:], STOP_ON_FAILURE): Call Test Case 'Test Cases/secondhand-web/Pages/User Login/Click Button Masuk' successfully

2023-07-21 19:38:44 - [MESSAGE][INFO] - Checking called Test Case

2023-07-21 19:38:44 - [MESSAGE][INFO] - Starting to call Test Case 'Test Cases/secondhand-web/Pages/User Login/Click Button Masuk'

2023-07-21 19:38:44 - [TEST_CASE][PASSED] - Test Cases/secondhand-web/Pages/User Login/Click Button Masuk: Test Cases/secondhand-web/Pages/User Login/Click Button Masuk

2023-07-21 19:38:45 - [TEST_STEP][PASSED] - verifyElementVisible(findTestObject("secondhand-web/Login/Click Button Masuk"), STOP_ON_FAILURE): Object 'Object Repository/secondhand-web/Login/Click Button Masuk' is visible

2023-07-21 19:38:45 - [MESSAGE][INFO] - Finding Test Object 'Object Repository/secondhand-web/Login/Click Button Masuk'

2023-07-21 19:38:45 - [MESSAGE][INFO] - Checking object

2023-07-21 19:38:45 - [MESSAGE][INFO] - Finding web element from Test Object's properties

2023-07-21 19:38:45 - [MESSAGE][INFO] - Checking timeout

2023-07-21 19:38:45 - [MESSAGE][INFO] - Finding web element with id: 'Object Repository/secondhand-web/Login/Click Button Masuk' located by 'By.xpath: //div[@id='navbarSupportedContent']/div/a' in '30' second(s)

2023-07-21 19:38:45 - [MESSAGE][INFO] - Smart Wait Function is triggered

2023-07-21 19:38:45 - [MESSAGE][INFO] - Found 1 web elements with id: 'Object Repository/secondhand-web/Login/Click Button Masuk' located by 'By.xpath: //div[@id='navbarSupportedContent']/div/a' in '30' second(s)

2023-07-21 19:38:45 - [MESSAGE][PASSED] - Object 'Object Repository/secondhand-web/Login/Click Button Masuk' is visible

2023-07-21 19:38:45 - [TEST_STEP][PASSED] - click(findTestObject("secondhand-web/Login/Click Button Masuk")): Object: 'Object Repository/secondhand-web/Login/Click Button Masuk' is clicked on

2023-07-21 19:38:45 - [MESSAGE][INFO] - Finding Test Object 'Object Repository/secondhand-web/Login/Click Button Masuk'

2023-07-21 19:38:45 - [MESSAGE][INFO] - Checking object

2023-07-21 19:38:45 - [MESSAGE][INFO] - Checking timeout

2023-07-21 19:38:45 - [MESSAGE][INFO] - Finding web element from Test Object's properties

2023-07-21 19:38:45 - [MESSAGE][INFO] - Checking timeout

2023-07-21 19:38:45 - [MESSAGE][INFO] - Finding web element with id: 'Object Repository/secondhand-web/Login/Click Button Masuk' located by 'By.xpath: //div[@id='navbarSupportedContent']/div/a' in '30' second(s)

2023-07-21 19:38:45 - [MESSAGE][INFO] - Smart Wait Function is triggered

2023-07-21 19:38:45 - [MESSAGE][INFO] - Found 1 web elements with id: 'Object Repository/secondhand-web/Login/Click Button Masuk' located by 'By.xpath: //div[@id='navbarSupportedContent']/div/a' in '30' second(s)

2023-07-21 19:38:45 - [MESSAGE][INFO] - Clicking on object: 'Object Repository/secondhand-web/Login/Click Button Masuk'

2023-07-21 19:38:45 - [MESSAGE][PASSED] - Object: 'Object Repository/secondhand-web/Login/Click Button Masuk' is clicked on

2023-07-21 19:38:45 - [MESSAGE][PASSED] - Call Test Case 'Test Cases/secondhand-web/Pages/User Login/Click Button Masuk' successfully

2023-07-21 19:38:45 - [TEST_STEP][PASSED] - callTestCase(findTestCase("secondhand-web/Pages/User Login/Input Email"), ["email":emailRizki], STOP_ON_FAILURE): Call Test Case 'Test Cases/secondhand-web/Pages/User Login/Input Email' successfully

2023-07-21 19:38:45 - [MESSAGE][INFO] - Checking called Test Case

2023-07-21 19:38:45 - [MESSAGE][INFO] - Starting to call Test Case 'Test Cases/secondhand-web/Pages/User Login/Input Email'

2023-07-21 19:38:45 - [TEST_CASE][PASSED] - Test Cases/secondhand-web/Pages/User Login/Input Email: Test Cases/secondhand-web/Pages/User Login/Input Email

2023-07-21 19:38:46 - [TEST_STEP][PASSED] - waitForElementVisible(findTestObject("secondhand-web/Login/Input_email"), 3): Object 'Object Repository/secondhand-web/Login/Input_email' is visible

2023-07-21 19:38:46 - [MESSAGE][INFO] - Finding Test Object 'Object Repository/secondhand-web/Login/Input_email'

2023-07-21 19:38:46 - [MESSAGE][INFO] - Checking object

2023-07-21 19:38:46 - [MESSAGE][INFO] - Checking timeout

2023-07-21 19:38:46 - [MESSAGE][INFO] - Finding web element from Test Object's properties

2023-07-21 19:38:46 - [MESSAGE][INFO] - Checking timeout

2023-07-21 19:38:46 - [MESSAGE][INFO] - Finding web element with id: 'Object Repository/secondhand-web/Login/Input_email' located by 'By.xpath: //input[@id='user_email']' in '3' second(s)

2023-07-21 19:38:46 - [MESSAGE][INFO] - Smart Wait Function is triggered

2023-07-21 19:38:46 - [MESSAGE][INFO] - Found 1 web elements with id: 'Object Repository/secondhand-web/Login/Input_email' located by 'By.xpath: //input[@id='user_email']' in '3' second(s)

2023-07-21 19:38:46 - [MESSAGE][PASSED] - Object 'Object Repository/secondhand-web/Login/Input_email' is visible

2023-07-21 19:38:46 - [TEST_STEP][PASSED] - setText(findTestObject("secondhand-web/Login/Input_email"), email): Text 'mhmdrizki250@gmail.com' is set on object 'Object Repository/secondhand-web/Login/Input_email'

2023-07-21 19:38:46 - [MESSAGE][INFO] - Finding Test Object 'Object Repository/secondhand-web/Login/Input_email'

2023-07-21 19:38:46 - [MESSAGE][INFO] - Checking object

2023-07-21 19:38:46 - [MESSAGE][INFO] - Checking text

2023-07-21 19:38:46 - [MESSAGE][INFO] - Finding web element from Test Object's properties

2023-07-21 19:38:46 - [MESSAGE][INFO] - Checking timeout

2023-07-21 19:38:46 - [MESSAGE][INFO] - Finding web element with id: 'Object Repository/secondhand-web/Login/Input_email' located by 'By.xpath: //input[@id='user_email']' in '30' second(s)

2023-07-21 19:38:46 - [MESSAGE][INFO] - Smart Wait Function is triggered

2023-07-21 19:38:46 - [MESSAGE][INFO] - Found 1 web elements with id: 'Object Repository/secondhand-web/Login/Input_email' located by 'By.xpath: //input[@id='user_email']' in '30' second(s)

2023-07-21 19:38:46 - [MESSAGE][INFO] - Clearing text of object 'Object Repository/secondhand-web/Login/Input_email'

2023-07-21 19:38:46 - [MESSAGE][INFO] - Finding web element from Test Object's properties

2023-07-21 19:38:46 - [MESSAGE][INFO] - Checking timeout

2023-07-21 19:38:46 - [MESSAGE][INFO] - Finding web element with id: 'Object Repository/secondhand-web/Login/Input_email' located by 'By.xpath: //input[@id='user_email']' in '30' second(s)

2023-07-21 19:38:46 - [MESSAGE][INFO] - Smart Wait Function is triggered

2023-07-21 19:38:47 - [MESSAGE][INFO] - Found 1 web elements with id: 'Object Repository/secondhand-web/Login/Input_email' located by 'By.xpath: //input[@id='user_email']' in '30' second(s)

2023-07-21 19:38:47 - [MESSAGE][INFO] - Setting text of object 'Object Repository/secondhand-web/Login/Input_email' to value 'mhmdrizki250@gmail.com'

2023-07-21 19:38:47 - [MESSAGE][PASSED] - Text 'mhmdrizki250@gmail.com' is set on object 'Object Repository/secondhand-web/Login/Input_email'

2023-07-21 19:38:47 - [TEST_STEP][PASSED] - takeScreenshot(): Taking screenshot successfully

2023-07-21 19:38:47 - [MESSAGE][INFO] - Smart Wait Function is triggered

2023-07-21 19:38:48 - [MESSAGE][PASSED] - Taking screenshot successfully
[[ATTACHMENT|C:\\Users\\mhmdr\\Desktop\\SQA-Wave9-Kelompok2\\Reports\\20230721_193836\\secondhand-web\\Feature Homepage Add Product\\20230721_193837\\1689943127445.png]]

2023-07-21 19:38:48 - [MESSAGE][PASSED] - Call Test Case 'Test Cases/secondhand-web/Pages/User Login/Input Email' successfully

2023-07-21 19:38:48 - [TEST_STEP][PASSED] - callTestCase(findTestCase("secondhand-web/Pages/User Login/Input Password"), ["password":passwordRizki], STOP_ON_FAILURE): Call Test Case 'Test Cases/secondhand-web/Pages/User Login/Input Password' successfully

2023-07-21 19:38:48 - [MESSAGE][INFO] - Checking called Test Case

2023-07-21 19:38:48 - [MESSAGE][INFO] - Starting to call Test Case 'Test Cases/secondhand-web/Pages/User Login/Input Password'

2023-07-21 19:38:48 - [TEST_CASE][PASSED] - Test Cases/secondhand-web/Pages/User Login/Input Password: Test Cases/secondhand-web/Pages/User Login/Input Password

2023-07-21 19:38:48 - [TEST_STEP][PASSED] - waitForElementVisible(findTestObject("secondhand-web/Login/Input_password"), 3): Object 'Object Repository/secondhand-web/Login/Input_password' is visible

2023-07-21 19:38:48 - [MESSAGE][INFO] - Finding Test Object 'Object Repository/secondhand-web/Login/Input_password'

2023-07-21 19:38:48 - [MESSAGE][INFO] - Checking object

2023-07-21 19:38:48 - [MESSAGE][INFO] - Checking timeout

2023-07-21 19:38:48 - [MESSAGE][INFO] - Finding web element from Test Object's properties

2023-07-21 19:38:48 - [MESSAGE][INFO] - Checking timeout

2023-07-21 19:38:48 - [MESSAGE][INFO] - Finding web element with id: 'Object Repository/secondhand-web/Login/Input_password' located by 'By.xpath: //input[@id='user_password']' in '3' second(s)

2023-07-21 19:38:48 - [MESSAGE][INFO] - Smart Wait Function is triggered

2023-07-21 19:38:48 - [MESSAGE][INFO] - Found 1 web elements with id: 'Object Repository/secondhand-web/Login/Input_password' located by 'By.xpath: //input[@id='user_password']' in '3' second(s)

2023-07-21 19:38:48 - [MESSAGE][PASSED] - Object 'Object Repository/secondhand-web/Login/Input_password' is visible

2023-07-21 19:38:48 - [TEST_STEP][PASSED] - setText(findTestObject("secondhand-web/Login/Input_password"), password): Text 'Kiki123456789' is set on object 'Object Repository/secondhand-web/Login/Input_password'

2023-07-21 19:38:48 - [MESSAGE][INFO] - Finding Test Object 'Object Repository/secondhand-web/Login/Input_password'

2023-07-21 19:38:48 - [MESSAGE][INFO] - Checking object

2023-07-21 19:38:48 - [MESSAGE][INFO] - Checking text

2023-07-21 19:38:48 - [MESSAGE][INFO] - Finding web element from Test Object's properties

2023-07-21 19:38:48 - [MESSAGE][INFO] - Checking timeout

2023-07-21 19:38:48 - [MESSAGE][INFO] - Finding web element with id: 'Object Repository/secondhand-web/Login/Input_password' located by 'By.xpath: //input[@id='user_password']' in '30' second(s)

2023-07-21 19:38:48 - [MESSAGE][INFO] - Smart Wait Function is triggered

2023-07-21 19:38:49 - [MESSAGE][INFO] - Found 1 web elements with id: 'Object Repository/secondhand-web/Login/Input_password' located by 'By.xpath: //input[@id='user_password']' in '30' second(s)

2023-07-21 19:38:49 - [MESSAGE][INFO] - Clearing text of object 'Object Repository/secondhand-web/Login/Input_password'

2023-07-21 19:38:49 - [MESSAGE][INFO] - Finding web element from Test Object's properties

2023-07-21 19:38:49 - [MESSAGE][INFO] - Checking timeout

2023-07-21 19:38:49 - [MESSAGE][INFO] - Finding web element with id: 'Object Repository/secondhand-web/Login/Input_password' located by 'By.xpath: //input[@id='user_password']' in '30' second(s)

2023-07-21 19:38:49 - [MESSAGE][INFO] - Smart Wait Function is triggered

2023-07-21 19:38:49 - [MESSAGE][INFO] - Found 1 web elements with id: 'Object Repository/secondhand-web/Login/Input_password' located by 'By.xpath: //input[@id='user_password']' in '30' second(s)

2023-07-21 19:38:49 - [MESSAGE][INFO] - Setting text of object 'Object Repository/secondhand-web/Login/Input_password' to value 'Kiki123456789'

2023-07-21 19:38:49 - [MESSAGE][PASSED] - Text 'Kiki123456789' is set on object 'Object Repository/secondhand-web/Login/Input_password'

2023-07-21 19:38:49 - [TEST_STEP][PASSED] - takeScreenshot(): Taking screenshot successfully

2023-07-21 19:38:49 - [MESSAGE][INFO] - Smart Wait Function is triggered

2023-07-21 19:38:50 - [MESSAGE][PASSED] - Taking screenshot successfully
[[ATTACHMENT|C:\\Users\\mhmdr\\Desktop\\SQA-Wave9-Kelompok2\\Reports\\20230721_193836\\secondhand-web\\Feature Homepage Add Product\\20230721_193837\\1689943129634.png]]

2023-07-21 19:38:50 - [MESSAGE][PASSED] - Call Test Case 'Test Cases/secondhand-web/Pages/User Login/Input Password' successfully

2023-07-21 19:38:50 - [TEST_STEP][PASSED] - callTestCase(findTestCase("secondhand-web/Pages/User Login/Button Masuk"), [:], STOP_ON_FAILURE): Call Test Case 'Test Cases/secondhand-web/Pages/User Login/Button Masuk' successfully

2023-07-21 19:38:50 - [MESSAGE][INFO] - Checking called Test Case

2023-07-21 19:38:50 - [MESSAGE][INFO] - Starting to call Test Case 'Test Cases/secondhand-web/Pages/User Login/Button Masuk'

2023-07-21 19:38:50 - [TEST_CASE][PASSED] - Test Cases/secondhand-web/Pages/User Login/Button Masuk: Test Cases/secondhand-web/Pages/User Login/Button Masuk

2023-07-21 19:38:50 - [TEST_STEP][PASSED] - verifyElementVisible(findTestObject("secondhand-web/Login/Button Masuk"), STOP_ON_FAILURE): Object 'Object Repository/secondhand-web/Login/Button Masuk' is visible

2023-07-21 19:38:50 - [MESSAGE][INFO] - Finding Test Object 'Object Repository/secondhand-web/Login/Button Masuk'

2023-07-21 19:38:50 - [MESSAGE][INFO] - Checking object

2023-07-21 19:38:50 - [MESSAGE][INFO] - Finding web element from Test Object's properties

2023-07-21 19:38:50 - [MESSAGE][INFO] - Checking timeout

2023-07-21 19:38:50 - [MESSAGE][INFO] - Finding web element with id: 'Object Repository/secondhand-web/Login/Button Masuk' located by 'By.xpath: //input[@name='commit']' in '30' second(s)

2023-07-21 19:38:50 - [MESSAGE][INFO] - Smart Wait Function is triggered

2023-07-21 19:38:50 - [MESSAGE][INFO] - Found 1 web elements with id: 'Object Repository/secondhand-web/Login/Button Masuk' located by 'By.xpath: //input[@name='commit']' in '30' second(s)

2023-07-21 19:38:50 - [MESSAGE][PASSED] - Object 'Object Repository/secondhand-web/Login/Button Masuk' is visible

2023-07-21 19:38:50 - [TEST_STEP][PASSED] - click(findTestObject("secondhand-web/Login/Button Masuk")): Object: 'Object Repository/secondhand-web/Login/Button Masuk' is clicked on

2023-07-21 19:38:50 - [MESSAGE][INFO] - Finding Test Object 'Object Repository/secondhand-web/Login/Button Masuk'

2023-07-21 19:38:50 - [MESSAGE][INFO] - Checking object

2023-07-21 19:38:50 - [MESSAGE][INFO] - Checking timeout

2023-07-21 19:38:50 - [MESSAGE][INFO] - Finding web element from Test Object's properties

2023-07-21 19:38:50 - [MESSAGE][INFO] - Checking timeout

2023-07-21 19:38:50 - [MESSAGE][INFO] - Finding web element with id: 'Object Repository/secondhand-web/Login/Button Masuk' located by 'By.xpath: //input[@name='commit']' in '30' second(s)

2023-07-21 19:38:50 - [MESSAGE][INFO] - Smart Wait Function is triggered

2023-07-21 19:38:51 - [MESSAGE][INFO] - Found 1 web elements with id: 'Object Repository/secondhand-web/Login/Button Masuk' located by 'By.xpath: //input[@name='commit']' in '30' second(s)

2023-07-21 19:38:51 - [MESSAGE][INFO] - Clicking on object: 'Object Repository/secondhand-web/Login/Button Masuk'

2023-07-21 19:38:51 - [MESSAGE][PASSED] - Object: 'Object Repository/secondhand-web/Login/Button Masuk' is clicked on

2023-07-21 19:38:51 - [MESSAGE][PASSED] - Call Test Case 'Test Cases/secondhand-web/Pages/User Login/Button Masuk' successfully

2023-07-21 19:38:51 - [TEST_STEP][PASSED] - callTestCase(findTestCase("secondhand-web/Pages/Homepage - Add Product/Click button jual"), [:], STOP_ON_FAILURE): Call Test Case 'Test Cases/secondhand-web/Pages/Homepage - Add Product/Click button jual' successfully

2023-07-21 19:38:51 - [MESSAGE][INFO] - Checking called Test Case

2023-07-21 19:38:51 - [MESSAGE][INFO] - Starting to call Test Case 'Test Cases/secondhand-web/Pages/Homepage - Add Product/Click button jual'

2023-07-21 19:38:51 - [TEST_CASE][PASSED] - Test Cases/secondhand-web/Pages/Homepage - Add Product/Click button jual: Test Cases/secondhand-web/Pages/Homepage - Add Product/Click button jual

2023-07-21 19:38:51 - [TEST_STEP][PASSED] - verifyElementVisible(findTestObject("secondhand-web/Homepage/Button_Jual")): Object 'Object Repository/secondhand-web/Homepage/Button_Jual' is visible

2023-07-21 19:38:51 - [MESSAGE][INFO] - Finding Test Object 'Object Repository/secondhand-web/Homepage/Button_Jual'

2023-07-21 19:38:51 - [MESSAGE][INFO] - Checking object

2023-07-21 19:38:51 - [MESSAGE][INFO] - Finding web element from Test Object's properties

2023-07-21 19:38:51 - [MESSAGE][INFO] - Checking timeout

2023-07-21 19:38:51 - [MESSAGE][INFO] - Finding web element with id: 'Object Repository/secondhand-web/Homepage/Button_Jual' located by 'By.xpath: (.//*[normalize-space(text()) and normalize-space(.)='Next →'])[1]/following::a[1]' in '30' second(s)

2023-07-21 19:38:51 - [MESSAGE][INFO] - Smart Wait Function is triggered

2023-07-21 19:38:52 - [MESSAGE][INFO] - Found 1 web elements with id: 'Object Repository/secondhand-web/Homepage/Button_Jual' located by 'By.xpath: (.//*[normalize-space(text()) and normalize-space(.)='Next →'])[1]/following::a[1]' in '30' second(s)

2023-07-21 19:38:52 - [MESSAGE][PASSED] - Object 'Object Repository/secondhand-web/Homepage/Button_Jual' is visible

2023-07-21 19:38:52 - [TEST_STEP][PASSED] - click(findTestObject("secondhand-web/Homepage/Button_Jual")): Object: 'Object Repository/secondhand-web/Homepage/Button_Jual' is clicked on

2023-07-21 19:38:52 - [MESSAGE][INFO] - Finding Test Object 'Object Repository/secondhand-web/Homepage/Button_Jual'

2023-07-21 19:38:52 - [MESSAGE][INFO] - Checking object

2023-07-21 19:38:52 - [MESSAGE][INFO] - Checking timeout

2023-07-21 19:38:52 - [MESSAGE][INFO] - Finding web element from Test Object's properties

2023-07-21 19:38:52 - [MESSAGE][INFO] - Checking timeout

2023-07-21 19:38:52 - [MESSAGE][INFO] - Finding web element with id: 'Object Repository/secondhand-web/Homepage/Button_Jual' located by 'By.xpath: (.//*[normalize-space(text()) and normalize-space(.)='Next →'])[1]/following::a[1]' in '30' second(s)

2023-07-21 19:38:52 - [MESSAGE][INFO] - Smart Wait Function is triggered

2023-07-21 19:38:52 - [MESSAGE][INFO] - Found 1 web elements with id: 'Object Repository/secondhand-web/Homepage/Button_Jual' located by 'By.xpath: (.//*[normalize-space(text()) and normalize-space(.)='Next →'])[1]/following::a[1]' in '30' second(s)

2023-07-21 19:38:52 - [MESSAGE][INFO] - Clicking on object: 'Object Repository/secondhand-web/Homepage/Button_Jual'

2023-07-21 19:38:52 - [MESSAGE][PASSED] - Object: 'Object Repository/secondhand-web/Homepage/Button_Jual' is clicked on

2023-07-21 19:38:52 - [TEST_STEP][PASSED] - takeScreenshot(): Taking screenshot successfully

2023-07-21 19:38:52 - [MESSAGE][INFO] - Smart Wait Function is triggered

2023-07-21 19:38:53 - [MESSAGE][PASSED] - Taking screenshot successfully
[[ATTACHMENT|C:\\Users\\mhmdr\\Desktop\\SQA-Wave9-Kelompok2\\Reports\\20230721_193836\\secondhand-web\\Feature Homepage Add Product\\20230721_193837\\1689943133108.png]]

2023-07-21 19:38:53 - [MESSAGE][PASSED] - Call Test Case 'Test Cases/secondhand-web/Pages/Homepage - Add Product/Click button jual' successfully

2023-07-21 19:38:53 - [TEST_STEP][PASSED] - callTestCase(findTestCase("secondhand-web/Pages/Homepage - Add Product/Input Product Name"), ["product_name":"Baju Eiger MN02"], STOP_ON_FAILURE): Call Test Case 'Test Cases/secondhand-web/Pages/Homepage - Add Product/Input Product Name' successfully

2023-07-21 19:38:53 - [MESSAGE][INFO] - Checking called Test Case

2023-07-21 19:38:53 - [MESSAGE][INFO] - Starting to call Test Case 'Test Cases/secondhand-web/Pages/Homepage - Add Product/Input Product Name'

2023-07-21 19:38:53 - [TEST_CASE][PASSED] - Test Cases/secondhand-web/Pages/Homepage - Add Product/Input Product Name: Test Cases/secondhand-web/Pages/Homepage - Add Product/Input Product Name

2023-07-21 19:38:53 - [TEST_STEP][PASSED] - waitForElementVisible(findTestObject("secondhand-web/Add Product/input product name"), 0): Object 'Object Repository/secondhand-web/Add Product/input product name' is visible

2023-07-21 19:38:53 - [MESSAGE][INFO] - Finding Test Object 'Object Repository/secondhand-web/Add Product/input product name'

2023-07-21 19:38:53 - [MESSAGE][INFO] - Checking object

2023-07-21 19:38:53 - [MESSAGE][INFO] - Checking timeout

2023-07-21 19:38:53 - [MESSAGE][WARNING] - Timeout '0' is invalid. Using default page load timeout: '30'

2023-07-21 19:38:53 - [MESSAGE][INFO] - Finding web element from Test Object's properties

2023-07-21 19:38:53 - [MESSAGE][INFO] - Checking timeout

2023-07-21 19:38:53 - [MESSAGE][INFO] - Finding web element with id: 'Object Repository/secondhand-web/Add Product/input product name' located by 'By.xpath: //input[@id='product_name']' in '30' second(s)

2023-07-21 19:38:53 - [MESSAGE][INFO] - Smart Wait Function is triggered

2023-07-21 19:38:53 - [MESSAGE][INFO] - Found 1 web elements with id: 'Object Repository/secondhand-web/Add Product/input product name' located by 'By.xpath: //input[@id='product_name']' in '30' second(s)

2023-07-21 19:38:53 - [MESSAGE][PASSED] - Object 'Object Repository/secondhand-web/Add Product/input product name' is visible

2023-07-21 19:38:53 - [TEST_STEP][PASSED] - setText(findTestObject("secondhand-web/Add Product/input product name"), product_name): Text 'Baju Eiger MN02' is set on object 'Object Repository/secondhand-web/Add Product/input product name'

2023-07-21 19:38:53 - [MESSAGE][INFO] - Finding Test Object 'Object Repository/secondhand-web/Add Product/input product name'

2023-07-21 19:38:53 - [MESSAGE][INFO] - Checking object

2023-07-21 19:38:53 - [MESSAGE][INFO] - Checking text

2023-07-21 19:38:53 - [MESSAGE][INFO] - Finding web element from Test Object's properties

2023-07-21 19:38:53 - [MESSAGE][INFO] - Checking timeout

2023-07-21 19:38:53 - [MESSAGE][INFO] - Finding web element with id: 'Object Repository/secondhand-web/Add Product/input product name' located by 'By.xpath: //input[@id='product_name']' in '30' second(s)

2023-07-21 19:38:53 - [MESSAGE][INFO] - Smart Wait Function is triggered

2023-07-21 19:38:54 - [MESSAGE][INFO] - Found 1 web elements with id: 'Object Repository/secondhand-web/Add Product/input product name' located by 'By.xpath: //input[@id='product_name']' in '30' second(s)

2023-07-21 19:38:54 - [MESSAGE][INFO] - Clearing text of object 'Object Repository/secondhand-web/Add Product/input product name'

2023-07-21 19:38:54 - [MESSAGE][INFO] - Finding web element from Test Object's properties

2023-07-21 19:38:54 - [MESSAGE][INFO] - Checking timeout

2023-07-21 19:38:54 - [MESSAGE][INFO] - Finding web element with id: 'Object Repository/secondhand-web/Add Product/input product name' located by 'By.xpath: //input[@id='product_name']' in '30' second(s)

2023-07-21 19:38:54 - [MESSAGE][INFO] - Smart Wait Function is triggered

2023-07-21 19:38:54 - [MESSAGE][INFO] - Found 1 web elements with id: 'Object Repository/secondhand-web/Add Product/input product name' located by 'By.xpath: //input[@id='product_name']' in '30' second(s)

2023-07-21 19:38:54 - [MESSAGE][INFO] - Setting text of object 'Object Repository/secondhand-web/Add Product/input product name' to value 'Baju Eiger MN02'

2023-07-21 19:38:54 - [MESSAGE][PASSED] - Text 'Baju Eiger MN02' is set on object 'Object Repository/secondhand-web/Add Product/input product name'

2023-07-21 19:38:54 - [TEST_STEP][PASSED] - takeScreenshot(): Taking screenshot successfully

2023-07-21 19:38:54 - [MESSAGE][INFO] - Smart Wait Function is triggered

2023-07-21 19:38:54 - [MESSAGE][PASSED] - Taking screenshot successfully
[[ATTACHMENT|C:\\Users\\mhmdr\\Desktop\\SQA-Wave9-Kelompok2\\Reports\\20230721_193836\\secondhand-web\\Feature Homepage Add Product\\20230721_193837\\1689943134689.png]]

2023-07-21 19:38:54 - [MESSAGE][PASSED] - Call Test Case 'Test Cases/secondhand-web/Pages/Homepage - Add Product/Input Product Name' successfully

2023-07-21 19:38:54 - [TEST_STEP][PASSED] - callTestCase(findTestCase("secondhand-web/Pages/Homepage - Add Product/Input Product Price"), ["product_price":"120.000"], STOP_ON_FAILURE): Call Test Case 'Test Cases/secondhand-web/Pages/Homepage - Add Product/Input Product Price' successfully

2023-07-21 19:38:54 - [MESSAGE][INFO] - Checking called Test Case

2023-07-21 19:38:54 - [MESSAGE][INFO] - Starting to call Test Case 'Test Cases/secondhand-web/Pages/Homepage - Add Product/Input Product Price'

2023-07-21 19:38:54 - [TEST_CASE][PASSED] - Test Cases/secondhand-web/Pages/Homepage - Add Product/Input Product Price: Test Cases/secondhand-web/Pages/Homepage - Add Product/Input Product Price

2023-07-21 19:38:55 - [TEST_STEP][PASSED] - waitForElementPresent(findTestObject("secondhand-web/Add Product/input product price"), 3): Object 'Object Repository/secondhand-web/Add Product/input product price' is present

2023-07-21 19:38:55 - [MESSAGE][INFO] - Finding Test Object 'Object Repository/secondhand-web/Add Product/input product price'

2023-07-21 19:38:55 - [MESSAGE][INFO] - Checking object

2023-07-21 19:38:55 - [MESSAGE][INFO] - Finding web element from Test Object's properties

2023-07-21 19:38:55 - [MESSAGE][INFO] - Checking timeout

2023-07-21 19:38:55 - [MESSAGE][INFO] - Finding web element with id: 'Object Repository/secondhand-web/Add Product/input product price' located by 'By.xpath: //input[@id='product_price']' in '3' second(s)

2023-07-21 19:38:55 - [MESSAGE][INFO] - Smart Wait Function is triggered

2023-07-21 19:38:55 - [MESSAGE][INFO] - Found 1 web elements with id: 'Object Repository/secondhand-web/Add Product/input product price' located by 'By.xpath: //input[@id='product_price']' in '3' second(s)

2023-07-21 19:38:55 - [MESSAGE][PASSED] - Object 'Object Repository/secondhand-web/Add Product/input product price' is present

2023-07-21 19:38:55 - [TEST_STEP][PASSED] - setText(findTestObject("secondhand-web/Add Product/input product price"), product_price): Text '120.000' is set on object 'Object Repository/secondhand-web/Add Product/input product price'

2023-07-21 19:38:55 - [MESSAGE][INFO] - Finding Test Object 'Object Repository/secondhand-web/Add Product/input product price'

2023-07-21 19:38:55 - [MESSAGE][INFO] - Checking object

2023-07-21 19:38:55 - [MESSAGE][INFO] - Checking text

2023-07-21 19:38:55 - [MESSAGE][INFO] - Finding web element from Test Object's properties

2023-07-21 19:38:55 - [MESSAGE][INFO] - Checking timeout

2023-07-21 19:38:55 - [MESSAGE][INFO] - Finding web element with id: 'Object Repository/secondhand-web/Add Product/input product price' located by 'By.xpath: //input[@id='product_price']' in '30' second(s)

2023-07-21 19:38:55 - [MESSAGE][INFO] - Smart Wait Function is triggered

2023-07-21 19:38:55 - [MESSAGE][INFO] - Found 1 web elements with id: 'Object Repository/secondhand-web/Add Product/input product price' located by 'By.xpath: //input[@id='product_price']' in '30' second(s)

2023-07-21 19:38:55 - [MESSAGE][INFO] - Clearing text of object 'Object Repository/secondhand-web/Add Product/input product price'

2023-07-21 19:38:55 - [MESSAGE][INFO] - Finding web element from Test Object's properties

2023-07-21 19:38:55 - [MESSAGE][INFO] - Checking timeout

2023-07-21 19:38:55 - [MESSAGE][INFO] - Finding web element with id: 'Object Repository/secondhand-web/Add Product/input product price' located by 'By.xpath: //input[@id='product_price']' in '30' second(s)

2023-07-21 19:38:55 - [MESSAGE][INFO] - Smart Wait Function is triggered

2023-07-21 19:38:55 - [MESSAGE][INFO] - Found 1 web elements with id: 'Object Repository/secondhand-web/Add Product/input product price' located by 'By.xpath: //input[@id='product_price']' in '30' second(s)

2023-07-21 19:38:55 - [MESSAGE][INFO] - Setting text of object 'Object Repository/secondhand-web/Add Product/input product price' to value '120.000'

2023-07-21 19:38:56 - [MESSAGE][PASSED] - Text '120.000' is set on object 'Object Repository/secondhand-web/Add Product/input product price'

2023-07-21 19:38:56 - [TEST_STEP][PASSED] - takeScreenshot(): Taking screenshot successfully

2023-07-21 19:38:56 - [MESSAGE][INFO] - Smart Wait Function is triggered

2023-07-21 19:38:56 - [MESSAGE][PASSED] - Taking screenshot successfully
[[ATTACHMENT|C:\\Users\\mhmdr\\Desktop\\SQA-Wave9-Kelompok2\\Reports\\20230721_193836\\secondhand-web\\Feature Homepage Add Product\\20230721_193837\\1689943136281.png]]

2023-07-21 19:38:56 - [MESSAGE][PASSED] - Call Test Case 'Test Cases/secondhand-web/Pages/Homepage - Add Product/Input Product Price' successfully

2023-07-21 19:38:56 - [TEST_STEP][PASSED] - callTestCase(findTestCase("secondhand-web/Pages/Homepage - Add Product/Select Product Category"), ["category_value":"3"], STOP_ON_FAILURE): Call Test Case 'Test Cases/secondhand-web/Pages/Homepage - Add Product/Select Product Category' successfully

2023-07-21 19:38:56 - [MESSAGE][INFO] - Checking called Test Case

2023-07-21 19:38:56 - [MESSAGE][INFO] - Starting to call Test Case 'Test Cases/secondhand-web/Pages/Homepage - Add Product/Select Product Category'

2023-07-21 19:38:56 - [TEST_CASE][PASSED] - Test Cases/secondhand-web/Pages/Homepage - Add Product/Select Product Category: Test Cases/secondhand-web/Pages/Homepage - Add Product/Select Product Category

2023-07-21 19:38:56 - [TEST_STEP][PASSED] - waitForElementVisible(findTestObject("secondhand-web/Add Product/dropdown category"), 0): Object 'Object Repository/secondhand-web/Add Product/dropdown category' is visible

2023-07-21 19:38:56 - [MESSAGE][INFO] - Finding Test Object 'Object Repository/secondhand-web/Add Product/dropdown category'

2023-07-21 19:38:56 - [MESSAGE][INFO] - Checking object

2023-07-21 19:38:56 - [MESSAGE][INFO] - Checking timeout

2023-07-21 19:38:56 - [MESSAGE][WARNING] - Timeout '0' is invalid. Using default page load timeout: '30'

2023-07-21 19:38:56 - [MESSAGE][INFO] - Finding web element from Test Object's properties

2023-07-21 19:38:56 - [MESSAGE][INFO] - Checking timeout

2023-07-21 19:38:56 - [MESSAGE][INFO] - Finding web element with id: 'Object Repository/secondhand-web/Add Product/dropdown category' located by 'By.xpath: //select[@id="product_category_id"]' in '30' second(s)

2023-07-21 19:38:56 - [MESSAGE][INFO] - Smart Wait Function is triggered

2023-07-21 19:38:56 - [MESSAGE][INFO] - Found 1 web elements with id: 'Object Repository/secondhand-web/Add Product/dropdown category' located by 'By.xpath: //select[@id="product_category_id"]' in '30' second(s)

2023-07-21 19:38:56 - [MESSAGE][PASSED] - Object 'Object Repository/secondhand-web/Add Product/dropdown category' is visible

2023-07-21 19:38:56 - [TEST_STEP][PASSED] - selectOptionByValue(findTestObject("secondhand-web/Add Product/dropdown category"), category_value, false): All options with value '3' are selected in object 'Object Repository/secondhand-web/Add Product/dropdown category' 

2023-07-21 19:38:56 - [MESSAGE][INFO] - Finding Test Object 'Object Repository/secondhand-web/Add Product/dropdown category'

2023-07-21 19:38:57 - [MESSAGE][INFO] - Checking object

2023-07-21 19:38:57 - [MESSAGE][INFO] - Checking value parameter

2023-07-21 19:38:57 - [MESSAGE][INFO] - Finding web element from Test Object's properties

2023-07-21 19:38:57 - [MESSAGE][INFO] - Checking timeout

2023-07-21 19:38:57 - [MESSAGE][INFO] - Finding web element with id: 'Object Repository/secondhand-web/Add Product/dropdown category' located by 'By.xpath: //select[@id="product_category_id"]' in '30' second(s)

2023-07-21 19:38:57 - [MESSAGE][INFO] - Smart Wait Function is triggered

2023-07-21 19:38:57 - [MESSAGE][INFO] - Found 1 web elements with id: 'Object Repository/secondhand-web/Add Product/dropdown category' located by 'By.xpath: //select[@id="product_category_id"]' in '30' second(s)

2023-07-21 19:38:57 - [MESSAGE][INFO] - Selecting options on object 'Object Repository/secondhand-web/Add Product/dropdown category' with value '3'

2023-07-21 19:38:57 - [MESSAGE][INFO] - Smart Wait Function is triggered

2023-07-21 19:38:57 - [MESSAGE][PASSED] - All options with value '3' are selected in object 'Object Repository/secondhand-web/Add Product/dropdown category' 

2023-07-21 19:38:57 - [TEST_STEP][PASSED] - takeScreenshot(): Taking screenshot successfully

2023-07-21 19:38:57 - [MESSAGE][INFO] - Smart Wait Function is triggered

2023-07-21 19:38:57 - [MESSAGE][PASSED] - Taking screenshot successfully
[[ATTACHMENT|C:\\Users\\mhmdr\\Desktop\\SQA-Wave9-Kelompok2\\Reports\\20230721_193836\\secondhand-web\\Feature Homepage Add Product\\20230721_193837\\1689943137871.png]]

2023-07-21 19:38:57 - [MESSAGE][PASSED] - Call Test Case 'Test Cases/secondhand-web/Pages/Homepage - Add Product/Select Product Category' successfully

2023-07-21 19:38:57 - [TEST_STEP][PASSED] - callTestCase(findTestCase("secondhand-web/Pages/Homepage - Add Product/Input Product Description"), ["product_desc":"Baju eiger buat para pendaki gunung"], STOP_ON_FAILURE): Call Test Case 'Test Cases/secondhand-web/Pages/Homepage - Add Product/Input Product Description' successfully

2023-07-21 19:38:57 - [MESSAGE][INFO] - Checking called Test Case

2023-07-21 19:38:57 - [MESSAGE][INFO] - Starting to call Test Case 'Test Cases/secondhand-web/Pages/Homepage - Add Product/Input Product Description'

2023-07-21 19:38:58 - [TEST_CASE][PASSED] - Test Cases/secondhand-web/Pages/Homepage - Add Product/Input Product Description: Test Cases/secondhand-web/Pages/Homepage - Add Product/Input Product Description

2023-07-21 19:38:58 - [TEST_STEP][PASSED] - waitForElementVisible(findTestObject("secondhand-web/Add Product/input product description"), 0): Object 'Object Repository/secondhand-web/Add Product/input product description' is visible

2023-07-21 19:38:58 - [MESSAGE][INFO] - Finding Test Object 'Object Repository/secondhand-web/Add Product/input product description'

2023-07-21 19:38:58 - [MESSAGE][INFO] - Checking object

2023-07-21 19:38:58 - [MESSAGE][INFO] - Checking timeout

2023-07-21 19:38:58 - [MESSAGE][WARNING] - Timeout '0' is invalid. Using default page load timeout: '30'

2023-07-21 19:38:58 - [MESSAGE][INFO] - Finding web element from Test Object's properties

2023-07-21 19:38:58 - [MESSAGE][INFO] - Checking timeout

2023-07-21 19:38:58 - [MESSAGE][INFO] - Finding web element with id: 'Object Repository/secondhand-web/Add Product/input product description' located by 'By.xpath: //textarea[@id='product_description']' in '30' second(s)

2023-07-21 19:38:58 - [MESSAGE][INFO] - Smart Wait Function is triggered

2023-07-21 19:38:58 - [MESSAGE][INFO] - Found 1 web elements with id: 'Object Repository/secondhand-web/Add Product/input product description' located by 'By.xpath: //textarea[@id='product_description']' in '30' second(s)

2023-07-21 19:38:58 - [MESSAGE][PASSED] - Object 'Object Repository/secondhand-web/Add Product/input product description' is visible

2023-07-21 19:38:58 - [TEST_STEP][PASSED] - setText(findTestObject("secondhand-web/Add Product/input product description"), product_desc): Text 'Baju eiger buat para pendaki gunung' is set on object 'Object Repository/secondhand-web/Add Product/input product description'

2023-07-21 19:38:58 - [MESSAGE][INFO] - Finding Test Object 'Object Repository/secondhand-web/Add Product/input product description'

2023-07-21 19:38:58 - [MESSAGE][INFO] - Checking object

2023-07-21 19:38:58 - [MESSAGE][INFO] - Checking text

2023-07-21 19:38:58 - [MESSAGE][INFO] - Finding web element from Test Object's properties

2023-07-21 19:38:58 - [MESSAGE][INFO] - Checking timeout

2023-07-21 19:38:58 - [MESSAGE][INFO] - Finding web element with id: 'Object Repository/secondhand-web/Add Product/input product description' located by 'By.xpath: //textarea[@id='product_description']' in '30' second(s)

2023-07-21 19:38:58 - [MESSAGE][INFO] - Smart Wait Function is triggered

2023-07-21 19:38:58 - [MESSAGE][INFO] - Found 1 web elements with id: 'Object Repository/secondhand-web/Add Product/input product description' located by 'By.xpath: //textarea[@id='product_description']' in '30' second(s)

2023-07-21 19:38:58 - [MESSAGE][INFO] - Clearing text of object 'Object Repository/secondhand-web/Add Product/input product description'

2023-07-21 19:38:58 - [MESSAGE][INFO] - Finding web element from Test Object's properties

2023-07-21 19:38:58 - [MESSAGE][INFO] - Checking timeout

2023-07-21 19:38:58 - [MESSAGE][INFO] - Finding web element with id: 'Object Repository/secondhand-web/Add Product/input product description' located by 'By.xpath: //textarea[@id='product_description']' in '30' second(s)

2023-07-21 19:38:58 - [MESSAGE][INFO] - Smart Wait Function is triggered

2023-07-21 19:38:59 - [MESSAGE][INFO] - Found 1 web elements with id: 'Object Repository/secondhand-web/Add Product/input product description' located by 'By.xpath: //textarea[@id='product_description']' in '30' second(s)

2023-07-21 19:38:59 - [MESSAGE][INFO] - Setting text of object 'Object Repository/secondhand-web/Add Product/input product description' to value 'Baju eiger buat para pendaki gunung'

2023-07-21 19:38:59 - [MESSAGE][PASSED] - Text 'Baju eiger buat para pendaki gunung' is set on object 'Object Repository/secondhand-web/Add Product/input product description'

2023-07-21 19:38:59 - [TEST_STEP][PASSED] - takeScreenshot(): Taking screenshot successfully

2023-07-21 19:38:59 - [MESSAGE][INFO] - Smart Wait Function is triggered

2023-07-21 19:38:59 - [MESSAGE][PASSED] - Taking screenshot successfully
[[ATTACHMENT|C:\\Users\\mhmdr\\Desktop\\SQA-Wave9-Kelompok2\\Reports\\20230721_193836\\secondhand-web\\Feature Homepage Add Product\\20230721_193837\\1689943139520.png]]

2023-07-21 19:38:59 - [MESSAGE][PASSED] - Call Test Case 'Test Cases/secondhand-web/Pages/Homepage - Add Product/Input Product Description' successfully

2023-07-21 19:38:59 - [TEST_STEP][PASSED] - callTestCase(findTestCase("secondhand-web/Pages/Homepage - Add Product/Upload Product Images"), ["product_image":findTestData("image").getValue(2, 1)], STOP_ON_FAILURE): Call Test Case 'Test Cases/secondhand-web/Pages/Homepage - Add Product/Upload Product Images' successfully

2023-07-21 19:38:59 - [MESSAGE][INFO] - Checking test data id

2023-07-21 19:38:59 - [MESSAGE][INFO] - Finding test data with id 'Data Files/image'

2023-07-21 19:38:59 - [MESSAGE][INFO] - Test data is internal data, reading internal data

2023-07-21 19:38:59 - [MESSAGE][INFO] - Checking called Test Case

2023-07-21 19:38:59 - [MESSAGE][INFO] - Starting to call Test Case 'Test Cases/secondhand-web/Pages/Homepage - Add Product/Upload Product Images'

2023-07-21 19:38:59 - [TEST_CASE][PASSED] - Test Cases/secondhand-web/Pages/Homepage - Add Product/Upload Product Images: Test Cases/secondhand-web/Pages/Homepage - Add Product/Upload Product Images

2023-07-21 19:38:59 - [TEST_STEP][PASSED] - waitForElementVisible(findTestObject("secondhand-web/Add Product/upload image"), 3): Object 'Object Repository/secondhand-web/Add Product/upload image' is not visible after 3 second(s)

2023-07-21 19:38:59 - [MESSAGE][INFO] - Finding Test Object 'Object Repository/secondhand-web/Add Product/upload image'

2023-07-21 19:38:59 - [MESSAGE][INFO] - Checking object

2023-07-21 19:38:59 - [MESSAGE][INFO] - Checking timeout

2023-07-21 19:38:59 - [MESSAGE][INFO] - Finding web element from Test Object's properties

2023-07-21 19:38:59 - [MESSAGE][INFO] - Checking timeout

2023-07-21 19:38:59 - [MESSAGE][INFO] - Finding web element with id: 'Object Repository/secondhand-web/Add Product/upload image' located by 'By.xpath: //input[@type="file"]' in '3' second(s)

2023-07-21 19:38:59 - [MESSAGE][INFO] - Smart Wait Function is triggered

2023-07-21 19:39:00 - [MESSAGE][INFO] - Found 1 web elements with id: 'Object Repository/secondhand-web/Add Product/upload image' located by 'By.xpath: //input[@type="file"]' in '3' second(s)

2023-07-21 19:39:03 - [MESSAGE][WARNING] - Object 'Object Repository/secondhand-web/Add Product/upload image' is not visible after 3 second(s)

2023-07-21 19:39:03 - [TEST_STEP][PASSED] - uploadFile(findTestObject("secondhand-web/Add Product/upload image"), "C:\\Users\\mhmdr\\Desktop\\SQA-Wave9-Kelompok2\\Data Files\\image\\1.jpg"): File 'C:\\Users\\mhmdr\\Desktop\\SQA-Wave9-Kelompok2\\Data Files\\image\\1.jpg' sent to object: 'Object Repository/secondhand-web/Add Product/upload image'

2023-07-21 19:39:03 - [MESSAGE][INFO] - Finding Test Object 'Object Repository/secondhand-web/Add Product/upload image'

2023-07-21 19:39:03 - [MESSAGE][INFO] - Checking object

2023-07-21 19:39:03 - [MESSAGE][INFO] - Uploading file 'C:\\Users\\mhmdr\\Desktop\\SQA-Wave9-Kelompok2\\Data Files\\image\\1.jpg' to object: 'Object Repository/secondhand-web/Add Product/upload image'

2023-07-21 19:39:03 - [MESSAGE][INFO] - Finding web element from Test Object's properties

2023-07-21 19:39:03 - [MESSAGE][INFO] - Checking timeout

2023-07-21 19:39:03 - [MESSAGE][INFO] - Finding web element with id: 'Object Repository/secondhand-web/Add Product/upload image' located by 'By.xpath: //input[@type="file"]' in '30' second(s)

2023-07-21 19:39:03 - [MESSAGE][INFO] - Smart Wait Function is triggered

2023-07-21 19:39:03 - [MESSAGE][INFO] - Found 1 web elements with id: 'Object Repository/secondhand-web/Add Product/upload image' located by 'By.xpath: //input[@type="file"]' in '30' second(s)

2023-07-21 19:39:03 - [MESSAGE][PASSED] - File 'C:\\Users\\mhmdr\\Desktop\\SQA-Wave9-Kelompok2\\Data Files\\image\\1.jpg' sent to object: 'Object Repository/secondhand-web/Add Product/upload image'

2023-07-21 19:39:03 - [TEST_STEP][PASSED] - takeScreenshot(): Taking screenshot successfully

2023-07-21 19:39:03 - [MESSAGE][INFO] - Smart Wait Function is triggered

2023-07-21 19:39:04 - [MESSAGE][PASSED] - Taking screenshot successfully
[[ATTACHMENT|C:\\Users\\mhmdr\\Desktop\\SQA-Wave9-Kelompok2\\Reports\\20230721_193836\\secondhand-web\\Feature Homepage Add Product\\20230721_193837\\1689943144048.png]]

2023-07-21 19:39:04 - [MESSAGE][PASSED] - Call Test Case 'Test Cases/secondhand-web/Pages/Homepage - Add Product/Upload Product Images' successfully

2023-07-21 19:39:04 - [TEST_STEP][PASSED] - callTestCase(findTestCase("secondhand-web/Pages/Homepage - Add Product/Click button add or terbitkan"), [:], STOP_ON_FAILURE): Call Test Case 'Test Cases/secondhand-web/Pages/Homepage - Add Product/Click button add or terbitkan' successfully

2023-07-21 19:39:04 - [MESSAGE][INFO] - Checking called Test Case

2023-07-21 19:39:04 - [MESSAGE][INFO] - Starting to call Test Case 'Test Cases/secondhand-web/Pages/Homepage - Add Product/Click button add or terbitkan'

2023-07-21 19:39:04 - [TEST_CASE][PASSED] - Test Cases/secondhand-web/Pages/Homepage - Add Product/Click button add or terbitkan: Test Cases/secondhand-web/Pages/Homepage - Add Product/Click button add or terbitkan

2023-07-21 19:39:04 - [TEST_STEP][PASSED] - verifyElementVisible(findTestObject("secondhand-web/Add Product/button add or terbitkan")): Object 'Object Repository/secondhand-web/Add Product/button add or terbitkan' is visible

2023-07-21 19:39:04 - [MESSAGE][INFO] - Finding Test Object 'Object Repository/secondhand-web/Add Product/button add or terbitkan'

2023-07-21 19:39:04 - [MESSAGE][INFO] - Checking object

2023-07-21 19:39:04 - [MESSAGE][INFO] - Finding web element from Test Object's properties

2023-07-21 19:39:04 - [MESSAGE][INFO] - Checking timeout

2023-07-21 19:39:04 - [MESSAGE][INFO] - Finding web element with id: 'Object Repository/secondhand-web/Add Product/button add or terbitkan' located by 'By.xpath: //label[@for="product_status_published"]' in '30' second(s)

2023-07-21 19:39:04 - [MESSAGE][INFO] - Smart Wait Function is triggered

2023-07-21 19:39:04 - [MESSAGE][INFO] - Found 1 web elements with id: 'Object Repository/secondhand-web/Add Product/button add or terbitkan' located by 'By.xpath: //label[@for="product_status_published"]' in '30' second(s)

2023-07-21 19:39:04 - [MESSAGE][PASSED] - Object 'Object Repository/secondhand-web/Add Product/button add or terbitkan' is visible

2023-07-21 19:39:04 - [TEST_STEP][PASSED] - click(findTestObject("secondhand-web/Add Product/button add or terbitkan")): Object: 'Object Repository/secondhand-web/Add Product/button add or terbitkan' is clicked on

2023-07-21 19:39:04 - [MESSAGE][INFO] - Finding Test Object 'Object Repository/secondhand-web/Add Product/button add or terbitkan'

2023-07-21 19:39:04 - [MESSAGE][INFO] - Checking object

2023-07-21 19:39:04 - [MESSAGE][INFO] - Checking timeout

2023-07-21 19:39:04 - [MESSAGE][INFO] - Finding web element from Test Object's properties

2023-07-21 19:39:04 - [MESSAGE][INFO] - Checking timeout

2023-07-21 19:39:04 - [MESSAGE][INFO] - Finding web element with id: 'Object Repository/secondhand-web/Add Product/button add or terbitkan' located by 'By.xpath: //label[@for="product_status_published"]' in '30' second(s)

2023-07-21 19:39:04 - [MESSAGE][INFO] - Smart Wait Function is triggered

2023-07-21 19:39:05 - [MESSAGE][INFO] - Found 1 web elements with id: 'Object Repository/secondhand-web/Add Product/button add or terbitkan' located by 'By.xpath: //label[@for="product_status_published"]' in '30' second(s)

2023-07-21 19:39:05 - [MESSAGE][INFO] - Clicking on object: 'Object Repository/secondhand-web/Add Product/button add or terbitkan'

2023-07-21 19:39:06 - [MESSAGE][INFO] - Unable to click the Test Object, 30 second(s) remain to retry.

2023-07-21 19:39:08 - [MESSAGE][PASSED] - Object: 'Object Repository/secondhand-web/Add Product/button add or terbitkan' is clicked on

2023-07-21 19:39:08 - [TEST_STEP][PASSED] - takeScreenshot(): Taking screenshot successfully

2023-07-21 19:39:08 - [MESSAGE][INFO] - Smart Wait Function is triggered

2023-07-21 19:39:09 - [MESSAGE][PASSED] - Taking screenshot successfully
[[ATTACHMENT|C:\\Users\\mhmdr\\Desktop\\SQA-Wave9-Kelompok2\\Reports\\20230721_193836\\secondhand-web\\Feature Homepage Add Product\\20230721_193837\\1689943149111.png]]

2023-07-21 19:39:09 - [MESSAGE][PASSED] - Call Test Case 'Test Cases/secondhand-web/Pages/Homepage - Add Product/Click button add or terbitkan' successfully

2023-07-21 19:39:09 - [TEST_STEP][PASSED] - callTestCase(findTestCase("secondhand-web/Common/Close Web"), [:], STOP_ON_FAILURE): Call Test Case 'Test Cases/secondhand-web/Common/Close Web' successfully

2023-07-21 19:39:09 - [MESSAGE][INFO] - Checking called Test Case

2023-07-21 19:39:09 - [MESSAGE][INFO] - Starting to call Test Case 'Test Cases/secondhand-web/Common/Close Web'

2023-07-21 19:39:09 - [TEST_CASE][PASSED] - Test Cases/secondhand-web/Common/Close Web: Test Cases/secondhand-web/Common/Close Web

2023-07-21 19:39:09 - [TEST_STEP][PASSED] - closeBrowser(): Browser is closed

2023-07-21 19:39:09 - [MESSAGE][INFO] - Closing browser

2023-07-21 19:39:10 - [MESSAGE][PASSED] - Browser is closed

2023-07-21 19:39:10 - [MESSAGE][PASSED] - Call Test Case 'Test Cases/secondhand-web/Common/Close Web' successfully]]></system-out>
         <system-err><![CDATA[]]></system-err>
      </testcase>
      <testcase name="Test Cases/secondhand-web/Step Definition/Feature Homepage - Add Product/PRODADD002 - user should be abe to add product with blank" time="25.828" classname="Test Cases/secondhand-web/Step Definition/Feature Homepage - Add Product/PRODADD002 - user should be abe to add product with blank" status="PASSED">
         <system-out><![CDATA[2023-07-21 19:39:10 - [TEST_CASE][PASSED] - Test Cases/secondhand-web/Step Definition/Feature Homepage - Add Product/PRODADD002 - user should be abe to add product with blank: Test Cases/secondhand-web/Step Definition/Feature Homepage - Add Product/PRODADD002 - user should be abe to add product with blank

2023-07-21 19:39:10 - [TEST_STEP][PASSED] - callTestCase(findTestCase("secondhand-web/Common/Launch Web"), [:], STOP_ON_FAILURE): Call Test Case 'Test Cases/secondhand-web/Common/Launch Web' successfully

2023-07-21 19:39:10 - [MESSAGE][INFO] - Checking called Test Case

2023-07-21 19:39:10 - [MESSAGE][INFO] - Starting to call Test Case 'Test Cases/secondhand-web/Common/Launch Web'

2023-07-21 19:39:10 - [TEST_CASE][PASSED] - Test Cases/secondhand-web/Common/Launch Web: Test Cases/secondhand-web/Common/Launch Web

2023-07-21 19:39:10 - [TEST_STEP][PASSED] - openBrowser(""): Browser is opened with url: ''

2023-07-21 19:39:10 - [MESSAGE][INFO] - Opening browser

2023-07-21 19:39:10 - [MESSAGE][INFO] - Starting 'Chrome' driver

2023-07-21 19:39:10 - [MESSAGE][INFO] - Action delay is set to 0 milliseconds

2023-07-21 19:39:12 - [MESSAGE][PASSED] - Browser is opened with url: ''

2023-07-21 19:39:12 - [TEST_STEP][PASSED] - maximizeWindow(): Current window maximized

2023-07-21 19:39:12 - [MESSAGE][INFO] - Maximizing current window

2023-07-21 19:39:12 - [MESSAGE][PASSED] - Current window maximized

2023-07-21 19:39:12 - [MESSAGE][PASSED] - Call Test Case 'Test Cases/secondhand-web/Common/Launch Web' successfully

2023-07-21 19:39:12 - [TEST_STEP][PASSED] - callTestCase(findTestCase("secondhand-web/Common/Navigate To Web"), [:], STOP_ON_FAILURE): Call Test Case 'Test Cases/secondhand-web/Common/Navigate To Web' successfully

2023-07-21 19:39:12 - [MESSAGE][INFO] - Checking called Test Case

2023-07-21 19:39:12 - [MESSAGE][INFO] - Starting to call Test Case 'Test Cases/secondhand-web/Common/Navigate To Web'

2023-07-21 19:39:12 - [TEST_CASE][PASSED] - Test Cases/secondhand-web/Common/Navigate To Web: Test Cases/secondhand-web/Common/Navigate To Web

2023-07-21 19:39:12 - [TEST_STEP][PASSED] - navigateToUrl(baseUrl): Navigate to 'https://secondhand.binaracademy.org/' successfully

2023-07-21 19:39:12 - [MESSAGE][INFO] - Checking url

2023-07-21 19:39:12 - [MESSAGE][INFO] - Navigating to 'https://secondhand.binaracademy.org/'

2023-07-21 19:39:13 - [MESSAGE][PASSED] - Navigate to 'https://secondhand.binaracademy.org/' successfully

2023-07-21 19:39:13 - [MESSAGE][PASSED] - Call Test Case 'Test Cases/secondhand-web/Common/Navigate To Web' successfully

2023-07-21 19:39:13 - [TEST_STEP][PASSED] - callTestCase(findTestCase("secondhand-web/Pages/User Login/Click Button Masuk"), [:], STOP_ON_FAILURE): Call Test Case 'Test Cases/secondhand-web/Pages/User Login/Click Button Masuk' successfully

2023-07-21 19:39:13 - [MESSAGE][INFO] - Checking called Test Case

2023-07-21 19:39:13 - [MESSAGE][INFO] - Starting to call Test Case 'Test Cases/secondhand-web/Pages/User Login/Click Button Masuk'

2023-07-21 19:39:13 - [TEST_CASE][PASSED] - Test Cases/secondhand-web/Pages/User Login/Click Button Masuk: Test Cases/secondhand-web/Pages/User Login/Click Button Masuk

2023-07-21 19:39:13 - [TEST_STEP][PASSED] - verifyElementVisible(findTestObject("secondhand-web/Login/Click Button Masuk"), STOP_ON_FAILURE): Object 'Object Repository/secondhand-web/Login/Click Button Masuk' is visible

2023-07-21 19:39:13 - [MESSAGE][INFO] - Finding Test Object 'Object Repository/secondhand-web/Login/Click Button Masuk'

2023-07-21 19:39:13 - [MESSAGE][INFO] - Checking object

2023-07-21 19:39:13 - [MESSAGE][INFO] - Finding web element from Test Object's properties

2023-07-21 19:39:13 - [MESSAGE][INFO] - Checking timeout

2023-07-21 19:39:13 - [MESSAGE][INFO] - Finding web element with id: 'Object Repository/secondhand-web/Login/Click Button Masuk' located by 'By.xpath: //div[@id='navbarSupportedContent']/div/a' in '30' second(s)

2023-07-21 19:39:13 - [MESSAGE][INFO] - Smart Wait Function is triggered

2023-07-21 19:39:13 - [MESSAGE][INFO] - Found 1 web elements with id: 'Object Repository/secondhand-web/Login/Click Button Masuk' located by 'By.xpath: //div[@id='navbarSupportedContent']/div/a' in '30' second(s)

2023-07-21 19:39:13 - [MESSAGE][PASSED] - Object 'Object Repository/secondhand-web/Login/Click Button Masuk' is visible

2023-07-21 19:39:13 - [TEST_STEP][PASSED] - click(findTestObject("secondhand-web/Login/Click Button Masuk")): Object: 'Object Repository/secondhand-web/Login/Click Button Masuk' is clicked on

2023-07-21 19:39:13 - [MESSAGE][INFO] - Finding Test Object 'Object Repository/secondhand-web/Login/Click Button Masuk'

2023-07-21 19:39:13 - [MESSAGE][INFO] - Checking object

2023-07-21 19:39:13 - [MESSAGE][INFO] - Checking timeout

2023-07-21 19:39:13 - [MESSAGE][INFO] - Finding web element from Test Object's properties

2023-07-21 19:39:13 - [MESSAGE][INFO] - Checking timeout

2023-07-21 19:39:13 - [MESSAGE][INFO] - Finding web element with id: 'Object Repository/secondhand-web/Login/Click Button Masuk' located by 'By.xpath: //div[@id='navbarSupportedContent']/div/a' in '30' second(s)

2023-07-21 19:39:13 - [MESSAGE][INFO] - Smart Wait Function is triggered

2023-07-21 19:39:14 - [MESSAGE][INFO] - Found 1 web elements with id: 'Object Repository/secondhand-web/Login/Click Button Masuk' located by 'By.xpath: //div[@id='navbarSupportedContent']/div/a' in '30' second(s)

2023-07-21 19:39:14 - [MESSAGE][INFO] - Clicking on object: 'Object Repository/secondhand-web/Login/Click Button Masuk'

2023-07-21 19:39:14 - [MESSAGE][PASSED] - Object: 'Object Repository/secondhand-web/Login/Click Button Masuk' is clicked on

2023-07-21 19:39:14 - [MESSAGE][PASSED] - Call Test Case 'Test Cases/secondhand-web/Pages/User Login/Click Button Masuk' successfully

2023-07-21 19:39:14 - [TEST_STEP][PASSED] - callTestCase(findTestCase("secondhand-web/Pages/User Login/Input Email"), ["email":emailRizki], STOP_ON_FAILURE): Call Test Case 'Test Cases/secondhand-web/Pages/User Login/Input Email' successfully

2023-07-21 19:39:14 - [MESSAGE][INFO] - Checking called Test Case

2023-07-21 19:39:14 - [MESSAGE][INFO] - Starting to call Test Case 'Test Cases/secondhand-web/Pages/User Login/Input Email'

2023-07-21 19:39:14 - [TEST_CASE][PASSED] - Test Cases/secondhand-web/Pages/User Login/Input Email: Test Cases/secondhand-web/Pages/User Login/Input Email

2023-07-21 19:39:14 - [TEST_STEP][PASSED] - waitForElementVisible(findTestObject("secondhand-web/Login/Input_email"), 3): Object 'Object Repository/secondhand-web/Login/Input_email' is visible

2023-07-21 19:39:14 - [MESSAGE][INFO] - Finding Test Object 'Object Repository/secondhand-web/Login/Input_email'

2023-07-21 19:39:14 - [MESSAGE][INFO] - Checking object

2023-07-21 19:39:14 - [MESSAGE][INFO] - Checking timeout

2023-07-21 19:39:14 - [MESSAGE][INFO] - Finding web element from Test Object's properties

2023-07-21 19:39:14 - [MESSAGE][INFO] - Checking timeout

2023-07-21 19:39:14 - [MESSAGE][INFO] - Finding web element with id: 'Object Repository/secondhand-web/Login/Input_email' located by 'By.xpath: //input[@id='user_email']' in '3' second(s)

2023-07-21 19:39:14 - [MESSAGE][INFO] - Smart Wait Function is triggered

2023-07-21 19:39:14 - [MESSAGE][INFO] - Found 1 web elements with id: 'Object Repository/secondhand-web/Login/Input_email' located by 'By.xpath: //input[@id='user_email']' in '3' second(s)

2023-07-21 19:39:14 - [MESSAGE][PASSED] - Object 'Object Repository/secondhand-web/Login/Input_email' is visible

2023-07-21 19:39:14 - [TEST_STEP][PASSED] - setText(findTestObject("secondhand-web/Login/Input_email"), email): Text 'mhmdrizki250@gmail.com' is set on object 'Object Repository/secondhand-web/Login/Input_email'

2023-07-21 19:39:14 - [MESSAGE][INFO] - Finding Test Object 'Object Repository/secondhand-web/Login/Input_email'

2023-07-21 19:39:14 - [MESSAGE][INFO] - Checking object

2023-07-21 19:39:14 - [MESSAGE][INFO] - Checking text

2023-07-21 19:39:14 - [MESSAGE][INFO] - Finding web element from Test Object's properties

2023-07-21 19:39:14 - [MESSAGE][INFO] - Checking timeout

2023-07-21 19:39:14 - [MESSAGE][INFO] - Finding web element with id: 'Object Repository/secondhand-web/Login/Input_email' located by 'By.xpath: //input[@id='user_email']' in '30' second(s)

2023-07-21 19:39:14 - [MESSAGE][INFO] - Smart Wait Function is triggered

2023-07-21 19:39:14 - [MESSAGE][INFO] - Found 1 web elements with id: 'Object Repository/secondhand-web/Login/Input_email' located by 'By.xpath: //input[@id='user_email']' in '30' second(s)

2023-07-21 19:39:14 - [MESSAGE][INFO] - Clearing text of object 'Object Repository/secondhand-web/Login/Input_email'

2023-07-21 19:39:14 - [MESSAGE][INFO] - Finding web element from Test Object's properties

2023-07-21 19:39:14 - [MESSAGE][INFO] - Checking timeout

2023-07-21 19:39:14 - [MESSAGE][INFO] - Finding web element with id: 'Object Repository/secondhand-web/Login/Input_email' located by 'By.xpath: //input[@id='user_email']' in '30' second(s)

2023-07-21 19:39:14 - [MESSAGE][INFO] - Smart Wait Function is triggered

2023-07-21 19:39:15 - [MESSAGE][INFO] - Found 1 web elements with id: 'Object Repository/secondhand-web/Login/Input_email' located by 'By.xpath: //input[@id='user_email']' in '30' second(s)

2023-07-21 19:39:15 - [MESSAGE][INFO] - Setting text of object 'Object Repository/secondhand-web/Login/Input_email' to value 'mhmdrizki250@gmail.com'

2023-07-21 19:39:15 - [MESSAGE][PASSED] - Text 'mhmdrizki250@gmail.com' is set on object 'Object Repository/secondhand-web/Login/Input_email'

2023-07-21 19:39:15 - [TEST_STEP][PASSED] - takeScreenshot(): Taking screenshot successfully

2023-07-21 19:39:15 - [MESSAGE][INFO] - Smart Wait Function is triggered

2023-07-21 19:39:16 - [MESSAGE][PASSED] - Taking screenshot successfully
[[ATTACHMENT|C:\\Users\\mhmdr\\Desktop\\SQA-Wave9-Kelompok2\\Reports\\20230721_193836\\secondhand-web\\Feature Homepage Add Product\\20230721_193837\\1689943155534.png]]

2023-07-21 19:39:16 - [MESSAGE][PASSED] - Call Test Case 'Test Cases/secondhand-web/Pages/User Login/Input Email' successfully

2023-07-21 19:39:16 - [TEST_STEP][PASSED] - callTestCase(findTestCase("secondhand-web/Pages/User Login/Input Password"), ["password":passwordRizki], STOP_ON_FAILURE): Call Test Case 'Test Cases/secondhand-web/Pages/User Login/Input Password' successfully

2023-07-21 19:39:16 - [MESSAGE][INFO] - Checking called Test Case

2023-07-21 19:39:16 - [MESSAGE][INFO] - Starting to call Test Case 'Test Cases/secondhand-web/Pages/User Login/Input Password'

2023-07-21 19:39:16 - [TEST_CASE][PASSED] - Test Cases/secondhand-web/Pages/User Login/Input Password: Test Cases/secondhand-web/Pages/User Login/Input Password

2023-07-21 19:39:16 - [TEST_STEP][PASSED] - waitForElementVisible(findTestObject("secondhand-web/Login/Input_password"), 3): Object 'Object Repository/secondhand-web/Login/Input_password' is visible

2023-07-21 19:39:16 - [MESSAGE][INFO] - Finding Test Object 'Object Repository/secondhand-web/Login/Input_password'

2023-07-21 19:39:16 - [MESSAGE][INFO] - Checking object

2023-07-21 19:39:16 - [MESSAGE][INFO] - Checking timeout

2023-07-21 19:39:16 - [MESSAGE][INFO] - Finding web element from Test Object's properties

2023-07-21 19:39:16 - [MESSAGE][INFO] - Checking timeout

2023-07-21 19:39:16 - [MESSAGE][INFO] - Finding web element with id: 'Object Repository/secondhand-web/Login/Input_password' located by 'By.xpath: //input[@id='user_password']' in '3' second(s)

2023-07-21 19:39:16 - [MESSAGE][INFO] - Smart Wait Function is triggered

2023-07-21 19:39:16 - [MESSAGE][INFO] - Found 1 web elements with id: 'Object Repository/secondhand-web/Login/Input_password' located by 'By.xpath: //input[@id='user_password']' in '3' second(s)

2023-07-21 19:39:16 - [MESSAGE][PASSED] - Object 'Object Repository/secondhand-web/Login/Input_password' is visible

2023-07-21 19:39:16 - [TEST_STEP][PASSED] - setText(findTestObject("secondhand-web/Login/Input_password"), password): Text 'Kiki123456789' is set on object 'Object Repository/secondhand-web/Login/Input_password'

2023-07-21 19:39:16 - [MESSAGE][INFO] - Finding Test Object 'Object Repository/secondhand-web/Login/Input_password'

2023-07-21 19:39:16 - [MESSAGE][INFO] - Checking object

2023-07-21 19:39:16 - [MESSAGE][INFO] - Checking text

2023-07-21 19:39:16 - [MESSAGE][INFO] - Finding web element from Test Object's properties

2023-07-21 19:39:16 - [MESSAGE][INFO] - Checking timeout

2023-07-21 19:39:16 - [MESSAGE][INFO] - Finding web element with id: 'Object Repository/secondhand-web/Login/Input_password' located by 'By.xpath: //input[@id='user_password']' in '30' second(s)

2023-07-21 19:39:16 - [MESSAGE][INFO] - Smart Wait Function is triggered

2023-07-21 19:39:16 - [MESSAGE][INFO] - Found 1 web elements with id: 'Object Repository/secondhand-web/Login/Input_password' located by 'By.xpath: //input[@id='user_password']' in '30' second(s)

2023-07-21 19:39:16 - [MESSAGE][INFO] - Clearing text of object 'Object Repository/secondhand-web/Login/Input_password'

2023-07-21 19:39:16 - [MESSAGE][INFO] - Finding web element from Test Object's properties

2023-07-21 19:39:16 - [MESSAGE][INFO] - Checking timeout

2023-07-21 19:39:16 - [MESSAGE][INFO] - Finding web element with id: 'Object Repository/secondhand-web/Login/Input_password' located by 'By.xpath: //input[@id='user_password']' in '30' second(s)

2023-07-21 19:39:16 - [MESSAGE][INFO] - Smart Wait Function is triggered

2023-07-21 19:39:17 - [MESSAGE][INFO] - Found 1 web elements with id: 'Object Repository/secondhand-web/Login/Input_password' located by 'By.xpath: //input[@id='user_password']' in '30' second(s)

2023-07-21 19:39:17 - [MESSAGE][INFO] - Setting text of object 'Object Repository/secondhand-web/Login/Input_password' to value 'Kiki123456789'

2023-07-21 19:39:17 - [MESSAGE][PASSED] - Text 'Kiki123456789' is set on object 'Object Repository/secondhand-web/Login/Input_password'

2023-07-21 19:39:17 - [TEST_STEP][PASSED] - takeScreenshot(): Taking screenshot successfully

2023-07-21 19:39:17 - [MESSAGE][INFO] - Smart Wait Function is triggered

2023-07-21 19:39:18 - [MESSAGE][PASSED] - Taking screenshot successfully
[[ATTACHMENT|C:\\Users\\mhmdr\\Desktop\\SQA-Wave9-Kelompok2\\Reports\\20230721_193836\\secondhand-web\\Feature Homepage Add Product\\20230721_193837\\1689943157458.png]]

2023-07-21 19:39:18 - [MESSAGE][PASSED] - Call Test Case 'Test Cases/secondhand-web/Pages/User Login/Input Password' successfully

2023-07-21 19:39:18 - [TEST_STEP][PASSED] - callTestCase(findTestCase("secondhand-web/Pages/User Login/Button Masuk"), [:], STOP_ON_FAILURE): Call Test Case 'Test Cases/secondhand-web/Pages/User Login/Button Masuk' successfully

2023-07-21 19:39:18 - [MESSAGE][INFO] - Checking called Test Case

2023-07-21 19:39:18 - [MESSAGE][INFO] - Starting to call Test Case 'Test Cases/secondhand-web/Pages/User Login/Button Masuk'

2023-07-21 19:39:18 - [TEST_CASE][PASSED] - Test Cases/secondhand-web/Pages/User Login/Button Masuk: Test Cases/secondhand-web/Pages/User Login/Button Masuk

2023-07-21 19:39:18 - [TEST_STEP][PASSED] - verifyElementVisible(findTestObject("secondhand-web/Login/Button Masuk"), STOP_ON_FAILURE): Object 'Object Repository/secondhand-web/Login/Button Masuk' is visible

2023-07-21 19:39:18 - [MESSAGE][INFO] - Finding Test Object 'Object Repository/secondhand-web/Login/Button Masuk'

2023-07-21 19:39:18 - [MESSAGE][INFO] - Checking object

2023-07-21 19:39:18 - [MESSAGE][INFO] - Finding web element from Test Object's properties

2023-07-21 19:39:18 - [MESSAGE][INFO] - Checking timeout

2023-07-21 19:39:18 - [MESSAGE][INFO] - Finding web element with id: 'Object Repository/secondhand-web/Login/Button Masuk' located by 'By.xpath: //input[@name='commit']' in '30' second(s)

2023-07-21 19:39:18 - [MESSAGE][INFO] - Smart Wait Function is triggered

2023-07-21 19:39:18 - [MESSAGE][INFO] - Found 1 web elements with id: 'Object Repository/secondhand-web/Login/Button Masuk' located by 'By.xpath: //input[@name='commit']' in '30' second(s)

2023-07-21 19:39:18 - [MESSAGE][PASSED] - Object 'Object Repository/secondhand-web/Login/Button Masuk' is visible

2023-07-21 19:39:18 - [TEST_STEP][PASSED] - click(findTestObject("secondhand-web/Login/Button Masuk")): Object: 'Object Repository/secondhand-web/Login/Button Masuk' is clicked on

2023-07-21 19:39:18 - [MESSAGE][INFO] - Finding Test Object 'Object Repository/secondhand-web/Login/Button Masuk'

2023-07-21 19:39:18 - [MESSAGE][INFO] - Checking object

2023-07-21 19:39:18 - [MESSAGE][INFO] - Checking timeout

2023-07-21 19:39:18 - [MESSAGE][INFO] - Finding web element from Test Object's properties

2023-07-21 19:39:18 - [MESSAGE][INFO] - Checking timeout

2023-07-21 19:39:18 - [MESSAGE][INFO] - Finding web element with id: 'Object Repository/secondhand-web/Login/Button Masuk' located by 'By.xpath: //input[@name='commit']' in '30' second(s)

2023-07-21 19:39:18 - [MESSAGE][INFO] - Smart Wait Function is triggered

2023-07-21 19:39:18 - [MESSAGE][INFO] - Found 1 web elements with id: 'Object Repository/secondhand-web/Login/Button Masuk' located by 'By.xpath: //input[@name='commit']' in '30' second(s)

2023-07-21 19:39:18 - [MESSAGE][INFO] - Clicking on object: 'Object Repository/secondhand-web/Login/Button Masuk'

2023-07-21 19:39:18 - [MESSAGE][PASSED] - Object: 'Object Repository/secondhand-web/Login/Button Masuk' is clicked on

2023-07-21 19:39:18 - [MESSAGE][PASSED] - Call Test Case 'Test Cases/secondhand-web/Pages/User Login/Button Masuk' successfully

2023-07-21 19:39:18 - [TEST_STEP][PASSED] - callTestCase(findTestCase("secondhand-web/Pages/Homepage - Add Product/Click button jual"), [:], STOP_ON_FAILURE): Call Test Case 'Test Cases/secondhand-web/Pages/Homepage - Add Product/Click button jual' successfully

2023-07-21 19:39:18 - [MESSAGE][INFO] - Checking called Test Case

2023-07-21 19:39:18 - [MESSAGE][INFO] - Starting to call Test Case 'Test Cases/secondhand-web/Pages/Homepage - Add Product/Click button jual'

2023-07-21 19:39:18 - [TEST_CASE][PASSED] - Test Cases/secondhand-web/Pages/Homepage - Add Product/Click button jual: Test Cases/secondhand-web/Pages/Homepage - Add Product/Click button jual

2023-07-21 19:39:18 - [TEST_STEP][PASSED] - verifyElementVisible(findTestObject("secondhand-web/Homepage/Button_Jual")): Object 'Object Repository/secondhand-web/Homepage/Button_Jual' is visible

2023-07-21 19:39:18 - [MESSAGE][INFO] - Finding Test Object 'Object Repository/secondhand-web/Homepage/Button_Jual'

2023-07-21 19:39:18 - [MESSAGE][INFO] - Checking object

2023-07-21 19:39:18 - [MESSAGE][INFO] - Finding web element from Test Object's properties

2023-07-21 19:39:18 - [MESSAGE][INFO] - Checking timeout

2023-07-21 19:39:18 - [MESSAGE][INFO] - Finding web element with id: 'Object Repository/secondhand-web/Homepage/Button_Jual' located by 'By.xpath: (.//*[normalize-space(text()) and normalize-space(.)='Next →'])[1]/following::a[1]' in '30' second(s)

2023-07-21 19:39:18 - [MESSAGE][INFO] - Smart Wait Function is triggered

2023-07-21 19:39:19 - [MESSAGE][INFO] - Found 1 web elements with id: 'Object Repository/secondhand-web/Homepage/Button_Jual' located by 'By.xpath: (.//*[normalize-space(text()) and normalize-space(.)='Next →'])[1]/following::a[1]' in '30' second(s)

2023-07-21 19:39:19 - [MESSAGE][PASSED] - Object 'Object Repository/secondhand-web/Homepage/Button_Jual' is visible

2023-07-21 19:39:19 - [TEST_STEP][PASSED] - click(findTestObject("secondhand-web/Homepage/Button_Jual")): Object: 'Object Repository/secondhand-web/Homepage/Button_Jual' is clicked on

2023-07-21 19:39:19 - [MESSAGE][INFO] - Finding Test Object 'Object Repository/secondhand-web/Homepage/Button_Jual'

2023-07-21 19:39:19 - [MESSAGE][INFO] - Checking object

2023-07-21 19:39:19 - [MESSAGE][INFO] - Checking timeout

2023-07-21 19:39:19 - [MESSAGE][INFO] - Finding web element from Test Object's properties

2023-07-21 19:39:19 - [MESSAGE][INFO] - Checking timeout

2023-07-21 19:39:19 - [MESSAGE][INFO] - Finding web element with id: 'Object Repository/secondhand-web/Homepage/Button_Jual' located by 'By.xpath: (.//*[normalize-space(text()) and normalize-space(.)='Next →'])[1]/following::a[1]' in '30' second(s)

2023-07-21 19:39:19 - [MESSAGE][INFO] - Smart Wait Function is triggered

2023-07-21 19:39:20 - [MESSAGE][INFO] - Found 1 web elements with id: 'Object Repository/secondhand-web/Homepage/Button_Jual' located by 'By.xpath: (.//*[normalize-space(text()) and normalize-space(.)='Next →'])[1]/following::a[1]' in '30' second(s)

2023-07-21 19:39:20 - [MESSAGE][INFO] - Clicking on object: 'Object Repository/secondhand-web/Homepage/Button_Jual'

2023-07-21 19:39:20 - [MESSAGE][PASSED] - Object: 'Object Repository/secondhand-web/Homepage/Button_Jual' is clicked on

2023-07-21 19:39:20 - [TEST_STEP][PASSED] - takeScreenshot(): Taking screenshot successfully

2023-07-21 19:39:20 - [MESSAGE][INFO] - Smart Wait Function is triggered

2023-07-21 19:39:20 - [MESSAGE][PASSED] - Taking screenshot successfully
[[ATTACHMENT|C:\\Users\\mhmdr\\Desktop\\SQA-Wave9-Kelompok2\\Reports\\20230721_193836\\secondhand-web\\Feature Homepage Add Product\\20230721_193837\\1689943160517.png]]

2023-07-21 19:39:20 - [MESSAGE][PASSED] - Call Test Case 'Test Cases/secondhand-web/Pages/Homepage - Add Product/Click button jual' successfully

2023-07-21 19:39:20 - [TEST_STEP][PASSED] - callTestCase(findTestCase("secondhand-web/Pages/Homepage - Add Product/Input Product Name"), ["product_name":""], STOP_ON_FAILURE): Call Test Case 'Test Cases/secondhand-web/Pages/Homepage - Add Product/Input Product Name' successfully

2023-07-21 19:39:20 - [MESSAGE][INFO] - Checking called Test Case

2023-07-21 19:39:20 - [MESSAGE][INFO] - Starting to call Test Case 'Test Cases/secondhand-web/Pages/Homepage - Add Product/Input Product Name'

2023-07-21 19:39:20 - [TEST_CASE][PASSED] - Test Cases/secondhand-web/Pages/Homepage - Add Product/Input Product Name: Test Cases/secondhand-web/Pages/Homepage - Add Product/Input Product Name

2023-07-21 19:39:20 - [TEST_STEP][PASSED] - waitForElementVisible(findTestObject("secondhand-web/Add Product/input product name"), 0): Object 'Object Repository/secondhand-web/Add Product/input product name' is visible

2023-07-21 19:39:20 - [MESSAGE][INFO] - Finding Test Object 'Object Repository/secondhand-web/Add Product/input product name'

2023-07-21 19:39:20 - [MESSAGE][INFO] - Checking object

2023-07-21 19:39:20 - [MESSAGE][INFO] - Checking timeout

2023-07-21 19:39:20 - [MESSAGE][WARNING] - Timeout '0' is invalid. Using default page load timeout: '30'

2023-07-21 19:39:20 - [MESSAGE][INFO] - Finding web element from Test Object's properties

2023-07-21 19:39:20 - [MESSAGE][INFO] - Checking timeout

2023-07-21 19:39:20 - [MESSAGE][INFO] - Finding web element with id: 'Object Repository/secondhand-web/Add Product/input product name' located by 'By.xpath: //input[@id='product_name']' in '30' second(s)

2023-07-21 19:39:20 - [MESSAGE][INFO] - Smart Wait Function is triggered

2023-07-21 19:39:20 - [MESSAGE][INFO] - Found 1 web elements with id: 'Object Repository/secondhand-web/Add Product/input product name' located by 'By.xpath: //input[@id='product_name']' in '30' second(s)

2023-07-21 19:39:20 - [MESSAGE][PASSED] - Object 'Object Repository/secondhand-web/Add Product/input product name' is visible

2023-07-21 19:39:21 - [TEST_STEP][PASSED] - setText(findTestObject("secondhand-web/Add Product/input product name"), product_name): Text '' is set on object 'Object Repository/secondhand-web/Add Product/input product name'

2023-07-21 19:39:21 - [MESSAGE][INFO] - Finding Test Object 'Object Repository/secondhand-web/Add Product/input product name'

2023-07-21 19:39:21 - [MESSAGE][INFO] - Checking object

2023-07-21 19:39:21 - [MESSAGE][INFO] - Checking text

2023-07-21 19:39:21 - [MESSAGE][INFO] - Finding web element from Test Object's properties

2023-07-21 19:39:21 - [MESSAGE][INFO] - Checking timeout

2023-07-21 19:39:21 - [MESSAGE][INFO] - Finding web element with id: 'Object Repository/secondhand-web/Add Product/input product name' located by 'By.xpath: //input[@id='product_name']' in '30' second(s)

2023-07-21 19:39:21 - [MESSAGE][INFO] - Smart Wait Function is triggered

2023-07-21 19:39:21 - [MESSAGE][INFO] - Found 1 web elements with id: 'Object Repository/secondhand-web/Add Product/input product name' located by 'By.xpath: //input[@id='product_name']' in '30' second(s)

2023-07-21 19:39:21 - [MESSAGE][INFO] - Clearing text of object 'Object Repository/secondhand-web/Add Product/input product name'

2023-07-21 19:39:21 - [MESSAGE][INFO] - Finding web element from Test Object's properties

2023-07-21 19:39:21 - [MESSAGE][INFO] - Checking timeout

2023-07-21 19:39:21 - [MESSAGE][INFO] - Finding web element with id: 'Object Repository/secondhand-web/Add Product/input product name' located by 'By.xpath: //input[@id='product_name']' in '30' second(s)

2023-07-21 19:39:21 - [MESSAGE][INFO] - Smart Wait Function is triggered

2023-07-21 19:39:21 - [MESSAGE][INFO] - Found 1 web elements with id: 'Object Repository/secondhand-web/Add Product/input product name' located by 'By.xpath: //input[@id='product_name']' in '30' second(s)

2023-07-21 19:39:21 - [MESSAGE][INFO] - Setting text of object 'Object Repository/secondhand-web/Add Product/input product name' to value ''

2023-07-21 19:39:21 - [MESSAGE][PASSED] - Text '' is set on object 'Object Repository/secondhand-web/Add Product/input product name'

2023-07-21 19:39:21 - [TEST_STEP][PASSED] - takeScreenshot(): Taking screenshot successfully

2023-07-21 19:39:21 - [MESSAGE][INFO] - Smart Wait Function is triggered

2023-07-21 19:39:22 - [MESSAGE][PASSED] - Taking screenshot successfully
[[ATTACHMENT|C:\\Users\\mhmdr\\Desktop\\SQA-Wave9-Kelompok2\\Reports\\20230721_193836\\secondhand-web\\Feature Homepage Add Product\\20230721_193837\\1689943161905.png]]

2023-07-21 19:39:22 - [MESSAGE][PASSED] - Call Test Case 'Test Cases/secondhand-web/Pages/Homepage - Add Product/Input Product Name' successfully

2023-07-21 19:39:22 - [TEST_STEP][PASSED] - callTestCase(findTestCase("secondhand-web/Pages/Homepage - Add Product/Input Product Price"), ["product_price":""], STOP_ON_FAILURE): Call Test Case 'Test Cases/secondhand-web/Pages/Homepage - Add Product/Input Product Price' successfully

2023-07-21 19:39:22 - [MESSAGE][INFO] - Checking called Test Case

2023-07-21 19:39:22 - [MESSAGE][INFO] - Starting to call Test Case 'Test Cases/secondhand-web/Pages/Homepage - Add Product/Input Product Price'

2023-07-21 19:39:22 - [TEST_CASE][PASSED] - Test Cases/secondhand-web/Pages/Homepage - Add Product/Input Product Price: Test Cases/secondhand-web/Pages/Homepage - Add Product/Input Product Price

2023-07-21 19:39:22 - [TEST_STEP][PASSED] - waitForElementPresent(findTestObject("secondhand-web/Add Product/input product price"), 3): Object 'Object Repository/secondhand-web/Add Product/input product price' is present

2023-07-21 19:39:22 - [MESSAGE][INFO] - Finding Test Object 'Object Repository/secondhand-web/Add Product/input product price'

2023-07-21 19:39:22 - [MESSAGE][INFO] - Checking object

2023-07-21 19:39:22 - [MESSAGE][INFO] - Finding web element from Test Object's properties

2023-07-21 19:39:22 - [MESSAGE][INFO] - Checking timeout

2023-07-21 19:39:22 - [MESSAGE][INFO] - Finding web element with id: 'Object Repository/secondhand-web/Add Product/input product price' located by 'By.xpath: //input[@id='product_price']' in '3' second(s)

2023-07-21 19:39:22 - [MESSAGE][INFO] - Smart Wait Function is triggered

2023-07-21 19:39:22 - [MESSAGE][INFO] - Found 1 web elements with id: 'Object Repository/secondhand-web/Add Product/input product price' located by 'By.xpath: //input[@id='product_price']' in '3' second(s)

2023-07-21 19:39:22 - [MESSAGE][PASSED] - Object 'Object Repository/secondhand-web/Add Product/input product price' is present

2023-07-21 19:39:22 - [TEST_STEP][PASSED] - setText(findTestObject("secondhand-web/Add Product/input product price"), product_price): Text '' is set on object 'Object Repository/secondhand-web/Add Product/input product price'

2023-07-21 19:39:22 - [MESSAGE][INFO] - Finding Test Object 'Object Repository/secondhand-web/Add Product/input product price'

2023-07-21 19:39:22 - [MESSAGE][INFO] - Checking object

2023-07-21 19:39:22 - [MESSAGE][INFO] - Checking text

2023-07-21 19:39:22 - [MESSAGE][INFO] - Finding web element from Test Object's properties

2023-07-21 19:39:22 - [MESSAGE][INFO] - Checking timeout

2023-07-21 19:39:22 - [MESSAGE][INFO] - Finding web element with id: 'Object Repository/secondhand-web/Add Product/input product price' located by 'By.xpath: //input[@id='product_price']' in '30' second(s)

2023-07-21 19:39:22 - [MESSAGE][INFO] - Smart Wait Function is triggered

2023-07-21 19:39:22 - [MESSAGE][INFO] - Found 1 web elements with id: 'Object Repository/secondhand-web/Add Product/input product price' located by 'By.xpath: //input[@id='product_price']' in '30' second(s)

2023-07-21 19:39:22 - [MESSAGE][INFO] - Clearing text of object 'Object Repository/secondhand-web/Add Product/input product price'

2023-07-21 19:39:22 - [MESSAGE][INFO] - Finding web element from Test Object's properties

2023-07-21 19:39:22 - [MESSAGE][INFO] - Checking timeout

2023-07-21 19:39:22 - [MESSAGE][INFO] - Finding web element with id: 'Object Repository/secondhand-web/Add Product/input product price' located by 'By.xpath: //input[@id='product_price']' in '30' second(s)

2023-07-21 19:39:22 - [MESSAGE][INFO] - Smart Wait Function is triggered

2023-07-21 19:39:22 - [MESSAGE][INFO] - Found 1 web elements with id: 'Object Repository/secondhand-web/Add Product/input product price' located by 'By.xpath: //input[@id='product_price']' in '30' second(s)

2023-07-21 19:39:22 - [MESSAGE][INFO] - Setting text of object 'Object Repository/secondhand-web/Add Product/input product price' to value ''

2023-07-21 19:39:23 - [MESSAGE][PASSED] - Text '' is set on object 'Object Repository/secondhand-web/Add Product/input product price'

2023-07-21 19:39:23 - [TEST_STEP][PASSED] - takeScreenshot(): Taking screenshot successfully

2023-07-21 19:39:23 - [MESSAGE][INFO] - Smart Wait Function is triggered

2023-07-21 19:39:23 - [MESSAGE][PASSED] - Taking screenshot successfully
[[ATTACHMENT|C:\\Users\\mhmdr\\Desktop\\SQA-Wave9-Kelompok2\\Reports\\20230721_193836\\secondhand-web\\Feature Homepage Add Product\\20230721_193837\\1689943163265.png]]

2023-07-21 19:39:23 - [MESSAGE][PASSED] - Call Test Case 'Test Cases/secondhand-web/Pages/Homepage - Add Product/Input Product Price' successfully

2023-07-21 19:39:23 - [TEST_STEP][PASSED] - callTestCase(findTestCase("secondhand-web/Pages/Homepage - Add Product/Select Product Category"), ["category_value":""], STOP_ON_FAILURE): Call Test Case 'Test Cases/secondhand-web/Pages/Homepage - Add Product/Select Product Category' successfully

2023-07-21 19:39:23 - [MESSAGE][INFO] - Checking called Test Case

2023-07-21 19:39:23 - [MESSAGE][INFO] - Starting to call Test Case 'Test Cases/secondhand-web/Pages/Homepage - Add Product/Select Product Category'

2023-07-21 19:39:23 - [TEST_CASE][PASSED] - Test Cases/secondhand-web/Pages/Homepage - Add Product/Select Product Category: Test Cases/secondhand-web/Pages/Homepage - Add Product/Select Product Category

2023-07-21 19:39:23 - [TEST_STEP][PASSED] - waitForElementVisible(findTestObject("secondhand-web/Add Product/dropdown category"), 0): Object 'Object Repository/secondhand-web/Add Product/dropdown category' is visible

2023-07-21 19:39:23 - [MESSAGE][INFO] - Finding Test Object 'Object Repository/secondhand-web/Add Product/dropdown category'

2023-07-21 19:39:23 - [MESSAGE][INFO] - Checking object

2023-07-21 19:39:23 - [MESSAGE][INFO] - Checking timeout

2023-07-21 19:39:23 - [MESSAGE][WARNING] - Timeout '0' is invalid. Using default page load timeout: '30'

2023-07-21 19:39:23 - [MESSAGE][INFO] - Finding web element from Test Object's properties

2023-07-21 19:39:23 - [MESSAGE][INFO] - Checking timeout

2023-07-21 19:39:23 - [MESSAGE][INFO] - Finding web element with id: 'Object Repository/secondhand-web/Add Product/dropdown category' located by 'By.xpath: //select[@id="product_category_id"]' in '30' second(s)

2023-07-21 19:39:23 - [MESSAGE][INFO] - Smart Wait Function is triggered

2023-07-21 19:39:23 - [MESSAGE][INFO] - Found 1 web elements with id: 'Object Repository/secondhand-web/Add Product/dropdown category' located by 'By.xpath: //select[@id="product_category_id"]' in '30' second(s)

2023-07-21 19:39:23 - [MESSAGE][PASSED] - Object 'Object Repository/secondhand-web/Add Product/dropdown category' is visible

2023-07-21 19:39:23 - [TEST_STEP][PASSED] - selectOptionByValue(findTestObject("secondhand-web/Add Product/dropdown category"), category_value, false): All options with value '' are selected in object 'Object Repository/secondhand-web/Add Product/dropdown category' 

2023-07-21 19:39:23 - [MESSAGE][INFO] - Finding Test Object 'Object Repository/secondhand-web/Add Product/dropdown category'

2023-07-21 19:39:23 - [MESSAGE][INFO] - Checking object

2023-07-21 19:39:23 - [MESSAGE][INFO] - Checking value parameter

2023-07-21 19:39:23 - [MESSAGE][INFO] - Finding web element from Test Object's properties

2023-07-21 19:39:23 - [MESSAGE][INFO] - Checking timeout

2023-07-21 19:39:23 - [MESSAGE][INFO] - Finding web element with id: 'Object Repository/secondhand-web/Add Product/dropdown category' located by 'By.xpath: //select[@id="product_category_id"]' in '30' second(s)

2023-07-21 19:39:23 - [MESSAGE][INFO] - Smart Wait Function is triggered

2023-07-21 19:39:24 - [MESSAGE][INFO] - Found 1 web elements with id: 'Object Repository/secondhand-web/Add Product/dropdown category' located by 'By.xpath: //select[@id="product_category_id"]' in '30' second(s)

2023-07-21 19:39:24 - [MESSAGE][INFO] - Selecting options on object 'Object Repository/secondhand-web/Add Product/dropdown category' with value ''

2023-07-21 19:39:24 - [MESSAGE][INFO] - Smart Wait Function is triggered

2023-07-21 19:39:24 - [MESSAGE][PASSED] - All options with value '' are selected in object 'Object Repository/secondhand-web/Add Product/dropdown category' 

2023-07-21 19:39:24 - [TEST_STEP][PASSED] - takeScreenshot(): Taking screenshot successfully

2023-07-21 19:39:24 - [MESSAGE][INFO] - Smart Wait Function is triggered

2023-07-21 19:39:24 - [MESSAGE][PASSED] - Taking screenshot successfully
[[ATTACHMENT|C:\\Users\\mhmdr\\Desktop\\SQA-Wave9-Kelompok2\\Reports\\20230721_193836\\secondhand-web\\Feature Homepage Add Product\\20230721_193837\\1689943164599.png]]

2023-07-21 19:39:24 - [MESSAGE][PASSED] - Call Test Case 'Test Cases/secondhand-web/Pages/Homepage - Add Product/Select Product Category' successfully

2023-07-21 19:39:24 - [TEST_STEP][PASSED] - callTestCase(findTestCase("secondhand-web/Pages/Homepage - Add Product/Input Product Description"), ["product_desc":""], STOP_ON_FAILURE): Call Test Case 'Test Cases/secondhand-web/Pages/Homepage - Add Product/Input Product Description' successfully

2023-07-21 19:39:24 - [MESSAGE][INFO] - Checking called Test Case

2023-07-21 19:39:24 - [MESSAGE][INFO] - Starting to call Test Case 'Test Cases/secondhand-web/Pages/Homepage - Add Product/Input Product Description'

2023-07-21 19:39:24 - [TEST_CASE][PASSED] - Test Cases/secondhand-web/Pages/Homepage - Add Product/Input Product Description: Test Cases/secondhand-web/Pages/Homepage - Add Product/Input Product Description

2023-07-21 19:39:24 - [TEST_STEP][PASSED] - waitForElementVisible(findTestObject("secondhand-web/Add Product/input product description"), 0): Object 'Object Repository/secondhand-web/Add Product/input product description' is visible

2023-07-21 19:39:24 - [MESSAGE][INFO] - Finding Test Object 'Object Repository/secondhand-web/Add Product/input product description'

2023-07-21 19:39:24 - [MESSAGE][INFO] - Checking object

2023-07-21 19:39:24 - [MESSAGE][INFO] - Checking timeout

2023-07-21 19:39:24 - [MESSAGE][WARNING] - Timeout '0' is invalid. Using default page load timeout: '30'

2023-07-21 19:39:24 - [MESSAGE][INFO] - Finding web element from Test Object's properties

2023-07-21 19:39:24 - [MESSAGE][INFO] - Checking timeout

2023-07-21 19:39:24 - [MESSAGE][INFO] - Finding web element with id: 'Object Repository/secondhand-web/Add Product/input product description' located by 'By.xpath: //textarea[@id='product_description']' in '30' second(s)

2023-07-21 19:39:24 - [MESSAGE][INFO] - Smart Wait Function is triggered

2023-07-21 19:39:25 - [MESSAGE][INFO] - Found 1 web elements with id: 'Object Repository/secondhand-web/Add Product/input product description' located by 'By.xpath: //textarea[@id='product_description']' in '30' second(s)

2023-07-21 19:39:25 - [MESSAGE][PASSED] - Object 'Object Repository/secondhand-web/Add Product/input product description' is visible

2023-07-21 19:39:25 - [TEST_STEP][PASSED] - setText(findTestObject("secondhand-web/Add Product/input product description"), product_desc): Text '' is set on object 'Object Repository/secondhand-web/Add Product/input product description'

2023-07-21 19:39:25 - [MESSAGE][INFO] - Finding Test Object 'Object Repository/secondhand-web/Add Product/input product description'

2023-07-21 19:39:25 - [MESSAGE][INFO] - Checking object

2023-07-21 19:39:25 - [MESSAGE][INFO] - Checking text

2023-07-21 19:39:25 - [MESSAGE][INFO] - Finding web element from Test Object's properties

2023-07-21 19:39:25 - [MESSAGE][INFO] - Checking timeout

2023-07-21 19:39:25 - [MESSAGE][INFO] - Finding web element with id: 'Object Repository/secondhand-web/Add Product/input product description' located by 'By.xpath: //textarea[@id='product_description']' in '30' second(s)

2023-07-21 19:39:25 - [MESSAGE][INFO] - Smart Wait Function is triggered

2023-07-21 19:39:25 - [MESSAGE][INFO] - Found 1 web elements with id: 'Object Repository/secondhand-web/Add Product/input product description' located by 'By.xpath: //textarea[@id='product_description']' in '30' second(s)

2023-07-21 19:39:25 - [MESSAGE][INFO] - Clearing text of object 'Object Repository/secondhand-web/Add Product/input product description'

2023-07-21 19:39:25 - [MESSAGE][INFO] - Finding web element from Test Object's properties

2023-07-21 19:39:25 - [MESSAGE][INFO] - Checking timeout

2023-07-21 19:39:25 - [MESSAGE][INFO] - Finding web element with id: 'Object Repository/secondhand-web/Add Product/input product description' located by 'By.xpath: //textarea[@id='product_description']' in '30' second(s)

2023-07-21 19:39:25 - [MESSAGE][INFO] - Smart Wait Function is triggered

2023-07-21 19:39:25 - [MESSAGE][INFO] - Found 1 web elements with id: 'Object Repository/secondhand-web/Add Product/input product description' located by 'By.xpath: //textarea[@id='product_description']' in '30' second(s)

2023-07-21 19:39:25 - [MESSAGE][INFO] - Setting text of object 'Object Repository/secondhand-web/Add Product/input product description' to value ''

2023-07-21 19:39:25 - [MESSAGE][PASSED] - Text '' is set on object 'Object Repository/secondhand-web/Add Product/input product description'

2023-07-21 19:39:25 - [TEST_STEP][PASSED] - takeScreenshot(): Taking screenshot successfully

2023-07-21 19:39:25 - [MESSAGE][INFO] - Smart Wait Function is triggered

2023-07-21 19:39:26 - [MESSAGE][PASSED] - Taking screenshot successfully
[[ATTACHMENT|C:\\Users\\mhmdr\\Desktop\\SQA-Wave9-Kelompok2\\Reports\\20230721_193836\\secondhand-web\\Feature Homepage Add Product\\20230721_193837\\1689943165952.png]]

2023-07-21 19:39:26 - [MESSAGE][PASSED] - Call Test Case 'Test Cases/secondhand-web/Pages/Homepage - Add Product/Input Product Description' successfully

2023-07-21 19:39:26 - [TEST_STEP][PASSED] - callTestCase(findTestCase("secondhand-web/Pages/Homepage - Add Product/Upload Product Images"), ["product_image":""], STOP_ON_FAILURE): Call Test Case 'Test Cases/secondhand-web/Pages/Homepage - Add Product/Upload Product Images' successfully

2023-07-21 19:39:26 - [MESSAGE][INFO] - Checking called Test Case

2023-07-21 19:39:26 - [MESSAGE][INFO] - Starting to call Test Case 'Test Cases/secondhand-web/Pages/Homepage - Add Product/Upload Product Images'

2023-07-21 19:39:26 - [TEST_CASE][PASSED] - Test Cases/secondhand-web/Pages/Homepage - Add Product/Upload Product Images: Test Cases/secondhand-web/Pages/Homepage - Add Product/Upload Product Images

2023-07-21 19:39:26 - [TEST_STEP][PASSED] - waitForElementVisible(findTestObject("secondhand-web/Add Product/upload image"), 3): Object 'Object Repository/secondhand-web/Add Product/upload image' is not visible after 3 second(s)

2023-07-21 19:39:26 - [MESSAGE][INFO] - Finding Test Object 'Object Repository/secondhand-web/Add Product/upload image'

2023-07-21 19:39:26 - [MESSAGE][INFO] - Checking object

2023-07-21 19:39:26 - [MESSAGE][INFO] - Checking timeout

2023-07-21 19:39:26 - [MESSAGE][INFO] - Finding web element from Test Object's properties

2023-07-21 19:39:26 - [MESSAGE][INFO] - Checking timeout

2023-07-21 19:39:26 - [MESSAGE][INFO] - Finding web element with id: 'Object Repository/secondhand-web/Add Product/upload image' located by 'By.xpath: //input[@type="file"]' in '3' second(s)

2023-07-21 19:39:26 - [MESSAGE][INFO] - Smart Wait Function is triggered

2023-07-21 19:39:26 - [MESSAGE][INFO] - Found 1 web elements with id: 'Object Repository/secondhand-web/Add Product/upload image' located by 'By.xpath: //input[@type="file"]' in '3' second(s)

2023-07-21 19:39:29 - [MESSAGE][WARNING] - Object 'Object Repository/secondhand-web/Add Product/upload image' is not visible after 3 second(s)

2023-07-21 19:39:29 - [TEST_STEP][PASSED] - uploadFile(findTestObject("secondhand-web/Add Product/upload image"), "C:\\Users\\mhmdr\\Desktop\\SQA-Wave9-Kelompok2\\Data Files\\image\\1.jpg"): File 'C:\\Users\\mhmdr\\Desktop\\SQA-Wave9-Kelompok2\\Data Files\\image\\1.jpg' sent to object: 'Object Repository/secondhand-web/Add Product/upload image'

2023-07-21 19:39:29 - [MESSAGE][INFO] - Finding Test Object 'Object Repository/secondhand-web/Add Product/upload image'

2023-07-21 19:39:29 - [MESSAGE][INFO] - Checking object

2023-07-21 19:39:29 - [MESSAGE][INFO] - Uploading file 'C:\\Users\\mhmdr\\Desktop\\SQA-Wave9-Kelompok2\\Data Files\\image\\1.jpg' to object: 'Object Repository/secondhand-web/Add Product/upload image'

2023-07-21 19:39:29 - [MESSAGE][INFO] - Finding web element from Test Object's properties

2023-07-21 19:39:29 - [MESSAGE][INFO] - Checking timeout

2023-07-21 19:39:29 - [MESSAGE][INFO] - Finding web element with id: 'Object Repository/secondhand-web/Add Product/upload image' located by 'By.xpath: //input[@type="file"]' in '30' second(s)

2023-07-21 19:39:29 - [MESSAGE][INFO] - Smart Wait Function is triggered

2023-07-21 19:39:29 - [MESSAGE][INFO] - Found 1 web elements with id: 'Object Repository/secondhand-web/Add Product/upload image' located by 'By.xpath: //input[@type="file"]' in '30' second(s)

2023-07-21 19:39:29 - [MESSAGE][PASSED] - File 'C:\\Users\\mhmdr\\Desktop\\SQA-Wave9-Kelompok2\\Data Files\\image\\1.jpg' sent to object: 'Object Repository/secondhand-web/Add Product/upload image'

2023-07-21 19:39:29 - [TEST_STEP][PASSED] - takeScreenshot(): Taking screenshot successfully

2023-07-21 19:39:29 - [MESSAGE][INFO] - Smart Wait Function is triggered

2023-07-21 19:39:30 - [MESSAGE][PASSED] - Taking screenshot successfully
[[ATTACHMENT|C:\\Users\\mhmdr\\Desktop\\SQA-Wave9-Kelompok2\\Reports\\20230721_193836\\secondhand-web\\Feature Homepage Add Product\\20230721_193837\\1689943170167.png]]

2023-07-21 19:39:30 - [MESSAGE][PASSED] - Call Test Case 'Test Cases/secondhand-web/Pages/Homepage - Add Product/Upload Product Images' successfully

2023-07-21 19:39:30 - [TEST_STEP][PASSED] - callTestCase(findTestCase("secondhand-web/Pages/Homepage - Add Product/Click button add or terbitkan"), [:], STOP_ON_FAILURE): Call Test Case 'Test Cases/secondhand-web/Pages/Homepage - Add Product/Click button add or terbitkan' successfully

2023-07-21 19:39:30 - [MESSAGE][INFO] - Checking called Test Case

2023-07-21 19:39:30 - [MESSAGE][INFO] - Starting to call Test Case 'Test Cases/secondhand-web/Pages/Homepage - Add Product/Click button add or terbitkan'

2023-07-21 19:39:30 - [TEST_CASE][PASSED] - Test Cases/secondhand-web/Pages/Homepage - Add Product/Click button add or terbitkan: Test Cases/secondhand-web/Pages/Homepage - Add Product/Click button add or terbitkan

2023-07-21 19:39:30 - [TEST_STEP][PASSED] - verifyElementVisible(findTestObject("secondhand-web/Add Product/button add or terbitkan")): Object 'Object Repository/secondhand-web/Add Product/button add or terbitkan' is visible

2023-07-21 19:39:30 - [MESSAGE][INFO] - Finding Test Object 'Object Repository/secondhand-web/Add Product/button add or terbitkan'

2023-07-21 19:39:30 - [MESSAGE][INFO] - Checking object

2023-07-21 19:39:30 - [MESSAGE][INFO] - Finding web element from Test Object's properties

2023-07-21 19:39:30 - [MESSAGE][INFO] - Checking timeout

2023-07-21 19:39:30 - [MESSAGE][INFO] - Finding web element with id: 'Object Repository/secondhand-web/Add Product/button add or terbitkan' located by 'By.xpath: //label[@for="product_status_published"]' in '30' second(s)

2023-07-21 19:39:30 - [MESSAGE][INFO] - Smart Wait Function is triggered

2023-07-21 19:39:30 - [MESSAGE][INFO] - Found 1 web elements with id: 'Object Repository/secondhand-web/Add Product/button add or terbitkan' located by 'By.xpath: //label[@for="product_status_published"]' in '30' second(s)

2023-07-21 19:39:30 - [MESSAGE][PASSED] - Object 'Object Repository/secondhand-web/Add Product/button add or terbitkan' is visible

2023-07-21 19:39:30 - [TEST_STEP][PASSED] - click(findTestObject("secondhand-web/Add Product/button add or terbitkan")): Object: 'Object Repository/secondhand-web/Add Product/button add or terbitkan' is clicked on

2023-07-21 19:39:30 - [MESSAGE][INFO] - Finding Test Object 'Object Repository/secondhand-web/Add Product/button add or terbitkan'

2023-07-21 19:39:30 - [MESSAGE][INFO] - Checking object

2023-07-21 19:39:30 - [MESSAGE][INFO] - Checking timeout

2023-07-21 19:39:30 - [MESSAGE][INFO] - Finding web element from Test Object's properties

2023-07-21 19:39:30 - [MESSAGE][INFO] - Checking timeout

2023-07-21 19:39:30 - [MESSAGE][INFO] - Finding web element with id: 'Object Repository/secondhand-web/Add Product/button add or terbitkan' located by 'By.xpath: //label[@for="product_status_published"]' in '30' second(s)

2023-07-21 19:39:30 - [MESSAGE][INFO] - Smart Wait Function is triggered

2023-07-21 19:39:30 - [MESSAGE][INFO] - Found 1 web elements with id: 'Object Repository/secondhand-web/Add Product/button add or terbitkan' located by 'By.xpath: //label[@for="product_status_published"]' in '30' second(s)

2023-07-21 19:39:30 - [MESSAGE][INFO] - Clicking on object: 'Object Repository/secondhand-web/Add Product/button add or terbitkan'

2023-07-21 19:39:32 - [MESSAGE][INFO] - Unable to click the Test Object, 30 second(s) remain to retry.

2023-07-21 19:39:33 - [MESSAGE][PASSED] - Object: 'Object Repository/secondhand-web/Add Product/button add or terbitkan' is clicked on

2023-07-21 19:39:33 - [TEST_STEP][PASSED] - takeScreenshot(): Taking screenshot successfully

2023-07-21 19:39:33 - [MESSAGE][INFO] - Smart Wait Function is triggered

2023-07-21 19:39:34 - [MESSAGE][PASSED] - Taking screenshot successfully
[[ATTACHMENT|C:\\Users\\mhmdr\\Desktop\\SQA-Wave9-Kelompok2\\Reports\\20230721_193836\\secondhand-web\\Feature Homepage Add Product\\20230721_193837\\1689943174356.png]]

2023-07-21 19:39:34 - [MESSAGE][PASSED] - Call Test Case 'Test Cases/secondhand-web/Pages/Homepage - Add Product/Click button add or terbitkan' successfully

2023-07-21 19:39:34 - [TEST_STEP][PASSED] - callTestCase(findTestCase("secondhand-web/Pages/Homepage - Add Product/Error Messages Blank"), ["expected":errorMessagePrice], STOP_ON_FAILURE): Call Test Case 'Test Cases/secondhand-web/Pages/Homepage - Add Product/Error Messages Blank' successfully

2023-07-21 19:39:34 - [MESSAGE][INFO] - Checking called Test Case

2023-07-21 19:39:34 - [MESSAGE][INFO] - Starting to call Test Case 'Test Cases/secondhand-web/Pages/Homepage - Add Product/Error Messages Blank'

2023-07-21 19:39:34 - [TEST_CASE][PASSED] - Test Cases/secondhand-web/Pages/Homepage - Add Product/Error Messages Blank: Test Cases/secondhand-web/Pages/Homepage - Add Product/Error Messages Blank

2023-07-21 19:39:34 - [TEST_STEP][PASSED] - verifyElementPresent(findTestObject("secondhand-web/Add Product/error message price"), 3): Object 'Object Repository/secondhand-web/Add Product/error message price' is present

2023-07-21 19:39:34 - [MESSAGE][INFO] - Finding Test Object 'Object Repository/secondhand-web/Add Product/error message price'

2023-07-21 19:39:34 - [MESSAGE][INFO] - Checking object

2023-07-21 19:39:34 - [MESSAGE][INFO] - Finding web element from Test Object's properties

2023-07-21 19:39:34 - [MESSAGE][INFO] - Checking timeout

2023-07-21 19:39:34 - [MESSAGE][INFO] - Finding web element with id: 'Object Repository/secondhand-web/Add Product/error message price' located by 'By.xpath: (.//*[normalize-space(text()) and normalize-space(.)='Harga Produk'])[1]/following::div[2]' in '3' second(s)

2023-07-21 19:39:34 - [MESSAGE][INFO] - Smart Wait Function is triggered

2023-07-21 19:39:35 - [MESSAGE][INFO] - Found 1 web elements with id: 'Object Repository/secondhand-web/Add Product/error message price' located by 'By.xpath: (.//*[normalize-space(text()) and normalize-space(.)='Harga Produk'])[1]/following::div[2]' in '3' second(s)

2023-07-21 19:39:35 - [MESSAGE][PASSED] - Object 'Object Repository/secondhand-web/Add Product/error message price' is present

2023-07-21 19:39:35 - [TEST_STEP][PASSED] - errorText = getText(findTestObject("secondhand-web/Add Product/error message price")): Text of object 'Object Repository/secondhand-web/Add Product/error message price' is: 'Price can't be blank'

2023-07-21 19:39:35 - [MESSAGE][INFO] - Finding Test Object 'Object Repository/secondhand-web/Add Product/error message price'

2023-07-21 19:39:35 - [MESSAGE][INFO] - Checking object

2023-07-21 19:39:35 - [MESSAGE][INFO] - Finding web element from Test Object's properties

2023-07-21 19:39:35 - [MESSAGE][INFO] - Checking timeout

2023-07-21 19:39:35 - [MESSAGE][INFO] - Finding web element with id: 'Object Repository/secondhand-web/Add Product/error message price' located by 'By.xpath: (.//*[normalize-space(text()) and normalize-space(.)='Harga Produk'])[1]/following::div[2]' in '30' second(s)

2023-07-21 19:39:35 - [MESSAGE][INFO] - Smart Wait Function is triggered

2023-07-21 19:39:35 - [MESSAGE][INFO] - Found 1 web elements with id: 'Object Repository/secondhand-web/Add Product/error message price' located by 'By.xpath: (.//*[normalize-space(text()) and normalize-space(.)='Harga Produk'])[1]/following::div[2]' in '30' second(s)

2023-07-21 19:39:35 - [MESSAGE][INFO] - Getting text of object 'Object Repository/secondhand-web/Add Product/error message price'

2023-07-21 19:39:35 - [MESSAGE][PASSED] - Text of object 'Object Repository/secondhand-web/Add Product/error message price' is: 'Price can't be blank'

2023-07-21 19:39:35 - [TEST_STEP][PASSED] - logInfo(): 

2023-07-21 19:39:35 - [MESSAGE][INFO] - 

2023-07-21 19:39:35 - [TEST_STEP][PASSED] - verifyMatch(errorText, expected, false): Actual text 'Price can't be blank' and expected text 'Price can't be blank' are matched 

2023-07-21 19:39:35 - [MESSAGE][INFO] - Matching actual text 'Price can't be blank' with expected text 'Price can't be blank'

2023-07-21 19:39:35 - [MESSAGE][PASSED] - Actual text 'Price can't be blank' and expected text 'Price can't be blank' are matched 

2023-07-21 19:39:35 - [MESSAGE][PASSED] - Call Test Case 'Test Cases/secondhand-web/Pages/Homepage - Add Product/Error Messages Blank' successfully

2023-07-21 19:39:35 - [TEST_STEP][PASSED] - callTestCase(findTestCase("secondhand-web/Common/Close Web"), [:], STOP_ON_FAILURE): Call Test Case 'Test Cases/secondhand-web/Common/Close Web' successfully

2023-07-21 19:39:35 - [MESSAGE][INFO] - Checking called Test Case

2023-07-21 19:39:35 - [MESSAGE][INFO] - Starting to call Test Case 'Test Cases/secondhand-web/Common/Close Web'

2023-07-21 19:39:35 - [TEST_CASE][PASSED] - Test Cases/secondhand-web/Common/Close Web: Test Cases/secondhand-web/Common/Close Web

2023-07-21 19:39:35 - [TEST_STEP][PASSED] - closeBrowser(): Browser is closed

2023-07-21 19:39:35 - [MESSAGE][INFO] - Closing browser

2023-07-21 19:39:36 - [MESSAGE][PASSED] - Browser is closed

2023-07-21 19:39:36 - [MESSAGE][PASSED] - Call Test Case 'Test Cases/secondhand-web/Common/Close Web' successfully]]></system-out>
         <system-err><![CDATA[]]></system-err>
      </testcase>
      <system-out><![CDATA[2023-07-21 19:38:39 - [TEST_SUITE][PASSED] - Feature Homepage Add Product: Test Cases/secondhand-web/Step Definition/Feature Homepage - Add Product/PRODADD002 - user should be abe to add product with blank]]></system-out>
      <system-err><![CDATA[]]></system-err>
   </testsuite>
</testsuites>
