<?xml version="1.0" encoding="UTF-8"?>
<testsuites name="Feature My Order" time="25.81" tests="1" failures="0" errors="0">
   <testsuite name="Feature My Order" tests="1" failures="0" errors="0" time="25.81" skipped="0" timestamp="2023-07-24 20:30:34" hostname="User - WINDOWS-5V2O60F" id="Test Suites/secondhand-app/Feature My Order">
      <properties>
         <property name="deviceName" value="samsung SM-M315F (Android 12)"/>
         <property name="devicePlatform" value=""/>
         <property name="logFolder" value="C:\\Users\\User\\SQA-Wave9-Kelompok2\\Reports\\20230724_203031\\secondhand-app\\Feature My Order\\20230724_203031"/>
         <property name="logFiles" value="C:\\Users\\User\\SQA-Wave9-Kelompok2\\Reports\\20230724_203031\\secondhand-app\\Feature My Order\\20230724_203031\\appium.log, C:\\Users\\User\\SQA-Wave9-Kelompok2\\Reports\\20230724_203031\\secondhand-app\\Feature My Order\\20230724_203031\\execution0.log"/>
         <property name="attachments" value=""/>
         <property name="hostName" value="User - WINDOWS-5V2O60F"/>
         <property name="os" value="Windows 10 64bit"/>
         <property name="appiumServerStatus" value="{&quot;value&quot;:{&quot;build&quot;:{&quot;version&quot;:&quot;1.22.3&quot;}},&quot;sessionId&quot;:null,&quot;status&quot;:0}"/>
         <property name="katalonVersion" value="8.6.5.208"/>
         <property name="deviceOS" value="Android"/>
         <property name="appiumVersion" value="1.22.3"/>
         <property name="deviceModel" value="SM-M315F"/>
         <property name="hostAddress" value="192.168.50.93"/>
         <property name="deviceManufacturer" value="samsung"/>
         <property name="deviceId" value="RR8N3082NVW"/>
         <property name="deviceName" value="samsung SM-M315F (Android 12)"/>
         <property name="deviceOSVersion" value="12"/>
      </properties>
      <testcase name="Test Cases/secondhand-app/Step Definition/Feature My Order/MO001 - user be able to successfully open to My Order page" time="25.417" classname="Test Cases/secondhand-app/Step Definition/Feature My Order/MO001 - user be able to successfully open to My Order page" status="PASSED">
         <system-out><![CDATA[2023-07-24 20:30:35 - [TEST_CASE][PASSED] - Test Cases/secondhand-app/Step Definition/Feature My Order/MO001 - user be able to successfully open to My Order page: Test Cases/secondhand-app/Step Definition/Feature My Order/MO001 - user be able to successfully open to My Order page

2023-07-24 20:30:35 - [TEST_STEP][PASSED] - startApplication("androidapp/app-release-second-hand-gcp.apk", false): Started app at: 'C:\Users\User\SQA-Wave9-Kelompok2\androidapp\app-release-second-hand-gcp.apk'

2023-07-24 20:30:36 - [MESSAGE][INFO] - Starting app at: 'C:\Users\User\SQA-Wave9-Kelompok2\androidapp\app-release-second-hand-gcp.apk'

2023-07-24 20:30:36 - [MESSAGE][INFO] - Detected NodeJS location: "C:\Program Files\nodejs\node.exe"

2023-07-24 20:30:38 - [MESSAGE][INFO] - Appium server started on port 51,211

2023-07-24 20:30:52 - [MESSAGE][PASSED] - Started app at: 'C:\Users\User\SQA-Wave9-Kelompok2\androidapp\app-release-second-hand-gcp.apk'

2023-07-24 20:30:52 - [TEST_STEP][PASSED] - callTestCase(findTestCase("secondhand-app/Pages/My Sell List/Button Akun"), [:], STOP_ON_FAILURE): Call Test Case 'Test Cases/secondhand-app/Pages/My Sell List/Button Akun' successfully

2023-07-24 20:30:52 - [MESSAGE][INFO] - Checking called Test Case

2023-07-24 20:30:52 - [MESSAGE][INFO] - Starting to call Test Case 'Test Cases/secondhand-app/Pages/My Sell List/Button Akun'

2023-07-24 20:30:52 - [TEST_CASE][PASSED] - Test Cases/secondhand-app/Pages/My Sell List/Button Akun: Test Cases/secondhand-app/Pages/My Sell List/Button Akun

2023-07-24 20:30:53 - [TEST_STEP][PASSED] - waitForElementPresent(findTestObject("secondhand-app/Page My Sell List/android.widget.TextView - Akun"), 2): Element 'Object Repository/secondhand-app/Page My Sell List/android.widget.TextView - Akun' is present

2023-07-24 20:30:53 - [MESSAGE][INFO] - Finding Test Object 'Object Repository/secondhand-app/Page My Sell List/android.widget.TextView - Akun'

2023-07-24 20:30:53 - [MESSAGE][INFO] - Checking object

2023-07-24 20:30:53 - [MESSAGE][INFO] - Checking timeout

2023-07-24 20:30:56 - [MESSAGE][PASSED] - Element 'Object Repository/secondhand-app/Page My Sell List/android.widget.TextView - Akun' is present

2023-07-24 20:30:56 - [TEST_STEP][PASSED] - tap(findTestObject("secondhand-app/Page My Sell List/android.widget.TextView - Akun"), 2, STOP_ON_FAILURE): Tapped on element 'Object Repository/secondhand-app/Page My Sell List/android.widget.TextView - Akun'

2023-07-24 20:30:56 - [MESSAGE][INFO] - Finding Test Object 'Object Repository/secondhand-app/Page My Sell List/android.widget.TextView - Akun'

2023-07-24 20:30:56 - [MESSAGE][INFO] - Checking object

2023-07-24 20:30:56 - [MESSAGE][INFO] - Checking timeout

2023-07-24 20:30:58 - [MESSAGE][PASSED] - Tapped on element 'Object Repository/secondhand-app/Page My Sell List/android.widget.TextView - Akun'

2023-07-24 20:30:58 - [MESSAGE][PASSED] - Call Test Case 'Test Cases/secondhand-app/Pages/My Sell List/Button Akun' successfully

2023-07-24 20:30:58 - [TEST_STEP][PASSED] - callTestCase(findTestCase("secondhand-app/Pages/My Order/Pesanan Saya"), [:], STOP_ON_FAILURE): Call Test Case 'Test Cases/secondhand-app/Pages/My Order/Pesanan Saya' successfully

2023-07-24 20:30:58 - [MESSAGE][INFO] - Checking called Test Case

2023-07-24 20:30:58 - [MESSAGE][INFO] - Starting to call Test Case 'Test Cases/secondhand-app/Pages/My Order/Pesanan Saya'

2023-07-24 20:30:58 - [TEST_CASE][PASSED] - Test Cases/secondhand-app/Pages/My Order/Pesanan Saya: Test Cases/secondhand-app/Pages/My Order/Pesanan Saya

2023-07-24 20:30:59 - [TEST_STEP][PASSED] - waitForElementPresent(findTestObject("secondhand-app/Page My Order/android.widget.TextView - Pesanan Saya"), 2): Element 'Object Repository/secondhand-app/Page My Order/android.widget.TextView - Pesanan Saya' is present

2023-07-24 20:30:59 - [MESSAGE][INFO] - Finding Test Object 'Object Repository/secondhand-app/Page My Order/android.widget.TextView - Pesanan Saya'

2023-07-24 20:30:59 - [MESSAGE][INFO] - Checking object

2023-07-24 20:30:59 - [MESSAGE][INFO] - Checking timeout

2023-07-24 20:30:59 - [MESSAGE][PASSED] - Element 'Object Repository/secondhand-app/Page My Order/android.widget.TextView - Pesanan Saya' is present

2023-07-24 20:30:59 - [TEST_STEP][PASSED] - tap(findTestObject("secondhand-app/Page My Order/android.widget.TextView - Pesanan Saya"), 2, STOP_ON_FAILURE): Tapped on element 'Object Repository/secondhand-app/Page My Order/android.widget.TextView - Pesanan Saya'

2023-07-24 20:30:59 - [MESSAGE][INFO] - Finding Test Object 'Object Repository/secondhand-app/Page My Order/android.widget.TextView - Pesanan Saya'

2023-07-24 20:30:59 - [MESSAGE][INFO] - Checking object

2023-07-24 20:30:59 - [MESSAGE][INFO] - Checking timeout

2023-07-24 20:31:00 - [MESSAGE][PASSED] - Tapped on element 'Object Repository/secondhand-app/Page My Order/android.widget.TextView - Pesanan Saya'

2023-07-24 20:31:00 - [MESSAGE][PASSED] - Call Test Case 'Test Cases/secondhand-app/Pages/My Order/Pesanan Saya' successfully]]></system-out>
         <system-err><![CDATA[]]></system-err>
      </testcase>
      <system-out><![CDATA[2023-07-24 20:30:34 - [TEST_SUITE][PASSED] - Feature My Order: Test Cases/secondhand-app/Step Definition/Feature My Order/MO001 - user be able to successfully open to My Order page]]></system-out>
      <system-err><![CDATA[]]></system-err>
   </testsuite>
</testsuites>
